[2024-09-07T12:48:52.471+0000] {local_task_job_runner.py:120} INFO - ::group::Pre task execution logs
[2024-09-07T12:48:52.563+0000] {taskinstance.py:2073} INFO - Dependencies all met for dep_context=non-requeueable deps ti=<TaskInstance: reddit_etl.load_data_to_warehouse scheduled__2023-11-18T00:00:00+00:00 [queued]>
[2024-09-07T12:48:52.585+0000] {taskinstance.py:2073} INFO - Dependencies all met for dep_context=requeueable deps ti=<TaskInstance: reddit_etl.load_data_to_warehouse scheduled__2023-11-18T00:00:00+00:00 [queued]>
[2024-09-07T12:48:52.585+0000] {taskinstance.py:2303} INFO - Starting attempt 1 of 2
[2024-09-07T12:48:52.620+0000] {taskinstance.py:2327} INFO - Executing <Task(PythonOperator): load_data_to_warehouse> on 2023-11-18 00:00:00+00:00
[2024-09-07T12:48:52.634+0000] {logging_mixin.py:188} WARNING - /home/airflow/.local/lib/python3.12/site-packages/airflow/task/task_runner/standard_task_runner.py:61 DeprecationWarning: This process (pid=804) is multi-threaded, use of fork() may lead to deadlocks in the child.
[2024-09-07T12:48:52.636+0000] {standard_task_runner.py:63} INFO - Started process 808 to run task
[2024-09-07T12:48:52.640+0000] {standard_task_runner.py:90} INFO - Running: ['airflow', 'tasks', 'run', 'reddit_etl', 'load_data_to_warehouse', 'scheduled__2023-11-18T00:00:00+00:00', '--job-id', '172', '--raw', '--subdir', 'DAGS_FOLDER/reddit.py', '--cfg-path', '/tmp/tmpki_ef8v3']
[2024-09-07T12:48:52.645+0000] {standard_task_runner.py:91} INFO - Job 172: Subtask load_data_to_warehouse
[2024-09-07T12:48:52.762+0000] {task_command.py:426} INFO - Running <TaskInstance: reddit_etl.load_data_to_warehouse scheduled__2023-11-18T00:00:00+00:00 [running]> on host 42d604ea5ce6
[2024-09-07T12:48:52.954+0000] {taskinstance.py:2644} INFO - Exporting env vars: AIRFLOW_CTX_DAG_OWNER='reddithackathon' AIRFLOW_CTX_DAG_ID='reddit_etl' AIRFLOW_CTX_TASK_ID='load_data_to_warehouse' AIRFLOW_CTX_EXECUTION_DATE='2023-11-18T00:00:00+00:00' AIRFLOW_CTX_TRY_NUMBER='1' AIRFLOW_CTX_DAG_RUN_ID='scheduled__2023-11-18T00:00:00+00:00'
[2024-09-07T12:48:52.956+0000] {taskinstance.py:430} INFO - ::endgroup::
[2024-09-07T12:48:53.017+0000] {logging_mixin.py:188} INFO - Error loading data: connection to server on socket "/var/run/postgresql/.s.PGSQL.5432" failed: No such file or directory
	Is the server running locally and accepting connections on that socket?
[2024-09-07T12:48:53.018+0000] {taskinstance.py:441} INFO - ::group::Post task execution logs
[2024-09-07T12:48:53.018+0000] {taskinstance.py:2890} ERROR - Task failed with exception
Traceback (most recent call last):
  File "/opt/airflow/dags/../scripts/load_data.py", line 28, in load_data
    connection = psycopg2.connect(
                 ^^^^^^^^^^^^^^^^^
  File "/home/airflow/.local/lib/python3.12/site-packages/psycopg2/__init__.py", line 122, in connect
    conn = _connect(dsn, connection_factory=connection_factory, **kwasync)
           ^^^^^^^^^^^^^^^^^^^^^^^^^^^^^^^^^^^^^^^^^^^^^^^^^^^^^^^^^^^^^^^
psycopg2.OperationalError: connection to server on socket "/var/run/postgresql/.s.PGSQL.5432" failed: No such file or directory
	Is the server running locally and accepting connections on that socket?


During handling of the above exception, another exception occurred:

Traceback (most recent call last):
  File "/opt/airflow/dags/../scripts/load_data.py", line 74, in load_data
    if connection:
       ^^^^^^^^^^
UnboundLocalError: cannot access local variable 'connection' where it is not associated with a value

During handling of the above exception, another exception occurred:

Traceback (most recent call last):
  File "/home/airflow/.local/lib/python3.12/site-packages/airflow/models/taskinstance.py", line 465, in _execute_task
    result = _execute_callable(context=context, **execute_callable_kwargs)
             ^^^^^^^^^^^^^^^^^^^^^^^^^^^^^^^^^^^^^^^^^^^^^^^^^^^^^^^^^^^^^
  File "/home/airflow/.local/lib/python3.12/site-packages/airflow/models/taskinstance.py", line 432, in _execute_callable
    return execute_callable(context=context, **execute_callable_kwargs)
           ^^^^^^^^^^^^^^^^^^^^^^^^^^^^^^^^^^^^^^^^^^^^^^^^^^^^^^^^^^^^
  File "/home/airflow/.local/lib/python3.12/site-packages/airflow/models/baseoperator.py", line 400, in wrapper
    return func(self, *args, **kwargs)
           ^^^^^^^^^^^^^^^^^^^^^^^^^^^
  File "/home/airflow/.local/lib/python3.12/site-packages/airflow/operators/python.py", line 235, in execute
    return_value = self.execute_callable()
                   ^^^^^^^^^^^^^^^^^^^^^^^
  File "/home/airflow/.local/lib/python3.12/site-packages/airflow/operators/python.py", line 252, in execute_callable
    return self.python_callable(*self.op_args, **self.op_kwargs)
           ^^^^^^^^^^^^^^^^^^^^^^^^^^^^^^^^^^^^^^^^^^^^^^^^^^^^^
  File "/opt/airflow/dags/reddit.py", line 53, in load_transformed_data
    load_data.load_data(post)  # Load each post using load_data script
    ^^^^^^^^^^^^^^^^^^^^^^^^^
  File "/opt/airflow/dags/../scripts/load_data.py", line 78, in load_data
    if cursor:
       ^^^^^^
UnboundLocalError: cannot access local variable 'cursor' where it is not associated with a value
[2024-09-07T12:48:53.043+0000] {taskinstance.py:1205} INFO - Marking task as UP_FOR_RETRY. dag_id=reddit_etl, task_id=load_data_to_warehouse, execution_date=20231118T000000, start_date=20240907T124852, end_date=20240907T124853
[2024-09-07T12:48:53.060+0000] {standard_task_runner.py:110} ERROR - Failed to execute job 172 for task load_data_to_warehouse (cannot access local variable 'cursor' where it is not associated with a value; 808)
[2024-09-07T12:48:53.097+0000] {local_task_job_runner.py:240} INFO - Task exited with return code 1
[2024-09-07T12:48:53.129+0000] {taskinstance.py:3482} INFO - 0 downstream tasks scheduled from follow-on schedule check
[2024-09-07T12:48:53.130+0000] {local_task_job_runner.py:222} INFO - ::endgroup::
[2024-09-07T13:50:13.715+0000] {local_task_job_runner.py:120} INFO - ::group::Pre task execution logs
[2024-09-07T13:50:13.846+0000] {taskinstance.py:2073} INFO - Dependencies all met for dep_context=non-requeueable deps ti=<TaskInstance: reddit_etl.load_data_to_warehouse scheduled__2023-11-18T00:00:00+00:00 [queued]>
[2024-09-07T13:50:13.874+0000] {taskinstance.py:2073} INFO - Dependencies all met for dep_context=requeueable deps ti=<TaskInstance: reddit_etl.load_data_to_warehouse scheduled__2023-11-18T00:00:00+00:00 [queued]>
[2024-09-07T13:50:13.874+0000] {taskinstance.py:2303} INFO - Starting attempt 1 of 2
[2024-09-07T13:50:14.022+0000] {taskinstance.py:2327} INFO - Executing <Task(PythonOperator): load_data_to_warehouse> on 2023-11-18 00:00:00+00:00
[2024-09-07T13:50:14.066+0000] {logging_mixin.py:188} WARNING - /home/airflow/.local/lib/python3.12/site-packages/airflow/task/task_runner/standard_task_runner.py:61 DeprecationWarning: This process (pid=514) is multi-threaded, use of fork() may lead to deadlocks in the child.
[2024-09-07T13:50:14.074+0000] {standard_task_runner.py:63} INFO - Started process 520 to run task
[2024-09-07T13:50:14.081+0000] {standard_task_runner.py:90} INFO - Running: ['airflow', 'tasks', 'run', 'reddit_etl', 'load_data_to_warehouse', 'scheduled__2023-11-18T00:00:00+00:00', '--job-id', '135', '--raw', '--subdir', 'DAGS_FOLDER/reddit.py', '--cfg-path', '/tmp/tmp3zlot76n']
[2024-09-07T13:50:14.086+0000] {standard_task_runner.py:91} INFO - Job 135: Subtask load_data_to_warehouse
[2024-09-07T13:50:14.413+0000] {task_command.py:426} INFO - Running <TaskInstance: reddit_etl.load_data_to_warehouse scheduled__2023-11-18T00:00:00+00:00 [running]> on host 3c1025a7eaca
[2024-09-07T13:50:14.931+0000] {taskinstance.py:2644} INFO - Exporting env vars: AIRFLOW_CTX_DAG_OWNER='reddithackathon' AIRFLOW_CTX_DAG_ID='reddit_etl' AIRFLOW_CTX_TASK_ID='load_data_to_warehouse' AIRFLOW_CTX_EXECUTION_DATE='2023-11-18T00:00:00+00:00' AIRFLOW_CTX_TRY_NUMBER='1' AIRFLOW_CTX_DAG_RUN_ID='scheduled__2023-11-18T00:00:00+00:00'
[2024-09-07T13:50:14.933+0000] {taskinstance.py:430} INFO - ::endgroup::
[2024-09-07T13:50:15.094+0000] {logging_mixin.py:188} INFO - Error loading data: relation "dim_author" does not exist
LINE 2:             INSERT INTO dim_author (author_id, author_name)
                                ^
[2024-09-07T13:50:15.145+0000] {logging_mixin.py:188} INFO - Error loading data: relation "dim_author" does not exist
LINE 2:             INSERT INTO dim_author (author_id, author_name)
                                ^
[2024-09-07T13:50:15.190+0000] {logging_mixin.py:188} INFO - Error loading data: relation "dim_author" does not exist
LINE 2:             INSERT INTO dim_author (author_id, author_name)
                                ^
[2024-09-07T13:50:15.251+0000] {logging_mixin.py:188} INFO - Error loading data: relation "dim_author" does not exist
LINE 2:             INSERT INTO dim_author (author_id, author_name)
                                ^
[2024-09-07T13:50:15.289+0000] {logging_mixin.py:188} INFO - Error loading data: relation "dim_author" does not exist
LINE 2:             INSERT INTO dim_author (author_id, author_name)
                                ^
[2024-09-07T13:50:15.326+0000] {logging_mixin.py:188} INFO - Error loading data: relation "dim_author" does not exist
LINE 2:             INSERT INTO dim_author (author_id, author_name)
                                ^
[2024-09-07T13:50:15.376+0000] {logging_mixin.py:188} INFO - Error loading data: relation "dim_author" does not exist
LINE 2:             INSERT INTO dim_author (author_id, author_name)
                                ^
[2024-09-07T13:50:15.425+0000] {logging_mixin.py:188} INFO - Error loading data: relation "dim_author" does not exist
LINE 2:             INSERT INTO dim_author (author_id, author_name)
                                ^
[2024-09-07T13:50:15.459+0000] {logging_mixin.py:188} INFO - Error loading data: relation "dim_author" does not exist
LINE 2:             INSERT INTO dim_author (author_id, author_name)
                                ^
[2024-09-07T13:50:15.496+0000] {logging_mixin.py:188} INFO - Error loading data: relation "dim_author" does not exist
LINE 2:             INSERT INTO dim_author (author_id, author_name)
                                ^
[2024-09-07T13:50:15.553+0000] {logging_mixin.py:188} INFO - Error loading data: relation "dim_author" does not exist
LINE 2:             INSERT INTO dim_author (author_id, author_name)
                                ^
[2024-09-07T13:50:15.590+0000] {logging_mixin.py:188} INFO - Error loading data: relation "dim_author" does not exist
LINE 2:             INSERT INTO dim_author (author_id, author_name)
                                ^
[2024-09-07T13:50:15.635+0000] {logging_mixin.py:188} INFO - Error loading data: relation "dim_author" does not exist
LINE 2:             INSERT INTO dim_author (author_id, author_name)
                                ^
[2024-09-07T13:50:15.676+0000] {logging_mixin.py:188} INFO - Error loading data: relation "dim_author" does not exist
LINE 2:             INSERT INTO dim_author (author_id, author_name)
                                ^
[2024-09-07T13:50:15.731+0000] {logging_mixin.py:188} INFO - Error loading data: relation "dim_author" does not exist
LINE 2:             INSERT INTO dim_author (author_id, author_name)
                                ^
[2024-09-07T13:50:15.822+0000] {logging_mixin.py:188} INFO - Error loading data: relation "dim_author" does not exist
LINE 2:             INSERT INTO dim_author (author_id, author_name)
                                ^
[2024-09-07T13:50:15.892+0000] {logging_mixin.py:188} INFO - Error loading data: relation "dim_author" does not exist
LINE 2:             INSERT INTO dim_author (author_id, author_name)
                                ^
[2024-09-07T13:50:15.960+0000] {logging_mixin.py:188} INFO - Error loading data: relation "dim_author" does not exist
LINE 2:             INSERT INTO dim_author (author_id, author_name)
                                ^
[2024-09-07T13:50:16.014+0000] {logging_mixin.py:188} INFO - Error loading data: relation "dim_author" does not exist
LINE 2:             INSERT INTO dim_author (author_id, author_name)
                                ^
[2024-09-07T13:50:16.055+0000] {logging_mixin.py:188} INFO - Error loading data: relation "dim_author" does not exist
LINE 2:             INSERT INTO dim_author (author_id, author_name)
                                ^
[2024-09-07T13:50:16.096+0000] {logging_mixin.py:188} INFO - Error loading data: relation "dim_author" does not exist
LINE 2:             INSERT INTO dim_author (author_id, author_name)
                                ^
[2024-09-07T13:50:16.163+0000] {logging_mixin.py:188} INFO - Error loading data: relation "dim_author" does not exist
LINE 2:             INSERT INTO dim_author (author_id, author_name)
                                ^
[2024-09-07T13:50:16.215+0000] {logging_mixin.py:188} INFO - Error loading data: relation "dim_author" does not exist
LINE 2:             INSERT INTO dim_author (author_id, author_name)
                                ^
[2024-09-07T13:50:16.254+0000] {logging_mixin.py:188} INFO - Error loading data: relation "dim_author" does not exist
LINE 2:             INSERT INTO dim_author (author_id, author_name)
                                ^
[2024-09-07T13:50:16.299+0000] {logging_mixin.py:188} INFO - Error loading data: relation "dim_author" does not exist
LINE 2:             INSERT INTO dim_author (author_id, author_name)
                                ^
[2024-09-07T13:50:16.340+0000] {logging_mixin.py:188} INFO - Error loading data: relation "dim_author" does not exist
LINE 2:             INSERT INTO dim_author (author_id, author_name)
                                ^
[2024-09-07T13:50:16.389+0000] {logging_mixin.py:188} INFO - Error loading data: relation "dim_author" does not exist
LINE 2:             INSERT INTO dim_author (author_id, author_name)
                                ^
[2024-09-07T13:50:16.469+0000] {logging_mixin.py:188} INFO - Error loading data: relation "dim_author" does not exist
LINE 2:             INSERT INTO dim_author (author_id, author_name)
                                ^
[2024-09-07T13:50:16.517+0000] {logging_mixin.py:188} INFO - Error loading data: relation "dim_author" does not exist
LINE 2:             INSERT INTO dim_author (author_id, author_name)
                                ^
[2024-09-07T13:50:16.566+0000] {logging_mixin.py:188} INFO - Error loading data: relation "dim_author" does not exist
LINE 2:             INSERT INTO dim_author (author_id, author_name)
                                ^
[2024-09-07T13:50:16.640+0000] {logging_mixin.py:188} INFO - Error loading data: relation "dim_author" does not exist
LINE 2:             INSERT INTO dim_author (author_id, author_name)
                                ^
[2024-09-07T13:50:16.693+0000] {logging_mixin.py:188} INFO - Error loading data: relation "dim_author" does not exist
LINE 2:             INSERT INTO dim_author (author_id, author_name)
                                ^
[2024-09-07T13:50:16.753+0000] {logging_mixin.py:188} INFO - Error loading data: relation "dim_author" does not exist
LINE 2:             INSERT INTO dim_author (author_id, author_name)
                                ^
[2024-09-07T13:50:16.810+0000] {logging_mixin.py:188} INFO - Error loading data: relation "dim_author" does not exist
LINE 2:             INSERT INTO dim_author (author_id, author_name)
                                ^
[2024-09-07T13:50:16.870+0000] {logging_mixin.py:188} INFO - Error loading data: relation "dim_author" does not exist
LINE 2:             INSERT INTO dim_author (author_id, author_name)
                                ^
[2024-09-07T13:50:16.910+0000] {logging_mixin.py:188} INFO - Error loading data: relation "dim_author" does not exist
LINE 2:             INSERT INTO dim_author (author_id, author_name)
                                ^
[2024-09-07T13:50:16.955+0000] {logging_mixin.py:188} INFO - Error loading data: relation "dim_author" does not exist
LINE 2:             INSERT INTO dim_author (author_id, author_name)
                                ^
[2024-09-07T13:50:16.987+0000] {logging_mixin.py:188} INFO - Error loading data: relation "dim_author" does not exist
LINE 2:             INSERT INTO dim_author (author_id, author_name)
                                ^
[2024-09-07T13:50:17.029+0000] {logging_mixin.py:188} INFO - Error loading data: relation "dim_author" does not exist
LINE 2:             INSERT INTO dim_author (author_id, author_name)
                                ^
[2024-09-07T13:50:17.079+0000] {logging_mixin.py:188} INFO - Error loading data: relation "dim_author" does not exist
LINE 2:             INSERT INTO dim_author (author_id, author_name)
                                ^
[2024-09-07T13:50:17.137+0000] {logging_mixin.py:188} INFO - Error loading data: relation "dim_author" does not exist
LINE 2:             INSERT INTO dim_author (author_id, author_name)
                                ^
[2024-09-07T13:50:17.197+0000] {logging_mixin.py:188} INFO - Error loading data: relation "dim_author" does not exist
LINE 2:             INSERT INTO dim_author (author_id, author_name)
                                ^
[2024-09-07T13:50:17.264+0000] {logging_mixin.py:188} INFO - Error loading data: relation "dim_author" does not exist
LINE 2:             INSERT INTO dim_author (author_id, author_name)
                                ^
[2024-09-07T13:50:17.377+0000] {logging_mixin.py:188} INFO - Error loading data: relation "dim_author" does not exist
LINE 2:             INSERT INTO dim_author (author_id, author_name)
                                ^
[2024-09-07T13:50:17.488+0000] {logging_mixin.py:188} INFO - Error loading data: relation "dim_author" does not exist
LINE 2:             INSERT INTO dim_author (author_id, author_name)
                                ^
[2024-09-07T13:50:17.532+0000] {logging_mixin.py:188} INFO - Error loading data: relation "dim_author" does not exist
LINE 2:             INSERT INTO dim_author (author_id, author_name)
                                ^
[2024-09-07T13:50:17.562+0000] {logging_mixin.py:188} INFO - Error loading data: relation "dim_author" does not exist
LINE 2:             INSERT INTO dim_author (author_id, author_name)
                                ^
[2024-09-07T13:50:17.662+0000] {logging_mixin.py:188} INFO - Error loading data: relation "dim_author" does not exist
LINE 2:             INSERT INTO dim_author (author_id, author_name)
                                ^
[2024-09-07T13:50:17.744+0000] {logging_mixin.py:188} INFO - Error loading data: relation "dim_author" does not exist
LINE 2:             INSERT INTO dim_author (author_id, author_name)
                                ^
[2024-09-07T13:50:17.837+0000] {logging_mixin.py:188} INFO - Error loading data: relation "dim_author" does not exist
LINE 2:             INSERT INTO dim_author (author_id, author_name)
                                ^
[2024-09-07T13:50:17.909+0000] {logging_mixin.py:188} INFO - Error loading data: relation "dim_author" does not exist
LINE 2:             INSERT INTO dim_author (author_id, author_name)
                                ^
[2024-09-07T13:50:17.977+0000] {logging_mixin.py:188} INFO - Error loading data: relation "dim_author" does not exist
LINE 2:             INSERT INTO dim_author (author_id, author_name)
                                ^
[2024-09-07T13:50:18.027+0000] {logging_mixin.py:188} INFO - Error loading data: relation "dim_author" does not exist
LINE 2:             INSERT INTO dim_author (author_id, author_name)
                                ^
[2024-09-07T13:50:18.064+0000] {logging_mixin.py:188} INFO - Error loading data: relation "dim_author" does not exist
LINE 2:             INSERT INTO dim_author (author_id, author_name)
                                ^
[2024-09-07T13:50:18.106+0000] {logging_mixin.py:188} INFO - Error loading data: relation "dim_author" does not exist
LINE 2:             INSERT INTO dim_author (author_id, author_name)
                                ^
[2024-09-07T13:50:18.155+0000] {logging_mixin.py:188} INFO - Error loading data: relation "dim_author" does not exist
LINE 2:             INSERT INTO dim_author (author_id, author_name)
                                ^
[2024-09-07T13:50:18.219+0000] {logging_mixin.py:188} INFO - Error loading data: relation "dim_author" does not exist
LINE 2:             INSERT INTO dim_author (author_id, author_name)
                                ^
[2024-09-07T13:50:18.274+0000] {logging_mixin.py:188} INFO - Error loading data: relation "dim_author" does not exist
LINE 2:             INSERT INTO dim_author (author_id, author_name)
                                ^
[2024-09-07T13:50:18.333+0000] {logging_mixin.py:188} INFO - Error loading data: relation "dim_author" does not exist
LINE 2:             INSERT INTO dim_author (author_id, author_name)
                                ^
[2024-09-07T13:50:18.391+0000] {logging_mixin.py:188} INFO - Error loading data: relation "dim_author" does not exist
LINE 2:             INSERT INTO dim_author (author_id, author_name)
                                ^
[2024-09-07T13:50:18.456+0000] {logging_mixin.py:188} INFO - Error loading data: relation "dim_author" does not exist
LINE 2:             INSERT INTO dim_author (author_id, author_name)
                                ^
[2024-09-07T13:50:18.492+0000] {logging_mixin.py:188} INFO - Error loading data: relation "dim_author" does not exist
LINE 2:             INSERT INTO dim_author (author_id, author_name)
                                ^
[2024-09-07T13:50:18.558+0000] {logging_mixin.py:188} INFO - Error loading data: relation "dim_author" does not exist
LINE 2:             INSERT INTO dim_author (author_id, author_name)
                                ^
[2024-09-07T13:50:18.595+0000] {logging_mixin.py:188} INFO - Error loading data: relation "dim_author" does not exist
LINE 2:             INSERT INTO dim_author (author_id, author_name)
                                ^
[2024-09-07T13:50:18.649+0000] {logging_mixin.py:188} INFO - Error loading data: relation "dim_author" does not exist
LINE 2:             INSERT INTO dim_author (author_id, author_name)
                                ^
[2024-09-07T13:50:18.704+0000] {logging_mixin.py:188} INFO - Error loading data: relation "dim_author" does not exist
LINE 2:             INSERT INTO dim_author (author_id, author_name)
                                ^
[2024-09-07T13:50:18.771+0000] {logging_mixin.py:188} INFO - Error loading data: relation "dim_author" does not exist
LINE 2:             INSERT INTO dim_author (author_id, author_name)
                                ^
[2024-09-07T13:50:18.829+0000] {logging_mixin.py:188} INFO - Error loading data: relation "dim_author" does not exist
LINE 2:             INSERT INTO dim_author (author_id, author_name)
                                ^
[2024-09-07T13:50:18.884+0000] {logging_mixin.py:188} INFO - Error loading data: relation "dim_author" does not exist
LINE 2:             INSERT INTO dim_author (author_id, author_name)
                                ^
[2024-09-07T13:50:18.957+0000] {logging_mixin.py:188} INFO - Error loading data: relation "dim_author" does not exist
LINE 2:             INSERT INTO dim_author (author_id, author_name)
                                ^
[2024-09-07T13:50:19.015+0000] {logging_mixin.py:188} INFO - Error loading data: relation "dim_author" does not exist
LINE 2:             INSERT INTO dim_author (author_id, author_name)
                                ^
[2024-09-07T13:50:19.061+0000] {logging_mixin.py:188} INFO - Error loading data: relation "dim_author" does not exist
LINE 2:             INSERT INTO dim_author (author_id, author_name)
                                ^
[2024-09-07T13:50:19.116+0000] {logging_mixin.py:188} INFO - Error loading data: relation "dim_author" does not exist
LINE 2:             INSERT INTO dim_author (author_id, author_name)
                                ^
[2024-09-07T13:50:19.171+0000] {logging_mixin.py:188} INFO - Error loading data: relation "dim_author" does not exist
LINE 2:             INSERT INTO dim_author (author_id, author_name)
                                ^
[2024-09-07T13:50:19.231+0000] {logging_mixin.py:188} INFO - Error loading data: relation "dim_author" does not exist
LINE 2:             INSERT INTO dim_author (author_id, author_name)
                                ^
[2024-09-07T13:50:19.268+0000] {logging_mixin.py:188} INFO - Error loading data: relation "dim_author" does not exist
LINE 2:             INSERT INTO dim_author (author_id, author_name)
                                ^
[2024-09-07T13:50:19.332+0000] {logging_mixin.py:188} INFO - Error loading data: relation "dim_author" does not exist
LINE 2:             INSERT INTO dim_author (author_id, author_name)
                                ^
[2024-09-07T13:50:19.379+0000] {logging_mixin.py:188} INFO - Error loading data: relation "dim_author" does not exist
LINE 2:             INSERT INTO dim_author (author_id, author_name)
                                ^
[2024-09-07T13:50:19.423+0000] {logging_mixin.py:188} INFO - Error loading data: relation "dim_author" does not exist
LINE 2:             INSERT INTO dim_author (author_id, author_name)
                                ^
[2024-09-07T13:50:19.459+0000] {logging_mixin.py:188} INFO - Error loading data: relation "dim_author" does not exist
LINE 2:             INSERT INTO dim_author (author_id, author_name)
                                ^
[2024-09-07T13:50:19.500+0000] {logging_mixin.py:188} INFO - Error loading data: relation "dim_author" does not exist
LINE 2:             INSERT INTO dim_author (author_id, author_name)
                                ^
[2024-09-07T13:50:19.571+0000] {logging_mixin.py:188} INFO - Error loading data: relation "dim_author" does not exist
LINE 2:             INSERT INTO dim_author (author_id, author_name)
                                ^
[2024-09-07T13:50:19.652+0000] {logging_mixin.py:188} INFO - Error loading data: relation "dim_author" does not exist
LINE 2:             INSERT INTO dim_author (author_id, author_name)
                                ^
[2024-09-07T13:50:19.733+0000] {logging_mixin.py:188} INFO - Error loading data: relation "dim_author" does not exist
LINE 2:             INSERT INTO dim_author (author_id, author_name)
                                ^
[2024-09-07T13:50:19.794+0000] {logging_mixin.py:188} INFO - Error loading data: relation "dim_author" does not exist
LINE 2:             INSERT INTO dim_author (author_id, author_name)
                                ^
[2024-09-07T13:50:19.860+0000] {logging_mixin.py:188} INFO - Error loading data: relation "dim_author" does not exist
LINE 2:             INSERT INTO dim_author (author_id, author_name)
                                ^
[2024-09-07T13:50:19.915+0000] {logging_mixin.py:188} INFO - Error loading data: relation "dim_author" does not exist
LINE 2:             INSERT INTO dim_author (author_id, author_name)
                                ^
[2024-09-07T13:50:19.977+0000] {logging_mixin.py:188} INFO - Error loading data: relation "dim_author" does not exist
LINE 2:             INSERT INTO dim_author (author_id, author_name)
                                ^
[2024-09-07T13:50:20.028+0000] {logging_mixin.py:188} INFO - Error loading data: relation "dim_author" does not exist
LINE 2:             INSERT INTO dim_author (author_id, author_name)
                                ^
[2024-09-07T13:50:20.078+0000] {logging_mixin.py:188} INFO - Error loading data: relation "dim_author" does not exist
LINE 2:             INSERT INTO dim_author (author_id, author_name)
                                ^
[2024-09-07T13:50:20.111+0000] {logging_mixin.py:188} INFO - Error loading data: relation "dim_author" does not exist
LINE 2:             INSERT INTO dim_author (author_id, author_name)
                                ^
[2024-09-07T13:50:20.150+0000] {logging_mixin.py:188} INFO - Error loading data: relation "dim_author" does not exist
LINE 2:             INSERT INTO dim_author (author_id, author_name)
                                ^
[2024-09-07T13:50:20.180+0000] {logging_mixin.py:188} INFO - Error loading data: relation "dim_author" does not exist
LINE 2:             INSERT INTO dim_author (author_id, author_name)
                                ^
[2024-09-07T13:50:20.251+0000] {logging_mixin.py:188} INFO - Error loading data: relation "dim_author" does not exist
LINE 2:             INSERT INTO dim_author (author_id, author_name)
                                ^
[2024-09-07T13:50:20.299+0000] {logging_mixin.py:188} INFO - Error loading data: relation "dim_author" does not exist
LINE 2:             INSERT INTO dim_author (author_id, author_name)
                                ^
[2024-09-07T13:50:20.377+0000] {logging_mixin.py:188} INFO - Error loading data: relation "dim_author" does not exist
LINE 2:             INSERT INTO dim_author (author_id, author_name)
                                ^
[2024-09-07T13:50:20.421+0000] {logging_mixin.py:188} INFO - Error loading data: relation "dim_author" does not exist
LINE 2:             INSERT INTO dim_author (author_id, author_name)
                                ^
[2024-09-07T13:50:20.475+0000] {logging_mixin.py:188} INFO - Error loading data: relation "dim_author" does not exist
LINE 2:             INSERT INTO dim_author (author_id, author_name)
                                ^
[2024-09-07T13:50:20.532+0000] {logging_mixin.py:188} INFO - Error loading data: relation "dim_author" does not exist
LINE 2:             INSERT INTO dim_author (author_id, author_name)
                                ^
[2024-09-07T13:50:20.587+0000] {logging_mixin.py:188} INFO - Error loading data: relation "dim_author" does not exist
LINE 2:             INSERT INTO dim_author (author_id, author_name)
                                ^
[2024-09-07T13:50:20.639+0000] {logging_mixin.py:188} INFO - Error loading data: relation "dim_author" does not exist
LINE 2:             INSERT INTO dim_author (author_id, author_name)
                                ^
[2024-09-07T13:50:20.694+0000] {logging_mixin.py:188} INFO - Error loading data: relation "dim_author" does not exist
LINE 2:             INSERT INTO dim_author (author_id, author_name)
                                ^
[2024-09-07T13:50:20.766+0000] {logging_mixin.py:188} INFO - Error loading data: relation "dim_author" does not exist
LINE 2:             INSERT INTO dim_author (author_id, author_name)
                                ^
[2024-09-07T13:50:20.832+0000] {logging_mixin.py:188} INFO - Error loading data: relation "dim_author" does not exist
LINE 2:             INSERT INTO dim_author (author_id, author_name)
                                ^
[2024-09-07T13:50:20.907+0000] {logging_mixin.py:188} INFO - Error loading data: relation "dim_author" does not exist
LINE 2:             INSERT INTO dim_author (author_id, author_name)
                                ^
[2024-09-07T13:50:20.978+0000] {logging_mixin.py:188} INFO - Error loading data: relation "dim_author" does not exist
LINE 2:             INSERT INTO dim_author (author_id, author_name)
                                ^
[2024-09-07T13:50:21.030+0000] {logging_mixin.py:188} INFO - Error loading data: relation "dim_author" does not exist
LINE 2:             INSERT INTO dim_author (author_id, author_name)
                                ^
[2024-09-07T13:50:21.075+0000] {logging_mixin.py:188} INFO - Error loading data: relation "dim_author" does not exist
LINE 2:             INSERT INTO dim_author (author_id, author_name)
                                ^
[2024-09-07T13:50:21.115+0000] {logging_mixin.py:188} INFO - Error loading data: relation "dim_author" does not exist
LINE 2:             INSERT INTO dim_author (author_id, author_name)
                                ^
[2024-09-07T13:50:21.159+0000] {logging_mixin.py:188} INFO - Error loading data: relation "dim_author" does not exist
LINE 2:             INSERT INTO dim_author (author_id, author_name)
                                ^
[2024-09-07T13:50:21.212+0000] {logging_mixin.py:188} INFO - Error loading data: relation "dim_author" does not exist
LINE 2:             INSERT INTO dim_author (author_id, author_name)
                                ^
[2024-09-07T13:50:21.252+0000] {logging_mixin.py:188} INFO - Error loading data: relation "dim_author" does not exist
LINE 2:             INSERT INTO dim_author (author_id, author_name)
                                ^
[2024-09-07T13:50:21.287+0000] {logging_mixin.py:188} INFO - Error loading data: relation "dim_author" does not exist
LINE 2:             INSERT INTO dim_author (author_id, author_name)
                                ^
[2024-09-07T13:50:21.343+0000] {logging_mixin.py:188} INFO - Error loading data: relation "dim_author" does not exist
LINE 2:             INSERT INTO dim_author (author_id, author_name)
                                ^
[2024-09-07T13:50:21.388+0000] {logging_mixin.py:188} INFO - Error loading data: relation "dim_author" does not exist
LINE 2:             INSERT INTO dim_author (author_id, author_name)
                                ^
[2024-09-07T13:50:21.418+0000] {logging_mixin.py:188} INFO - Error loading data: relation "dim_author" does not exist
LINE 2:             INSERT INTO dim_author (author_id, author_name)
                                ^
[2024-09-07T13:50:21.469+0000] {logging_mixin.py:188} INFO - Error loading data: relation "dim_author" does not exist
LINE 2:             INSERT INTO dim_author (author_id, author_name)
                                ^
[2024-09-07T13:50:21.521+0000] {logging_mixin.py:188} INFO - Error loading data: relation "dim_author" does not exist
LINE 2:             INSERT INTO dim_author (author_id, author_name)
                                ^
[2024-09-07T13:50:21.603+0000] {logging_mixin.py:188} INFO - Error loading data: relation "dim_author" does not exist
LINE 2:             INSERT INTO dim_author (author_id, author_name)
                                ^
[2024-09-07T13:50:21.641+0000] {logging_mixin.py:188} INFO - Error loading data: relation "dim_author" does not exist
LINE 2:             INSERT INTO dim_author (author_id, author_name)
                                ^
[2024-09-07T13:50:21.690+0000] {logging_mixin.py:188} INFO - Error loading data: relation "dim_author" does not exist
LINE 2:             INSERT INTO dim_author (author_id, author_name)
                                ^
[2024-09-07T13:50:21.767+0000] {logging_mixin.py:188} INFO - Error loading data: relation "dim_author" does not exist
LINE 2:             INSERT INTO dim_author (author_id, author_name)
                                ^
[2024-09-07T13:50:21.860+0000] {logging_mixin.py:188} INFO - Error loading data: relation "dim_author" does not exist
LINE 2:             INSERT INTO dim_author (author_id, author_name)
                                ^
[2024-09-07T13:50:21.925+0000] {logging_mixin.py:188} INFO - Error loading data: relation "dim_author" does not exist
LINE 2:             INSERT INTO dim_author (author_id, author_name)
                                ^
[2024-09-07T13:50:21.984+0000] {logging_mixin.py:188} INFO - Error loading data: relation "dim_author" does not exist
LINE 2:             INSERT INTO dim_author (author_id, author_name)
                                ^
[2024-09-07T13:50:22.021+0000] {logging_mixin.py:188} INFO - Error loading data: relation "dim_author" does not exist
LINE 2:             INSERT INTO dim_author (author_id, author_name)
                                ^
[2024-09-07T13:50:22.074+0000] {logging_mixin.py:188} INFO - Error loading data: relation "dim_author" does not exist
LINE 2:             INSERT INTO dim_author (author_id, author_name)
                                ^
[2024-09-07T13:50:22.159+0000] {logging_mixin.py:188} INFO - Error loading data: relation "dim_author" does not exist
LINE 2:             INSERT INTO dim_author (author_id, author_name)
                                ^
[2024-09-07T13:50:22.222+0000] {logging_mixin.py:188} INFO - Error loading data: relation "dim_author" does not exist
LINE 2:             INSERT INTO dim_author (author_id, author_name)
                                ^
[2024-09-07T13:50:22.290+0000] {logging_mixin.py:188} INFO - Error loading data: relation "dim_author" does not exist
LINE 2:             INSERT INTO dim_author (author_id, author_name)
                                ^
[2024-09-07T13:50:22.356+0000] {logging_mixin.py:188} INFO - Error loading data: relation "dim_author" does not exist
LINE 2:             INSERT INTO dim_author (author_id, author_name)
                                ^
[2024-09-07T13:50:22.412+0000] {logging_mixin.py:188} INFO - Error loading data: relation "dim_author" does not exist
LINE 2:             INSERT INTO dim_author (author_id, author_name)
                                ^
[2024-09-07T13:50:22.457+0000] {logging_mixin.py:188} INFO - Error loading data: relation "dim_author" does not exist
LINE 2:             INSERT INTO dim_author (author_id, author_name)
                                ^
[2024-09-07T13:50:22.538+0000] {logging_mixin.py:188} INFO - Error loading data: relation "dim_author" does not exist
LINE 2:             INSERT INTO dim_author (author_id, author_name)
                                ^
[2024-09-07T13:50:22.603+0000] {logging_mixin.py:188} INFO - Error loading data: relation "dim_author" does not exist
LINE 2:             INSERT INTO dim_author (author_id, author_name)
                                ^
[2024-09-07T13:50:22.695+0000] {logging_mixin.py:188} INFO - Error loading data: relation "dim_author" does not exist
LINE 2:             INSERT INTO dim_author (author_id, author_name)
                                ^
[2024-09-07T13:50:22.724+0000] {logging_mixin.py:188} INFO - Error loading data: relation "dim_author" does not exist
LINE 2:             INSERT INTO dim_author (author_id, author_name)
                                ^
[2024-09-07T13:50:22.753+0000] {logging_mixin.py:188} INFO - Error loading data: relation "dim_author" does not exist
LINE 2:             INSERT INTO dim_author (author_id, author_name)
                                ^
[2024-09-07T13:50:22.809+0000] {logging_mixin.py:188} INFO - Error loading data: relation "dim_author" does not exist
LINE 2:             INSERT INTO dim_author (author_id, author_name)
                                ^
[2024-09-07T13:50:22.872+0000] {logging_mixin.py:188} INFO - Error loading data: relation "dim_author" does not exist
LINE 2:             INSERT INTO dim_author (author_id, author_name)
                                ^
[2024-09-07T13:50:22.912+0000] {logging_mixin.py:188} INFO - Error loading data: relation "dim_author" does not exist
LINE 2:             INSERT INTO dim_author (author_id, author_name)
                                ^
[2024-09-07T13:50:22.965+0000] {logging_mixin.py:188} INFO - Error loading data: relation "dim_author" does not exist
LINE 2:             INSERT INTO dim_author (author_id, author_name)
                                ^
[2024-09-07T13:50:23.046+0000] {logging_mixin.py:188} INFO - Error loading data: relation "dim_author" does not exist
LINE 2:             INSERT INTO dim_author (author_id, author_name)
                                ^
[2024-09-07T13:50:23.093+0000] {logging_mixin.py:188} INFO - Error loading data: relation "dim_author" does not exist
LINE 2:             INSERT INTO dim_author (author_id, author_name)
                                ^
[2024-09-07T13:50:23.166+0000] {logging_mixin.py:188} INFO - Error loading data: relation "dim_author" does not exist
LINE 2:             INSERT INTO dim_author (author_id, author_name)
                                ^
[2024-09-07T13:50:23.205+0000] {logging_mixin.py:188} INFO - Error loading data: relation "dim_author" does not exist
LINE 2:             INSERT INTO dim_author (author_id, author_name)
                                ^
[2024-09-07T13:50:23.259+0000] {logging_mixin.py:188} INFO - Error loading data: relation "dim_author" does not exist
LINE 2:             INSERT INTO dim_author (author_id, author_name)
                                ^
[2024-09-07T13:50:23.300+0000] {logging_mixin.py:188} INFO - Error loading data: relation "dim_author" does not exist
LINE 2:             INSERT INTO dim_author (author_id, author_name)
                                ^
[2024-09-07T13:50:23.369+0000] {logging_mixin.py:188} INFO - Error loading data: relation "dim_author" does not exist
LINE 2:             INSERT INTO dim_author (author_id, author_name)
                                ^
[2024-09-07T13:50:23.455+0000] {logging_mixin.py:188} INFO - Error loading data: relation "dim_author" does not exist
LINE 2:             INSERT INTO dim_author (author_id, author_name)
                                ^
[2024-09-07T13:50:23.525+0000] {logging_mixin.py:188} INFO - Error loading data: relation "dim_author" does not exist
LINE 2:             INSERT INTO dim_author (author_id, author_name)
                                ^
[2024-09-07T13:50:23.578+0000] {logging_mixin.py:188} INFO - Error loading data: relation "dim_author" does not exist
LINE 2:             INSERT INTO dim_author (author_id, author_name)
                                ^
[2024-09-07T13:50:23.618+0000] {logging_mixin.py:188} INFO - Error loading data: relation "dim_author" does not exist
LINE 2:             INSERT INTO dim_author (author_id, author_name)
                                ^
[2024-09-07T13:50:23.665+0000] {logging_mixin.py:188} INFO - Error loading data: relation "dim_author" does not exist
LINE 2:             INSERT INTO dim_author (author_id, author_name)
                                ^
[2024-09-07T13:50:23.721+0000] {logging_mixin.py:188} INFO - Error loading data: relation "dim_author" does not exist
LINE 2:             INSERT INTO dim_author (author_id, author_name)
                                ^
[2024-09-07T13:50:23.794+0000] {logging_mixin.py:188} INFO - Error loading data: relation "dim_author" does not exist
LINE 2:             INSERT INTO dim_author (author_id, author_name)
                                ^
[2024-09-07T13:50:23.863+0000] {logging_mixin.py:188} INFO - Error loading data: relation "dim_author" does not exist
LINE 2:             INSERT INTO dim_author (author_id, author_name)
                                ^
[2024-09-07T13:50:23.909+0000] {logging_mixin.py:188} INFO - Error loading data: relation "dim_author" does not exist
LINE 2:             INSERT INTO dim_author (author_id, author_name)
                                ^
[2024-09-07T13:50:23.948+0000] {logging_mixin.py:188} INFO - Error loading data: relation "dim_author" does not exist
LINE 2:             INSERT INTO dim_author (author_id, author_name)
                                ^
[2024-09-07T13:50:24.022+0000] {logging_mixin.py:188} INFO - Error loading data: relation "dim_author" does not exist
LINE 2:             INSERT INTO dim_author (author_id, author_name)
                                ^
[2024-09-07T13:50:24.132+0000] {logging_mixin.py:188} INFO - Error loading data: relation "dim_author" does not exist
LINE 2:             INSERT INTO dim_author (author_id, author_name)
                                ^
[2024-09-07T13:50:24.236+0000] {logging_mixin.py:188} INFO - Error loading data: relation "dim_author" does not exist
LINE 2:             INSERT INTO dim_author (author_id, author_name)
                                ^
[2024-09-07T13:50:24.294+0000] {logging_mixin.py:188} INFO - Error loading data: relation "dim_author" does not exist
LINE 2:             INSERT INTO dim_author (author_id, author_name)
                                ^
[2024-09-07T13:50:24.349+0000] {logging_mixin.py:188} INFO - Error loading data: relation "dim_author" does not exist
LINE 2:             INSERT INTO dim_author (author_id, author_name)
                                ^
[2024-09-07T13:50:24.432+0000] {logging_mixin.py:188} INFO - Error loading data: relation "dim_author" does not exist
LINE 2:             INSERT INTO dim_author (author_id, author_name)
                                ^
[2024-09-07T13:50:24.540+0000] {logging_mixin.py:188} INFO - Error loading data: relation "dim_author" does not exist
LINE 2:             INSERT INTO dim_author (author_id, author_name)
                                ^
[2024-09-07T13:50:24.591+0000] {logging_mixin.py:188} INFO - Error loading data: relation "dim_author" does not exist
LINE 2:             INSERT INTO dim_author (author_id, author_name)
                                ^
[2024-09-07T13:50:24.670+0000] {logging_mixin.py:188} INFO - Error loading data: relation "dim_author" does not exist
LINE 2:             INSERT INTO dim_author (author_id, author_name)
                                ^
[2024-09-07T13:50:24.749+0000] {logging_mixin.py:188} INFO - Error loading data: relation "dim_author" does not exist
LINE 2:             INSERT INTO dim_author (author_id, author_name)
                                ^
[2024-09-07T13:50:24.809+0000] {logging_mixin.py:188} INFO - Error loading data: relation "dim_author" does not exist
LINE 2:             INSERT INTO dim_author (author_id, author_name)
                                ^
[2024-09-07T13:50:24.861+0000] {logging_mixin.py:188} INFO - Error loading data: relation "dim_author" does not exist
LINE 2:             INSERT INTO dim_author (author_id, author_name)
                                ^
[2024-09-07T13:50:24.904+0000] {logging_mixin.py:188} INFO - Error loading data: relation "dim_author" does not exist
LINE 2:             INSERT INTO dim_author (author_id, author_name)
                                ^
[2024-09-07T13:50:24.962+0000] {logging_mixin.py:188} INFO - Error loading data: relation "dim_author" does not exist
LINE 2:             INSERT INTO dim_author (author_id, author_name)
                                ^
[2024-09-07T13:50:25.049+0000] {logging_mixin.py:188} INFO - Error loading data: relation "dim_author" does not exist
LINE 2:             INSERT INTO dim_author (author_id, author_name)
                                ^
[2024-09-07T13:50:25.126+0000] {logging_mixin.py:188} INFO - Error loading data: relation "dim_author" does not exist
LINE 2:             INSERT INTO dim_author (author_id, author_name)
                                ^
[2024-09-07T13:50:25.192+0000] {logging_mixin.py:188} INFO - Error loading data: relation "dim_author" does not exist
LINE 2:             INSERT INTO dim_author (author_id, author_name)
                                ^
[2024-09-07T13:50:25.243+0000] {logging_mixin.py:188} INFO - Error loading data: relation "dim_author" does not exist
LINE 2:             INSERT INTO dim_author (author_id, author_name)
                                ^
[2024-09-07T13:50:25.328+0000] {logging_mixin.py:188} INFO - Error loading data: relation "dim_author" does not exist
LINE 2:             INSERT INTO dim_author (author_id, author_name)
                                ^
[2024-09-07T13:50:25.402+0000] {logging_mixin.py:188} INFO - Error loading data: relation "dim_author" does not exist
LINE 2:             INSERT INTO dim_author (author_id, author_name)
                                ^
[2024-09-07T13:50:25.480+0000] {logging_mixin.py:188} INFO - Error loading data: relation "dim_author" does not exist
LINE 2:             INSERT INTO dim_author (author_id, author_name)
                                ^
[2024-09-07T13:50:25.575+0000] {logging_mixin.py:188} INFO - Error loading data: relation "dim_author" does not exist
LINE 2:             INSERT INTO dim_author (author_id, author_name)
                                ^
[2024-09-07T13:50:25.641+0000] {logging_mixin.py:188} INFO - Error loading data: relation "dim_author" does not exist
LINE 2:             INSERT INTO dim_author (author_id, author_name)
                                ^
[2024-09-07T13:50:25.701+0000] {logging_mixin.py:188} INFO - Error loading data: relation "dim_author" does not exist
LINE 2:             INSERT INTO dim_author (author_id, author_name)
                                ^
[2024-09-07T13:50:25.755+0000] {logging_mixin.py:188} INFO - Error loading data: relation "dim_author" does not exist
LINE 2:             INSERT INTO dim_author (author_id, author_name)
                                ^
[2024-09-07T13:50:25.824+0000] {logging_mixin.py:188} INFO - Error loading data: relation "dim_author" does not exist
LINE 2:             INSERT INTO dim_author (author_id, author_name)
                                ^
[2024-09-07T13:50:25.873+0000] {logging_mixin.py:188} INFO - Error loading data: relation "dim_author" does not exist
LINE 2:             INSERT INTO dim_author (author_id, author_name)
                                ^
[2024-09-07T13:50:25.919+0000] {logging_mixin.py:188} INFO - Error loading data: relation "dim_author" does not exist
LINE 2:             INSERT INTO dim_author (author_id, author_name)
                                ^
[2024-09-07T13:50:25.967+0000] {logging_mixin.py:188} INFO - Error loading data: relation "dim_author" does not exist
LINE 2:             INSERT INTO dim_author (author_id, author_name)
                                ^
[2024-09-07T13:50:26.048+0000] {logging_mixin.py:188} INFO - Error loading data: relation "dim_author" does not exist
LINE 2:             INSERT INTO dim_author (author_id, author_name)
                                ^
[2024-09-07T13:50:26.106+0000] {logging_mixin.py:188} INFO - Error loading data: relation "dim_author" does not exist
LINE 2:             INSERT INTO dim_author (author_id, author_name)
                                ^
[2024-09-07T13:50:26.138+0000] {logging_mixin.py:188} INFO - Error loading data: relation "dim_author" does not exist
LINE 2:             INSERT INTO dim_author (author_id, author_name)
                                ^
[2024-09-07T13:50:26.171+0000] {logging_mixin.py:188} INFO - Error loading data: relation "dim_author" does not exist
LINE 2:             INSERT INTO dim_author (author_id, author_name)
                                ^
[2024-09-07T13:50:26.291+0000] {logging_mixin.py:188} INFO - Error loading data: relation "dim_author" does not exist
LINE 2:             INSERT INTO dim_author (author_id, author_name)
                                ^
[2024-09-07T13:50:26.363+0000] {logging_mixin.py:188} INFO - Error loading data: relation "dim_author" does not exist
LINE 2:             INSERT INTO dim_author (author_id, author_name)
                                ^
[2024-09-07T13:50:26.429+0000] {logging_mixin.py:188} INFO - Error loading data: relation "dim_author" does not exist
LINE 2:             INSERT INTO dim_author (author_id, author_name)
                                ^
[2024-09-07T13:50:26.498+0000] {logging_mixin.py:188} INFO - Error loading data: relation "dim_author" does not exist
LINE 2:             INSERT INTO dim_author (author_id, author_name)
                                ^
[2024-09-07T13:50:26.604+0000] {logging_mixin.py:188} INFO - Error loading data: relation "dim_author" does not exist
LINE 2:             INSERT INTO dim_author (author_id, author_name)
                                ^
[2024-09-07T13:50:26.677+0000] {logging_mixin.py:188} INFO - Error loading data: relation "dim_author" does not exist
LINE 2:             INSERT INTO dim_author (author_id, author_name)
                                ^
[2024-09-07T13:50:26.744+0000] {logging_mixin.py:188} INFO - Error loading data: relation "dim_author" does not exist
LINE 2:             INSERT INTO dim_author (author_id, author_name)
                                ^
[2024-09-07T13:50:26.836+0000] {logging_mixin.py:188} INFO - Error loading data: relation "dim_author" does not exist
LINE 2:             INSERT INTO dim_author (author_id, author_name)
                                ^
[2024-09-07T13:50:26.931+0000] {logging_mixin.py:188} INFO - Error loading data: relation "dim_author" does not exist
LINE 2:             INSERT INTO dim_author (author_id, author_name)
                                ^
[2024-09-07T13:50:27.018+0000] {logging_mixin.py:188} INFO - Error loading data: relation "dim_author" does not exist
LINE 2:             INSERT INTO dim_author (author_id, author_name)
                                ^
[2024-09-07T13:50:27.078+0000] {logging_mixin.py:188} INFO - Error loading data: relation "dim_author" does not exist
LINE 2:             INSERT INTO dim_author (author_id, author_name)
                                ^
[2024-09-07T13:50:27.272+0000] {logging_mixin.py:188} INFO - Error loading data: relation "dim_author" does not exist
LINE 2:             INSERT INTO dim_author (author_id, author_name)
                                ^
[2024-09-07T13:50:27.426+0000] {logging_mixin.py:188} INFO - Error loading data: relation "dim_author" does not exist
LINE 2:             INSERT INTO dim_author (author_id, author_name)
                                ^
[2024-09-07T13:50:27.520+0000] {logging_mixin.py:188} INFO - Error loading data: relation "dim_author" does not exist
LINE 2:             INSERT INTO dim_author (author_id, author_name)
                                ^
[2024-09-07T13:50:27.583+0000] {logging_mixin.py:188} INFO - Error loading data: relation "dim_author" does not exist
LINE 2:             INSERT INTO dim_author (author_id, author_name)
                                ^
[2024-09-07T13:50:27.722+0000] {logging_mixin.py:188} INFO - Error loading data: relation "dim_author" does not exist
LINE 2:             INSERT INTO dim_author (author_id, author_name)
                                ^
[2024-09-07T13:50:27.821+0000] {logging_mixin.py:188} INFO - Error loading data: relation "dim_author" does not exist
LINE 2:             INSERT INTO dim_author (author_id, author_name)
                                ^
[2024-09-07T13:50:27.914+0000] {logging_mixin.py:188} INFO - Error loading data: relation "dim_author" does not exist
LINE 2:             INSERT INTO dim_author (author_id, author_name)
                                ^
[2024-09-07T13:50:28.009+0000] {logging_mixin.py:188} INFO - Error loading data: relation "dim_author" does not exist
LINE 2:             INSERT INTO dim_author (author_id, author_name)
                                ^
[2024-09-07T13:50:28.117+0000] {logging_mixin.py:188} INFO - Error loading data: relation "dim_author" does not exist
LINE 2:             INSERT INTO dim_author (author_id, author_name)
                                ^
[2024-09-07T13:50:28.189+0000] {logging_mixin.py:188} INFO - Error loading data: relation "dim_author" does not exist
LINE 2:             INSERT INTO dim_author (author_id, author_name)
                                ^
[2024-09-07T13:50:28.261+0000] {logging_mixin.py:188} INFO - Error loading data: relation "dim_author" does not exist
LINE 2:             INSERT INTO dim_author (author_id, author_name)
                                ^
[2024-09-07T13:50:28.321+0000] {logging_mixin.py:188} INFO - Error loading data: relation "dim_author" does not exist
LINE 2:             INSERT INTO dim_author (author_id, author_name)
                                ^
[2024-09-07T13:50:28.390+0000] {logging_mixin.py:188} INFO - Error loading data: relation "dim_author" does not exist
LINE 2:             INSERT INTO dim_author (author_id, author_name)
                                ^
[2024-09-07T13:50:28.473+0000] {logging_mixin.py:188} INFO - Error loading data: relation "dim_author" does not exist
LINE 2:             INSERT INTO dim_author (author_id, author_name)
                                ^
[2024-09-07T13:50:28.530+0000] {logging_mixin.py:188} INFO - Error loading data: relation "dim_author" does not exist
LINE 2:             INSERT INTO dim_author (author_id, author_name)
                                ^
[2024-09-07T13:50:28.598+0000] {logging_mixin.py:188} INFO - Error loading data: relation "dim_author" does not exist
LINE 2:             INSERT INTO dim_author (author_id, author_name)
                                ^
[2024-09-07T13:50:28.673+0000] {logging_mixin.py:188} INFO - Error loading data: relation "dim_author" does not exist
LINE 2:             INSERT INTO dim_author (author_id, author_name)
                                ^
[2024-09-07T13:50:28.723+0000] {logging_mixin.py:188} INFO - Error loading data: relation "dim_author" does not exist
LINE 2:             INSERT INTO dim_author (author_id, author_name)
                                ^
[2024-09-07T13:50:28.767+0000] {logging_mixin.py:188} INFO - Error loading data: relation "dim_author" does not exist
LINE 2:             INSERT INTO dim_author (author_id, author_name)
                                ^
[2024-09-07T13:50:28.841+0000] {logging_mixin.py:188} INFO - Error loading data: relation "dim_author" does not exist
LINE 2:             INSERT INTO dim_author (author_id, author_name)
                                ^
[2024-09-07T13:50:28.916+0000] {logging_mixin.py:188} INFO - Error loading data: relation "dim_author" does not exist
LINE 2:             INSERT INTO dim_author (author_id, author_name)
                                ^
[2024-09-07T13:50:28.968+0000] {logging_mixin.py:188} INFO - Error loading data: relation "dim_author" does not exist
LINE 2:             INSERT INTO dim_author (author_id, author_name)
                                ^
[2024-09-07T13:50:29.059+0000] {logging_mixin.py:188} INFO - Error loading data: relation "dim_author" does not exist
LINE 2:             INSERT INTO dim_author (author_id, author_name)
                                ^
[2024-09-07T13:50:29.122+0000] {logging_mixin.py:188} INFO - Error loading data: relation "dim_author" does not exist
LINE 2:             INSERT INTO dim_author (author_id, author_name)
                                ^
[2024-09-07T13:50:29.194+0000] {logging_mixin.py:188} INFO - Error loading data: relation "dim_author" does not exist
LINE 2:             INSERT INTO dim_author (author_id, author_name)
                                ^
[2024-09-07T13:50:29.239+0000] {logging_mixin.py:188} INFO - Error loading data: relation "dim_author" does not exist
LINE 2:             INSERT INTO dim_author (author_id, author_name)
                                ^
[2024-09-07T13:50:29.305+0000] {logging_mixin.py:188} INFO - Error loading data: relation "dim_author" does not exist
LINE 2:             INSERT INTO dim_author (author_id, author_name)
                                ^
[2024-09-07T13:50:29.366+0000] {logging_mixin.py:188} INFO - Error loading data: relation "dim_author" does not exist
LINE 2:             INSERT INTO dim_author (author_id, author_name)
                                ^
[2024-09-07T13:50:29.441+0000] {logging_mixin.py:188} INFO - Error loading data: relation "dim_author" does not exist
LINE 2:             INSERT INTO dim_author (author_id, author_name)
                                ^
[2024-09-07T13:50:29.497+0000] {logging_mixin.py:188} INFO - Error loading data: relation "dim_author" does not exist
LINE 2:             INSERT INTO dim_author (author_id, author_name)
                                ^
[2024-09-07T13:50:29.554+0000] {logging_mixin.py:188} INFO - Error loading data: relation "dim_author" does not exist
LINE 2:             INSERT INTO dim_author (author_id, author_name)
                                ^
[2024-09-07T13:50:29.629+0000] {logging_mixin.py:188} INFO - Error loading data: relation "dim_author" does not exist
LINE 2:             INSERT INTO dim_author (author_id, author_name)
                                ^
[2024-09-07T13:50:29.684+0000] {logging_mixin.py:188} INFO - Error loading data: relation "dim_author" does not exist
LINE 2:             INSERT INTO dim_author (author_id, author_name)
                                ^
[2024-09-07T13:50:29.760+0000] {logging_mixin.py:188} INFO - Error loading data: relation "dim_author" does not exist
LINE 2:             INSERT INTO dim_author (author_id, author_name)
                                ^
[2024-09-07T13:50:29.812+0000] {logging_mixin.py:188} INFO - Error loading data: relation "dim_author" does not exist
LINE 2:             INSERT INTO dim_author (author_id, author_name)
                                ^
[2024-09-07T13:50:29.866+0000] {logging_mixin.py:188} INFO - Error loading data: relation "dim_author" does not exist
LINE 2:             INSERT INTO dim_author (author_id, author_name)
                                ^
[2024-09-07T13:50:29.905+0000] {logging_mixin.py:188} INFO - Error loading data: relation "dim_author" does not exist
LINE 2:             INSERT INTO dim_author (author_id, author_name)
                                ^
[2024-09-07T13:50:29.960+0000] {logging_mixin.py:188} INFO - Error loading data: relation "dim_author" does not exist
LINE 2:             INSERT INTO dim_author (author_id, author_name)
                                ^
[2024-09-07T13:50:30.010+0000] {logging_mixin.py:188} INFO - Error loading data: relation "dim_author" does not exist
LINE 2:             INSERT INTO dim_author (author_id, author_name)
                                ^
[2024-09-07T13:50:30.065+0000] {logging_mixin.py:188} INFO - Error loading data: relation "dim_author" does not exist
LINE 2:             INSERT INTO dim_author (author_id, author_name)
                                ^
[2024-09-07T13:50:30.113+0000] {logging_mixin.py:188} INFO - Error loading data: relation "dim_author" does not exist
LINE 2:             INSERT INTO dim_author (author_id, author_name)
                                ^
[2024-09-07T13:50:30.180+0000] {logging_mixin.py:188} INFO - Error loading data: relation "dim_author" does not exist
LINE 2:             INSERT INTO dim_author (author_id, author_name)
                                ^
[2024-09-07T13:50:30.242+0000] {logging_mixin.py:188} INFO - Error loading data: relation "dim_author" does not exist
LINE 2:             INSERT INTO dim_author (author_id, author_name)
                                ^
[2024-09-07T13:50:30.345+0000] {logging_mixin.py:188} INFO - Error loading data: relation "dim_author" does not exist
LINE 2:             INSERT INTO dim_author (author_id, author_name)
                                ^
[2024-09-07T13:50:30.418+0000] {logging_mixin.py:188} INFO - Error loading data: relation "dim_author" does not exist
LINE 2:             INSERT INTO dim_author (author_id, author_name)
                                ^
[2024-09-07T13:50:30.485+0000] {logging_mixin.py:188} INFO - Error loading data: relation "dim_author" does not exist
LINE 2:             INSERT INTO dim_author (author_id, author_name)
                                ^
[2024-09-07T13:50:30.545+0000] {logging_mixin.py:188} INFO - Error loading data: relation "dim_author" does not exist
LINE 2:             INSERT INTO dim_author (author_id, author_name)
                                ^
[2024-09-07T13:50:30.598+0000] {logging_mixin.py:188} INFO - Error loading data: relation "dim_author" does not exist
LINE 2:             INSERT INTO dim_author (author_id, author_name)
                                ^
[2024-09-07T13:50:30.655+0000] {logging_mixin.py:188} INFO - Error loading data: relation "dim_author" does not exist
LINE 2:             INSERT INTO dim_author (author_id, author_name)
                                ^
[2024-09-07T13:50:30.704+0000] {logging_mixin.py:188} INFO - Error loading data: relation "dim_author" does not exist
LINE 2:             INSERT INTO dim_author (author_id, author_name)
                                ^
[2024-09-07T13:50:30.754+0000] {logging_mixin.py:188} INFO - Error loading data: relation "dim_author" does not exist
LINE 2:             INSERT INTO dim_author (author_id, author_name)
                                ^
[2024-09-07T13:50:30.877+0000] {logging_mixin.py:188} INFO - Error loading data: relation "dim_author" does not exist
LINE 2:             INSERT INTO dim_author (author_id, author_name)
                                ^
[2024-09-07T13:50:30.935+0000] {logging_mixin.py:188} INFO - Error loading data: relation "dim_author" does not exist
LINE 2:             INSERT INTO dim_author (author_id, author_name)
                                ^
[2024-09-07T13:50:31.027+0000] {logging_mixin.py:188} INFO - Error loading data: relation "dim_author" does not exist
LINE 2:             INSERT INTO dim_author (author_id, author_name)
                                ^
[2024-09-07T13:50:31.098+0000] {logging_mixin.py:188} INFO - Error loading data: relation "dim_author" does not exist
LINE 2:             INSERT INTO dim_author (author_id, author_name)
                                ^
[2024-09-07T13:50:31.143+0000] {logging_mixin.py:188} INFO - Error loading data: relation "dim_author" does not exist
LINE 2:             INSERT INTO dim_author (author_id, author_name)
                                ^
[2024-09-07T13:50:31.199+0000] {logging_mixin.py:188} INFO - Error loading data: relation "dim_author" does not exist
LINE 2:             INSERT INTO dim_author (author_id, author_name)
                                ^
[2024-09-07T13:50:31.284+0000] {logging_mixin.py:188} INFO - Error loading data: relation "dim_author" does not exist
LINE 2:             INSERT INTO dim_author (author_id, author_name)
                                ^
[2024-09-07T13:50:31.362+0000] {logging_mixin.py:188} INFO - Error loading data: relation "dim_author" does not exist
LINE 2:             INSERT INTO dim_author (author_id, author_name)
                                ^
[2024-09-07T13:50:31.410+0000] {logging_mixin.py:188} INFO - Error loading data: relation "dim_author" does not exist
LINE 2:             INSERT INTO dim_author (author_id, author_name)
                                ^
[2024-09-07T13:50:31.452+0000] {logging_mixin.py:188} INFO - Error loading data: relation "dim_author" does not exist
LINE 2:             INSERT INTO dim_author (author_id, author_name)
                                ^
[2024-09-07T13:50:31.508+0000] {logging_mixin.py:188} INFO - Error loading data: relation "dim_author" does not exist
LINE 2:             INSERT INTO dim_author (author_id, author_name)
                                ^
[2024-09-07T13:50:31.539+0000] {logging_mixin.py:188} INFO - Error loading data: relation "dim_author" does not exist
LINE 2:             INSERT INTO dim_author (author_id, author_name)
                                ^
[2024-09-07T13:50:31.608+0000] {logging_mixin.py:188} INFO - Error loading data: relation "dim_author" does not exist
LINE 2:             INSERT INTO dim_author (author_id, author_name)
                                ^
[2024-09-07T13:50:31.703+0000] {logging_mixin.py:188} INFO - Error loading data: relation "dim_author" does not exist
LINE 2:             INSERT INTO dim_author (author_id, author_name)
                                ^
[2024-09-07T13:50:31.766+0000] {logging_mixin.py:188} INFO - Error loading data: relation "dim_author" does not exist
LINE 2:             INSERT INTO dim_author (author_id, author_name)
                                ^
[2024-09-07T13:50:31.819+0000] {logging_mixin.py:188} INFO - Error loading data: relation "dim_author" does not exist
LINE 2:             INSERT INTO dim_author (author_id, author_name)
                                ^
[2024-09-07T13:50:31.872+0000] {logging_mixin.py:188} INFO - Error loading data: relation "dim_author" does not exist
LINE 2:             INSERT INTO dim_author (author_id, author_name)
                                ^
[2024-09-07T13:50:31.943+0000] {logging_mixin.py:188} INFO - Error loading data: relation "dim_author" does not exist
LINE 2:             INSERT INTO dim_author (author_id, author_name)
                                ^
[2024-09-07T13:50:31.988+0000] {logging_mixin.py:188} INFO - Error loading data: relation "dim_author" does not exist
LINE 2:             INSERT INTO dim_author (author_id, author_name)
                                ^
[2024-09-07T13:50:32.027+0000] {logging_mixin.py:188} INFO - Error loading data: relation "dim_author" does not exist
LINE 2:             INSERT INTO dim_author (author_id, author_name)
                                ^
[2024-09-07T13:50:32.083+0000] {logging_mixin.py:188} INFO - Error loading data: relation "dim_author" does not exist
LINE 2:             INSERT INTO dim_author (author_id, author_name)
                                ^
[2024-09-07T13:50:32.136+0000] {logging_mixin.py:188} INFO - Error loading data: relation "dim_author" does not exist
LINE 2:             INSERT INTO dim_author (author_id, author_name)
                                ^
[2024-09-07T13:50:32.173+0000] {logging_mixin.py:188} INFO - Error loading data: relation "dim_author" does not exist
LINE 2:             INSERT INTO dim_author (author_id, author_name)
                                ^
[2024-09-07T13:50:32.220+0000] {logging_mixin.py:188} INFO - Error loading data: relation "dim_author" does not exist
LINE 2:             INSERT INTO dim_author (author_id, author_name)
                                ^
[2024-09-07T13:50:32.256+0000] {logging_mixin.py:188} INFO - Error loading data: relation "dim_author" does not exist
LINE 2:             INSERT INTO dim_author (author_id, author_name)
                                ^
[2024-09-07T13:50:32.294+0000] {logging_mixin.py:188} INFO - Error loading data: relation "dim_author" does not exist
LINE 2:             INSERT INTO dim_author (author_id, author_name)
                                ^
[2024-09-07T13:50:32.340+0000] {logging_mixin.py:188} INFO - Error loading data: relation "dim_author" does not exist
LINE 2:             INSERT INTO dim_author (author_id, author_name)
                                ^
[2024-09-07T13:50:32.381+0000] {logging_mixin.py:188} INFO - Error loading data: relation "dim_author" does not exist
LINE 2:             INSERT INTO dim_author (author_id, author_name)
                                ^
[2024-09-07T13:50:32.432+0000] {logging_mixin.py:188} INFO - Error loading data: relation "dim_author" does not exist
LINE 2:             INSERT INTO dim_author (author_id, author_name)
                                ^
[2024-09-07T13:50:32.466+0000] {logging_mixin.py:188} INFO - Error loading data: relation "dim_author" does not exist
LINE 2:             INSERT INTO dim_author (author_id, author_name)
                                ^
[2024-09-07T13:50:32.517+0000] {logging_mixin.py:188} INFO - Error loading data: relation "dim_author" does not exist
LINE 2:             INSERT INTO dim_author (author_id, author_name)
                                ^
[2024-09-07T13:50:32.553+0000] {logging_mixin.py:188} INFO - Error loading data: relation "dim_author" does not exist
LINE 2:             INSERT INTO dim_author (author_id, author_name)
                                ^
[2024-09-07T13:50:32.606+0000] {logging_mixin.py:188} INFO - Error loading data: relation "dim_author" does not exist
LINE 2:             INSERT INTO dim_author (author_id, author_name)
                                ^
[2024-09-07T13:50:32.637+0000] {logging_mixin.py:188} INFO - Error loading data: relation "dim_author" does not exist
LINE 2:             INSERT INTO dim_author (author_id, author_name)
                                ^
[2024-09-07T13:50:32.692+0000] {logging_mixin.py:188} INFO - Error loading data: relation "dim_author" does not exist
LINE 2:             INSERT INTO dim_author (author_id, author_name)
                                ^
[2024-09-07T13:50:32.749+0000] {logging_mixin.py:188} INFO - Error loading data: relation "dim_author" does not exist
LINE 2:             INSERT INTO dim_author (author_id, author_name)
                                ^
[2024-09-07T13:50:32.789+0000] {logging_mixin.py:188} INFO - Error loading data: relation "dim_author" does not exist
LINE 2:             INSERT INTO dim_author (author_id, author_name)
                                ^
[2024-09-07T13:50:32.840+0000] {logging_mixin.py:188} INFO - Error loading data: relation "dim_author" does not exist
LINE 2:             INSERT INTO dim_author (author_id, author_name)
                                ^
[2024-09-07T13:50:32.897+0000] {logging_mixin.py:188} INFO - Error loading data: relation "dim_author" does not exist
LINE 2:             INSERT INTO dim_author (author_id, author_name)
                                ^
[2024-09-07T13:50:32.936+0000] {logging_mixin.py:188} INFO - Error loading data: relation "dim_author" does not exist
LINE 2:             INSERT INTO dim_author (author_id, author_name)
                                ^
[2024-09-07T13:50:32.975+0000] {logging_mixin.py:188} INFO - Error loading data: relation "dim_author" does not exist
LINE 2:             INSERT INTO dim_author (author_id, author_name)
                                ^
[2024-09-07T13:50:33.008+0000] {logging_mixin.py:188} INFO - Error loading data: relation "dim_author" does not exist
LINE 2:             INSERT INTO dim_author (author_id, author_name)
                                ^
[2024-09-07T13:50:33.061+0000] {logging_mixin.py:188} INFO - Error loading data: relation "dim_author" does not exist
LINE 2:             INSERT INTO dim_author (author_id, author_name)
                                ^
[2024-09-07T13:50:33.099+0000] {logging_mixin.py:188} INFO - Error loading data: relation "dim_author" does not exist
LINE 2:             INSERT INTO dim_author (author_id, author_name)
                                ^
[2024-09-07T13:50:33.137+0000] {logging_mixin.py:188} INFO - Error loading data: relation "dim_author" does not exist
LINE 2:             INSERT INTO dim_author (author_id, author_name)
                                ^
[2024-09-07T13:50:33.169+0000] {logging_mixin.py:188} INFO - Error loading data: relation "dim_author" does not exist
LINE 2:             INSERT INTO dim_author (author_id, author_name)
                                ^
[2024-09-07T13:50:33.171+0000] {python.py:237} INFO - Done. Returned value was: None
[2024-09-07T13:50:33.171+0000] {taskinstance.py:441} INFO - ::group::Post task execution logs
[2024-09-07T13:50:33.233+0000] {taskinstance.py:1205} INFO - Marking task as SUCCESS. dag_id=reddit_etl, task_id=load_data_to_warehouse, execution_date=20231118T000000, start_date=20240907T135013, end_date=20240907T135033
[2024-09-07T13:50:33.280+0000] {local_task_job_runner.py:240} INFO - Task exited with return code 0
[2024-09-07T13:50:33.346+0000] {taskinstance.py:3482} INFO - 0 downstream tasks scheduled from follow-on schedule check
[2024-09-07T13:50:33.348+0000] {local_task_job_runner.py:222} INFO - ::endgroup::
[2024-09-07T13:56:27.158+0000] {local_task_job_runner.py:120} INFO - ::group::Pre task execution logs
[2024-09-07T13:56:27.392+0000] {taskinstance.py:2073} INFO - Dependencies all met for dep_context=non-requeueable deps ti=<TaskInstance: reddit_etl.load_data_to_warehouse scheduled__2023-11-18T00:00:00+00:00 [queued]>
[2024-09-07T13:56:27.448+0000] {taskinstance.py:2073} INFO - Dependencies all met for dep_context=requeueable deps ti=<TaskInstance: reddit_etl.load_data_to_warehouse scheduled__2023-11-18T00:00:00+00:00 [queued]>
[2024-09-07T13:56:27.449+0000] {taskinstance.py:2303} INFO - Starting attempt 1 of 2
[2024-09-07T13:56:27.807+0000] {taskinstance.py:2327} INFO - Executing <Task(PythonOperator): load_data_to_warehouse> on 2023-11-18 00:00:00+00:00
[2024-09-07T13:56:27.886+0000] {standard_task_runner.py:90} INFO - Running: ['airflow', 'tasks', 'run', 'reddit_etl', 'load_data_to_warehouse', 'scheduled__2023-11-18T00:00:00+00:00', '--job-id', '137', '--raw', '--subdir', 'DAGS_FOLDER/reddit.py', '--cfg-path', '/tmp/tmp_rqbqpze']
[2024-09-07T13:56:27.897+0000] {standard_task_runner.py:91} INFO - Job 137: Subtask load_data_to_warehouse
[2024-09-07T13:56:27.909+0000] {logging_mixin.py:188} WARNING - /home/airflow/.local/lib/python3.12/site-packages/airflow/task/task_runner/standard_task_runner.py:61 DeprecationWarning: This process (pid=520) is multi-threaded, use of fork() may lead to deadlocks in the child.
[2024-09-07T13:56:27.915+0000] {standard_task_runner.py:63} INFO - Started process 529 to run task
[2024-09-07T13:56:28.200+0000] {task_command.py:426} INFO - Running <TaskInstance: reddit_etl.load_data_to_warehouse scheduled__2023-11-18T00:00:00+00:00 [running]> on host 8bc190d52c81
[2024-09-07T13:56:28.861+0000] {taskinstance.py:2644} INFO - Exporting env vars: AIRFLOW_CTX_DAG_OWNER='reddithackathon' AIRFLOW_CTX_DAG_ID='reddit_etl' AIRFLOW_CTX_TASK_ID='load_data_to_warehouse' AIRFLOW_CTX_EXECUTION_DATE='2023-11-18T00:00:00+00:00' AIRFLOW_CTX_TRY_NUMBER='1' AIRFLOW_CTX_DAG_RUN_ID='scheduled__2023-11-18T00:00:00+00:00'
[2024-09-07T13:56:28.863+0000] {taskinstance.py:430} INFO - ::endgroup::
[2024-09-07T13:56:29.193+0000] {logging_mixin.py:188} INFO - Error loading data: relation "dim_author" does not exist
LINE 2:             INSERT INTO dim_author (author_id, author_name)
                                ^
[2024-09-07T13:56:29.250+0000] {logging_mixin.py:188} INFO - Error loading data: relation "dim_author" does not exist
LINE 2:             INSERT INTO dim_author (author_id, author_name)
                                ^
[2024-09-07T13:56:29.306+0000] {logging_mixin.py:188} INFO - Error loading data: relation "dim_author" does not exist
LINE 2:             INSERT INTO dim_author (author_id, author_name)
                                ^
[2024-09-07T13:56:29.350+0000] {logging_mixin.py:188} INFO - Error loading data: relation "dim_author" does not exist
LINE 2:             INSERT INTO dim_author (author_id, author_name)
                                ^
[2024-09-07T13:56:29.387+0000] {logging_mixin.py:188} INFO - Error loading data: relation "dim_author" does not exist
LINE 2:             INSERT INTO dim_author (author_id, author_name)
                                ^
[2024-09-07T13:56:29.435+0000] {logging_mixin.py:188} INFO - Error loading data: relation "dim_author" does not exist
LINE 2:             INSERT INTO dim_author (author_id, author_name)
                                ^
[2024-09-07T13:56:29.489+0000] {logging_mixin.py:188} INFO - Error loading data: relation "dim_author" does not exist
LINE 2:             INSERT INTO dim_author (author_id, author_name)
                                ^
[2024-09-07T13:56:29.580+0000] {logging_mixin.py:188} INFO - Error loading data: relation "dim_author" does not exist
LINE 2:             INSERT INTO dim_author (author_id, author_name)
                                ^
[2024-09-07T13:56:29.649+0000] {logging_mixin.py:188} INFO - Error loading data: relation "dim_author" does not exist
LINE 2:             INSERT INTO dim_author (author_id, author_name)
                                ^
[2024-09-07T13:56:29.689+0000] {logging_mixin.py:188} INFO - Error loading data: relation "dim_author" does not exist
LINE 2:             INSERT INTO dim_author (author_id, author_name)
                                ^
[2024-09-07T13:56:29.757+0000] {logging_mixin.py:188} INFO - Error loading data: relation "dim_author" does not exist
LINE 2:             INSERT INTO dim_author (author_id, author_name)
                                ^
[2024-09-07T13:56:29.828+0000] {logging_mixin.py:188} INFO - Error loading data: relation "dim_author" does not exist
LINE 2:             INSERT INTO dim_author (author_id, author_name)
                                ^
[2024-09-07T13:56:29.879+0000] {logging_mixin.py:188} INFO - Error loading data: relation "dim_author" does not exist
LINE 2:             INSERT INTO dim_author (author_id, author_name)
                                ^
[2024-09-07T13:56:29.928+0000] {logging_mixin.py:188} INFO - Error loading data: relation "dim_author" does not exist
LINE 2:             INSERT INTO dim_author (author_id, author_name)
                                ^
[2024-09-07T13:56:30.034+0000] {logging_mixin.py:188} INFO - Error loading data: relation "dim_author" does not exist
LINE 2:             INSERT INTO dim_author (author_id, author_name)
                                ^
[2024-09-07T13:56:30.094+0000] {logging_mixin.py:188} INFO - Error loading data: relation "dim_author" does not exist
LINE 2:             INSERT INTO dim_author (author_id, author_name)
                                ^
[2024-09-07T13:56:30.129+0000] {logging_mixin.py:188} INFO - Error loading data: relation "dim_author" does not exist
LINE 2:             INSERT INTO dim_author (author_id, author_name)
                                ^
[2024-09-07T13:56:30.193+0000] {logging_mixin.py:188} INFO - Error loading data: relation "dim_author" does not exist
LINE 2:             INSERT INTO dim_author (author_id, author_name)
                                ^
[2024-09-07T13:56:30.265+0000] {logging_mixin.py:188} INFO - Error loading data: relation "dim_author" does not exist
LINE 2:             INSERT INTO dim_author (author_id, author_name)
                                ^
[2024-09-07T13:56:30.364+0000] {logging_mixin.py:188} INFO - Error loading data: relation "dim_author" does not exist
LINE 2:             INSERT INTO dim_author (author_id, author_name)
                                ^
[2024-09-07T13:56:30.475+0000] {logging_mixin.py:188} INFO - Error loading data: relation "dim_author" does not exist
LINE 2:             INSERT INTO dim_author (author_id, author_name)
                                ^
[2024-09-07T13:56:30.522+0000] {logging_mixin.py:188} INFO - Error loading data: relation "dim_author" does not exist
LINE 2:             INSERT INTO dim_author (author_id, author_name)
                                ^
[2024-09-07T13:56:30.567+0000] {logging_mixin.py:188} INFO - Error loading data: relation "dim_author" does not exist
LINE 2:             INSERT INTO dim_author (author_id, author_name)
                                ^
[2024-09-07T13:56:30.599+0000] {logging_mixin.py:188} INFO - Error loading data: relation "dim_author" does not exist
LINE 2:             INSERT INTO dim_author (author_id, author_name)
                                ^
[2024-09-07T13:56:30.648+0000] {logging_mixin.py:188} INFO - Error loading data: relation "dim_author" does not exist
LINE 2:             INSERT INTO dim_author (author_id, author_name)
                                ^
[2024-09-07T13:56:30.718+0000] {logging_mixin.py:188} INFO - Error loading data: relation "dim_author" does not exist
LINE 2:             INSERT INTO dim_author (author_id, author_name)
                                ^
[2024-09-07T13:56:30.763+0000] {logging_mixin.py:188} INFO - Error loading data: relation "dim_author" does not exist
LINE 2:             INSERT INTO dim_author (author_id, author_name)
                                ^
[2024-09-07T13:56:30.819+0000] {logging_mixin.py:188} INFO - Error loading data: relation "dim_author" does not exist
LINE 2:             INSERT INTO dim_author (author_id, author_name)
                                ^
[2024-09-07T13:56:30.853+0000] {logging_mixin.py:188} INFO - Error loading data: relation "dim_author" does not exist
LINE 2:             INSERT INTO dim_author (author_id, author_name)
                                ^
[2024-09-07T13:56:30.914+0000] {logging_mixin.py:188} INFO - Error loading data: relation "dim_author" does not exist
LINE 2:             INSERT INTO dim_author (author_id, author_name)
                                ^
[2024-09-07T13:56:30.974+0000] {logging_mixin.py:188} INFO - Error loading data: relation "dim_author" does not exist
LINE 2:             INSERT INTO dim_author (author_id, author_name)
                                ^
[2024-09-07T13:56:31.034+0000] {logging_mixin.py:188} INFO - Error loading data: relation "dim_author" does not exist
LINE 2:             INSERT INTO dim_author (author_id, author_name)
                                ^
[2024-09-07T13:56:31.117+0000] {logging_mixin.py:188} INFO - Error loading data: relation "dim_author" does not exist
LINE 2:             INSERT INTO dim_author (author_id, author_name)
                                ^
[2024-09-07T13:56:31.175+0000] {logging_mixin.py:188} INFO - Error loading data: relation "dim_author" does not exist
LINE 2:             INSERT INTO dim_author (author_id, author_name)
                                ^
[2024-09-07T13:56:31.225+0000] {logging_mixin.py:188} INFO - Error loading data: relation "dim_author" does not exist
LINE 2:             INSERT INTO dim_author (author_id, author_name)
                                ^
[2024-09-07T13:56:31.295+0000] {logging_mixin.py:188} INFO - Error loading data: relation "dim_author" does not exist
LINE 2:             INSERT INTO dim_author (author_id, author_name)
                                ^
[2024-09-07T13:56:31.358+0000] {logging_mixin.py:188} INFO - Error loading data: relation "dim_author" does not exist
LINE 2:             INSERT INTO dim_author (author_id, author_name)
                                ^
[2024-09-07T13:56:31.425+0000] {logging_mixin.py:188} INFO - Error loading data: relation "dim_author" does not exist
LINE 2:             INSERT INTO dim_author (author_id, author_name)
                                ^
[2024-09-07T13:56:31.504+0000] {logging_mixin.py:188} INFO - Error loading data: relation "dim_author" does not exist
LINE 2:             INSERT INTO dim_author (author_id, author_name)
                                ^
[2024-09-07T13:56:31.561+0000] {logging_mixin.py:188} INFO - Error loading data: relation "dim_author" does not exist
LINE 2:             INSERT INTO dim_author (author_id, author_name)
                                ^
[2024-09-07T13:56:31.623+0000] {logging_mixin.py:188} INFO - Error loading data: relation "dim_author" does not exist
LINE 2:             INSERT INTO dim_author (author_id, author_name)
                                ^
[2024-09-07T13:56:31.670+0000] {logging_mixin.py:188} INFO - Error loading data: relation "dim_author" does not exist
LINE 2:             INSERT INTO dim_author (author_id, author_name)
                                ^
[2024-09-07T13:56:31.719+0000] {logging_mixin.py:188} INFO - Error loading data: relation "dim_author" does not exist
LINE 2:             INSERT INTO dim_author (author_id, author_name)
                                ^
[2024-09-07T13:56:31.770+0000] {logging_mixin.py:188} INFO - Error loading data: relation "dim_author" does not exist
LINE 2:             INSERT INTO dim_author (author_id, author_name)
                                ^
[2024-09-07T13:56:31.816+0000] {logging_mixin.py:188} INFO - Error loading data: relation "dim_author" does not exist
LINE 2:             INSERT INTO dim_author (author_id, author_name)
                                ^
[2024-09-07T13:56:31.886+0000] {logging_mixin.py:188} INFO - Error loading data: relation "dim_author" does not exist
LINE 2:             INSERT INTO dim_author (author_id, author_name)
                                ^
[2024-09-07T13:56:31.944+0000] {logging_mixin.py:188} INFO - Error loading data: relation "dim_author" does not exist
LINE 2:             INSERT INTO dim_author (author_id, author_name)
                                ^
[2024-09-07T13:56:31.982+0000] {logging_mixin.py:188} INFO - Error loading data: relation "dim_author" does not exist
LINE 2:             INSERT INTO dim_author (author_id, author_name)
                                ^
[2024-09-07T13:56:32.031+0000] {logging_mixin.py:188} INFO - Error loading data: relation "dim_author" does not exist
LINE 2:             INSERT INTO dim_author (author_id, author_name)
                                ^
[2024-09-07T13:56:32.116+0000] {logging_mixin.py:188} INFO - Error loading data: relation "dim_author" does not exist
LINE 2:             INSERT INTO dim_author (author_id, author_name)
                                ^
[2024-09-07T13:56:32.158+0000] {logging_mixin.py:188} INFO - Error loading data: relation "dim_author" does not exist
LINE 2:             INSERT INTO dim_author (author_id, author_name)
                                ^
[2024-09-07T13:56:32.243+0000] {logging_mixin.py:188} INFO - Error loading data: relation "dim_author" does not exist
LINE 2:             INSERT INTO dim_author (author_id, author_name)
                                ^
[2024-09-07T13:56:32.257+0000] {logging_mixin.py:188} INFO - Error loading data: connection to server at "postgres" (192.168.64.3), port 5432 failed: Connection refused
	Is the server running on that host and accepting TCP/IP connections?
