[2024-09-07T12:55:03.629+0000] {local_task_job_runner.py:120} INFO - ::group::Pre task execution logs
[2024-09-07T12:55:03.768+0000] {taskinstance.py:2073} INFO - Dependencies all met for dep_context=non-requeueable deps ti=<TaskInstance: reddit_etl.load_data_to_warehouse scheduled__2024-06-25T00:00:00+00:00 [queued]>
[2024-09-07T12:55:03.784+0000] {taskinstance.py:2073} INFO - Dependencies all met for dep_context=requeueable deps ti=<TaskInstance: reddit_etl.load_data_to_warehouse scheduled__2024-06-25T00:00:00+00:00 [queued]>
[2024-09-07T12:55:03.785+0000] {taskinstance.py:2303} INFO - Starting attempt 1 of 2
[2024-09-07T12:55:03.833+0000] {taskinstance.py:2327} INFO - Executing <Task(PythonOperator): load_data_to_warehouse> on 2024-06-25 00:00:00+00:00
[2024-09-07T12:55:03.852+0000] {logging_mixin.py:188} WARNING - /home/airflow/.local/lib/python3.12/site-packages/airflow/task/task_runner/standard_task_runner.py:61 DeprecationWarning: This process (pid=1639) is multi-threaded, use of fork() may lead to deadlocks in the child.
[2024-09-07T12:55:03.853+0000] {standard_task_runner.py:63} INFO - Started process 1644 to run task
[2024-09-07T12:55:03.857+0000] {standard_task_runner.py:90} INFO - Running: ['airflow', 'tasks', 'run', 'reddit_etl', 'load_data_to_warehouse', 'scheduled__2024-06-25T00:00:00+00:00', '--job-id', '522', '--raw', '--subdir', 'DAGS_FOLDER/reddit.py', '--cfg-path', '/tmp/tmpl1x5sjic']
[2024-09-07T12:55:03.860+0000] {standard_task_runner.py:91} INFO - Job 522: Subtask load_data_to_warehouse
[2024-09-07T12:55:04.001+0000] {task_command.py:426} INFO - Running <TaskInstance: reddit_etl.load_data_to_warehouse scheduled__2024-06-25T00:00:00+00:00 [running]> on host 42d604ea5ce6
[2024-09-07T12:55:04.252+0000] {taskinstance.py:2644} INFO - Exporting env vars: AIRFLOW_CTX_DAG_OWNER='reddithackathon' AIRFLOW_CTX_DAG_ID='reddit_etl' AIRFLOW_CTX_TASK_ID='load_data_to_warehouse' AIRFLOW_CTX_EXECUTION_DATE='2024-06-25T00:00:00+00:00' AIRFLOW_CTX_TRY_NUMBER='1' AIRFLOW_CTX_DAG_RUN_ID='scheduled__2024-06-25T00:00:00+00:00'
[2024-09-07T12:55:04.253+0000] {taskinstance.py:430} INFO - ::endgroup::
[2024-09-07T12:55:04.324+0000] {logging_mixin.py:188} INFO - Error loading data: connection to server on socket "/var/run/postgresql/.s.PGSQL.5432" failed: No such file or directory
	Is the server running locally and accepting connections on that socket?
[2024-09-07T12:55:04.325+0000] {logging_mixin.py:188} INFO - Error loading data: connection to server on socket "/var/run/postgresql/.s.PGSQL.5432" failed: No such file or directory
	Is the server running locally and accepting connections on that socket?
[2024-09-07T12:55:04.325+0000] {logging_mixin.py:188} INFO - Error loading data: connection to server on socket "/var/run/postgresql/.s.PGSQL.5432" failed: No such file or directory
	Is the server running locally and accepting connections on that socket?
[2024-09-07T12:55:04.326+0000] {logging_mixin.py:188} INFO - Error loading data: connection to server on socket "/var/run/postgresql/.s.PGSQL.5432" failed: No such file or directory
	Is the server running locally and accepting connections on that socket?
[2024-09-07T12:55:04.327+0000] {logging_mixin.py:188} INFO - Error loading data: connection to server on socket "/var/run/postgresql/.s.PGSQL.5432" failed: No such file or directory
	Is the server running locally and accepting connections on that socket?
[2024-09-07T12:55:04.327+0000] {logging_mixin.py:188} INFO - Error loading data: connection to server on socket "/var/run/postgresql/.s.PGSQL.5432" failed: No such file or directory
	Is the server running locally and accepting connections on that socket?
[2024-09-07T12:55:04.328+0000] {logging_mixin.py:188} INFO - Error loading data: connection to server on socket "/var/run/postgresql/.s.PGSQL.5432" failed: No such file or directory
	Is the server running locally and accepting connections on that socket?
[2024-09-07T12:55:04.328+0000] {logging_mixin.py:188} INFO - Error loading data: connection to server on socket "/var/run/postgresql/.s.PGSQL.5432" failed: No such file or directory
	Is the server running locally and accepting connections on that socket?
[2024-09-07T12:55:04.329+0000] {logging_mixin.py:188} INFO - Error loading data: connection to server on socket "/var/run/postgresql/.s.PGSQL.5432" failed: No such file or directory
	Is the server running locally and accepting connections on that socket?
[2024-09-07T12:55:04.329+0000] {logging_mixin.py:188} INFO - Error loading data: connection to server on socket "/var/run/postgresql/.s.PGSQL.5432" failed: No such file or directory
	Is the server running locally and accepting connections on that socket?
[2024-09-07T12:55:04.330+0000] {logging_mixin.py:188} INFO - Error loading data: connection to server on socket "/var/run/postgresql/.s.PGSQL.5432" failed: No such file or directory
	Is the server running locally and accepting connections on that socket?
[2024-09-07T12:55:04.331+0000] {logging_mixin.py:188} INFO - Error loading data: connection to server on socket "/var/run/postgresql/.s.PGSQL.5432" failed: No such file or directory
	Is the server running locally and accepting connections on that socket?
[2024-09-07T12:55:04.332+0000] {logging_mixin.py:188} INFO - Error loading data: connection to server on socket "/var/run/postgresql/.s.PGSQL.5432" failed: No such file or directory
	Is the server running locally and accepting connections on that socket?
[2024-09-07T12:55:04.333+0000] {logging_mixin.py:188} INFO - Error loading data: connection to server on socket "/var/run/postgresql/.s.PGSQL.5432" failed: No such file or directory
	Is the server running locally and accepting connections on that socket?
[2024-09-07T12:55:04.333+0000] {logging_mixin.py:188} INFO - Error loading data: connection to server on socket "/var/run/postgresql/.s.PGSQL.5432" failed: No such file or directory
	Is the server running locally and accepting connections on that socket?
[2024-09-07T12:55:04.334+0000] {logging_mixin.py:188} INFO - Error loading data: connection to server on socket "/var/run/postgresql/.s.PGSQL.5432" failed: No such file or directory
	Is the server running locally and accepting connections on that socket?
[2024-09-07T12:55:04.334+0000] {logging_mixin.py:188} INFO - Error loading data: connection to server on socket "/var/run/postgresql/.s.PGSQL.5432" failed: No such file or directory
	Is the server running locally and accepting connections on that socket?
[2024-09-07T12:55:04.335+0000] {logging_mixin.py:188} INFO - Error loading data: connection to server on socket "/var/run/postgresql/.s.PGSQL.5432" failed: No such file or directory
	Is the server running locally and accepting connections on that socket?
[2024-09-07T12:55:04.336+0000] {logging_mixin.py:188} INFO - Error loading data: connection to server on socket "/var/run/postgresql/.s.PGSQL.5432" failed: No such file or directory
	Is the server running locally and accepting connections on that socket?
[2024-09-07T12:55:04.336+0000] {logging_mixin.py:188} INFO - Error loading data: connection to server on socket "/var/run/postgresql/.s.PGSQL.5432" failed: No such file or directory
	Is the server running locally and accepting connections on that socket?
[2024-09-07T12:55:04.337+0000] {logging_mixin.py:188} INFO - Error loading data: connection to server on socket "/var/run/postgresql/.s.PGSQL.5432" failed: No such file or directory
	Is the server running locally and accepting connections on that socket?
[2024-09-07T12:55:04.337+0000] {logging_mixin.py:188} INFO - Error loading data: connection to server on socket "/var/run/postgresql/.s.PGSQL.5432" failed: No such file or directory
	Is the server running locally and accepting connections on that socket?
[2024-09-07T12:55:04.338+0000] {logging_mixin.py:188} INFO - Error loading data: connection to server on socket "/var/run/postgresql/.s.PGSQL.5432" failed: No such file or directory
	Is the server running locally and accepting connections on that socket?
[2024-09-07T12:55:04.338+0000] {logging_mixin.py:188} INFO - Error loading data: connection to server on socket "/var/run/postgresql/.s.PGSQL.5432" failed: No such file or directory
	Is the server running locally and accepting connections on that socket?
[2024-09-07T12:55:04.340+0000] {logging_mixin.py:188} INFO - Error loading data: connection to server on socket "/var/run/postgresql/.s.PGSQL.5432" failed: No such file or directory
	Is the server running locally and accepting connections on that socket?
[2024-09-07T12:55:04.341+0000] {logging_mixin.py:188} INFO - Error loading data: connection to server on socket "/var/run/postgresql/.s.PGSQL.5432" failed: No such file or directory
	Is the server running locally and accepting connections on that socket?
[2024-09-07T12:55:04.341+0000] {logging_mixin.py:188} INFO - Error loading data: connection to server on socket "/var/run/postgresql/.s.PGSQL.5432" failed: No such file or directory
	Is the server running locally and accepting connections on that socket?
[2024-09-07T12:55:04.343+0000] {logging_mixin.py:188} INFO - Error loading data: connection to server on socket "/var/run/postgresql/.s.PGSQL.5432" failed: No such file or directory
	Is the server running locally and accepting connections on that socket?
[2024-09-07T12:55:04.344+0000] {logging_mixin.py:188} INFO - Error loading data: connection to server on socket "/var/run/postgresql/.s.PGSQL.5432" failed: No such file or directory
	Is the server running locally and accepting connections on that socket?
[2024-09-07T12:55:04.346+0000] {logging_mixin.py:188} INFO - Error loading data: connection to server on socket "/var/run/postgresql/.s.PGSQL.5432" failed: No such file or directory
	Is the server running locally and accepting connections on that socket?
[2024-09-07T12:55:04.348+0000] {logging_mixin.py:188} INFO - Error loading data: connection to server on socket "/var/run/postgresql/.s.PGSQL.5432" failed: No such file or directory
	Is the server running locally and accepting connections on that socket?
[2024-09-07T12:55:04.349+0000] {logging_mixin.py:188} INFO - Error loading data: connection to server on socket "/var/run/postgresql/.s.PGSQL.5432" failed: No such file or directory
	Is the server running locally and accepting connections on that socket?
[2024-09-07T12:55:04.350+0000] {logging_mixin.py:188} INFO - Error loading data: connection to server on socket "/var/run/postgresql/.s.PGSQL.5432" failed: No such file or directory
	Is the server running locally and accepting connections on that socket?
[2024-09-07T12:55:04.351+0000] {logging_mixin.py:188} INFO - Error loading data: connection to server on socket "/var/run/postgresql/.s.PGSQL.5432" failed: No such file or directory
	Is the server running locally and accepting connections on that socket?
[2024-09-07T12:55:04.352+0000] {logging_mixin.py:188} INFO - Error loading data: connection to server on socket "/var/run/postgresql/.s.PGSQL.5432" failed: No such file or directory
	Is the server running locally and accepting connections on that socket?
[2024-09-07T12:55:04.353+0000] {logging_mixin.py:188} INFO - Error loading data: connection to server on socket "/var/run/postgresql/.s.PGSQL.5432" failed: No such file or directory
	Is the server running locally and accepting connections on that socket?
[2024-09-07T12:55:04.353+0000] {logging_mixin.py:188} INFO - Error loading data: connection to server on socket "/var/run/postgresql/.s.PGSQL.5432" failed: No such file or directory
	Is the server running locally and accepting connections on that socket?
[2024-09-07T12:55:04.354+0000] {logging_mixin.py:188} INFO - Error loading data: connection to server on socket "/var/run/postgresql/.s.PGSQL.5432" failed: No such file or directory
	Is the server running locally and accepting connections on that socket?
[2024-09-07T12:55:04.354+0000] {logging_mixin.py:188} INFO - Error loading data: connection to server on socket "/var/run/postgresql/.s.PGSQL.5432" failed: No such file or directory
	Is the server running locally and accepting connections on that socket?
[2024-09-07T12:55:04.355+0000] {logging_mixin.py:188} INFO - Error loading data: connection to server on socket "/var/run/postgresql/.s.PGSQL.5432" failed: No such file or directory
	Is the server running locally and accepting connections on that socket?
[2024-09-07T12:55:04.355+0000] {logging_mixin.py:188} INFO - Error loading data: connection to server on socket "/var/run/postgresql/.s.PGSQL.5432" failed: No such file or directory
	Is the server running locally and accepting connections on that socket?
[2024-09-07T12:55:04.356+0000] {logging_mixin.py:188} INFO - Error loading data: connection to server on socket "/var/run/postgresql/.s.PGSQL.5432" failed: No such file or directory
	Is the server running locally and accepting connections on that socket?
[2024-09-07T12:55:04.356+0000] {logging_mixin.py:188} INFO - Error loading data: connection to server on socket "/var/run/postgresql/.s.PGSQL.5432" failed: No such file or directory
	Is the server running locally and accepting connections on that socket?
[2024-09-07T12:55:04.357+0000] {logging_mixin.py:188} INFO - Error loading data: connection to server on socket "/var/run/postgresql/.s.PGSQL.5432" failed: No such file or directory
	Is the server running locally and accepting connections on that socket?
[2024-09-07T12:55:04.358+0000] {logging_mixin.py:188} INFO - Error loading data: connection to server on socket "/var/run/postgresql/.s.PGSQL.5432" failed: No such file or directory
	Is the server running locally and accepting connections on that socket?
[2024-09-07T12:55:04.358+0000] {logging_mixin.py:188} INFO - Error loading data: connection to server on socket "/var/run/postgresql/.s.PGSQL.5432" failed: No such file or directory
	Is the server running locally and accepting connections on that socket?
[2024-09-07T12:55:04.361+0000] {logging_mixin.py:188} INFO - Error loading data: connection to server on socket "/var/run/postgresql/.s.PGSQL.5432" failed: No such file or directory
	Is the server running locally and accepting connections on that socket?
[2024-09-07T12:55:04.362+0000] {logging_mixin.py:188} INFO - Error loading data: connection to server on socket "/var/run/postgresql/.s.PGSQL.5432" failed: No such file or directory
	Is the server running locally and accepting connections on that socket?
[2024-09-07T12:55:04.363+0000] {logging_mixin.py:188} INFO - Error loading data: connection to server on socket "/var/run/postgresql/.s.PGSQL.5432" failed: No such file or directory
	Is the server running locally and accepting connections on that socket?
[2024-09-07T12:55:04.363+0000] {logging_mixin.py:188} INFO - Error loading data: connection to server on socket "/var/run/postgresql/.s.PGSQL.5432" failed: No such file or directory
	Is the server running locally and accepting connections on that socket?
[2024-09-07T12:55:04.364+0000] {logging_mixin.py:188} INFO - Error loading data: connection to server on socket "/var/run/postgresql/.s.PGSQL.5432" failed: No such file or directory
	Is the server running locally and accepting connections on that socket?
[2024-09-07T12:55:04.365+0000] {logging_mixin.py:188} INFO - Error loading data: connection to server on socket "/var/run/postgresql/.s.PGSQL.5432" failed: No such file or directory
	Is the server running locally and accepting connections on that socket?
[2024-09-07T12:55:04.366+0000] {logging_mixin.py:188} INFO - Error loading data: connection to server on socket "/var/run/postgresql/.s.PGSQL.5432" failed: No such file or directory
	Is the server running locally and accepting connections on that socket?
[2024-09-07T12:55:04.366+0000] {logging_mixin.py:188} INFO - Error loading data: connection to server on socket "/var/run/postgresql/.s.PGSQL.5432" failed: No such file or directory
	Is the server running locally and accepting connections on that socket?
[2024-09-07T12:55:04.367+0000] {logging_mixin.py:188} INFO - Error loading data: connection to server on socket "/var/run/postgresql/.s.PGSQL.5432" failed: No such file or directory
	Is the server running locally and accepting connections on that socket?
[2024-09-07T12:55:04.367+0000] {logging_mixin.py:188} INFO - Error loading data: connection to server on socket "/var/run/postgresql/.s.PGSQL.5432" failed: No such file or directory
	Is the server running locally and accepting connections on that socket?
[2024-09-07T12:55:04.368+0000] {logging_mixin.py:188} INFO - Error loading data: connection to server on socket "/var/run/postgresql/.s.PGSQL.5432" failed: No such file or directory
	Is the server running locally and accepting connections on that socket?
[2024-09-07T12:55:04.368+0000] {logging_mixin.py:188} INFO - Error loading data: connection to server on socket "/var/run/postgresql/.s.PGSQL.5432" failed: No such file or directory
	Is the server running locally and accepting connections on that socket?
[2024-09-07T12:55:04.369+0000] {logging_mixin.py:188} INFO - Error loading data: connection to server on socket "/var/run/postgresql/.s.PGSQL.5432" failed: No such file or directory
	Is the server running locally and accepting connections on that socket?
[2024-09-07T12:55:04.370+0000] {logging_mixin.py:188} INFO - Error loading data: connection to server on socket "/var/run/postgresql/.s.PGSQL.5432" failed: No such file or directory
	Is the server running locally and accepting connections on that socket?
[2024-09-07T12:55:04.370+0000] {logging_mixin.py:188} INFO - Error loading data: connection to server on socket "/var/run/postgresql/.s.PGSQL.5432" failed: No such file or directory
	Is the server running locally and accepting connections on that socket?
[2024-09-07T12:55:04.371+0000] {logging_mixin.py:188} INFO - Error loading data: connection to server on socket "/var/run/postgresql/.s.PGSQL.5432" failed: No such file or directory
	Is the server running locally and accepting connections on that socket?
[2024-09-07T12:55:04.371+0000] {logging_mixin.py:188} INFO - Error loading data: connection to server on socket "/var/run/postgresql/.s.PGSQL.5432" failed: No such file or directory
	Is the server running locally and accepting connections on that socket?
[2024-09-07T12:55:04.372+0000] {logging_mixin.py:188} INFO - Error loading data: connection to server on socket "/var/run/postgresql/.s.PGSQL.5432" failed: No such file or directory
	Is the server running locally and accepting connections on that socket?
[2024-09-07T12:55:04.372+0000] {logging_mixin.py:188} INFO - Error loading data: connection to server on socket "/var/run/postgresql/.s.PGSQL.5432" failed: No such file or directory
	Is the server running locally and accepting connections on that socket?
[2024-09-07T12:55:04.373+0000] {logging_mixin.py:188} INFO - Error loading data: connection to server on socket "/var/run/postgresql/.s.PGSQL.5432" failed: No such file or directory
	Is the server running locally and accepting connections on that socket?
[2024-09-07T12:55:04.373+0000] {logging_mixin.py:188} INFO - Error loading data: connection to server on socket "/var/run/postgresql/.s.PGSQL.5432" failed: No such file or directory
	Is the server running locally and accepting connections on that socket?
[2024-09-07T12:55:04.374+0000] {logging_mixin.py:188} INFO - Error loading data: connection to server on socket "/var/run/postgresql/.s.PGSQL.5432" failed: No such file or directory
	Is the server running locally and accepting connections on that socket?
[2024-09-07T12:55:04.375+0000] {logging_mixin.py:188} INFO - Error loading data: connection to server on socket "/var/run/postgresql/.s.PGSQL.5432" failed: No such file or directory
	Is the server running locally and accepting connections on that socket?
[2024-09-07T12:55:04.375+0000] {logging_mixin.py:188} INFO - Error loading data: connection to server on socket "/var/run/postgresql/.s.PGSQL.5432" failed: No such file or directory
	Is the server running locally and accepting connections on that socket?
[2024-09-07T12:55:04.376+0000] {logging_mixin.py:188} INFO - Error loading data: connection to server on socket "/var/run/postgresql/.s.PGSQL.5432" failed: No such file or directory
	Is the server running locally and accepting connections on that socket?
[2024-09-07T12:55:04.376+0000] {logging_mixin.py:188} INFO - Error loading data: connection to server on socket "/var/run/postgresql/.s.PGSQL.5432" failed: No such file or directory
	Is the server running locally and accepting connections on that socket?
[2024-09-07T12:55:04.377+0000] {logging_mixin.py:188} INFO - Error loading data: connection to server on socket "/var/run/postgresql/.s.PGSQL.5432" failed: No such file or directory
	Is the server running locally and accepting connections on that socket?
[2024-09-07T12:55:04.378+0000] {logging_mixin.py:188} INFO - Error loading data: connection to server on socket "/var/run/postgresql/.s.PGSQL.5432" failed: No such file or directory
	Is the server running locally and accepting connections on that socket?
[2024-09-07T12:55:04.378+0000] {logging_mixin.py:188} INFO - Error loading data: connection to server on socket "/var/run/postgresql/.s.PGSQL.5432" failed: No such file or directory
	Is the server running locally and accepting connections on that socket?
[2024-09-07T12:55:04.379+0000] {logging_mixin.py:188} INFO - Error loading data: connection to server on socket "/var/run/postgresql/.s.PGSQL.5432" failed: No such file or directory
	Is the server running locally and accepting connections on that socket?
[2024-09-07T12:55:04.380+0000] {logging_mixin.py:188} INFO - Error loading data: connection to server on socket "/var/run/postgresql/.s.PGSQL.5432" failed: No such file or directory
	Is the server running locally and accepting connections on that socket?
[2024-09-07T12:55:04.380+0000] {logging_mixin.py:188} INFO - Error loading data: connection to server on socket "/var/run/postgresql/.s.PGSQL.5432" failed: No such file or directory
	Is the server running locally and accepting connections on that socket?
[2024-09-07T12:55:04.381+0000] {logging_mixin.py:188} INFO - Error loading data: connection to server on socket "/var/run/postgresql/.s.PGSQL.5432" failed: No such file or directory
	Is the server running locally and accepting connections on that socket?
[2024-09-07T12:55:04.382+0000] {logging_mixin.py:188} INFO - Error loading data: connection to server on socket "/var/run/postgresql/.s.PGSQL.5432" failed: No such file or directory
	Is the server running locally and accepting connections on that socket?
[2024-09-07T12:55:04.382+0000] {logging_mixin.py:188} INFO - Error loading data: connection to server on socket "/var/run/postgresql/.s.PGSQL.5432" failed: No such file or directory
	Is the server running locally and accepting connections on that socket?
[2024-09-07T12:55:04.383+0000] {logging_mixin.py:188} INFO - Error loading data: connection to server on socket "/var/run/postgresql/.s.PGSQL.5432" failed: No such file or directory
	Is the server running locally and accepting connections on that socket?
[2024-09-07T12:55:04.383+0000] {logging_mixin.py:188} INFO - Error loading data: connection to server on socket "/var/run/postgresql/.s.PGSQL.5432" failed: No such file or directory
	Is the server running locally and accepting connections on that socket?
[2024-09-07T12:55:04.384+0000] {logging_mixin.py:188} INFO - Error loading data: connection to server on socket "/var/run/postgresql/.s.PGSQL.5432" failed: No such file or directory
	Is the server running locally and accepting connections on that socket?
[2024-09-07T12:55:04.384+0000] {logging_mixin.py:188} INFO - Error loading data: connection to server on socket "/var/run/postgresql/.s.PGSQL.5432" failed: No such file or directory
	Is the server running locally and accepting connections on that socket?
[2024-09-07T12:55:04.385+0000] {logging_mixin.py:188} INFO - Error loading data: connection to server on socket "/var/run/postgresql/.s.PGSQL.5432" failed: No such file or directory
	Is the server running locally and accepting connections on that socket?
[2024-09-07T12:55:04.385+0000] {logging_mixin.py:188} INFO - Error loading data: connection to server on socket "/var/run/postgresql/.s.PGSQL.5432" failed: No such file or directory
	Is the server running locally and accepting connections on that socket?
[2024-09-07T12:55:04.386+0000] {logging_mixin.py:188} INFO - Error loading data: connection to server on socket "/var/run/postgresql/.s.PGSQL.5432" failed: No such file or directory
	Is the server running locally and accepting connections on that socket?
[2024-09-07T12:55:04.387+0000] {logging_mixin.py:188} INFO - Error loading data: connection to server on socket "/var/run/postgresql/.s.PGSQL.5432" failed: No such file or directory
	Is the server running locally and accepting connections on that socket?
[2024-09-07T12:55:04.387+0000] {logging_mixin.py:188} INFO - Error loading data: connection to server on socket "/var/run/postgresql/.s.PGSQL.5432" failed: No such file or directory
	Is the server running locally and accepting connections on that socket?
[2024-09-07T12:55:04.388+0000] {logging_mixin.py:188} INFO - Error loading data: connection to server on socket "/var/run/postgresql/.s.PGSQL.5432" failed: No such file or directory
	Is the server running locally and accepting connections on that socket?
[2024-09-07T12:55:04.388+0000] {logging_mixin.py:188} INFO - Error loading data: connection to server on socket "/var/run/postgresql/.s.PGSQL.5432" failed: No such file or directory
	Is the server running locally and accepting connections on that socket?
[2024-09-07T12:55:04.389+0000] {logging_mixin.py:188} INFO - Error loading data: connection to server on socket "/var/run/postgresql/.s.PGSQL.5432" failed: No such file or directory
	Is the server running locally and accepting connections on that socket?
[2024-09-07T12:55:04.389+0000] {logging_mixin.py:188} INFO - Error loading data: connection to server on socket "/var/run/postgresql/.s.PGSQL.5432" failed: No such file or directory
	Is the server running locally and accepting connections on that socket?
[2024-09-07T12:55:04.390+0000] {logging_mixin.py:188} INFO - Error loading data: connection to server on socket "/var/run/postgresql/.s.PGSQL.5432" failed: No such file or directory
	Is the server running locally and accepting connections on that socket?
[2024-09-07T12:55:04.391+0000] {logging_mixin.py:188} INFO - Error loading data: connection to server on socket "/var/run/postgresql/.s.PGSQL.5432" failed: No such file or directory
	Is the server running locally and accepting connections on that socket?
[2024-09-07T12:55:04.391+0000] {logging_mixin.py:188} INFO - Error loading data: connection to server on socket "/var/run/postgresql/.s.PGSQL.5432" failed: No such file or directory
	Is the server running locally and accepting connections on that socket?
[2024-09-07T12:55:04.392+0000] {logging_mixin.py:188} INFO - Error loading data: connection to server on socket "/var/run/postgresql/.s.PGSQL.5432" failed: No such file or directory
	Is the server running locally and accepting connections on that socket?
[2024-09-07T12:55:04.392+0000] {logging_mixin.py:188} INFO - Error loading data: connection to server on socket "/var/run/postgresql/.s.PGSQL.5432" failed: No such file or directory
	Is the server running locally and accepting connections on that socket?
[2024-09-07T12:55:04.393+0000] {logging_mixin.py:188} INFO - Error loading data: connection to server on socket "/var/run/postgresql/.s.PGSQL.5432" failed: No such file or directory
	Is the server running locally and accepting connections on that socket?
[2024-09-07T12:55:04.393+0000] {logging_mixin.py:188} INFO - Error loading data: connection to server on socket "/var/run/postgresql/.s.PGSQL.5432" failed: No such file or directory
	Is the server running locally and accepting connections on that socket?
[2024-09-07T12:55:04.394+0000] {logging_mixin.py:188} INFO - Error loading data: connection to server on socket "/var/run/postgresql/.s.PGSQL.5432" failed: No such file or directory
	Is the server running locally and accepting connections on that socket?
[2024-09-07T12:55:04.394+0000] {logging_mixin.py:188} INFO - Error loading data: connection to server on socket "/var/run/postgresql/.s.PGSQL.5432" failed: No such file or directory
	Is the server running locally and accepting connections on that socket?
[2024-09-07T12:55:04.395+0000] {logging_mixin.py:188} INFO - Error loading data: connection to server on socket "/var/run/postgresql/.s.PGSQL.5432" failed: No such file or directory
	Is the server running locally and accepting connections on that socket?
[2024-09-07T12:55:04.395+0000] {logging_mixin.py:188} INFO - Error loading data: connection to server on socket "/var/run/postgresql/.s.PGSQL.5432" failed: No such file or directory
	Is the server running locally and accepting connections on that socket?
[2024-09-07T12:55:04.396+0000] {logging_mixin.py:188} INFO - Error loading data: connection to server on socket "/var/run/postgresql/.s.PGSQL.5432" failed: No such file or directory
	Is the server running locally and accepting connections on that socket?
[2024-09-07T12:55:04.396+0000] {logging_mixin.py:188} INFO - Error loading data: connection to server on socket "/var/run/postgresql/.s.PGSQL.5432" failed: No such file or directory
	Is the server running locally and accepting connections on that socket?
[2024-09-07T12:55:04.397+0000] {logging_mixin.py:188} INFO - Error loading data: connection to server on socket "/var/run/postgresql/.s.PGSQL.5432" failed: No such file or directory
	Is the server running locally and accepting connections on that socket?
[2024-09-07T12:55:04.398+0000] {logging_mixin.py:188} INFO - Error loading data: connection to server on socket "/var/run/postgresql/.s.PGSQL.5432" failed: No such file or directory
	Is the server running locally and accepting connections on that socket?
[2024-09-07T12:55:04.399+0000] {logging_mixin.py:188} INFO - Error loading data: connection to server on socket "/var/run/postgresql/.s.PGSQL.5432" failed: No such file or directory
	Is the server running locally and accepting connections on that socket?
[2024-09-07T12:55:04.399+0000] {logging_mixin.py:188} INFO - Error loading data: connection to server on socket "/var/run/postgresql/.s.PGSQL.5432" failed: No such file or directory
	Is the server running locally and accepting connections on that socket?
[2024-09-07T12:55:04.400+0000] {logging_mixin.py:188} INFO - Error loading data: connection to server on socket "/var/run/postgresql/.s.PGSQL.5432" failed: No such file or directory
	Is the server running locally and accepting connections on that socket?
[2024-09-07T12:55:04.400+0000] {logging_mixin.py:188} INFO - Error loading data: connection to server on socket "/var/run/postgresql/.s.PGSQL.5432" failed: No such file or directory
	Is the server running locally and accepting connections on that socket?
[2024-09-07T12:55:04.401+0000] {logging_mixin.py:188} INFO - Error loading data: connection to server on socket "/var/run/postgresql/.s.PGSQL.5432" failed: No such file or directory
	Is the server running locally and accepting connections on that socket?
[2024-09-07T12:55:04.401+0000] {logging_mixin.py:188} INFO - Error loading data: connection to server on socket "/var/run/postgresql/.s.PGSQL.5432" failed: No such file or directory
	Is the server running locally and accepting connections on that socket?
[2024-09-07T12:55:04.402+0000] {logging_mixin.py:188} INFO - Error loading data: connection to server on socket "/var/run/postgresql/.s.PGSQL.5432" failed: No such file or directory
	Is the server running locally and accepting connections on that socket?
[2024-09-07T12:55:04.402+0000] {logging_mixin.py:188} INFO - Error loading data: connection to server on socket "/var/run/postgresql/.s.PGSQL.5432" failed: No such file or directory
	Is the server running locally and accepting connections on that socket?
[2024-09-07T12:55:04.403+0000] {logging_mixin.py:188} INFO - Error loading data: connection to server on socket "/var/run/postgresql/.s.PGSQL.5432" failed: No such file or directory
	Is the server running locally and accepting connections on that socket?
[2024-09-07T12:55:04.403+0000] {logging_mixin.py:188} INFO - Error loading data: connection to server on socket "/var/run/postgresql/.s.PGSQL.5432" failed: No such file or directory
	Is the server running locally and accepting connections on that socket?
[2024-09-07T12:55:04.404+0000] {logging_mixin.py:188} INFO - Error loading data: connection to server on socket "/var/run/postgresql/.s.PGSQL.5432" failed: No such file or directory
	Is the server running locally and accepting connections on that socket?
[2024-09-07T12:55:04.404+0000] {logging_mixin.py:188} INFO - Error loading data: connection to server on socket "/var/run/postgresql/.s.PGSQL.5432" failed: No such file or directory
	Is the server running locally and accepting connections on that socket?
[2024-09-07T12:55:04.405+0000] {logging_mixin.py:188} INFO - Error loading data: connection to server on socket "/var/run/postgresql/.s.PGSQL.5432" failed: No such file or directory
	Is the server running locally and accepting connections on that socket?
[2024-09-07T12:55:04.406+0000] {logging_mixin.py:188} INFO - Error loading data: connection to server on socket "/var/run/postgresql/.s.PGSQL.5432" failed: No such file or directory
	Is the server running locally and accepting connections on that socket?
[2024-09-07T12:55:04.406+0000] {logging_mixin.py:188} INFO - Error loading data: connection to server on socket "/var/run/postgresql/.s.PGSQL.5432" failed: No such file or directory
	Is the server running locally and accepting connections on that socket?
[2024-09-07T12:55:04.407+0000] {logging_mixin.py:188} INFO - Error loading data: connection to server on socket "/var/run/postgresql/.s.PGSQL.5432" failed: No such file or directory
	Is the server running locally and accepting connections on that socket?
[2024-09-07T12:55:04.408+0000] {logging_mixin.py:188} INFO - Error loading data: connection to server on socket "/var/run/postgresql/.s.PGSQL.5432" failed: No such file or directory
	Is the server running locally and accepting connections on that socket?
[2024-09-07T12:55:04.408+0000] {logging_mixin.py:188} INFO - Error loading data: connection to server on socket "/var/run/postgresql/.s.PGSQL.5432" failed: No such file or directory
	Is the server running locally and accepting connections on that socket?
[2024-09-07T12:55:04.409+0000] {logging_mixin.py:188} INFO - Error loading data: connection to server on socket "/var/run/postgresql/.s.PGSQL.5432" failed: No such file or directory
	Is the server running locally and accepting connections on that socket?
[2024-09-07T12:55:04.409+0000] {logging_mixin.py:188} INFO - Error loading data: connection to server on socket "/var/run/postgresql/.s.PGSQL.5432" failed: No such file or directory
	Is the server running locally and accepting connections on that socket?
[2024-09-07T12:55:04.410+0000] {logging_mixin.py:188} INFO - Error loading data: connection to server on socket "/var/run/postgresql/.s.PGSQL.5432" failed: No such file or directory
	Is the server running locally and accepting connections on that socket?
[2024-09-07T12:55:04.411+0000] {logging_mixin.py:188} INFO - Error loading data: connection to server on socket "/var/run/postgresql/.s.PGSQL.5432" failed: No such file or directory
	Is the server running locally and accepting connections on that socket?
[2024-09-07T12:55:04.411+0000] {logging_mixin.py:188} INFO - Error loading data: connection to server on socket "/var/run/postgresql/.s.PGSQL.5432" failed: No such file or directory
	Is the server running locally and accepting connections on that socket?
[2024-09-07T12:55:04.412+0000] {logging_mixin.py:188} INFO - Error loading data: connection to server on socket "/var/run/postgresql/.s.PGSQL.5432" failed: No such file or directory
	Is the server running locally and accepting connections on that socket?
[2024-09-07T12:55:04.412+0000] {logging_mixin.py:188} INFO - Error loading data: connection to server on socket "/var/run/postgresql/.s.PGSQL.5432" failed: No such file or directory
	Is the server running locally and accepting connections on that socket?
[2024-09-07T12:55:04.413+0000] {logging_mixin.py:188} INFO - Error loading data: connection to server on socket "/var/run/postgresql/.s.PGSQL.5432" failed: No such file or directory
	Is the server running locally and accepting connections on that socket?
[2024-09-07T12:55:04.414+0000] {logging_mixin.py:188} INFO - Error loading data: connection to server on socket "/var/run/postgresql/.s.PGSQL.5432" failed: No such file or directory
	Is the server running locally and accepting connections on that socket?
[2024-09-07T12:55:04.414+0000] {logging_mixin.py:188} INFO - Error loading data: connection to server on socket "/var/run/postgresql/.s.PGSQL.5432" failed: No such file or directory
	Is the server running locally and accepting connections on that socket?
[2024-09-07T12:55:04.415+0000] {logging_mixin.py:188} INFO - Error loading data: connection to server on socket "/var/run/postgresql/.s.PGSQL.5432" failed: No such file or directory
	Is the server running locally and accepting connections on that socket?
[2024-09-07T12:55:04.415+0000] {logging_mixin.py:188} INFO - Error loading data: connection to server on socket "/var/run/postgresql/.s.PGSQL.5432" failed: No such file or directory
	Is the server running locally and accepting connections on that socket?
[2024-09-07T12:55:04.416+0000] {logging_mixin.py:188} INFO - Error loading data: connection to server on socket "/var/run/postgresql/.s.PGSQL.5432" failed: No such file or directory
	Is the server running locally and accepting connections on that socket?
[2024-09-07T12:55:04.416+0000] {logging_mixin.py:188} INFO - Error loading data: connection to server on socket "/var/run/postgresql/.s.PGSQL.5432" failed: No such file or directory
	Is the server running locally and accepting connections on that socket?
[2024-09-07T12:55:04.416+0000] {logging_mixin.py:188} INFO - Error loading data: connection to server on socket "/var/run/postgresql/.s.PGSQL.5432" failed: No such file or directory
	Is the server running locally and accepting connections on that socket?
[2024-09-07T12:55:04.417+0000] {logging_mixin.py:188} INFO - Error loading data: connection to server on socket "/var/run/postgresql/.s.PGSQL.5432" failed: No such file or directory
	Is the server running locally and accepting connections on that socket?
[2024-09-07T12:55:04.417+0000] {logging_mixin.py:188} INFO - Error loading data: connection to server on socket "/var/run/postgresql/.s.PGSQL.5432" failed: No such file or directory
	Is the server running locally and accepting connections on that socket?
[2024-09-07T12:55:04.418+0000] {logging_mixin.py:188} INFO - Error loading data: connection to server on socket "/var/run/postgresql/.s.PGSQL.5432" failed: No such file or directory
	Is the server running locally and accepting connections on that socket?
[2024-09-07T12:55:04.418+0000] {logging_mixin.py:188} INFO - Error loading data: connection to server on socket "/var/run/postgresql/.s.PGSQL.5432" failed: No such file or directory
	Is the server running locally and accepting connections on that socket?
[2024-09-07T12:55:04.419+0000] {logging_mixin.py:188} INFO - Error loading data: connection to server on socket "/var/run/postgresql/.s.PGSQL.5432" failed: No such file or directory
	Is the server running locally and accepting connections on that socket?
[2024-09-07T12:55:04.419+0000] {logging_mixin.py:188} INFO - Error loading data: connection to server on socket "/var/run/postgresql/.s.PGSQL.5432" failed: No such file or directory
	Is the server running locally and accepting connections on that socket?
[2024-09-07T12:55:04.420+0000] {logging_mixin.py:188} INFO - Error loading data: connection to server on socket "/var/run/postgresql/.s.PGSQL.5432" failed: No such file or directory
	Is the server running locally and accepting connections on that socket?
[2024-09-07T12:55:04.420+0000] {logging_mixin.py:188} INFO - Error loading data: connection to server on socket "/var/run/postgresql/.s.PGSQL.5432" failed: No such file or directory
	Is the server running locally and accepting connections on that socket?
[2024-09-07T12:55:04.421+0000] {logging_mixin.py:188} INFO - Error loading data: connection to server on socket "/var/run/postgresql/.s.PGSQL.5432" failed: No such file or directory
	Is the server running locally and accepting connections on that socket?
[2024-09-07T12:55:04.421+0000] {logging_mixin.py:188} INFO - Error loading data: connection to server on socket "/var/run/postgresql/.s.PGSQL.5432" failed: No such file or directory
	Is the server running locally and accepting connections on that socket?
[2024-09-07T12:55:04.422+0000] {logging_mixin.py:188} INFO - Error loading data: connection to server on socket "/var/run/postgresql/.s.PGSQL.5432" failed: No such file or directory
	Is the server running locally and accepting connections on that socket?
[2024-09-07T12:55:04.422+0000] {logging_mixin.py:188} INFO - Error loading data: connection to server on socket "/var/run/postgresql/.s.PGSQL.5432" failed: No such file or directory
	Is the server running locally and accepting connections on that socket?
[2024-09-07T12:55:04.422+0000] {logging_mixin.py:188} INFO - Error loading data: connection to server on socket "/var/run/postgresql/.s.PGSQL.5432" failed: No such file or directory
	Is the server running locally and accepting connections on that socket?
[2024-09-07T12:55:04.423+0000] {logging_mixin.py:188} INFO - Error loading data: connection to server on socket "/var/run/postgresql/.s.PGSQL.5432" failed: No such file or directory
	Is the server running locally and accepting connections on that socket?
[2024-09-07T12:55:04.424+0000] {logging_mixin.py:188} INFO - Error loading data: connection to server on socket "/var/run/postgresql/.s.PGSQL.5432" failed: No such file or directory
	Is the server running locally and accepting connections on that socket?
[2024-09-07T12:55:04.424+0000] {logging_mixin.py:188} INFO - Error loading data: connection to server on socket "/var/run/postgresql/.s.PGSQL.5432" failed: No such file or directory
	Is the server running locally and accepting connections on that socket?
[2024-09-07T12:55:04.425+0000] {logging_mixin.py:188} INFO - Error loading data: connection to server on socket "/var/run/postgresql/.s.PGSQL.5432" failed: No such file or directory
	Is the server running locally and accepting connections on that socket?
[2024-09-07T12:55:04.425+0000] {logging_mixin.py:188} INFO - Error loading data: connection to server on socket "/var/run/postgresql/.s.PGSQL.5432" failed: No such file or directory
	Is the server running locally and accepting connections on that socket?
[2024-09-07T12:55:04.426+0000] {logging_mixin.py:188} INFO - Error loading data: connection to server on socket "/var/run/postgresql/.s.PGSQL.5432" failed: No such file or directory
	Is the server running locally and accepting connections on that socket?
[2024-09-07T12:55:04.426+0000] {logging_mixin.py:188} INFO - Error loading data: connection to server on socket "/var/run/postgresql/.s.PGSQL.5432" failed: No such file or directory
	Is the server running locally and accepting connections on that socket?
[2024-09-07T12:55:04.426+0000] {logging_mixin.py:188} INFO - Error loading data: connection to server on socket "/var/run/postgresql/.s.PGSQL.5432" failed: No such file or directory
	Is the server running locally and accepting connections on that socket?
[2024-09-07T12:55:04.427+0000] {logging_mixin.py:188} INFO - Error loading data: connection to server on socket "/var/run/postgresql/.s.PGSQL.5432" failed: No such file or directory
	Is the server running locally and accepting connections on that socket?
[2024-09-07T12:55:04.427+0000] {logging_mixin.py:188} INFO - Error loading data: connection to server on socket "/var/run/postgresql/.s.PGSQL.5432" failed: No such file or directory
	Is the server running locally and accepting connections on that socket?
[2024-09-07T12:55:04.427+0000] {logging_mixin.py:188} INFO - Error loading data: connection to server on socket "/var/run/postgresql/.s.PGSQL.5432" failed: No such file or directory
	Is the server running locally and accepting connections on that socket?
[2024-09-07T12:55:04.428+0000] {logging_mixin.py:188} INFO - Error loading data: connection to server on socket "/var/run/postgresql/.s.PGSQL.5432" failed: No such file or directory
	Is the server running locally and accepting connections on that socket?
[2024-09-07T12:55:04.428+0000] {logging_mixin.py:188} INFO - Error loading data: connection to server on socket "/var/run/postgresql/.s.PGSQL.5432" failed: No such file or directory
	Is the server running locally and accepting connections on that socket?
[2024-09-07T12:55:04.429+0000] {logging_mixin.py:188} INFO - Error loading data: connection to server on socket "/var/run/postgresql/.s.PGSQL.5432" failed: No such file or directory
	Is the server running locally and accepting connections on that socket?
[2024-09-07T12:55:04.430+0000] {logging_mixin.py:188} INFO - Error loading data: connection to server on socket "/var/run/postgresql/.s.PGSQL.5432" failed: No such file or directory
	Is the server running locally and accepting connections on that socket?
[2024-09-07T12:55:04.430+0000] {logging_mixin.py:188} INFO - Error loading data: connection to server on socket "/var/run/postgresql/.s.PGSQL.5432" failed: No such file or directory
	Is the server running locally and accepting connections on that socket?
[2024-09-07T12:55:04.431+0000] {logging_mixin.py:188} INFO - Error loading data: connection to server on socket "/var/run/postgresql/.s.PGSQL.5432" failed: No such file or directory
	Is the server running locally and accepting connections on that socket?
[2024-09-07T12:55:04.431+0000] {logging_mixin.py:188} INFO - Error loading data: connection to server on socket "/var/run/postgresql/.s.PGSQL.5432" failed: No such file or directory
	Is the server running locally and accepting connections on that socket?
[2024-09-07T12:55:04.432+0000] {logging_mixin.py:188} INFO - Error loading data: connection to server on socket "/var/run/postgresql/.s.PGSQL.5432" failed: No such file or directory
	Is the server running locally and accepting connections on that socket?
[2024-09-07T12:55:04.432+0000] {logging_mixin.py:188} INFO - Error loading data: connection to server on socket "/var/run/postgresql/.s.PGSQL.5432" failed: No such file or directory
	Is the server running locally and accepting connections on that socket?
[2024-09-07T12:55:04.432+0000] {logging_mixin.py:188} INFO - Error loading data: connection to server on socket "/var/run/postgresql/.s.PGSQL.5432" failed: No such file or directory
	Is the server running locally and accepting connections on that socket?
[2024-09-07T12:55:04.433+0000] {logging_mixin.py:188} INFO - Error loading data: connection to server on socket "/var/run/postgresql/.s.PGSQL.5432" failed: No such file or directory
	Is the server running locally and accepting connections on that socket?
[2024-09-07T12:55:04.433+0000] {logging_mixin.py:188} INFO - Error loading data: connection to server on socket "/var/run/postgresql/.s.PGSQL.5432" failed: No such file or directory
	Is the server running locally and accepting connections on that socket?
[2024-09-07T12:55:04.433+0000] {logging_mixin.py:188} INFO - Error loading data: connection to server on socket "/var/run/postgresql/.s.PGSQL.5432" failed: No such file or directory
	Is the server running locally and accepting connections on that socket?
[2024-09-07T12:55:04.434+0000] {logging_mixin.py:188} INFO - Error loading data: connection to server on socket "/var/run/postgresql/.s.PGSQL.5432" failed: No such file or directory
	Is the server running locally and accepting connections on that socket?
[2024-09-07T12:55:04.435+0000] {logging_mixin.py:188} INFO - Error loading data: connection to server on socket "/var/run/postgresql/.s.PGSQL.5432" failed: No such file or directory
	Is the server running locally and accepting connections on that socket?
[2024-09-07T12:55:04.436+0000] {logging_mixin.py:188} INFO - Error loading data: connection to server on socket "/var/run/postgresql/.s.PGSQL.5432" failed: No such file or directory
	Is the server running locally and accepting connections on that socket?
[2024-09-07T12:55:04.437+0000] {logging_mixin.py:188} INFO - Error loading data: connection to server on socket "/var/run/postgresql/.s.PGSQL.5432" failed: No such file or directory
	Is the server running locally and accepting connections on that socket?
[2024-09-07T12:55:04.437+0000] {logging_mixin.py:188} INFO - Error loading data: connection to server on socket "/var/run/postgresql/.s.PGSQL.5432" failed: No such file or directory
	Is the server running locally and accepting connections on that socket?
[2024-09-07T12:55:04.438+0000] {logging_mixin.py:188} INFO - Error loading data: connection to server on socket "/var/run/postgresql/.s.PGSQL.5432" failed: No such file or directory
	Is the server running locally and accepting connections on that socket?
[2024-09-07T12:55:04.439+0000] {logging_mixin.py:188} INFO - Error loading data: connection to server on socket "/var/run/postgresql/.s.PGSQL.5432" failed: No such file or directory
	Is the server running locally and accepting connections on that socket?
[2024-09-07T12:55:04.439+0000] {logging_mixin.py:188} INFO - Error loading data: connection to server on socket "/var/run/postgresql/.s.PGSQL.5432" failed: No such file or directory
	Is the server running locally and accepting connections on that socket?
[2024-09-07T12:55:04.440+0000] {logging_mixin.py:188} INFO - Error loading data: connection to server on socket "/var/run/postgresql/.s.PGSQL.5432" failed: No such file or directory
	Is the server running locally and accepting connections on that socket?
[2024-09-07T12:55:04.441+0000] {logging_mixin.py:188} INFO - Error loading data: connection to server on socket "/var/run/postgresql/.s.PGSQL.5432" failed: No such file or directory
	Is the server running locally and accepting connections on that socket?
[2024-09-07T12:55:04.441+0000] {logging_mixin.py:188} INFO - Error loading data: connection to server on socket "/var/run/postgresql/.s.PGSQL.5432" failed: No such file or directory
	Is the server running locally and accepting connections on that socket?
[2024-09-07T12:55:04.442+0000] {logging_mixin.py:188} INFO - Error loading data: connection to server on socket "/var/run/postgresql/.s.PGSQL.5432" failed: No such file or directory
	Is the server running locally and accepting connections on that socket?
[2024-09-07T12:55:04.442+0000] {logging_mixin.py:188} INFO - Error loading data: connection to server on socket "/var/run/postgresql/.s.PGSQL.5432" failed: No such file or directory
	Is the server running locally and accepting connections on that socket?
[2024-09-07T12:55:04.442+0000] {logging_mixin.py:188} INFO - Error loading data: connection to server on socket "/var/run/postgresql/.s.PGSQL.5432" failed: No such file or directory
	Is the server running locally and accepting connections on that socket?
[2024-09-07T12:55:04.443+0000] {logging_mixin.py:188} INFO - Error loading data: connection to server on socket "/var/run/postgresql/.s.PGSQL.5432" failed: No such file or directory
	Is the server running locally and accepting connections on that socket?
[2024-09-07T12:55:04.443+0000] {logging_mixin.py:188} INFO - Error loading data: connection to server on socket "/var/run/postgresql/.s.PGSQL.5432" failed: No such file or directory
	Is the server running locally and accepting connections on that socket?
[2024-09-07T12:55:04.444+0000] {logging_mixin.py:188} INFO - Error loading data: connection to server on socket "/var/run/postgresql/.s.PGSQL.5432" failed: No such file or directory
	Is the server running locally and accepting connections on that socket?
[2024-09-07T12:55:04.445+0000] {logging_mixin.py:188} INFO - Error loading data: connection to server on socket "/var/run/postgresql/.s.PGSQL.5432" failed: No such file or directory
	Is the server running locally and accepting connections on that socket?
[2024-09-07T12:55:04.445+0000] {logging_mixin.py:188} INFO - Error loading data: connection to server on socket "/var/run/postgresql/.s.PGSQL.5432" failed: No such file or directory
	Is the server running locally and accepting connections on that socket?
[2024-09-07T12:55:04.446+0000] {logging_mixin.py:188} INFO - Error loading data: connection to server on socket "/var/run/postgresql/.s.PGSQL.5432" failed: No such file or directory
	Is the server running locally and accepting connections on that socket?
[2024-09-07T12:55:04.447+0000] {logging_mixin.py:188} INFO - Error loading data: connection to server on socket "/var/run/postgresql/.s.PGSQL.5432" failed: No such file or directory
	Is the server running locally and accepting connections on that socket?
[2024-09-07T12:55:04.447+0000] {logging_mixin.py:188} INFO - Error loading data: connection to server on socket "/var/run/postgresql/.s.PGSQL.5432" failed: No such file or directory
	Is the server running locally and accepting connections on that socket?
[2024-09-07T12:55:04.448+0000] {logging_mixin.py:188} INFO - Error loading data: connection to server on socket "/var/run/postgresql/.s.PGSQL.5432" failed: No such file or directory
	Is the server running locally and accepting connections on that socket?
[2024-09-07T12:55:04.449+0000] {logging_mixin.py:188} INFO - Error loading data: connection to server on socket "/var/run/postgresql/.s.PGSQL.5432" failed: No such file or directory
	Is the server running locally and accepting connections on that socket?
[2024-09-07T12:55:04.449+0000] {logging_mixin.py:188} INFO - Error loading data: connection to server on socket "/var/run/postgresql/.s.PGSQL.5432" failed: No such file or directory
	Is the server running locally and accepting connections on that socket?
[2024-09-07T12:55:04.450+0000] {logging_mixin.py:188} INFO - Error loading data: connection to server on socket "/var/run/postgresql/.s.PGSQL.5432" failed: No such file or directory
	Is the server running locally and accepting connections on that socket?
[2024-09-07T12:55:04.450+0000] {logging_mixin.py:188} INFO - Error loading data: connection to server on socket "/var/run/postgresql/.s.PGSQL.5432" failed: No such file or directory
	Is the server running locally and accepting connections on that socket?
[2024-09-07T12:55:04.451+0000] {logging_mixin.py:188} INFO - Error loading data: connection to server on socket "/var/run/postgresql/.s.PGSQL.5432" failed: No such file or directory
	Is the server running locally and accepting connections on that socket?
[2024-09-07T12:55:04.451+0000] {logging_mixin.py:188} INFO - Error loading data: connection to server on socket "/var/run/postgresql/.s.PGSQL.5432" failed: No such file or directory
	Is the server running locally and accepting connections on that socket?
[2024-09-07T12:55:04.451+0000] {logging_mixin.py:188} INFO - Error loading data: connection to server on socket "/var/run/postgresql/.s.PGSQL.5432" failed: No such file or directory
	Is the server running locally and accepting connections on that socket?
[2024-09-07T12:55:04.452+0000] {logging_mixin.py:188} INFO - Error loading data: connection to server on socket "/var/run/postgresql/.s.PGSQL.5432" failed: No such file or directory
	Is the server running locally and accepting connections on that socket?
[2024-09-07T12:55:04.452+0000] {logging_mixin.py:188} INFO - Error loading data: connection to server on socket "/var/run/postgresql/.s.PGSQL.5432" failed: No such file or directory
	Is the server running locally and accepting connections on that socket?
[2024-09-07T12:55:04.453+0000] {logging_mixin.py:188} INFO - Error loading data: connection to server on socket "/var/run/postgresql/.s.PGSQL.5432" failed: No such file or directory
	Is the server running locally and accepting connections on that socket?
[2024-09-07T12:55:04.453+0000] {logging_mixin.py:188} INFO - Error loading data: connection to server on socket "/var/run/postgresql/.s.PGSQL.5432" failed: No such file or directory
	Is the server running locally and accepting connections on that socket?
[2024-09-07T12:55:04.454+0000] {logging_mixin.py:188} INFO - Error loading data: connection to server on socket "/var/run/postgresql/.s.PGSQL.5432" failed: No such file or directory
	Is the server running locally and accepting connections on that socket?
[2024-09-07T12:55:04.454+0000] {logging_mixin.py:188} INFO - Error loading data: connection to server on socket "/var/run/postgresql/.s.PGSQL.5432" failed: No such file or directory
	Is the server running locally and accepting connections on that socket?
[2024-09-07T12:55:04.455+0000] {logging_mixin.py:188} INFO - Error loading data: connection to server on socket "/var/run/postgresql/.s.PGSQL.5432" failed: No such file or directory
	Is the server running locally and accepting connections on that socket?
[2024-09-07T12:55:04.455+0000] {logging_mixin.py:188} INFO - Error loading data: connection to server on socket "/var/run/postgresql/.s.PGSQL.5432" failed: No such file or directory
	Is the server running locally and accepting connections on that socket?
[2024-09-07T12:55:04.456+0000] {logging_mixin.py:188} INFO - Error loading data: connection to server on socket "/var/run/postgresql/.s.PGSQL.5432" failed: No such file or directory
	Is the server running locally and accepting connections on that socket?
[2024-09-07T12:55:04.456+0000] {logging_mixin.py:188} INFO - Error loading data: connection to server on socket "/var/run/postgresql/.s.PGSQL.5432" failed: No such file or directory
	Is the server running locally and accepting connections on that socket?
[2024-09-07T12:55:04.457+0000] {logging_mixin.py:188} INFO - Error loading data: connection to server on socket "/var/run/postgresql/.s.PGSQL.5432" failed: No such file or directory
	Is the server running locally and accepting connections on that socket?
[2024-09-07T12:55:04.457+0000] {logging_mixin.py:188} INFO - Error loading data: connection to server on socket "/var/run/postgresql/.s.PGSQL.5432" failed: No such file or directory
	Is the server running locally and accepting connections on that socket?
[2024-09-07T12:55:04.458+0000] {logging_mixin.py:188} INFO - Error loading data: connection to server on socket "/var/run/postgresql/.s.PGSQL.5432" failed: No such file or directory
	Is the server running locally and accepting connections on that socket?
[2024-09-07T12:55:04.458+0000] {logging_mixin.py:188} INFO - Error loading data: connection to server on socket "/var/run/postgresql/.s.PGSQL.5432" failed: No such file or directory
	Is the server running locally and accepting connections on that socket?
[2024-09-07T12:55:04.459+0000] {logging_mixin.py:188} INFO - Error loading data: connection to server on socket "/var/run/postgresql/.s.PGSQL.5432" failed: No such file or directory
	Is the server running locally and accepting connections on that socket?
[2024-09-07T12:55:04.459+0000] {logging_mixin.py:188} INFO - Error loading data: connection to server on socket "/var/run/postgresql/.s.PGSQL.5432" failed: No such file or directory
	Is the server running locally and accepting connections on that socket?
[2024-09-07T12:55:04.460+0000] {logging_mixin.py:188} INFO - Error loading data: connection to server on socket "/var/run/postgresql/.s.PGSQL.5432" failed: No such file or directory
	Is the server running locally and accepting connections on that socket?
[2024-09-07T12:55:04.461+0000] {logging_mixin.py:188} INFO - Error loading data: connection to server on socket "/var/run/postgresql/.s.PGSQL.5432" failed: No such file or directory
	Is the server running locally and accepting connections on that socket?
[2024-09-07T12:55:04.461+0000] {logging_mixin.py:188} INFO - Error loading data: connection to server on socket "/var/run/postgresql/.s.PGSQL.5432" failed: No such file or directory
	Is the server running locally and accepting connections on that socket?
[2024-09-07T12:55:04.462+0000] {logging_mixin.py:188} INFO - Error loading data: connection to server on socket "/var/run/postgresql/.s.PGSQL.5432" failed: No such file or directory
	Is the server running locally and accepting connections on that socket?
[2024-09-07T12:55:04.463+0000] {logging_mixin.py:188} INFO - Error loading data: connection to server on socket "/var/run/postgresql/.s.PGSQL.5432" failed: No such file or directory
	Is the server running locally and accepting connections on that socket?
[2024-09-07T12:55:04.463+0000] {logging_mixin.py:188} INFO - Error loading data: connection to server on socket "/var/run/postgresql/.s.PGSQL.5432" failed: No such file or directory
	Is the server running locally and accepting connections on that socket?
[2024-09-07T12:55:04.464+0000] {logging_mixin.py:188} INFO - Error loading data: connection to server on socket "/var/run/postgresql/.s.PGSQL.5432" failed: No such file or directory
	Is the server running locally and accepting connections on that socket?
[2024-09-07T12:55:04.465+0000] {logging_mixin.py:188} INFO - Error loading data: connection to server on socket "/var/run/postgresql/.s.PGSQL.5432" failed: No such file or directory
	Is the server running locally and accepting connections on that socket?
[2024-09-07T12:55:04.466+0000] {logging_mixin.py:188} INFO - Error loading data: connection to server on socket "/var/run/postgresql/.s.PGSQL.5432" failed: No such file or directory
	Is the server running locally and accepting connections on that socket?
[2024-09-07T12:55:04.466+0000] {logging_mixin.py:188} INFO - Error loading data: connection to server on socket "/var/run/postgresql/.s.PGSQL.5432" failed: No such file or directory
	Is the server running locally and accepting connections on that socket?
[2024-09-07T12:55:04.467+0000] {logging_mixin.py:188} INFO - Error loading data: connection to server on socket "/var/run/postgresql/.s.PGSQL.5432" failed: No such file or directory
	Is the server running locally and accepting connections on that socket?
[2024-09-07T12:55:04.468+0000] {logging_mixin.py:188} INFO - Error loading data: connection to server on socket "/var/run/postgresql/.s.PGSQL.5432" failed: No such file or directory
	Is the server running locally and accepting connections on that socket?
[2024-09-07T12:55:04.468+0000] {logging_mixin.py:188} INFO - Error loading data: connection to server on socket "/var/run/postgresql/.s.PGSQL.5432" failed: No such file or directory
	Is the server running locally and accepting connections on that socket?
[2024-09-07T12:55:04.469+0000] {logging_mixin.py:188} INFO - Error loading data: connection to server on socket "/var/run/postgresql/.s.PGSQL.5432" failed: No such file or directory
	Is the server running locally and accepting connections on that socket?
[2024-09-07T12:55:04.469+0000] {logging_mixin.py:188} INFO - Error loading data: connection to server on socket "/var/run/postgresql/.s.PGSQL.5432" failed: No such file or directory
	Is the server running locally and accepting connections on that socket?
[2024-09-07T12:55:04.470+0000] {logging_mixin.py:188} INFO - Error loading data: connection to server on socket "/var/run/postgresql/.s.PGSQL.5432" failed: No such file or directory
	Is the server running locally and accepting connections on that socket?
[2024-09-07T12:55:04.470+0000] {logging_mixin.py:188} INFO - Error loading data: connection to server on socket "/var/run/postgresql/.s.PGSQL.5432" failed: No such file or directory
	Is the server running locally and accepting connections on that socket?
[2024-09-07T12:55:04.471+0000] {logging_mixin.py:188} INFO - Error loading data: connection to server on socket "/var/run/postgresql/.s.PGSQL.5432" failed: No such file or directory
	Is the server running locally and accepting connections on that socket?
[2024-09-07T12:55:04.471+0000] {logging_mixin.py:188} INFO - Error loading data: connection to server on socket "/var/run/postgresql/.s.PGSQL.5432" failed: No such file or directory
	Is the server running locally and accepting connections on that socket?
[2024-09-07T12:55:04.472+0000] {logging_mixin.py:188} INFO - Error loading data: connection to server on socket "/var/run/postgresql/.s.PGSQL.5432" failed: No such file or directory
	Is the server running locally and accepting connections on that socket?
[2024-09-07T12:55:04.472+0000] {logging_mixin.py:188} INFO - Error loading data: connection to server on socket "/var/run/postgresql/.s.PGSQL.5432" failed: No such file or directory
	Is the server running locally and accepting connections on that socket?
[2024-09-07T12:55:04.473+0000] {logging_mixin.py:188} INFO - Error loading data: connection to server on socket "/var/run/postgresql/.s.PGSQL.5432" failed: No such file or directory
	Is the server running locally and accepting connections on that socket?
[2024-09-07T12:55:04.474+0000] {logging_mixin.py:188} INFO - Error loading data: connection to server on socket "/var/run/postgresql/.s.PGSQL.5432" failed: No such file or directory
	Is the server running locally and accepting connections on that socket?
[2024-09-07T12:55:04.474+0000] {logging_mixin.py:188} INFO - Error loading data: connection to server on socket "/var/run/postgresql/.s.PGSQL.5432" failed: No such file or directory
	Is the server running locally and accepting connections on that socket?
[2024-09-07T12:55:04.475+0000] {logging_mixin.py:188} INFO - Error loading data: connection to server on socket "/var/run/postgresql/.s.PGSQL.5432" failed: No such file or directory
	Is the server running locally and accepting connections on that socket?
[2024-09-07T12:55:04.475+0000] {logging_mixin.py:188} INFO - Error loading data: connection to server on socket "/var/run/postgresql/.s.PGSQL.5432" failed: No such file or directory
	Is the server running locally and accepting connections on that socket?
[2024-09-07T12:55:04.476+0000] {logging_mixin.py:188} INFO - Error loading data: connection to server on socket "/var/run/postgresql/.s.PGSQL.5432" failed: No such file or directory
	Is the server running locally and accepting connections on that socket?
[2024-09-07T12:55:04.476+0000] {logging_mixin.py:188} INFO - Error loading data: connection to server on socket "/var/run/postgresql/.s.PGSQL.5432" failed: No such file or directory
	Is the server running locally and accepting connections on that socket?
[2024-09-07T12:55:04.476+0000] {logging_mixin.py:188} INFO - Error loading data: connection to server on socket "/var/run/postgresql/.s.PGSQL.5432" failed: No such file or directory
	Is the server running locally and accepting connections on that socket?
[2024-09-07T12:55:04.477+0000] {logging_mixin.py:188} INFO - Error loading data: connection to server on socket "/var/run/postgresql/.s.PGSQL.5432" failed: No such file or directory
	Is the server running locally and accepting connections on that socket?
[2024-09-07T12:55:04.477+0000] {logging_mixin.py:188} INFO - Error loading data: connection to server on socket "/var/run/postgresql/.s.PGSQL.5432" failed: No such file or directory
	Is the server running locally and accepting connections on that socket?
[2024-09-07T12:55:04.478+0000] {logging_mixin.py:188} INFO - Error loading data: connection to server on socket "/var/run/postgresql/.s.PGSQL.5432" failed: No such file or directory
	Is the server running locally and accepting connections on that socket?
[2024-09-07T12:55:04.478+0000] {logging_mixin.py:188} INFO - Error loading data: connection to server on socket "/var/run/postgresql/.s.PGSQL.5432" failed: No such file or directory
	Is the server running locally and accepting connections on that socket?
[2024-09-07T12:55:04.479+0000] {logging_mixin.py:188} INFO - Error loading data: connection to server on socket "/var/run/postgresql/.s.PGSQL.5432" failed: No such file or directory
	Is the server running locally and accepting connections on that socket?
[2024-09-07T12:55:04.480+0000] {logging_mixin.py:188} INFO - Error loading data: connection to server on socket "/var/run/postgresql/.s.PGSQL.5432" failed: No such file or directory
	Is the server running locally and accepting connections on that socket?
[2024-09-07T12:55:04.480+0000] {logging_mixin.py:188} INFO - Error loading data: connection to server on socket "/var/run/postgresql/.s.PGSQL.5432" failed: No such file or directory
	Is the server running locally and accepting connections on that socket?
[2024-09-07T12:55:04.481+0000] {logging_mixin.py:188} INFO - Error loading data: connection to server on socket "/var/run/postgresql/.s.PGSQL.5432" failed: No such file or directory
	Is the server running locally and accepting connections on that socket?
[2024-09-07T12:55:04.482+0000] {logging_mixin.py:188} INFO - Error loading data: connection to server on socket "/var/run/postgresql/.s.PGSQL.5432" failed: No such file or directory
	Is the server running locally and accepting connections on that socket?
[2024-09-07T12:55:04.483+0000] {logging_mixin.py:188} INFO - Error loading data: connection to server on socket "/var/run/postgresql/.s.PGSQL.5432" failed: No such file or directory
	Is the server running locally and accepting connections on that socket?
[2024-09-07T12:55:04.483+0000] {logging_mixin.py:188} INFO - Error loading data: connection to server on socket "/var/run/postgresql/.s.PGSQL.5432" failed: No such file or directory
	Is the server running locally and accepting connections on that socket?
[2024-09-07T12:55:04.483+0000] {logging_mixin.py:188} INFO - Error loading data: connection to server on socket "/var/run/postgresql/.s.PGSQL.5432" failed: No such file or directory
	Is the server running locally and accepting connections on that socket?
[2024-09-07T12:55:04.484+0000] {logging_mixin.py:188} INFO - Error loading data: connection to server on socket "/var/run/postgresql/.s.PGSQL.5432" failed: No such file or directory
	Is the server running locally and accepting connections on that socket?
[2024-09-07T12:55:04.484+0000] {logging_mixin.py:188} INFO - Error loading data: connection to server on socket "/var/run/postgresql/.s.PGSQL.5432" failed: No such file or directory
	Is the server running locally and accepting connections on that socket?
[2024-09-07T12:55:04.484+0000] {logging_mixin.py:188} INFO - Error loading data: connection to server on socket "/var/run/postgresql/.s.PGSQL.5432" failed: No such file or directory
	Is the server running locally and accepting connections on that socket?
[2024-09-07T12:55:04.485+0000] {logging_mixin.py:188} INFO - Error loading data: connection to server on socket "/var/run/postgresql/.s.PGSQL.5432" failed: No such file or directory
	Is the server running locally and accepting connections on that socket?
[2024-09-07T12:55:04.485+0000] {logging_mixin.py:188} INFO - Error loading data: connection to server on socket "/var/run/postgresql/.s.PGSQL.5432" failed: No such file or directory
	Is the server running locally and accepting connections on that socket?
[2024-09-07T12:55:04.486+0000] {logging_mixin.py:188} INFO - Error loading data: connection to server on socket "/var/run/postgresql/.s.PGSQL.5432" failed: No such file or directory
	Is the server running locally and accepting connections on that socket?
[2024-09-07T12:55:04.487+0000] {logging_mixin.py:188} INFO - Error loading data: connection to server on socket "/var/run/postgresql/.s.PGSQL.5432" failed: No such file or directory
	Is the server running locally and accepting connections on that socket?
[2024-09-07T12:55:04.487+0000] {logging_mixin.py:188} INFO - Error loading data: connection to server on socket "/var/run/postgresql/.s.PGSQL.5432" failed: No such file or directory
	Is the server running locally and accepting connections on that socket?
[2024-09-07T12:55:04.488+0000] {logging_mixin.py:188} INFO - Error loading data: connection to server on socket "/var/run/postgresql/.s.PGSQL.5432" failed: No such file or directory
	Is the server running locally and accepting connections on that socket?
[2024-09-07T12:55:04.488+0000] {logging_mixin.py:188} INFO - Error loading data: connection to server on socket "/var/run/postgresql/.s.PGSQL.5432" failed: No such file or directory
	Is the server running locally and accepting connections on that socket?
[2024-09-07T12:55:04.489+0000] {logging_mixin.py:188} INFO - Error loading data: connection to server on socket "/var/run/postgresql/.s.PGSQL.5432" failed: No such file or directory
	Is the server running locally and accepting connections on that socket?
[2024-09-07T12:55:04.489+0000] {logging_mixin.py:188} INFO - Error loading data: connection to server on socket "/var/run/postgresql/.s.PGSQL.5432" failed: No such file or directory
	Is the server running locally and accepting connections on that socket?
[2024-09-07T12:55:04.490+0000] {logging_mixin.py:188} INFO - Error loading data: connection to server on socket "/var/run/postgresql/.s.PGSQL.5432" failed: No such file or directory
	Is the server running locally and accepting connections on that socket?
[2024-09-07T12:55:04.490+0000] {logging_mixin.py:188} INFO - Error loading data: connection to server on socket "/var/run/postgresql/.s.PGSQL.5432" failed: No such file or directory
	Is the server running locally and accepting connections on that socket?
[2024-09-07T12:55:04.491+0000] {logging_mixin.py:188} INFO - Error loading data: connection to server on socket "/var/run/postgresql/.s.PGSQL.5432" failed: No such file or directory
	Is the server running locally and accepting connections on that socket?
[2024-09-07T12:55:04.491+0000] {logging_mixin.py:188} INFO - Error loading data: connection to server on socket "/var/run/postgresql/.s.PGSQL.5432" failed: No such file or directory
	Is the server running locally and accepting connections on that socket?
[2024-09-07T12:55:04.492+0000] {logging_mixin.py:188} INFO - Error loading data: connection to server on socket "/var/run/postgresql/.s.PGSQL.5432" failed: No such file or directory
	Is the server running locally and accepting connections on that socket?
[2024-09-07T12:55:04.493+0000] {logging_mixin.py:188} INFO - Error loading data: connection to server on socket "/var/run/postgresql/.s.PGSQL.5432" failed: No such file or directory
	Is the server running locally and accepting connections on that socket?
[2024-09-07T12:55:04.493+0000] {logging_mixin.py:188} INFO - Error loading data: connection to server on socket "/var/run/postgresql/.s.PGSQL.5432" failed: No such file or directory
	Is the server running locally and accepting connections on that socket?
[2024-09-07T12:55:04.494+0000] {logging_mixin.py:188} INFO - Error loading data: connection to server on socket "/var/run/postgresql/.s.PGSQL.5432" failed: No such file or directory
	Is the server running locally and accepting connections on that socket?
[2024-09-07T12:55:04.495+0000] {logging_mixin.py:188} INFO - Error loading data: connection to server on socket "/var/run/postgresql/.s.PGSQL.5432" failed: No such file or directory
	Is the server running locally and accepting connections on that socket?
[2024-09-07T12:55:04.495+0000] {logging_mixin.py:188} INFO - Error loading data: connection to server on socket "/var/run/postgresql/.s.PGSQL.5432" failed: No such file or directory
	Is the server running locally and accepting connections on that socket?
[2024-09-07T12:55:04.497+0000] {logging_mixin.py:188} INFO - Error loading data: connection to server on socket "/var/run/postgresql/.s.PGSQL.5432" failed: No such file or directory
	Is the server running locally and accepting connections on that socket?
[2024-09-07T12:55:04.498+0000] {logging_mixin.py:188} INFO - Error loading data: connection to server on socket "/var/run/postgresql/.s.PGSQL.5432" failed: No such file or directory
	Is the server running locally and accepting connections on that socket?
[2024-09-07T12:55:04.498+0000] {logging_mixin.py:188} INFO - Error loading data: connection to server on socket "/var/run/postgresql/.s.PGSQL.5432" failed: No such file or directory
	Is the server running locally and accepting connections on that socket?
[2024-09-07T12:55:04.499+0000] {logging_mixin.py:188} INFO - Error loading data: connection to server on socket "/var/run/postgresql/.s.PGSQL.5432" failed: No such file or directory
	Is the server running locally and accepting connections on that socket?
[2024-09-07T12:55:04.499+0000] {logging_mixin.py:188} INFO - Error loading data: connection to server on socket "/var/run/postgresql/.s.PGSQL.5432" failed: No such file or directory
	Is the server running locally and accepting connections on that socket?
[2024-09-07T12:55:04.500+0000] {logging_mixin.py:188} INFO - Error loading data: connection to server on socket "/var/run/postgresql/.s.PGSQL.5432" failed: No such file or directory
	Is the server running locally and accepting connections on that socket?
[2024-09-07T12:55:04.501+0000] {logging_mixin.py:188} INFO - Error loading data: connection to server on socket "/var/run/postgresql/.s.PGSQL.5432" failed: No such file or directory
	Is the server running locally and accepting connections on that socket?
[2024-09-07T12:55:04.501+0000] {logging_mixin.py:188} INFO - Error loading data: connection to server on socket "/var/run/postgresql/.s.PGSQL.5432" failed: No such file or directory
	Is the server running locally and accepting connections on that socket?
[2024-09-07T12:55:04.502+0000] {logging_mixin.py:188} INFO - Error loading data: connection to server on socket "/var/run/postgresql/.s.PGSQL.5432" failed: No such file or directory
	Is the server running locally and accepting connections on that socket?
[2024-09-07T12:55:04.502+0000] {logging_mixin.py:188} INFO - Error loading data: connection to server on socket "/var/run/postgresql/.s.PGSQL.5432" failed: No such file or directory
	Is the server running locally and accepting connections on that socket?
[2024-09-07T12:55:04.503+0000] {logging_mixin.py:188} INFO - Error loading data: connection to server on socket "/var/run/postgresql/.s.PGSQL.5432" failed: No such file or directory
	Is the server running locally and accepting connections on that socket?
[2024-09-07T12:55:04.503+0000] {logging_mixin.py:188} INFO - Error loading data: connection to server on socket "/var/run/postgresql/.s.PGSQL.5432" failed: No such file or directory
	Is the server running locally and accepting connections on that socket?
[2024-09-07T12:55:04.504+0000] {python.py:237} INFO - Done. Returned value was: None
[2024-09-07T12:55:04.504+0000] {taskinstance.py:441} INFO - ::group::Post task execution logs
[2024-09-07T12:55:04.531+0000] {taskinstance.py:1205} INFO - Marking task as SUCCESS. dag_id=reddit_etl, task_id=load_data_to_warehouse, execution_date=20240625T000000, start_date=20240907T125503, end_date=20240907T125504
[2024-09-07T12:55:04.559+0000] {local_task_job_runner.py:240} INFO - Task exited with return code 0
[2024-09-07T12:55:04.598+0000] {taskinstance.py:3482} INFO - 0 downstream tasks scheduled from follow-on schedule check
[2024-09-07T12:55:04.600+0000] {local_task_job_runner.py:222} INFO - ::endgroup::
