[2024-09-07T13:07:18.246+0000] {local_task_job_runner.py:120} INFO - ::group::Pre task execution logs
[2024-09-07T13:07:18.288+0000] {taskinstance.py:2073} INFO - Dependencies all met for dep_context=non-requeueable deps ti=<TaskInstance: reddit_etl.load_data_to_warehouse manual__2024-09-07T13:07:14.988893+00:00 [queued]>
[2024-09-07T13:07:18.300+0000] {taskinstance.py:2073} INFO - Dependencies all met for dep_context=requeueable deps ti=<TaskInstance: reddit_etl.load_data_to_warehouse manual__2024-09-07T13:07:14.988893+00:00 [queued]>
[2024-09-07T13:07:18.300+0000] {taskinstance.py:2303} INFO - Starting attempt 1 of 2
[2024-09-07T13:07:18.315+0000] {taskinstance.py:2327} INFO - Executing <Task(PythonOperator): load_data_to_warehouse> on 2024-09-07 13:07:14.988893+00:00
[2024-09-07T13:07:18.323+0000] {logging_mixin.py:188} WARNING - /home/airflow/.local/lib/python3.12/site-packages/airflow/task/task_runner/standard_task_runner.py:61 DeprecationWarning: This process (pid=2125) is multi-threaded, use of fork() may lead to deadlocks in the child.
[2024-09-07T13:07:18.324+0000] {standard_task_runner.py:63} INFO - Started process 2126 to run task
[2024-09-07T13:07:18.323+0000] {standard_task_runner.py:90} INFO - Running: ['airflow', 'tasks', 'run', 'reddit_etl', 'load_data_to_warehouse', 'manual__2024-09-07T13:07:14.988893+00:00', '--job-id', '629', '--raw', '--subdir', 'DAGS_FOLDER/reddit.py', '--cfg-path', '/tmp/tmpwhyai_g4']
[2024-09-07T13:07:18.326+0000] {standard_task_runner.py:91} INFO - Job 629: Subtask load_data_to_warehouse
[2024-09-07T13:07:18.389+0000] {task_command.py:426} INFO - Running <TaskInstance: reddit_etl.load_data_to_warehouse manual__2024-09-07T13:07:14.988893+00:00 [running]> on host 42d604ea5ce6
[2024-09-07T13:07:18.516+0000] {taskinstance.py:2644} INFO - Exporting env vars: AIRFLOW_CTX_DAG_OWNER='reddithackathon' AIRFLOW_CTX_DAG_ID='reddit_etl' AIRFLOW_CTX_TASK_ID='load_data_to_warehouse' AIRFLOW_CTX_EXECUTION_DATE='2024-09-07T13:07:14.988893+00:00' AIRFLOW_CTX_TRY_NUMBER='1' AIRFLOW_CTX_DAG_RUN_ID='manual__2024-09-07T13:07:14.988893+00:00'
[2024-09-07T13:07:18.517+0000] {taskinstance.py:430} INFO - ::endgroup::
[2024-09-07T13:07:18.554+0000] {logging_mixin.py:188} INFO - Error loading data: connection to server on socket "/var/run/postgresql/.s.PGSQL.54322" failed: No such file or directory
	Is the server running locally and accepting connections on that socket?
[2024-09-07T13:07:18.555+0000] {logging_mixin.py:188} INFO - Error loading data: connection to server on socket "/var/run/postgresql/.s.PGSQL.54322" failed: No such file or directory
	Is the server running locally and accepting connections on that socket?
[2024-09-07T13:07:18.555+0000] {logging_mixin.py:188} INFO - Error loading data: connection to server on socket "/var/run/postgresql/.s.PGSQL.54322" failed: No such file or directory
	Is the server running locally and accepting connections on that socket?
[2024-09-07T13:07:18.556+0000] {logging_mixin.py:188} INFO - Error loading data: connection to server on socket "/var/run/postgresql/.s.PGSQL.54322" failed: No such file or directory
	Is the server running locally and accepting connections on that socket?
[2024-09-07T13:07:18.556+0000] {logging_mixin.py:188} INFO - Error loading data: connection to server on socket "/var/run/postgresql/.s.PGSQL.54322" failed: No such file or directory
	Is the server running locally and accepting connections on that socket?
[2024-09-07T13:07:18.557+0000] {logging_mixin.py:188} INFO - Error loading data: connection to server on socket "/var/run/postgresql/.s.PGSQL.54322" failed: No such file or directory
	Is the server running locally and accepting connections on that socket?
[2024-09-07T13:07:18.557+0000] {logging_mixin.py:188} INFO - Error loading data: connection to server on socket "/var/run/postgresql/.s.PGSQL.54322" failed: No such file or directory
	Is the server running locally and accepting connections on that socket?
[2024-09-07T13:07:18.557+0000] {logging_mixin.py:188} INFO - Error loading data: connection to server on socket "/var/run/postgresql/.s.PGSQL.54322" failed: No such file or directory
	Is the server running locally and accepting connections on that socket?
[2024-09-07T13:07:18.558+0000] {logging_mixin.py:188} INFO - Error loading data: connection to server on socket "/var/run/postgresql/.s.PGSQL.54322" failed: No such file or directory
	Is the server running locally and accepting connections on that socket?
[2024-09-07T13:07:18.559+0000] {logging_mixin.py:188} INFO - Error loading data: connection to server on socket "/var/run/postgresql/.s.PGSQL.54322" failed: No such file or directory
	Is the server running locally and accepting connections on that socket?
[2024-09-07T13:07:18.559+0000] {logging_mixin.py:188} INFO - Error loading data: connection to server on socket "/var/run/postgresql/.s.PGSQL.54322" failed: No such file or directory
	Is the server running locally and accepting connections on that socket?
[2024-09-07T13:07:18.560+0000] {logging_mixin.py:188} INFO - Error loading data: connection to server on socket "/var/run/postgresql/.s.PGSQL.54322" failed: No such file or directory
	Is the server running locally and accepting connections on that socket?
[2024-09-07T13:07:18.561+0000] {logging_mixin.py:188} INFO - Error loading data: connection to server on socket "/var/run/postgresql/.s.PGSQL.54322" failed: No such file or directory
	Is the server running locally and accepting connections on that socket?
[2024-09-07T13:07:18.561+0000] {logging_mixin.py:188} INFO - Error loading data: connection to server on socket "/var/run/postgresql/.s.PGSQL.54322" failed: No such file or directory
	Is the server running locally and accepting connections on that socket?
[2024-09-07T13:07:18.562+0000] {logging_mixin.py:188} INFO - Error loading data: connection to server on socket "/var/run/postgresql/.s.PGSQL.54322" failed: No such file or directory
	Is the server running locally and accepting connections on that socket?
[2024-09-07T13:07:18.562+0000] {logging_mixin.py:188} INFO - Error loading data: connection to server on socket "/var/run/postgresql/.s.PGSQL.54322" failed: No such file or directory
	Is the server running locally and accepting connections on that socket?
[2024-09-07T13:07:18.562+0000] {logging_mixin.py:188} INFO - Error loading data: connection to server on socket "/var/run/postgresql/.s.PGSQL.54322" failed: No such file or directory
	Is the server running locally and accepting connections on that socket?
[2024-09-07T13:07:18.563+0000] {logging_mixin.py:188} INFO - Error loading data: connection to server on socket "/var/run/postgresql/.s.PGSQL.54322" failed: No such file or directory
	Is the server running locally and accepting connections on that socket?
[2024-09-07T13:07:18.563+0000] {logging_mixin.py:188} INFO - Error loading data: connection to server on socket "/var/run/postgresql/.s.PGSQL.54322" failed: No such file or directory
	Is the server running locally and accepting connections on that socket?
[2024-09-07T13:07:18.563+0000] {logging_mixin.py:188} INFO - Error loading data: connection to server on socket "/var/run/postgresql/.s.PGSQL.54322" failed: No such file or directory
	Is the server running locally and accepting connections on that socket?
[2024-09-07T13:07:18.564+0000] {logging_mixin.py:188} INFO - Error loading data: connection to server on socket "/var/run/postgresql/.s.PGSQL.54322" failed: No such file or directory
	Is the server running locally and accepting connections on that socket?
[2024-09-07T13:07:18.564+0000] {logging_mixin.py:188} INFO - Error loading data: connection to server on socket "/var/run/postgresql/.s.PGSQL.54322" failed: No such file or directory
	Is the server running locally and accepting connections on that socket?
[2024-09-07T13:07:18.565+0000] {logging_mixin.py:188} INFO - Error loading data: connection to server on socket "/var/run/postgresql/.s.PGSQL.54322" failed: No such file or directory
	Is the server running locally and accepting connections on that socket?
[2024-09-07T13:07:18.565+0000] {logging_mixin.py:188} INFO - Error loading data: connection to server on socket "/var/run/postgresql/.s.PGSQL.54322" failed: No such file or directory
	Is the server running locally and accepting connections on that socket?
[2024-09-07T13:07:18.565+0000] {logging_mixin.py:188} INFO - Error loading data: connection to server on socket "/var/run/postgresql/.s.PGSQL.54322" failed: No such file or directory
	Is the server running locally and accepting connections on that socket?
[2024-09-07T13:07:18.566+0000] {logging_mixin.py:188} INFO - Error loading data: connection to server on socket "/var/run/postgresql/.s.PGSQL.54322" failed: No such file or directory
	Is the server running locally and accepting connections on that socket?
[2024-09-07T13:07:18.566+0000] {logging_mixin.py:188} INFO - Error loading data: connection to server on socket "/var/run/postgresql/.s.PGSQL.54322" failed: No such file or directory
	Is the server running locally and accepting connections on that socket?
[2024-09-07T13:07:18.567+0000] {logging_mixin.py:188} INFO - Error loading data: connection to server on socket "/var/run/postgresql/.s.PGSQL.54322" failed: No such file or directory
	Is the server running locally and accepting connections on that socket?
[2024-09-07T13:07:18.567+0000] {logging_mixin.py:188} INFO - Error loading data: connection to server on socket "/var/run/postgresql/.s.PGSQL.54322" failed: No such file or directory
	Is the server running locally and accepting connections on that socket?
[2024-09-07T13:07:18.568+0000] {logging_mixin.py:188} INFO - Error loading data: connection to server on socket "/var/run/postgresql/.s.PGSQL.54322" failed: No such file or directory
	Is the server running locally and accepting connections on that socket?
[2024-09-07T13:07:18.568+0000] {logging_mixin.py:188} INFO - Error loading data: connection to server on socket "/var/run/postgresql/.s.PGSQL.54322" failed: No such file or directory
	Is the server running locally and accepting connections on that socket?
[2024-09-07T13:07:18.568+0000] {logging_mixin.py:188} INFO - Error loading data: connection to server on socket "/var/run/postgresql/.s.PGSQL.54322" failed: No such file or directory
	Is the server running locally and accepting connections on that socket?
[2024-09-07T13:07:18.569+0000] {logging_mixin.py:188} INFO - Error loading data: connection to server on socket "/var/run/postgresql/.s.PGSQL.54322" failed: No such file or directory
	Is the server running locally and accepting connections on that socket?
[2024-09-07T13:07:18.569+0000] {logging_mixin.py:188} INFO - Error loading data: connection to server on socket "/var/run/postgresql/.s.PGSQL.54322" failed: No such file or directory
	Is the server running locally and accepting connections on that socket?
[2024-09-07T13:07:18.570+0000] {logging_mixin.py:188} INFO - Error loading data: connection to server on socket "/var/run/postgresql/.s.PGSQL.54322" failed: No such file or directory
	Is the server running locally and accepting connections on that socket?
[2024-09-07T13:07:18.570+0000] {logging_mixin.py:188} INFO - Error loading data: connection to server on socket "/var/run/postgresql/.s.PGSQL.54322" failed: No such file or directory
	Is the server running locally and accepting connections on that socket?
[2024-09-07T13:07:18.571+0000] {logging_mixin.py:188} INFO - Error loading data: connection to server on socket "/var/run/postgresql/.s.PGSQL.54322" failed: No such file or directory
	Is the server running locally and accepting connections on that socket?
[2024-09-07T13:07:18.571+0000] {logging_mixin.py:188} INFO - Error loading data: connection to server on socket "/var/run/postgresql/.s.PGSQL.54322" failed: No such file or directory
	Is the server running locally and accepting connections on that socket?
[2024-09-07T13:07:18.571+0000] {logging_mixin.py:188} INFO - Error loading data: connection to server on socket "/var/run/postgresql/.s.PGSQL.54322" failed: No such file or directory
	Is the server running locally and accepting connections on that socket?
[2024-09-07T13:07:18.572+0000] {logging_mixin.py:188} INFO - Error loading data: connection to server on socket "/var/run/postgresql/.s.PGSQL.54322" failed: No such file or directory
	Is the server running locally and accepting connections on that socket?
[2024-09-07T13:07:18.572+0000] {logging_mixin.py:188} INFO - Error loading data: connection to server on socket "/var/run/postgresql/.s.PGSQL.54322" failed: No such file or directory
	Is the server running locally and accepting connections on that socket?
[2024-09-07T13:07:18.573+0000] {logging_mixin.py:188} INFO - Error loading data: connection to server on socket "/var/run/postgresql/.s.PGSQL.54322" failed: No such file or directory
	Is the server running locally and accepting connections on that socket?
[2024-09-07T13:07:18.573+0000] {logging_mixin.py:188} INFO - Error loading data: connection to server on socket "/var/run/postgresql/.s.PGSQL.54322" failed: No such file or directory
	Is the server running locally and accepting connections on that socket?
[2024-09-07T13:07:18.573+0000] {logging_mixin.py:188} INFO - Error loading data: connection to server on socket "/var/run/postgresql/.s.PGSQL.54322" failed: No such file or directory
	Is the server running locally and accepting connections on that socket?
[2024-09-07T13:07:18.574+0000] {logging_mixin.py:188} INFO - Error loading data: connection to server on socket "/var/run/postgresql/.s.PGSQL.54322" failed: No such file or directory
	Is the server running locally and accepting connections on that socket?
[2024-09-07T13:07:18.574+0000] {logging_mixin.py:188} INFO - Error loading data: connection to server on socket "/var/run/postgresql/.s.PGSQL.54322" failed: No such file or directory
	Is the server running locally and accepting connections on that socket?
[2024-09-07T13:07:18.575+0000] {logging_mixin.py:188} INFO - Error loading data: connection to server on socket "/var/run/postgresql/.s.PGSQL.54322" failed: No such file or directory
	Is the server running locally and accepting connections on that socket?
[2024-09-07T13:07:18.575+0000] {logging_mixin.py:188} INFO - Error loading data: connection to server on socket "/var/run/postgresql/.s.PGSQL.54322" failed: No such file or directory
	Is the server running locally and accepting connections on that socket?
[2024-09-07T13:07:18.576+0000] {logging_mixin.py:188} INFO - Error loading data: connection to server on socket "/var/run/postgresql/.s.PGSQL.54322" failed: No such file or directory
	Is the server running locally and accepting connections on that socket?
[2024-09-07T13:07:18.576+0000] {logging_mixin.py:188} INFO - Error loading data: connection to server on socket "/var/run/postgresql/.s.PGSQL.54322" failed: No such file or directory
	Is the server running locally and accepting connections on that socket?
[2024-09-07T13:07:18.577+0000] {logging_mixin.py:188} INFO - Error loading data: connection to server on socket "/var/run/postgresql/.s.PGSQL.54322" failed: No such file or directory
	Is the server running locally and accepting connections on that socket?
[2024-09-07T13:07:18.577+0000] {logging_mixin.py:188} INFO - Error loading data: connection to server on socket "/var/run/postgresql/.s.PGSQL.54322" failed: No such file or directory
	Is the server running locally and accepting connections on that socket?
[2024-09-07T13:07:18.578+0000] {logging_mixin.py:188} INFO - Error loading data: connection to server on socket "/var/run/postgresql/.s.PGSQL.54322" failed: No such file or directory
	Is the server running locally and accepting connections on that socket?
[2024-09-07T13:07:18.578+0000] {logging_mixin.py:188} INFO - Error loading data: connection to server on socket "/var/run/postgresql/.s.PGSQL.54322" failed: No such file or directory
	Is the server running locally and accepting connections on that socket?
[2024-09-07T13:07:18.578+0000] {logging_mixin.py:188} INFO - Error loading data: connection to server on socket "/var/run/postgresql/.s.PGSQL.54322" failed: No such file or directory
	Is the server running locally and accepting connections on that socket?
[2024-09-07T13:07:18.579+0000] {logging_mixin.py:188} INFO - Error loading data: connection to server on socket "/var/run/postgresql/.s.PGSQL.54322" failed: No such file or directory
	Is the server running locally and accepting connections on that socket?
[2024-09-07T13:07:18.579+0000] {logging_mixin.py:188} INFO - Error loading data: connection to server on socket "/var/run/postgresql/.s.PGSQL.54322" failed: No such file or directory
	Is the server running locally and accepting connections on that socket?
[2024-09-07T13:07:18.579+0000] {logging_mixin.py:188} INFO - Error loading data: connection to server on socket "/var/run/postgresql/.s.PGSQL.54322" failed: No such file or directory
	Is the server running locally and accepting connections on that socket?
[2024-09-07T13:07:18.580+0000] {logging_mixin.py:188} INFO - Error loading data: connection to server on socket "/var/run/postgresql/.s.PGSQL.54322" failed: No such file or directory
	Is the server running locally and accepting connections on that socket?
[2024-09-07T13:07:18.580+0000] {logging_mixin.py:188} INFO - Error loading data: connection to server on socket "/var/run/postgresql/.s.PGSQL.54322" failed: No such file or directory
	Is the server running locally and accepting connections on that socket?
[2024-09-07T13:07:18.580+0000] {logging_mixin.py:188} INFO - Error loading data: connection to server on socket "/var/run/postgresql/.s.PGSQL.54322" failed: No such file or directory
	Is the server running locally and accepting connections on that socket?
[2024-09-07T13:07:18.581+0000] {logging_mixin.py:188} INFO - Error loading data: connection to server on socket "/var/run/postgresql/.s.PGSQL.54322" failed: No such file or directory
	Is the server running locally and accepting connections on that socket?
[2024-09-07T13:07:18.581+0000] {logging_mixin.py:188} INFO - Error loading data: connection to server on socket "/var/run/postgresql/.s.PGSQL.54322" failed: No such file or directory
	Is the server running locally and accepting connections on that socket?
[2024-09-07T13:07:18.581+0000] {logging_mixin.py:188} INFO - Error loading data: connection to server on socket "/var/run/postgresql/.s.PGSQL.54322" failed: No such file or directory
	Is the server running locally and accepting connections on that socket?
[2024-09-07T13:07:18.582+0000] {logging_mixin.py:188} INFO - Error loading data: connection to server on socket "/var/run/postgresql/.s.PGSQL.54322" failed: No such file or directory
	Is the server running locally and accepting connections on that socket?
[2024-09-07T13:07:18.582+0000] {logging_mixin.py:188} INFO - Error loading data: connection to server on socket "/var/run/postgresql/.s.PGSQL.54322" failed: No such file or directory
	Is the server running locally and accepting connections on that socket?
[2024-09-07T13:07:18.582+0000] {logging_mixin.py:188} INFO - Error loading data: connection to server on socket "/var/run/postgresql/.s.PGSQL.54322" failed: No such file or directory
	Is the server running locally and accepting connections on that socket?
[2024-09-07T13:07:18.583+0000] {logging_mixin.py:188} INFO - Error loading data: connection to server on socket "/var/run/postgresql/.s.PGSQL.54322" failed: No such file or directory
	Is the server running locally and accepting connections on that socket?
[2024-09-07T13:07:18.583+0000] {logging_mixin.py:188} INFO - Error loading data: connection to server on socket "/var/run/postgresql/.s.PGSQL.54322" failed: No such file or directory
	Is the server running locally and accepting connections on that socket?
[2024-09-07T13:07:18.583+0000] {logging_mixin.py:188} INFO - Error loading data: connection to server on socket "/var/run/postgresql/.s.PGSQL.54322" failed: No such file or directory
	Is the server running locally and accepting connections on that socket?
[2024-09-07T13:07:18.584+0000] {logging_mixin.py:188} INFO - Error loading data: connection to server on socket "/var/run/postgresql/.s.PGSQL.54322" failed: No such file or directory
	Is the server running locally and accepting connections on that socket?
[2024-09-07T13:07:18.584+0000] {logging_mixin.py:188} INFO - Error loading data: connection to server on socket "/var/run/postgresql/.s.PGSQL.54322" failed: No such file or directory
	Is the server running locally and accepting connections on that socket?
[2024-09-07T13:07:18.584+0000] {logging_mixin.py:188} INFO - Error loading data: connection to server on socket "/var/run/postgresql/.s.PGSQL.54322" failed: No such file or directory
	Is the server running locally and accepting connections on that socket?
[2024-09-07T13:07:18.585+0000] {logging_mixin.py:188} INFO - Error loading data: connection to server on socket "/var/run/postgresql/.s.PGSQL.54322" failed: No such file or directory
	Is the server running locally and accepting connections on that socket?
[2024-09-07T13:07:18.585+0000] {logging_mixin.py:188} INFO - Error loading data: connection to server on socket "/var/run/postgresql/.s.PGSQL.54322" failed: No such file or directory
	Is the server running locally and accepting connections on that socket?
[2024-09-07T13:07:18.585+0000] {logging_mixin.py:188} INFO - Error loading data: connection to server on socket "/var/run/postgresql/.s.PGSQL.54322" failed: No such file or directory
	Is the server running locally and accepting connections on that socket?
[2024-09-07T13:07:18.586+0000] {logging_mixin.py:188} INFO - Error loading data: connection to server on socket "/var/run/postgresql/.s.PGSQL.54322" failed: No such file or directory
	Is the server running locally and accepting connections on that socket?
[2024-09-07T13:07:18.586+0000] {logging_mixin.py:188} INFO - Error loading data: connection to server on socket "/var/run/postgresql/.s.PGSQL.54322" failed: No such file or directory
	Is the server running locally and accepting connections on that socket?
[2024-09-07T13:07:18.586+0000] {logging_mixin.py:188} INFO - Error loading data: connection to server on socket "/var/run/postgresql/.s.PGSQL.54322" failed: No such file or directory
	Is the server running locally and accepting connections on that socket?
[2024-09-07T13:07:18.587+0000] {logging_mixin.py:188} INFO - Error loading data: connection to server on socket "/var/run/postgresql/.s.PGSQL.54322" failed: No such file or directory
	Is the server running locally and accepting connections on that socket?
[2024-09-07T13:07:18.587+0000] {logging_mixin.py:188} INFO - Error loading data: connection to server on socket "/var/run/postgresql/.s.PGSQL.54322" failed: No such file or directory
	Is the server running locally and accepting connections on that socket?
[2024-09-07T13:07:18.587+0000] {logging_mixin.py:188} INFO - Error loading data: connection to server on socket "/var/run/postgresql/.s.PGSQL.54322" failed: No such file or directory
	Is the server running locally and accepting connections on that socket?
[2024-09-07T13:07:18.588+0000] {logging_mixin.py:188} INFO - Error loading data: connection to server on socket "/var/run/postgresql/.s.PGSQL.54322" failed: No such file or directory
	Is the server running locally and accepting connections on that socket?
[2024-09-07T13:07:18.588+0000] {logging_mixin.py:188} INFO - Error loading data: connection to server on socket "/var/run/postgresql/.s.PGSQL.54322" failed: No such file or directory
	Is the server running locally and accepting connections on that socket?
[2024-09-07T13:07:18.588+0000] {logging_mixin.py:188} INFO - Error loading data: connection to server on socket "/var/run/postgresql/.s.PGSQL.54322" failed: No such file or directory
	Is the server running locally and accepting connections on that socket?
[2024-09-07T13:07:18.589+0000] {logging_mixin.py:188} INFO - Error loading data: connection to server on socket "/var/run/postgresql/.s.PGSQL.54322" failed: No such file or directory
	Is the server running locally and accepting connections on that socket?
[2024-09-07T13:07:18.589+0000] {logging_mixin.py:188} INFO - Error loading data: connection to server on socket "/var/run/postgresql/.s.PGSQL.54322" failed: No such file or directory
	Is the server running locally and accepting connections on that socket?
[2024-09-07T13:07:18.589+0000] {logging_mixin.py:188} INFO - Error loading data: connection to server on socket "/var/run/postgresql/.s.PGSQL.54322" failed: No such file or directory
	Is the server running locally and accepting connections on that socket?
[2024-09-07T13:07:18.590+0000] {logging_mixin.py:188} INFO - Error loading data: connection to server on socket "/var/run/postgresql/.s.PGSQL.54322" failed: No such file or directory
	Is the server running locally and accepting connections on that socket?
[2024-09-07T13:07:18.590+0000] {logging_mixin.py:188} INFO - Error loading data: connection to server on socket "/var/run/postgresql/.s.PGSQL.54322" failed: No such file or directory
	Is the server running locally and accepting connections on that socket?
[2024-09-07T13:07:18.591+0000] {logging_mixin.py:188} INFO - Error loading data: connection to server on socket "/var/run/postgresql/.s.PGSQL.54322" failed: No such file or directory
	Is the server running locally and accepting connections on that socket?
[2024-09-07T13:07:18.591+0000] {logging_mixin.py:188} INFO - Error loading data: connection to server on socket "/var/run/postgresql/.s.PGSQL.54322" failed: No such file or directory
	Is the server running locally and accepting connections on that socket?
[2024-09-07T13:07:18.592+0000] {logging_mixin.py:188} INFO - Error loading data: connection to server on socket "/var/run/postgresql/.s.PGSQL.54322" failed: No such file or directory
	Is the server running locally and accepting connections on that socket?
[2024-09-07T13:07:18.593+0000] {logging_mixin.py:188} INFO - Error loading data: connection to server on socket "/var/run/postgresql/.s.PGSQL.54322" failed: No such file or directory
	Is the server running locally and accepting connections on that socket?
[2024-09-07T13:07:18.593+0000] {logging_mixin.py:188} INFO - Error loading data: connection to server on socket "/var/run/postgresql/.s.PGSQL.54322" failed: No such file or directory
	Is the server running locally and accepting connections on that socket?
[2024-09-07T13:07:18.593+0000] {logging_mixin.py:188} INFO - Error loading data: connection to server on socket "/var/run/postgresql/.s.PGSQL.54322" failed: No such file or directory
	Is the server running locally and accepting connections on that socket?
[2024-09-07T13:07:18.594+0000] {logging_mixin.py:188} INFO - Error loading data: connection to server on socket "/var/run/postgresql/.s.PGSQL.54322" failed: No such file or directory
	Is the server running locally and accepting connections on that socket?
[2024-09-07T13:07:18.594+0000] {logging_mixin.py:188} INFO - Error loading data: connection to server on socket "/var/run/postgresql/.s.PGSQL.54322" failed: No such file or directory
	Is the server running locally and accepting connections on that socket?
[2024-09-07T13:07:18.595+0000] {logging_mixin.py:188} INFO - Error loading data: connection to server on socket "/var/run/postgresql/.s.PGSQL.54322" failed: No such file or directory
	Is the server running locally and accepting connections on that socket?
[2024-09-07T13:07:18.595+0000] {logging_mixin.py:188} INFO - Error loading data: connection to server on socket "/var/run/postgresql/.s.PGSQL.54322" failed: No such file or directory
	Is the server running locally and accepting connections on that socket?
[2024-09-07T13:07:18.595+0000] {logging_mixin.py:188} INFO - Error loading data: connection to server on socket "/var/run/postgresql/.s.PGSQL.54322" failed: No such file or directory
	Is the server running locally and accepting connections on that socket?
[2024-09-07T13:07:18.596+0000] {logging_mixin.py:188} INFO - Error loading data: connection to server on socket "/var/run/postgresql/.s.PGSQL.54322" failed: No such file or directory
	Is the server running locally and accepting connections on that socket?
[2024-09-07T13:07:18.596+0000] {logging_mixin.py:188} INFO - Error loading data: connection to server on socket "/var/run/postgresql/.s.PGSQL.54322" failed: No such file or directory
	Is the server running locally and accepting connections on that socket?
[2024-09-07T13:07:18.597+0000] {logging_mixin.py:188} INFO - Error loading data: connection to server on socket "/var/run/postgresql/.s.PGSQL.54322" failed: No such file or directory
	Is the server running locally and accepting connections on that socket?
[2024-09-07T13:07:18.597+0000] {logging_mixin.py:188} INFO - Error loading data: connection to server on socket "/var/run/postgresql/.s.PGSQL.54322" failed: No such file or directory
	Is the server running locally and accepting connections on that socket?
[2024-09-07T13:07:18.597+0000] {logging_mixin.py:188} INFO - Error loading data: connection to server on socket "/var/run/postgresql/.s.PGSQL.54322" failed: No such file or directory
	Is the server running locally and accepting connections on that socket?
[2024-09-07T13:07:18.598+0000] {logging_mixin.py:188} INFO - Error loading data: connection to server on socket "/var/run/postgresql/.s.PGSQL.54322" failed: No such file or directory
	Is the server running locally and accepting connections on that socket?
[2024-09-07T13:07:18.598+0000] {logging_mixin.py:188} INFO - Error loading data: connection to server on socket "/var/run/postgresql/.s.PGSQL.54322" failed: No such file or directory
	Is the server running locally and accepting connections on that socket?
[2024-09-07T13:07:18.598+0000] {logging_mixin.py:188} INFO - Error loading data: connection to server on socket "/var/run/postgresql/.s.PGSQL.54322" failed: No such file or directory
	Is the server running locally and accepting connections on that socket?
[2024-09-07T13:07:18.599+0000] {logging_mixin.py:188} INFO - Error loading data: connection to server on socket "/var/run/postgresql/.s.PGSQL.54322" failed: No such file or directory
	Is the server running locally and accepting connections on that socket?
[2024-09-07T13:07:18.599+0000] {logging_mixin.py:188} INFO - Error loading data: connection to server on socket "/var/run/postgresql/.s.PGSQL.54322" failed: No such file or directory
	Is the server running locally and accepting connections on that socket?
[2024-09-07T13:07:18.599+0000] {logging_mixin.py:188} INFO - Error loading data: connection to server on socket "/var/run/postgresql/.s.PGSQL.54322" failed: No such file or directory
	Is the server running locally and accepting connections on that socket?
[2024-09-07T13:07:18.600+0000] {logging_mixin.py:188} INFO - Error loading data: connection to server on socket "/var/run/postgresql/.s.PGSQL.54322" failed: No such file or directory
	Is the server running locally and accepting connections on that socket?
[2024-09-07T13:07:18.600+0000] {logging_mixin.py:188} INFO - Error loading data: connection to server on socket "/var/run/postgresql/.s.PGSQL.54322" failed: No such file or directory
	Is the server running locally and accepting connections on that socket?
[2024-09-07T13:07:18.600+0000] {logging_mixin.py:188} INFO - Error loading data: connection to server on socket "/var/run/postgresql/.s.PGSQL.54322" failed: No such file or directory
	Is the server running locally and accepting connections on that socket?
[2024-09-07T13:07:18.601+0000] {logging_mixin.py:188} INFO - Error loading data: connection to server on socket "/var/run/postgresql/.s.PGSQL.54322" failed: No such file or directory
	Is the server running locally and accepting connections on that socket?
[2024-09-07T13:07:18.601+0000] {logging_mixin.py:188} INFO - Error loading data: connection to server on socket "/var/run/postgresql/.s.PGSQL.54322" failed: No such file or directory
	Is the server running locally and accepting connections on that socket?
[2024-09-07T13:07:18.601+0000] {logging_mixin.py:188} INFO - Error loading data: connection to server on socket "/var/run/postgresql/.s.PGSQL.54322" failed: No such file or directory
	Is the server running locally and accepting connections on that socket?
[2024-09-07T13:07:18.602+0000] {logging_mixin.py:188} INFO - Error loading data: connection to server on socket "/var/run/postgresql/.s.PGSQL.54322" failed: No such file or directory
	Is the server running locally and accepting connections on that socket?
[2024-09-07T13:07:18.602+0000] {logging_mixin.py:188} INFO - Error loading data: connection to server on socket "/var/run/postgresql/.s.PGSQL.54322" failed: No such file or directory
	Is the server running locally and accepting connections on that socket?
[2024-09-07T13:07:18.602+0000] {logging_mixin.py:188} INFO - Error loading data: connection to server on socket "/var/run/postgresql/.s.PGSQL.54322" failed: No such file or directory
	Is the server running locally and accepting connections on that socket?
[2024-09-07T13:07:18.603+0000] {logging_mixin.py:188} INFO - Error loading data: connection to server on socket "/var/run/postgresql/.s.PGSQL.54322" failed: No such file or directory
	Is the server running locally and accepting connections on that socket?
[2024-09-07T13:07:18.603+0000] {logging_mixin.py:188} INFO - Error loading data: connection to server on socket "/var/run/postgresql/.s.PGSQL.54322" failed: No such file or directory
	Is the server running locally and accepting connections on that socket?
[2024-09-07T13:07:18.603+0000] {logging_mixin.py:188} INFO - Error loading data: connection to server on socket "/var/run/postgresql/.s.PGSQL.54322" failed: No such file or directory
	Is the server running locally and accepting connections on that socket?
[2024-09-07T13:07:18.604+0000] {logging_mixin.py:188} INFO - Error loading data: connection to server on socket "/var/run/postgresql/.s.PGSQL.54322" failed: No such file or directory
	Is the server running locally and accepting connections on that socket?
[2024-09-07T13:07:18.604+0000] {logging_mixin.py:188} INFO - Error loading data: connection to server on socket "/var/run/postgresql/.s.PGSQL.54322" failed: No such file or directory
	Is the server running locally and accepting connections on that socket?
[2024-09-07T13:07:18.605+0000] {logging_mixin.py:188} INFO - Error loading data: connection to server on socket "/var/run/postgresql/.s.PGSQL.54322" failed: No such file or directory
	Is the server running locally and accepting connections on that socket?
[2024-09-07T13:07:18.605+0000] {logging_mixin.py:188} INFO - Error loading data: connection to server on socket "/var/run/postgresql/.s.PGSQL.54322" failed: No such file or directory
	Is the server running locally and accepting connections on that socket?
[2024-09-07T13:07:18.605+0000] {logging_mixin.py:188} INFO - Error loading data: connection to server on socket "/var/run/postgresql/.s.PGSQL.54322" failed: No such file or directory
	Is the server running locally and accepting connections on that socket?
[2024-09-07T13:07:18.606+0000] {logging_mixin.py:188} INFO - Error loading data: connection to server on socket "/var/run/postgresql/.s.PGSQL.54322" failed: No such file or directory
	Is the server running locally and accepting connections on that socket?
[2024-09-07T13:07:18.606+0000] {logging_mixin.py:188} INFO - Error loading data: connection to server on socket "/var/run/postgresql/.s.PGSQL.54322" failed: No such file or directory
	Is the server running locally and accepting connections on that socket?
[2024-09-07T13:07:18.606+0000] {logging_mixin.py:188} INFO - Error loading data: connection to server on socket "/var/run/postgresql/.s.PGSQL.54322" failed: No such file or directory
	Is the server running locally and accepting connections on that socket?
[2024-09-07T13:07:18.607+0000] {logging_mixin.py:188} INFO - Error loading data: connection to server on socket "/var/run/postgresql/.s.PGSQL.54322" failed: No such file or directory
	Is the server running locally and accepting connections on that socket?
[2024-09-07T13:07:18.607+0000] {logging_mixin.py:188} INFO - Error loading data: connection to server on socket "/var/run/postgresql/.s.PGSQL.54322" failed: No such file or directory
	Is the server running locally and accepting connections on that socket?
[2024-09-07T13:07:18.608+0000] {logging_mixin.py:188} INFO - Error loading data: connection to server on socket "/var/run/postgresql/.s.PGSQL.54322" failed: No such file or directory
	Is the server running locally and accepting connections on that socket?
[2024-09-07T13:07:18.608+0000] {logging_mixin.py:188} INFO - Error loading data: connection to server on socket "/var/run/postgresql/.s.PGSQL.54322" failed: No such file or directory
	Is the server running locally and accepting connections on that socket?
[2024-09-07T13:07:18.609+0000] {logging_mixin.py:188} INFO - Error loading data: connection to server on socket "/var/run/postgresql/.s.PGSQL.54322" failed: No such file or directory
	Is the server running locally and accepting connections on that socket?
[2024-09-07T13:07:18.609+0000] {logging_mixin.py:188} INFO - Error loading data: connection to server on socket "/var/run/postgresql/.s.PGSQL.54322" failed: No such file or directory
	Is the server running locally and accepting connections on that socket?
[2024-09-07T13:07:18.610+0000] {logging_mixin.py:188} INFO - Error loading data: connection to server on socket "/var/run/postgresql/.s.PGSQL.54322" failed: No such file or directory
	Is the server running locally and accepting connections on that socket?
[2024-09-07T13:07:18.610+0000] {logging_mixin.py:188} INFO - Error loading data: connection to server on socket "/var/run/postgresql/.s.PGSQL.54322" failed: No such file or directory
	Is the server running locally and accepting connections on that socket?
[2024-09-07T13:07:18.610+0000] {logging_mixin.py:188} INFO - Error loading data: connection to server on socket "/var/run/postgresql/.s.PGSQL.54322" failed: No such file or directory
	Is the server running locally and accepting connections on that socket?
[2024-09-07T13:07:18.611+0000] {logging_mixin.py:188} INFO - Error loading data: connection to server on socket "/var/run/postgresql/.s.PGSQL.54322" failed: No such file or directory
	Is the server running locally and accepting connections on that socket?
[2024-09-07T13:07:18.611+0000] {logging_mixin.py:188} INFO - Error loading data: connection to server on socket "/var/run/postgresql/.s.PGSQL.54322" failed: No such file or directory
	Is the server running locally and accepting connections on that socket?
[2024-09-07T13:07:18.611+0000] {logging_mixin.py:188} INFO - Error loading data: connection to server on socket "/var/run/postgresql/.s.PGSQL.54322" failed: No such file or directory
	Is the server running locally and accepting connections on that socket?
[2024-09-07T13:07:18.612+0000] {logging_mixin.py:188} INFO - Error loading data: connection to server on socket "/var/run/postgresql/.s.PGSQL.54322" failed: No such file or directory
	Is the server running locally and accepting connections on that socket?
[2024-09-07T13:07:18.612+0000] {logging_mixin.py:188} INFO - Error loading data: connection to server on socket "/var/run/postgresql/.s.PGSQL.54322" failed: No such file or directory
	Is the server running locally and accepting connections on that socket?
[2024-09-07T13:07:18.612+0000] {logging_mixin.py:188} INFO - Error loading data: connection to server on socket "/var/run/postgresql/.s.PGSQL.54322" failed: No such file or directory
	Is the server running locally and accepting connections on that socket?
[2024-09-07T13:07:18.613+0000] {logging_mixin.py:188} INFO - Error loading data: connection to server on socket "/var/run/postgresql/.s.PGSQL.54322" failed: No such file or directory
	Is the server running locally and accepting connections on that socket?
[2024-09-07T13:07:18.613+0000] {logging_mixin.py:188} INFO - Error loading data: connection to server on socket "/var/run/postgresql/.s.PGSQL.54322" failed: No such file or directory
	Is the server running locally and accepting connections on that socket?
[2024-09-07T13:07:18.613+0000] {logging_mixin.py:188} INFO - Error loading data: connection to server on socket "/var/run/postgresql/.s.PGSQL.54322" failed: No such file or directory
	Is the server running locally and accepting connections on that socket?
[2024-09-07T13:07:18.614+0000] {logging_mixin.py:188} INFO - Error loading data: connection to server on socket "/var/run/postgresql/.s.PGSQL.54322" failed: No such file or directory
	Is the server running locally and accepting connections on that socket?
[2024-09-07T13:07:18.614+0000] {logging_mixin.py:188} INFO - Error loading data: connection to server on socket "/var/run/postgresql/.s.PGSQL.54322" failed: No such file or directory
	Is the server running locally and accepting connections on that socket?
[2024-09-07T13:07:18.614+0000] {logging_mixin.py:188} INFO - Error loading data: connection to server on socket "/var/run/postgresql/.s.PGSQL.54322" failed: No such file or directory
	Is the server running locally and accepting connections on that socket?
[2024-09-07T13:07:18.614+0000] {logging_mixin.py:188} INFO - Error loading data: connection to server on socket "/var/run/postgresql/.s.PGSQL.54322" failed: No such file or directory
	Is the server running locally and accepting connections on that socket?
[2024-09-07T13:07:18.615+0000] {logging_mixin.py:188} INFO - Error loading data: connection to server on socket "/var/run/postgresql/.s.PGSQL.54322" failed: No such file or directory
	Is the server running locally and accepting connections on that socket?
[2024-09-07T13:07:18.615+0000] {logging_mixin.py:188} INFO - Error loading data: connection to server on socket "/var/run/postgresql/.s.PGSQL.54322" failed: No such file or directory
	Is the server running locally and accepting connections on that socket?
[2024-09-07T13:07:18.615+0000] {logging_mixin.py:188} INFO - Error loading data: connection to server on socket "/var/run/postgresql/.s.PGSQL.54322" failed: No such file or directory
	Is the server running locally and accepting connections on that socket?
[2024-09-07T13:07:18.616+0000] {logging_mixin.py:188} INFO - Error loading data: connection to server on socket "/var/run/postgresql/.s.PGSQL.54322" failed: No such file or directory
	Is the server running locally and accepting connections on that socket?
[2024-09-07T13:07:18.616+0000] {logging_mixin.py:188} INFO - Error loading data: connection to server on socket "/var/run/postgresql/.s.PGSQL.54322" failed: No such file or directory
	Is the server running locally and accepting connections on that socket?
[2024-09-07T13:07:18.616+0000] {logging_mixin.py:188} INFO - Error loading data: connection to server on socket "/var/run/postgresql/.s.PGSQL.54322" failed: No such file or directory
	Is the server running locally and accepting connections on that socket?
[2024-09-07T13:07:18.617+0000] {logging_mixin.py:188} INFO - Error loading data: connection to server on socket "/var/run/postgresql/.s.PGSQL.54322" failed: No such file or directory
	Is the server running locally and accepting connections on that socket?
[2024-09-07T13:07:18.617+0000] {logging_mixin.py:188} INFO - Error loading data: connection to server on socket "/var/run/postgresql/.s.PGSQL.54322" failed: No such file or directory
	Is the server running locally and accepting connections on that socket?
[2024-09-07T13:07:18.617+0000] {logging_mixin.py:188} INFO - Error loading data: connection to server on socket "/var/run/postgresql/.s.PGSQL.54322" failed: No such file or directory
	Is the server running locally and accepting connections on that socket?
[2024-09-07T13:07:18.617+0000] {logging_mixin.py:188} INFO - Error loading data: connection to server on socket "/var/run/postgresql/.s.PGSQL.54322" failed: No such file or directory
	Is the server running locally and accepting connections on that socket?
[2024-09-07T13:07:18.618+0000] {logging_mixin.py:188} INFO - Error loading data: connection to server on socket "/var/run/postgresql/.s.PGSQL.54322" failed: No such file or directory
	Is the server running locally and accepting connections on that socket?
[2024-09-07T13:07:18.618+0000] {logging_mixin.py:188} INFO - Error loading data: connection to server on socket "/var/run/postgresql/.s.PGSQL.54322" failed: No such file or directory
	Is the server running locally and accepting connections on that socket?
[2024-09-07T13:07:18.619+0000] {logging_mixin.py:188} INFO - Error loading data: connection to server on socket "/var/run/postgresql/.s.PGSQL.54322" failed: No such file or directory
	Is the server running locally and accepting connections on that socket?
[2024-09-07T13:07:18.619+0000] {logging_mixin.py:188} INFO - Error loading data: connection to server on socket "/var/run/postgresql/.s.PGSQL.54322" failed: No such file or directory
	Is the server running locally and accepting connections on that socket?
[2024-09-07T13:07:18.619+0000] {logging_mixin.py:188} INFO - Error loading data: connection to server on socket "/var/run/postgresql/.s.PGSQL.54322" failed: No such file or directory
	Is the server running locally and accepting connections on that socket?
[2024-09-07T13:07:18.620+0000] {logging_mixin.py:188} INFO - Error loading data: connection to server on socket "/var/run/postgresql/.s.PGSQL.54322" failed: No such file or directory
	Is the server running locally and accepting connections on that socket?
[2024-09-07T13:07:18.620+0000] {logging_mixin.py:188} INFO - Error loading data: connection to server on socket "/var/run/postgresql/.s.PGSQL.54322" failed: No such file or directory
	Is the server running locally and accepting connections on that socket?
[2024-09-07T13:07:18.620+0000] {logging_mixin.py:188} INFO - Error loading data: connection to server on socket "/var/run/postgresql/.s.PGSQL.54322" failed: No such file or directory
	Is the server running locally and accepting connections on that socket?
[2024-09-07T13:07:18.621+0000] {logging_mixin.py:188} INFO - Error loading data: connection to server on socket "/var/run/postgresql/.s.PGSQL.54322" failed: No such file or directory
	Is the server running locally and accepting connections on that socket?
[2024-09-07T13:07:18.621+0000] {logging_mixin.py:188} INFO - Error loading data: connection to server on socket "/var/run/postgresql/.s.PGSQL.54322" failed: No such file or directory
	Is the server running locally and accepting connections on that socket?
[2024-09-07T13:07:18.621+0000] {logging_mixin.py:188} INFO - Error loading data: connection to server on socket "/var/run/postgresql/.s.PGSQL.54322" failed: No such file or directory
	Is the server running locally and accepting connections on that socket?
[2024-09-07T13:07:18.622+0000] {logging_mixin.py:188} INFO - Error loading data: connection to server on socket "/var/run/postgresql/.s.PGSQL.54322" failed: No such file or directory
	Is the server running locally and accepting connections on that socket?
[2024-09-07T13:07:18.622+0000] {logging_mixin.py:188} INFO - Error loading data: connection to server on socket "/var/run/postgresql/.s.PGSQL.54322" failed: No such file or directory
	Is the server running locally and accepting connections on that socket?
[2024-09-07T13:07:18.622+0000] {logging_mixin.py:188} INFO - Error loading data: connection to server on socket "/var/run/postgresql/.s.PGSQL.54322" failed: No such file or directory
	Is the server running locally and accepting connections on that socket?
[2024-09-07T13:07:18.623+0000] {logging_mixin.py:188} INFO - Error loading data: connection to server on socket "/var/run/postgresql/.s.PGSQL.54322" failed: No such file or directory
	Is the server running locally and accepting connections on that socket?
[2024-09-07T13:07:18.623+0000] {logging_mixin.py:188} INFO - Error loading data: connection to server on socket "/var/run/postgresql/.s.PGSQL.54322" failed: No such file or directory
	Is the server running locally and accepting connections on that socket?
[2024-09-07T13:07:18.623+0000] {logging_mixin.py:188} INFO - Error loading data: connection to server on socket "/var/run/postgresql/.s.PGSQL.54322" failed: No such file or directory
	Is the server running locally and accepting connections on that socket?
[2024-09-07T13:07:18.624+0000] {logging_mixin.py:188} INFO - Error loading data: connection to server on socket "/var/run/postgresql/.s.PGSQL.54322" failed: No such file or directory
	Is the server running locally and accepting connections on that socket?
[2024-09-07T13:07:18.624+0000] {logging_mixin.py:188} INFO - Error loading data: connection to server on socket "/var/run/postgresql/.s.PGSQL.54322" failed: No such file or directory
	Is the server running locally and accepting connections on that socket?
[2024-09-07T13:07:18.625+0000] {logging_mixin.py:188} INFO - Error loading data: connection to server on socket "/var/run/postgresql/.s.PGSQL.54322" failed: No such file or directory
	Is the server running locally and accepting connections on that socket?
[2024-09-07T13:07:18.625+0000] {logging_mixin.py:188} INFO - Error loading data: connection to server on socket "/var/run/postgresql/.s.PGSQL.54322" failed: No such file or directory
	Is the server running locally and accepting connections on that socket?
[2024-09-07T13:07:18.626+0000] {logging_mixin.py:188} INFO - Error loading data: connection to server on socket "/var/run/postgresql/.s.PGSQL.54322" failed: No such file or directory
	Is the server running locally and accepting connections on that socket?
[2024-09-07T13:07:18.626+0000] {logging_mixin.py:188} INFO - Error loading data: connection to server on socket "/var/run/postgresql/.s.PGSQL.54322" failed: No such file or directory
	Is the server running locally and accepting connections on that socket?
[2024-09-07T13:07:18.626+0000] {logging_mixin.py:188} INFO - Error loading data: connection to server on socket "/var/run/postgresql/.s.PGSQL.54322" failed: No such file or directory
	Is the server running locally and accepting connections on that socket?
[2024-09-07T13:07:18.627+0000] {logging_mixin.py:188} INFO - Error loading data: connection to server on socket "/var/run/postgresql/.s.PGSQL.54322" failed: No such file or directory
	Is the server running locally and accepting connections on that socket?
[2024-09-07T13:07:18.627+0000] {logging_mixin.py:188} INFO - Error loading data: connection to server on socket "/var/run/postgresql/.s.PGSQL.54322" failed: No such file or directory
	Is the server running locally and accepting connections on that socket?
[2024-09-07T13:07:18.627+0000] {logging_mixin.py:188} INFO - Error loading data: connection to server on socket "/var/run/postgresql/.s.PGSQL.54322" failed: No such file or directory
	Is the server running locally and accepting connections on that socket?
[2024-09-07T13:07:18.628+0000] {logging_mixin.py:188} INFO - Error loading data: connection to server on socket "/var/run/postgresql/.s.PGSQL.54322" failed: No such file or directory
	Is the server running locally and accepting connections on that socket?
[2024-09-07T13:07:18.628+0000] {logging_mixin.py:188} INFO - Error loading data: connection to server on socket "/var/run/postgresql/.s.PGSQL.54322" failed: No such file or directory
	Is the server running locally and accepting connections on that socket?
[2024-09-07T13:07:18.628+0000] {logging_mixin.py:188} INFO - Error loading data: connection to server on socket "/var/run/postgresql/.s.PGSQL.54322" failed: No such file or directory
	Is the server running locally and accepting connections on that socket?
[2024-09-07T13:07:18.629+0000] {logging_mixin.py:188} INFO - Error loading data: connection to server on socket "/var/run/postgresql/.s.PGSQL.54322" failed: No such file or directory
	Is the server running locally and accepting connections on that socket?
[2024-09-07T13:07:18.629+0000] {logging_mixin.py:188} INFO - Error loading data: connection to server on socket "/var/run/postgresql/.s.PGSQL.54322" failed: No such file or directory
	Is the server running locally and accepting connections on that socket?
[2024-09-07T13:07:18.629+0000] {logging_mixin.py:188} INFO - Error loading data: connection to server on socket "/var/run/postgresql/.s.PGSQL.54322" failed: No such file or directory
	Is the server running locally and accepting connections on that socket?
[2024-09-07T13:07:18.629+0000] {logging_mixin.py:188} INFO - Error loading data: connection to server on socket "/var/run/postgresql/.s.PGSQL.54322" failed: No such file or directory
	Is the server running locally and accepting connections on that socket?
[2024-09-07T13:07:18.630+0000] {logging_mixin.py:188} INFO - Error loading data: connection to server on socket "/var/run/postgresql/.s.PGSQL.54322" failed: No such file or directory
	Is the server running locally and accepting connections on that socket?
[2024-09-07T13:07:18.630+0000] {logging_mixin.py:188} INFO - Error loading data: connection to server on socket "/var/run/postgresql/.s.PGSQL.54322" failed: No such file or directory
	Is the server running locally and accepting connections on that socket?
[2024-09-07T13:07:18.630+0000] {logging_mixin.py:188} INFO - Error loading data: connection to server on socket "/var/run/postgresql/.s.PGSQL.54322" failed: No such file or directory
	Is the server running locally and accepting connections on that socket?
[2024-09-07T13:07:18.631+0000] {logging_mixin.py:188} INFO - Error loading data: connection to server on socket "/var/run/postgresql/.s.PGSQL.54322" failed: No such file or directory
	Is the server running locally and accepting connections on that socket?
[2024-09-07T13:07:18.631+0000] {logging_mixin.py:188} INFO - Error loading data: connection to server on socket "/var/run/postgresql/.s.PGSQL.54322" failed: No such file or directory
	Is the server running locally and accepting connections on that socket?
[2024-09-07T13:07:18.631+0000] {logging_mixin.py:188} INFO - Error loading data: connection to server on socket "/var/run/postgresql/.s.PGSQL.54322" failed: No such file or directory
	Is the server running locally and accepting connections on that socket?
[2024-09-07T13:07:18.632+0000] {logging_mixin.py:188} INFO - Error loading data: connection to server on socket "/var/run/postgresql/.s.PGSQL.54322" failed: No such file or directory
	Is the server running locally and accepting connections on that socket?
[2024-09-07T13:07:18.632+0000] {logging_mixin.py:188} INFO - Error loading data: connection to server on socket "/var/run/postgresql/.s.PGSQL.54322" failed: No such file or directory
	Is the server running locally and accepting connections on that socket?
[2024-09-07T13:07:18.632+0000] {logging_mixin.py:188} INFO - Error loading data: connection to server on socket "/var/run/postgresql/.s.PGSQL.54322" failed: No such file or directory
	Is the server running locally and accepting connections on that socket?
[2024-09-07T13:07:18.632+0000] {logging_mixin.py:188} INFO - Error loading data: connection to server on socket "/var/run/postgresql/.s.PGSQL.54322" failed: No such file or directory
	Is the server running locally and accepting connections on that socket?
[2024-09-07T13:07:18.633+0000] {logging_mixin.py:188} INFO - Error loading data: connection to server on socket "/var/run/postgresql/.s.PGSQL.54322" failed: No such file or directory
	Is the server running locally and accepting connections on that socket?
[2024-09-07T13:07:18.633+0000] {logging_mixin.py:188} INFO - Error loading data: connection to server on socket "/var/run/postgresql/.s.PGSQL.54322" failed: No such file or directory
	Is the server running locally and accepting connections on that socket?
[2024-09-07T13:07:18.633+0000] {logging_mixin.py:188} INFO - Error loading data: connection to server on socket "/var/run/postgresql/.s.PGSQL.54322" failed: No such file or directory
	Is the server running locally and accepting connections on that socket?
[2024-09-07T13:07:18.634+0000] {logging_mixin.py:188} INFO - Error loading data: connection to server on socket "/var/run/postgresql/.s.PGSQL.54322" failed: No such file or directory
	Is the server running locally and accepting connections on that socket?
[2024-09-07T13:07:18.634+0000] {logging_mixin.py:188} INFO - Error loading data: connection to server on socket "/var/run/postgresql/.s.PGSQL.54322" failed: No such file or directory
	Is the server running locally and accepting connections on that socket?
[2024-09-07T13:07:18.634+0000] {logging_mixin.py:188} INFO - Error loading data: connection to server on socket "/var/run/postgresql/.s.PGSQL.54322" failed: No such file or directory
	Is the server running locally and accepting connections on that socket?
[2024-09-07T13:07:18.635+0000] {logging_mixin.py:188} INFO - Error loading data: connection to server on socket "/var/run/postgresql/.s.PGSQL.54322" failed: No such file or directory
	Is the server running locally and accepting connections on that socket?
[2024-09-07T13:07:18.635+0000] {logging_mixin.py:188} INFO - Error loading data: connection to server on socket "/var/run/postgresql/.s.PGSQL.54322" failed: No such file or directory
	Is the server running locally and accepting connections on that socket?
[2024-09-07T13:07:18.635+0000] {logging_mixin.py:188} INFO - Error loading data: connection to server on socket "/var/run/postgresql/.s.PGSQL.54322" failed: No such file or directory
	Is the server running locally and accepting connections on that socket?
[2024-09-07T13:07:18.636+0000] {logging_mixin.py:188} INFO - Error loading data: connection to server on socket "/var/run/postgresql/.s.PGSQL.54322" failed: No such file or directory
	Is the server running locally and accepting connections on that socket?
[2024-09-07T13:07:18.636+0000] {logging_mixin.py:188} INFO - Error loading data: connection to server on socket "/var/run/postgresql/.s.PGSQL.54322" failed: No such file or directory
	Is the server running locally and accepting connections on that socket?
[2024-09-07T13:07:18.636+0000] {logging_mixin.py:188} INFO - Error loading data: connection to server on socket "/var/run/postgresql/.s.PGSQL.54322" failed: No such file or directory
	Is the server running locally and accepting connections on that socket?
[2024-09-07T13:07:18.636+0000] {logging_mixin.py:188} INFO - Error loading data: connection to server on socket "/var/run/postgresql/.s.PGSQL.54322" failed: No such file or directory
	Is the server running locally and accepting connections on that socket?
[2024-09-07T13:07:18.637+0000] {logging_mixin.py:188} INFO - Error loading data: connection to server on socket "/var/run/postgresql/.s.PGSQL.54322" failed: No such file or directory
	Is the server running locally and accepting connections on that socket?
[2024-09-07T13:07:18.637+0000] {logging_mixin.py:188} INFO - Error loading data: connection to server on socket "/var/run/postgresql/.s.PGSQL.54322" failed: No such file or directory
	Is the server running locally and accepting connections on that socket?
[2024-09-07T13:07:18.637+0000] {logging_mixin.py:188} INFO - Error loading data: connection to server on socket "/var/run/postgresql/.s.PGSQL.54322" failed: No such file or directory
	Is the server running locally and accepting connections on that socket?
[2024-09-07T13:07:18.638+0000] {logging_mixin.py:188} INFO - Error loading data: connection to server on socket "/var/run/postgresql/.s.PGSQL.54322" failed: No such file or directory
	Is the server running locally and accepting connections on that socket?
[2024-09-07T13:07:18.638+0000] {logging_mixin.py:188} INFO - Error loading data: connection to server on socket "/var/run/postgresql/.s.PGSQL.54322" failed: No such file or directory
	Is the server running locally and accepting connections on that socket?
[2024-09-07T13:07:18.638+0000] {logging_mixin.py:188} INFO - Error loading data: connection to server on socket "/var/run/postgresql/.s.PGSQL.54322" failed: No such file or directory
	Is the server running locally and accepting connections on that socket?
[2024-09-07T13:07:18.639+0000] {logging_mixin.py:188} INFO - Error loading data: connection to server on socket "/var/run/postgresql/.s.PGSQL.54322" failed: No such file or directory
	Is the server running locally and accepting connections on that socket?
[2024-09-07T13:07:18.639+0000] {logging_mixin.py:188} INFO - Error loading data: connection to server on socket "/var/run/postgresql/.s.PGSQL.54322" failed: No such file or directory
	Is the server running locally and accepting connections on that socket?
[2024-09-07T13:07:18.639+0000] {logging_mixin.py:188} INFO - Error loading data: connection to server on socket "/var/run/postgresql/.s.PGSQL.54322" failed: No such file or directory
	Is the server running locally and accepting connections on that socket?
[2024-09-07T13:07:18.640+0000] {logging_mixin.py:188} INFO - Error loading data: connection to server on socket "/var/run/postgresql/.s.PGSQL.54322" failed: No such file or directory
	Is the server running locally and accepting connections on that socket?
[2024-09-07T13:07:18.640+0000] {logging_mixin.py:188} INFO - Error loading data: connection to server on socket "/var/run/postgresql/.s.PGSQL.54322" failed: No such file or directory
	Is the server running locally and accepting connections on that socket?
[2024-09-07T13:07:18.641+0000] {logging_mixin.py:188} INFO - Error loading data: connection to server on socket "/var/run/postgresql/.s.PGSQL.54322" failed: No such file or directory
	Is the server running locally and accepting connections on that socket?
[2024-09-07T13:07:18.641+0000] {logging_mixin.py:188} INFO - Error loading data: connection to server on socket "/var/run/postgresql/.s.PGSQL.54322" failed: No such file or directory
	Is the server running locally and accepting connections on that socket?
[2024-09-07T13:07:18.642+0000] {logging_mixin.py:188} INFO - Error loading data: connection to server on socket "/var/run/postgresql/.s.PGSQL.54322" failed: No such file or directory
	Is the server running locally and accepting connections on that socket?
[2024-09-07T13:07:18.642+0000] {logging_mixin.py:188} INFO - Error loading data: connection to server on socket "/var/run/postgresql/.s.PGSQL.54322" failed: No such file or directory
	Is the server running locally and accepting connections on that socket?
[2024-09-07T13:07:18.643+0000] {logging_mixin.py:188} INFO - Error loading data: connection to server on socket "/var/run/postgresql/.s.PGSQL.54322" failed: No such file or directory
	Is the server running locally and accepting connections on that socket?
[2024-09-07T13:07:18.643+0000] {logging_mixin.py:188} INFO - Error loading data: connection to server on socket "/var/run/postgresql/.s.PGSQL.54322" failed: No such file or directory
	Is the server running locally and accepting connections on that socket?
[2024-09-07T13:07:18.643+0000] {logging_mixin.py:188} INFO - Error loading data: connection to server on socket "/var/run/postgresql/.s.PGSQL.54322" failed: No such file or directory
	Is the server running locally and accepting connections on that socket?
[2024-09-07T13:07:18.644+0000] {logging_mixin.py:188} INFO - Error loading data: connection to server on socket "/var/run/postgresql/.s.PGSQL.54322" failed: No such file or directory
	Is the server running locally and accepting connections on that socket?
[2024-09-07T13:07:18.644+0000] {logging_mixin.py:188} INFO - Error loading data: connection to server on socket "/var/run/postgresql/.s.PGSQL.54322" failed: No such file or directory
	Is the server running locally and accepting connections on that socket?
[2024-09-07T13:07:18.645+0000] {logging_mixin.py:188} INFO - Error loading data: connection to server on socket "/var/run/postgresql/.s.PGSQL.54322" failed: No such file or directory
	Is the server running locally and accepting connections on that socket?
[2024-09-07T13:07:18.645+0000] {logging_mixin.py:188} INFO - Error loading data: connection to server on socket "/var/run/postgresql/.s.PGSQL.54322" failed: No such file or directory
	Is the server running locally and accepting connections on that socket?
[2024-09-07T13:07:18.645+0000] {logging_mixin.py:188} INFO - Error loading data: connection to server on socket "/var/run/postgresql/.s.PGSQL.54322" failed: No such file or directory
	Is the server running locally and accepting connections on that socket?
[2024-09-07T13:07:18.646+0000] {logging_mixin.py:188} INFO - Error loading data: connection to server on socket "/var/run/postgresql/.s.PGSQL.54322" failed: No such file or directory
	Is the server running locally and accepting connections on that socket?
[2024-09-07T13:07:18.646+0000] {logging_mixin.py:188} INFO - Error loading data: connection to server on socket "/var/run/postgresql/.s.PGSQL.54322" failed: No such file or directory
	Is the server running locally and accepting connections on that socket?
[2024-09-07T13:07:18.646+0000] {logging_mixin.py:188} INFO - Error loading data: connection to server on socket "/var/run/postgresql/.s.PGSQL.54322" failed: No such file or directory
	Is the server running locally and accepting connections on that socket?
[2024-09-07T13:07:18.647+0000] {logging_mixin.py:188} INFO - Error loading data: connection to server on socket "/var/run/postgresql/.s.PGSQL.54322" failed: No such file or directory
	Is the server running locally and accepting connections on that socket?
[2024-09-07T13:07:18.647+0000] {logging_mixin.py:188} INFO - Error loading data: connection to server on socket "/var/run/postgresql/.s.PGSQL.54322" failed: No such file or directory
	Is the server running locally and accepting connections on that socket?
[2024-09-07T13:07:18.648+0000] {logging_mixin.py:188} INFO - Error loading data: connection to server on socket "/var/run/postgresql/.s.PGSQL.54322" failed: No such file or directory
	Is the server running locally and accepting connections on that socket?
[2024-09-07T13:07:18.648+0000] {logging_mixin.py:188} INFO - Error loading data: connection to server on socket "/var/run/postgresql/.s.PGSQL.54322" failed: No such file or directory
	Is the server running locally and accepting connections on that socket?
[2024-09-07T13:07:18.648+0000] {logging_mixin.py:188} INFO - Error loading data: connection to server on socket "/var/run/postgresql/.s.PGSQL.54322" failed: No such file or directory
	Is the server running locally and accepting connections on that socket?
[2024-09-07T13:07:18.649+0000] {logging_mixin.py:188} INFO - Error loading data: connection to server on socket "/var/run/postgresql/.s.PGSQL.54322" failed: No such file or directory
	Is the server running locally and accepting connections on that socket?
[2024-09-07T13:07:18.649+0000] {logging_mixin.py:188} INFO - Error loading data: connection to server on socket "/var/run/postgresql/.s.PGSQL.54322" failed: No such file or directory
	Is the server running locally and accepting connections on that socket?
[2024-09-07T13:07:18.649+0000] {logging_mixin.py:188} INFO - Error loading data: connection to server on socket "/var/run/postgresql/.s.PGSQL.54322" failed: No such file or directory
	Is the server running locally and accepting connections on that socket?
[2024-09-07T13:07:18.650+0000] {logging_mixin.py:188} INFO - Error loading data: connection to server on socket "/var/run/postgresql/.s.PGSQL.54322" failed: No such file or directory
	Is the server running locally and accepting connections on that socket?
[2024-09-07T13:07:18.650+0000] {logging_mixin.py:188} INFO - Error loading data: connection to server on socket "/var/run/postgresql/.s.PGSQL.54322" failed: No such file or directory
	Is the server running locally and accepting connections on that socket?
[2024-09-07T13:07:18.650+0000] {logging_mixin.py:188} INFO - Error loading data: connection to server on socket "/var/run/postgresql/.s.PGSQL.54322" failed: No such file or directory
	Is the server running locally and accepting connections on that socket?
[2024-09-07T13:07:18.651+0000] {logging_mixin.py:188} INFO - Error loading data: connection to server on socket "/var/run/postgresql/.s.PGSQL.54322" failed: No such file or directory
	Is the server running locally and accepting connections on that socket?
[2024-09-07T13:07:18.651+0000] {logging_mixin.py:188} INFO - Error loading data: connection to server on socket "/var/run/postgresql/.s.PGSQL.54322" failed: No such file or directory
	Is the server running locally and accepting connections on that socket?
[2024-09-07T13:07:18.651+0000] {logging_mixin.py:188} INFO - Error loading data: connection to server on socket "/var/run/postgresql/.s.PGSQL.54322" failed: No such file or directory
	Is the server running locally and accepting connections on that socket?
[2024-09-07T13:07:18.652+0000] {logging_mixin.py:188} INFO - Error loading data: connection to server on socket "/var/run/postgresql/.s.PGSQL.54322" failed: No such file or directory
	Is the server running locally and accepting connections on that socket?
[2024-09-07T13:07:18.652+0000] {logging_mixin.py:188} INFO - Error loading data: connection to server on socket "/var/run/postgresql/.s.PGSQL.54322" failed: No such file or directory
	Is the server running locally and accepting connections on that socket?
[2024-09-07T13:07:18.653+0000] {logging_mixin.py:188} INFO - Error loading data: connection to server on socket "/var/run/postgresql/.s.PGSQL.54322" failed: No such file or directory
	Is the server running locally and accepting connections on that socket?
[2024-09-07T13:07:18.653+0000] {logging_mixin.py:188} INFO - Error loading data: connection to server on socket "/var/run/postgresql/.s.PGSQL.54322" failed: No such file or directory
	Is the server running locally and accepting connections on that socket?
[2024-09-07T13:07:18.653+0000] {logging_mixin.py:188} INFO - Error loading data: connection to server on socket "/var/run/postgresql/.s.PGSQL.54322" failed: No such file or directory
	Is the server running locally and accepting connections on that socket?
[2024-09-07T13:07:18.654+0000] {logging_mixin.py:188} INFO - Error loading data: connection to server on socket "/var/run/postgresql/.s.PGSQL.54322" failed: No such file or directory
	Is the server running locally and accepting connections on that socket?
[2024-09-07T13:07:18.654+0000] {logging_mixin.py:188} INFO - Error loading data: connection to server on socket "/var/run/postgresql/.s.PGSQL.54322" failed: No such file or directory
	Is the server running locally and accepting connections on that socket?
[2024-09-07T13:07:18.655+0000] {logging_mixin.py:188} INFO - Error loading data: connection to server on socket "/var/run/postgresql/.s.PGSQL.54322" failed: No such file or directory
	Is the server running locally and accepting connections on that socket?
[2024-09-07T13:07:18.655+0000] {logging_mixin.py:188} INFO - Error loading data: connection to server on socket "/var/run/postgresql/.s.PGSQL.54322" failed: No such file or directory
	Is the server running locally and accepting connections on that socket?
[2024-09-07T13:07:18.655+0000] {logging_mixin.py:188} INFO - Error loading data: connection to server on socket "/var/run/postgresql/.s.PGSQL.54322" failed: No such file or directory
	Is the server running locally and accepting connections on that socket?
[2024-09-07T13:07:18.656+0000] {logging_mixin.py:188} INFO - Error loading data: connection to server on socket "/var/run/postgresql/.s.PGSQL.54322" failed: No such file or directory
	Is the server running locally and accepting connections on that socket?
[2024-09-07T13:07:18.656+0000] {logging_mixin.py:188} INFO - Error loading data: connection to server on socket "/var/run/postgresql/.s.PGSQL.54322" failed: No such file or directory
	Is the server running locally and accepting connections on that socket?
[2024-09-07T13:07:18.657+0000] {logging_mixin.py:188} INFO - Error loading data: connection to server on socket "/var/run/postgresql/.s.PGSQL.54322" failed: No such file or directory
	Is the server running locally and accepting connections on that socket?
[2024-09-07T13:07:18.657+0000] {logging_mixin.py:188} INFO - Error loading data: connection to server on socket "/var/run/postgresql/.s.PGSQL.54322" failed: No such file or directory
	Is the server running locally and accepting connections on that socket?
[2024-09-07T13:07:18.657+0000] {logging_mixin.py:188} INFO - Error loading data: connection to server on socket "/var/run/postgresql/.s.PGSQL.54322" failed: No such file or directory
	Is the server running locally and accepting connections on that socket?
[2024-09-07T13:07:18.658+0000] {logging_mixin.py:188} INFO - Error loading data: connection to server on socket "/var/run/postgresql/.s.PGSQL.54322" failed: No such file or directory
	Is the server running locally and accepting connections on that socket?
[2024-09-07T13:07:18.658+0000] {logging_mixin.py:188} INFO - Error loading data: connection to server on socket "/var/run/postgresql/.s.PGSQL.54322" failed: No such file or directory
	Is the server running locally and accepting connections on that socket?
[2024-09-07T13:07:18.659+0000] {logging_mixin.py:188} INFO - Error loading data: connection to server on socket "/var/run/postgresql/.s.PGSQL.54322" failed: No such file or directory
	Is the server running locally and accepting connections on that socket?
[2024-09-07T13:07:18.659+0000] {logging_mixin.py:188} INFO - Error loading data: connection to server on socket "/var/run/postgresql/.s.PGSQL.54322" failed: No such file or directory
	Is the server running locally and accepting connections on that socket?
[2024-09-07T13:07:18.660+0000] {logging_mixin.py:188} INFO - Error loading data: connection to server on socket "/var/run/postgresql/.s.PGSQL.54322" failed: No such file or directory
	Is the server running locally and accepting connections on that socket?
[2024-09-07T13:07:18.660+0000] {logging_mixin.py:188} INFO - Error loading data: connection to server on socket "/var/run/postgresql/.s.PGSQL.54322" failed: No such file or directory
	Is the server running locally and accepting connections on that socket?
[2024-09-07T13:07:18.660+0000] {logging_mixin.py:188} INFO - Error loading data: connection to server on socket "/var/run/postgresql/.s.PGSQL.54322" failed: No such file or directory
	Is the server running locally and accepting connections on that socket?
[2024-09-07T13:07:18.661+0000] {logging_mixin.py:188} INFO - Error loading data: connection to server on socket "/var/run/postgresql/.s.PGSQL.54322" failed: No such file or directory
	Is the server running locally and accepting connections on that socket?
[2024-09-07T13:07:18.661+0000] {logging_mixin.py:188} INFO - Error loading data: connection to server on socket "/var/run/postgresql/.s.PGSQL.54322" failed: No such file or directory
	Is the server running locally and accepting connections on that socket?
[2024-09-07T13:07:18.661+0000] {logging_mixin.py:188} INFO - Error loading data: connection to server on socket "/var/run/postgresql/.s.PGSQL.54322" failed: No such file or directory
	Is the server running locally and accepting connections on that socket?
[2024-09-07T13:07:18.662+0000] {logging_mixin.py:188} INFO - Error loading data: connection to server on socket "/var/run/postgresql/.s.PGSQL.54322" failed: No such file or directory
	Is the server running locally and accepting connections on that socket?
[2024-09-07T13:07:18.662+0000] {logging_mixin.py:188} INFO - Error loading data: connection to server on socket "/var/run/postgresql/.s.PGSQL.54322" failed: No such file or directory
	Is the server running locally and accepting connections on that socket?
[2024-09-07T13:07:18.662+0000] {logging_mixin.py:188} INFO - Error loading data: connection to server on socket "/var/run/postgresql/.s.PGSQL.54322" failed: No such file or directory
	Is the server running locally and accepting connections on that socket?
[2024-09-07T13:07:18.663+0000] {logging_mixin.py:188} INFO - Error loading data: connection to server on socket "/var/run/postgresql/.s.PGSQL.54322" failed: No such file or directory
	Is the server running locally and accepting connections on that socket?
[2024-09-07T13:07:18.663+0000] {logging_mixin.py:188} INFO - Error loading data: connection to server on socket "/var/run/postgresql/.s.PGSQL.54322" failed: No such file or directory
	Is the server running locally and accepting connections on that socket?
[2024-09-07T13:07:18.663+0000] {logging_mixin.py:188} INFO - Error loading data: connection to server on socket "/var/run/postgresql/.s.PGSQL.54322" failed: No such file or directory
	Is the server running locally and accepting connections on that socket?
[2024-09-07T13:07:18.664+0000] {logging_mixin.py:188} INFO - Error loading data: connection to server on socket "/var/run/postgresql/.s.PGSQL.54322" failed: No such file or directory
	Is the server running locally and accepting connections on that socket?
[2024-09-07T13:07:18.664+0000] {logging_mixin.py:188} INFO - Error loading data: connection to server on socket "/var/run/postgresql/.s.PGSQL.54322" failed: No such file or directory
	Is the server running locally and accepting connections on that socket?
[2024-09-07T13:07:18.664+0000] {logging_mixin.py:188} INFO - Error loading data: connection to server on socket "/var/run/postgresql/.s.PGSQL.54322" failed: No such file or directory
	Is the server running locally and accepting connections on that socket?
[2024-09-07T13:07:18.665+0000] {logging_mixin.py:188} INFO - Error loading data: connection to server on socket "/var/run/postgresql/.s.PGSQL.54322" failed: No such file or directory
	Is the server running locally and accepting connections on that socket?
[2024-09-07T13:07:18.665+0000] {logging_mixin.py:188} INFO - Error loading data: connection to server on socket "/var/run/postgresql/.s.PGSQL.54322" failed: No such file or directory
	Is the server running locally and accepting connections on that socket?
[2024-09-07T13:07:18.665+0000] {logging_mixin.py:188} INFO - Error loading data: connection to server on socket "/var/run/postgresql/.s.PGSQL.54322" failed: No such file or directory
	Is the server running locally and accepting connections on that socket?
[2024-09-07T13:07:18.666+0000] {logging_mixin.py:188} INFO - Error loading data: connection to server on socket "/var/run/postgresql/.s.PGSQL.54322" failed: No such file or directory
	Is the server running locally and accepting connections on that socket?
[2024-09-07T13:07:18.666+0000] {logging_mixin.py:188} INFO - Error loading data: connection to server on socket "/var/run/postgresql/.s.PGSQL.54322" failed: No such file or directory
	Is the server running locally and accepting connections on that socket?
[2024-09-07T13:07:18.666+0000] {python.py:237} INFO - Done. Returned value was: None
[2024-09-07T13:07:18.667+0000] {taskinstance.py:441} INFO - ::group::Post task execution logs
[2024-09-07T13:07:18.686+0000] {taskinstance.py:1205} INFO - Marking task as SUCCESS. dag_id=reddit_etl, task_id=load_data_to_warehouse, execution_date=20240907T130714, start_date=20240907T130718, end_date=20240907T130718
[2024-09-07T13:07:18.739+0000] {local_task_job_runner.py:240} INFO - Task exited with return code 0
[2024-09-07T13:07:18.767+0000] {taskinstance.py:3482} INFO - 0 downstream tasks scheduled from follow-on schedule check
[2024-09-07T13:07:18.769+0000] {local_task_job_runner.py:222} INFO - ::endgroup::
