[2024-09-07T13:22:45.605+0000] {local_task_job_runner.py:120} INFO - ::group::Pre task execution logs
[2024-09-07T13:22:45.648+0000] {taskinstance.py:2073} INFO - Dependencies all met for dep_context=non-requeueable deps ti=<TaskInstance: reddit_etl.load_data_to_warehouse manual__2024-09-07T13:22:42.874648+00:00 [queued]>
[2024-09-07T13:22:45.656+0000] {taskinstance.py:2073} INFO - Dependencies all met for dep_context=requeueable deps ti=<TaskInstance: reddit_etl.load_data_to_warehouse manual__2024-09-07T13:22:42.874648+00:00 [queued]>
[2024-09-07T13:22:45.656+0000] {taskinstance.py:2303} INFO - Starting attempt 1 of 2
[2024-09-07T13:22:45.671+0000] {taskinstance.py:2327} INFO - Executing <Task(PythonOperator): load_data_to_warehouse> on 2024-09-07 13:22:42.874648+00:00
[2024-09-07T13:22:45.681+0000] {logging_mixin.py:188} WARNING - /home/airflow/.local/lib/python3.12/site-packages/airflow/task/task_runner/standard_task_runner.py:61 DeprecationWarning: This process (pid=2510) is multi-threaded, use of fork() may lead to deadlocks in the child.
[2024-09-07T13:22:45.682+0000] {standard_task_runner.py:63} INFO - Started process 2511 to run task
[2024-09-07T13:22:45.681+0000] {standard_task_runner.py:90} INFO - Running: ['airflow', 'tasks', 'run', 'reddit_etl', 'load_data_to_warehouse', 'manual__2024-09-07T13:22:42.874648+00:00', '--job-id', '653', '--raw', '--subdir', 'DAGS_FOLDER/reddit.py', '--cfg-path', '/tmp/tmpdhdj0eem']
[2024-09-07T13:22:45.683+0000] {standard_task_runner.py:91} INFO - Job 653: Subtask load_data_to_warehouse
[2024-09-07T13:22:45.746+0000] {task_command.py:426} INFO - Running <TaskInstance: reddit_etl.load_data_to_warehouse manual__2024-09-07T13:22:42.874648+00:00 [running]> on host 42d604ea5ce6
[2024-09-07T13:22:45.866+0000] {taskinstance.py:2644} INFO - Exporting env vars: AIRFLOW_CTX_DAG_OWNER='reddithackathon' AIRFLOW_CTX_DAG_ID='reddit_etl' AIRFLOW_CTX_TASK_ID='load_data_to_warehouse' AIRFLOW_CTX_EXECUTION_DATE='2024-09-07T13:22:42.874648+00:00' AIRFLOW_CTX_TRY_NUMBER='1' AIRFLOW_CTX_DAG_RUN_ID='manual__2024-09-07T13:22:42.874648+00:00'
[2024-09-07T13:22:45.867+0000] {taskinstance.py:430} INFO - ::endgroup::
[2024-09-07T13:22:45.916+0000] {logging_mixin.py:188} INFO - Error loading data: not all arguments converted during string formatting
[2024-09-07T13:22:45.929+0000] {logging_mixin.py:188} INFO - Error loading data: not all arguments converted during string formatting
[2024-09-07T13:22:45.940+0000] {logging_mixin.py:188} INFO - Error loading data: not all arguments converted during string formatting
[2024-09-07T13:22:45.952+0000] {logging_mixin.py:188} INFO - Error loading data: not all arguments converted during string formatting
[2024-09-07T13:22:45.963+0000] {logging_mixin.py:188} INFO - Error loading data: not all arguments converted during string formatting
[2024-09-07T13:22:45.973+0000] {logging_mixin.py:188} INFO - Error loading data: not all arguments converted during string formatting
[2024-09-07T13:22:45.984+0000] {logging_mixin.py:188} INFO - Error loading data: not all arguments converted during string formatting
[2024-09-07T13:22:45.996+0000] {logging_mixin.py:188} INFO - Error loading data: not all arguments converted during string formatting
[2024-09-07T13:22:46.006+0000] {logging_mixin.py:188} INFO - Error loading data: not all arguments converted during string formatting
[2024-09-07T13:22:46.017+0000] {logging_mixin.py:188} INFO - Error loading data: not all arguments converted during string formatting
[2024-09-07T13:22:46.029+0000] {logging_mixin.py:188} INFO - Error loading data: not all arguments converted during string formatting
[2024-09-07T13:22:46.039+0000] {logging_mixin.py:188} INFO - Error loading data: not all arguments converted during string formatting
[2024-09-07T13:22:46.050+0000] {logging_mixin.py:188} INFO - Error loading data: not all arguments converted during string formatting
[2024-09-07T13:22:46.061+0000] {logging_mixin.py:188} INFO - Error loading data: not all arguments converted during string formatting
[2024-09-07T13:22:46.071+0000] {logging_mixin.py:188} INFO - Error loading data: not all arguments converted during string formatting
[2024-09-07T13:22:46.082+0000] {logging_mixin.py:188} INFO - Error loading data: not all arguments converted during string formatting
[2024-09-07T13:22:46.091+0000] {logging_mixin.py:188} INFO - Error loading data: not all arguments converted during string formatting
[2024-09-07T13:22:46.102+0000] {logging_mixin.py:188} INFO - Error loading data: not all arguments converted during string formatting
[2024-09-07T13:22:46.114+0000] {logging_mixin.py:188} INFO - Error loading data: not all arguments converted during string formatting
[2024-09-07T13:22:46.127+0000] {logging_mixin.py:188} INFO - Error loading data: not all arguments converted during string formatting
[2024-09-07T13:22:46.140+0000] {logging_mixin.py:188} INFO - Error loading data: not all arguments converted during string formatting
[2024-09-07T13:22:46.154+0000] {logging_mixin.py:188} INFO - Error loading data: not all arguments converted during string formatting
[2024-09-07T13:22:46.168+0000] {logging_mixin.py:188} INFO - Error loading data: not all arguments converted during string formatting
[2024-09-07T13:22:46.184+0000] {logging_mixin.py:188} INFO - Error loading data: not all arguments converted during string formatting
[2024-09-07T13:22:46.199+0000] {logging_mixin.py:188} INFO - Error loading data: not all arguments converted during string formatting
[2024-09-07T13:22:46.215+0000] {logging_mixin.py:188} INFO - Error loading data: not all arguments converted during string formatting
[2024-09-07T13:22:46.229+0000] {logging_mixin.py:188} INFO - Error loading data: not all arguments converted during string formatting
[2024-09-07T13:22:46.239+0000] {logging_mixin.py:188} INFO - Error loading data: not all arguments converted during string formatting
[2024-09-07T13:22:46.251+0000] {logging_mixin.py:188} INFO - Error loading data: not all arguments converted during string formatting
[2024-09-07T13:22:46.262+0000] {logging_mixin.py:188} INFO - Error loading data: not all arguments converted during string formatting
[2024-09-07T13:22:46.272+0000] {logging_mixin.py:188} INFO - Error loading data: not all arguments converted during string formatting
[2024-09-07T13:22:46.284+0000] {logging_mixin.py:188} INFO - Error loading data: not all arguments converted during string formatting
[2024-09-07T13:22:46.296+0000] {logging_mixin.py:188} INFO - Error loading data: not all arguments converted during string formatting
[2024-09-07T13:22:46.306+0000] {logging_mixin.py:188} INFO - Error loading data: not all arguments converted during string formatting
[2024-09-07T13:22:46.317+0000] {logging_mixin.py:188} INFO - Error loading data: not all arguments converted during string formatting
[2024-09-07T13:22:46.328+0000] {logging_mixin.py:188} INFO - Error loading data: not all arguments converted during string formatting
[2024-09-07T13:22:46.338+0000] {logging_mixin.py:188} INFO - Error loading data: not all arguments converted during string formatting
[2024-09-07T13:22:46.349+0000] {logging_mixin.py:188} INFO - Error loading data: not all arguments converted during string formatting
[2024-09-07T13:22:46.360+0000] {logging_mixin.py:188} INFO - Error loading data: not all arguments converted during string formatting
[2024-09-07T13:22:46.370+0000] {logging_mixin.py:188} INFO - Error loading data: not all arguments converted during string formatting
[2024-09-07T13:22:46.382+0000] {logging_mixin.py:188} INFO - Error loading data: not all arguments converted during string formatting
[2024-09-07T13:22:46.394+0000] {logging_mixin.py:188} INFO - Error loading data: not all arguments converted during string formatting
[2024-09-07T13:22:46.404+0000] {logging_mixin.py:188} INFO - Error loading data: not all arguments converted during string formatting
[2024-09-07T13:22:46.415+0000] {logging_mixin.py:188} INFO - Error loading data: not all arguments converted during string formatting
[2024-09-07T13:22:46.425+0000] {logging_mixin.py:188} INFO - Error loading data: not all arguments converted during string formatting
[2024-09-07T13:22:46.436+0000] {logging_mixin.py:188} INFO - Error loading data: not all arguments converted during string formatting
[2024-09-07T13:22:46.447+0000] {logging_mixin.py:188} INFO - Error loading data: not all arguments converted during string formatting
[2024-09-07T13:22:46.458+0000] {logging_mixin.py:188} INFO - Error loading data: not all arguments converted during string formatting
[2024-09-07T13:22:46.469+0000] {logging_mixin.py:188} INFO - Error loading data: not all arguments converted during string formatting
[2024-09-07T13:22:46.481+0000] {logging_mixin.py:188} INFO - Error loading data: not all arguments converted during string formatting
[2024-09-07T13:22:46.491+0000] {logging_mixin.py:188} INFO - Error loading data: not all arguments converted during string formatting
[2024-09-07T13:22:46.503+0000] {logging_mixin.py:188} INFO - Error loading data: not all arguments converted during string formatting
[2024-09-07T13:22:46.515+0000] {logging_mixin.py:188} INFO - Error loading data: not all arguments converted during string formatting
[2024-09-07T13:22:46.525+0000] {logging_mixin.py:188} INFO - Error loading data: not all arguments converted during string formatting
[2024-09-07T13:22:46.536+0000] {logging_mixin.py:188} INFO - Error loading data: not all arguments converted during string formatting
[2024-09-07T13:22:46.547+0000] {logging_mixin.py:188} INFO - Error loading data: not all arguments converted during string formatting
[2024-09-07T13:22:46.558+0000] {logging_mixin.py:188} INFO - Error loading data: not all arguments converted during string formatting
[2024-09-07T13:22:46.569+0000] {logging_mixin.py:188} INFO - Error loading data: not all arguments converted during string formatting
[2024-09-07T13:22:46.581+0000] {logging_mixin.py:188} INFO - Error loading data: not all arguments converted during string formatting
[2024-09-07T13:22:46.591+0000] {logging_mixin.py:188} INFO - Error loading data: not all arguments converted during string formatting
[2024-09-07T13:22:46.603+0000] {logging_mixin.py:188} INFO - Error loading data: not all arguments converted during string formatting
[2024-09-07T13:22:46.614+0000] {logging_mixin.py:188} INFO - Error loading data: not all arguments converted during string formatting
[2024-09-07T13:22:46.623+0000] {logging_mixin.py:188} INFO - Error loading data: not all arguments converted during string formatting
[2024-09-07T13:22:46.635+0000] {logging_mixin.py:188} INFO - Error loading data: not all arguments converted during string formatting
[2024-09-07T13:22:46.647+0000] {logging_mixin.py:188} INFO - Error loading data: not all arguments converted during string formatting
[2024-09-07T13:22:46.657+0000] {logging_mixin.py:188} INFO - Error loading data: not all arguments converted during string formatting
[2024-09-07T13:22:46.669+0000] {logging_mixin.py:188} INFO - Error loading data: not all arguments converted during string formatting
[2024-09-07T13:22:46.680+0000] {logging_mixin.py:188} INFO - Error loading data: not all arguments converted during string formatting
[2024-09-07T13:22:46.690+0000] {logging_mixin.py:188} INFO - Error loading data: not all arguments converted during string formatting
[2024-09-07T13:22:46.703+0000] {logging_mixin.py:188} INFO - Error loading data: not all arguments converted during string formatting
[2024-09-07T13:22:46.716+0000] {logging_mixin.py:188} INFO - Error loading data: not all arguments converted during string formatting
[2024-09-07T13:22:46.730+0000] {logging_mixin.py:188} INFO - Error loading data: not all arguments converted during string formatting
[2024-09-07T13:22:46.743+0000] {logging_mixin.py:188} INFO - Error loading data: not all arguments converted during string formatting
[2024-09-07T13:22:46.759+0000] {logging_mixin.py:188} INFO - Error loading data: not all arguments converted during string formatting
[2024-09-07T13:22:46.773+0000] {logging_mixin.py:188} INFO - Error loading data: not all arguments converted during string formatting
[2024-09-07T13:22:46.785+0000] {logging_mixin.py:188} INFO - Error loading data: not all arguments converted during string formatting
[2024-09-07T13:22:46.797+0000] {logging_mixin.py:188} INFO - Error loading data: not all arguments converted during string formatting
[2024-09-07T13:22:46.807+0000] {logging_mixin.py:188} INFO - Error loading data: not all arguments converted during string formatting
[2024-09-07T13:22:46.820+0000] {logging_mixin.py:188} INFO - Error loading data: not all arguments converted during string formatting
[2024-09-07T13:22:46.832+0000] {logging_mixin.py:188} INFO - Error loading data: not all arguments converted during string formatting
[2024-09-07T13:22:46.844+0000] {logging_mixin.py:188} INFO - Error loading data: not all arguments converted during string formatting
[2024-09-07T13:22:46.855+0000] {logging_mixin.py:188} INFO - Error loading data: not all arguments converted during string formatting
[2024-09-07T13:22:46.867+0000] {logging_mixin.py:188} INFO - Error loading data: not all arguments converted during string formatting
[2024-09-07T13:22:46.879+0000] {logging_mixin.py:188} INFO - Error loading data: not all arguments converted during string formatting
[2024-09-07T13:22:46.890+0000] {logging_mixin.py:188} INFO - Error loading data: not all arguments converted during string formatting
[2024-09-07T13:22:46.902+0000] {logging_mixin.py:188} INFO - Error loading data: not all arguments converted during string formatting
[2024-09-07T13:22:46.914+0000] {logging_mixin.py:188} INFO - Error loading data: not all arguments converted during string formatting
[2024-09-07T13:22:46.924+0000] {logging_mixin.py:188} INFO - Error loading data: not all arguments converted during string formatting
[2024-09-07T13:22:46.936+0000] {logging_mixin.py:188} INFO - Error loading data: not all arguments converted during string formatting
[2024-09-07T13:22:46.948+0000] {logging_mixin.py:188} INFO - Error loading data: not all arguments converted during string formatting
[2024-09-07T13:22:46.961+0000] {logging_mixin.py:188} INFO - Error loading data: not all arguments converted during string formatting
[2024-09-07T13:22:46.972+0000] {logging_mixin.py:188} INFO - Error loading data: not all arguments converted during string formatting
[2024-09-07T13:22:46.984+0000] {logging_mixin.py:188} INFO - Error loading data: not all arguments converted during string formatting
[2024-09-07T13:22:46.995+0000] {logging_mixin.py:188} INFO - Error loading data: not all arguments converted during string formatting
[2024-09-07T13:22:47.005+0000] {logging_mixin.py:188} INFO - Error loading data: not all arguments converted during string formatting
[2024-09-07T13:22:47.017+0000] {logging_mixin.py:188} INFO - Error loading data: not all arguments converted during string formatting
[2024-09-07T13:22:47.028+0000] {logging_mixin.py:188} INFO - Error loading data: not all arguments converted during string formatting
[2024-09-07T13:22:47.038+0000] {logging_mixin.py:188} INFO - Error loading data: not all arguments converted during string formatting
[2024-09-07T13:22:47.050+0000] {logging_mixin.py:188} INFO - Error loading data: not all arguments converted during string formatting
[2024-09-07T13:22:47.060+0000] {logging_mixin.py:188} INFO - Error loading data: not all arguments converted during string formatting
[2024-09-07T13:22:47.071+0000] {logging_mixin.py:188} INFO - Error loading data: not all arguments converted during string formatting
[2024-09-07T13:22:47.081+0000] {logging_mixin.py:188} INFO - Error loading data: not all arguments converted during string formatting
[2024-09-07T13:22:47.092+0000] {logging_mixin.py:188} INFO - Error loading data: not all arguments converted during string formatting
[2024-09-07T13:22:47.104+0000] {logging_mixin.py:188} INFO - Error loading data: not all arguments converted during string formatting
[2024-09-07T13:22:47.116+0000] {logging_mixin.py:188} INFO - Error loading data: not all arguments converted during string formatting
[2024-09-07T13:22:47.127+0000] {logging_mixin.py:188} INFO - Error loading data: not all arguments converted during string formatting
[2024-09-07T13:22:47.138+0000] {logging_mixin.py:188} INFO - Error loading data: not all arguments converted during string formatting
[2024-09-07T13:22:47.150+0000] {logging_mixin.py:188} INFO - Error loading data: not all arguments converted during string formatting
[2024-09-07T13:22:47.160+0000] {logging_mixin.py:188} INFO - Error loading data: not all arguments converted during string formatting
[2024-09-07T13:22:47.170+0000] {logging_mixin.py:188} INFO - Error loading data: not all arguments converted during string formatting
[2024-09-07T13:22:47.182+0000] {logging_mixin.py:188} INFO - Error loading data: not all arguments converted during string formatting
[2024-09-07T13:22:47.192+0000] {logging_mixin.py:188} INFO - Error loading data: not all arguments converted during string formatting
[2024-09-07T13:22:47.203+0000] {logging_mixin.py:188} INFO - Error loading data: not all arguments converted during string formatting
[2024-09-07T13:22:47.215+0000] {logging_mixin.py:188} INFO - Error loading data: not all arguments converted during string formatting
[2024-09-07T13:22:47.224+0000] {logging_mixin.py:188} INFO - Error loading data: not all arguments converted during string formatting
[2024-09-07T13:22:47.236+0000] {logging_mixin.py:188} INFO - Error loading data: not all arguments converted during string formatting
[2024-09-07T13:22:47.248+0000] {logging_mixin.py:188} INFO - Error loading data: not all arguments converted during string formatting
[2024-09-07T13:22:47.258+0000] {logging_mixin.py:188} INFO - Error loading data: not all arguments converted during string formatting
[2024-09-07T13:22:47.269+0000] {logging_mixin.py:188} INFO - Error loading data: not all arguments converted during string formatting
[2024-09-07T13:22:47.281+0000] {logging_mixin.py:188} INFO - Error loading data: not all arguments converted during string formatting
[2024-09-07T13:22:47.291+0000] {logging_mixin.py:188} INFO - Error loading data: not all arguments converted during string formatting
[2024-09-07T13:22:47.303+0000] {logging_mixin.py:188} INFO - Error loading data: not all arguments converted during string formatting
[2024-09-07T13:22:47.315+0000] {logging_mixin.py:188} INFO - Error loading data: not all arguments converted during string formatting
[2024-09-07T13:22:47.324+0000] {logging_mixin.py:188} INFO - Error loading data: not all arguments converted during string formatting
[2024-09-07T13:22:47.335+0000] {logging_mixin.py:188} INFO - Error loading data: not all arguments converted during string formatting
[2024-09-07T13:22:47.348+0000] {logging_mixin.py:188} INFO - Error loading data: not all arguments converted during string formatting
[2024-09-07T13:22:47.358+0000] {logging_mixin.py:188} INFO - Error loading data: not all arguments converted during string formatting
[2024-09-07T13:22:47.369+0000] {logging_mixin.py:188} INFO - Error loading data: not all arguments converted during string formatting
[2024-09-07T13:22:47.380+0000] {logging_mixin.py:188} INFO - Error loading data: not all arguments converted during string formatting
[2024-09-07T13:22:47.390+0000] {logging_mixin.py:188} INFO - Error loading data: not all arguments converted during string formatting
[2024-09-07T13:22:47.401+0000] {logging_mixin.py:188} INFO - Error loading data: not all arguments converted during string formatting
[2024-09-07T13:22:47.413+0000] {logging_mixin.py:188} INFO - Error loading data: not all arguments converted during string formatting
[2024-09-07T13:22:47.422+0000] {logging_mixin.py:188} INFO - Error loading data: not all arguments converted during string formatting
[2024-09-07T13:22:47.434+0000] {logging_mixin.py:188} INFO - Error loading data: not all arguments converted during string formatting
[2024-09-07T13:22:47.445+0000] {logging_mixin.py:188} INFO - Error loading data: not all arguments converted during string formatting
[2024-09-07T13:22:47.455+0000] {logging_mixin.py:188} INFO - Error loading data: not all arguments converted during string formatting
[2024-09-07T13:22:47.466+0000] {logging_mixin.py:188} INFO - Error loading data: not all arguments converted during string formatting
[2024-09-07T13:22:47.476+0000] {logging_mixin.py:188} INFO - Error loading data: not all arguments converted during string formatting
[2024-09-07T13:22:47.486+0000] {logging_mixin.py:188} INFO - Error loading data: not all arguments converted during string formatting
[2024-09-07T13:22:47.497+0000] {logging_mixin.py:188} INFO - Error loading data: not all arguments converted during string formatting
[2024-09-07T13:22:47.507+0000] {logging_mixin.py:188} INFO - Error loading data: not all arguments converted during string formatting
[2024-09-07T13:22:47.519+0000] {logging_mixin.py:188} INFO - Error loading data: not all arguments converted during string formatting
[2024-09-07T13:22:47.531+0000] {logging_mixin.py:188} INFO - Error loading data: not all arguments converted during string formatting
[2024-09-07T13:22:47.540+0000] {logging_mixin.py:188} INFO - Error loading data: not all arguments converted during string formatting
[2024-09-07T13:22:47.552+0000] {logging_mixin.py:188} INFO - Error loading data: not all arguments converted during string formatting
[2024-09-07T13:22:47.564+0000] {logging_mixin.py:188} INFO - Error loading data: not all arguments converted during string formatting
[2024-09-07T13:22:47.573+0000] {logging_mixin.py:188} INFO - Error loading data: not all arguments converted during string formatting
[2024-09-07T13:22:47.584+0000] {logging_mixin.py:188} INFO - Error loading data: not all arguments converted during string formatting
[2024-09-07T13:22:47.596+0000] {logging_mixin.py:188} INFO - Error loading data: not all arguments converted during string formatting
[2024-09-07T13:22:47.606+0000] {logging_mixin.py:188} INFO - Error loading data: not all arguments converted during string formatting
[2024-09-07T13:22:47.617+0000] {logging_mixin.py:188} INFO - Error loading data: not all arguments converted during string formatting
[2024-09-07T13:22:47.629+0000] {logging_mixin.py:188} INFO - Error loading data: not all arguments converted during string formatting
[2024-09-07T13:22:47.641+0000] {logging_mixin.py:188} INFO - Error loading data: not all arguments converted during string formatting
[2024-09-07T13:22:47.654+0000] {logging_mixin.py:188} INFO - Error loading data: not all arguments converted during string formatting
[2024-09-07T13:22:47.666+0000] {logging_mixin.py:188} INFO - Error loading data: not all arguments converted during string formatting
[2024-09-07T13:22:47.678+0000] {logging_mixin.py:188} INFO - Error loading data: not all arguments converted during string formatting
[2024-09-07T13:22:47.689+0000] {logging_mixin.py:188} INFO - Error loading data: not all arguments converted during string formatting
[2024-09-07T13:22:47.702+0000] {logging_mixin.py:188} INFO - Error loading data: not all arguments converted during string formatting
[2024-09-07T13:22:47.714+0000] {logging_mixin.py:188} INFO - Error loading data: not all arguments converted during string formatting
[2024-09-07T13:22:47.725+0000] {logging_mixin.py:188} INFO - Error loading data: not all arguments converted during string formatting
[2024-09-07T13:22:47.737+0000] {logging_mixin.py:188} INFO - Error loading data: not all arguments converted during string formatting
[2024-09-07T13:22:47.749+0000] {logging_mixin.py:188} INFO - Error loading data: not all arguments converted during string formatting
[2024-09-07T13:22:47.761+0000] {logging_mixin.py:188} INFO - Error loading data: not all arguments converted during string formatting
[2024-09-07T13:22:47.772+0000] {logging_mixin.py:188} INFO - Error loading data: not all arguments converted during string formatting
[2024-09-07T13:22:47.784+0000] {logging_mixin.py:188} INFO - Error loading data: not all arguments converted during string formatting
[2024-09-07T13:22:47.797+0000] {logging_mixin.py:188} INFO - Error loading data: not all arguments converted during string formatting
[2024-09-07T13:22:47.808+0000] {logging_mixin.py:188} INFO - Error loading data: not all arguments converted during string formatting
[2024-09-07T13:22:47.820+0000] {logging_mixin.py:188} INFO - Error loading data: not all arguments converted during string formatting
[2024-09-07T13:22:47.832+0000] {logging_mixin.py:188} INFO - Error loading data: not all arguments converted during string formatting
[2024-09-07T13:22:47.844+0000] {logging_mixin.py:188} INFO - Error loading data: not all arguments converted during string formatting
[2024-09-07T13:22:47.855+0000] {logging_mixin.py:188} INFO - Error loading data: not all arguments converted during string formatting
[2024-09-07T13:22:47.868+0000] {logging_mixin.py:188} INFO - Error loading data: not all arguments converted during string formatting
[2024-09-07T13:22:47.881+0000] {logging_mixin.py:188} INFO - Error loading data: not all arguments converted during string formatting
[2024-09-07T13:22:47.892+0000] {logging_mixin.py:188} INFO - Error loading data: not all arguments converted during string formatting
[2024-09-07T13:22:47.905+0000] {logging_mixin.py:188} INFO - Error loading data: not all arguments converted during string formatting
[2024-09-07T13:22:47.917+0000] {logging_mixin.py:188} INFO - Error loading data: not all arguments converted during string formatting
[2024-09-07T13:22:47.930+0000] {logging_mixin.py:188} INFO - Error loading data: not all arguments converted during string formatting
[2024-09-07T13:22:47.941+0000] {logging_mixin.py:188} INFO - Error loading data: not all arguments converted during string formatting
[2024-09-07T13:22:47.953+0000] {logging_mixin.py:188} INFO - Error loading data: not all arguments converted during string formatting
[2024-09-07T13:22:47.966+0000] {logging_mixin.py:188} INFO - Error loading data: not all arguments converted during string formatting
[2024-09-07T13:22:47.979+0000] {logging_mixin.py:188} INFO - Error loading data: not all arguments converted during string formatting
[2024-09-07T13:22:47.990+0000] {logging_mixin.py:188} INFO - Error loading data: not all arguments converted during string formatting
[2024-09-07T13:22:48.004+0000] {logging_mixin.py:188} INFO - Error loading data: not all arguments converted during string formatting
[2024-09-07T13:22:48.017+0000] {logging_mixin.py:188} INFO - Error loading data: not all arguments converted during string formatting
[2024-09-07T13:22:48.033+0000] {logging_mixin.py:188} INFO - Error loading data: not all arguments converted during string formatting
[2024-09-07T13:22:48.045+0000] {logging_mixin.py:188} INFO - Error loading data: not all arguments converted during string formatting
[2024-09-07T13:22:48.056+0000] {logging_mixin.py:188} INFO - Error loading data: not all arguments converted during string formatting
[2024-09-07T13:22:48.068+0000] {logging_mixin.py:188} INFO - Error loading data: not all arguments converted during string formatting
[2024-09-07T13:22:48.080+0000] {logging_mixin.py:188} INFO - Error loading data: not all arguments converted during string formatting
[2024-09-07T13:22:48.090+0000] {logging_mixin.py:188} INFO - Error loading data: not all arguments converted during string formatting
[2024-09-07T13:22:48.102+0000] {logging_mixin.py:188} INFO - Error loading data: not all arguments converted during string formatting
[2024-09-07T13:22:48.114+0000] {logging_mixin.py:188} INFO - Error loading data: not all arguments converted during string formatting
[2024-09-07T13:22:48.129+0000] {logging_mixin.py:188} INFO - Error loading data: not all arguments converted during string formatting
[2024-09-07T13:22:48.140+0000] {logging_mixin.py:188} INFO - Error loading data: not all arguments converted during string formatting
[2024-09-07T13:22:48.156+0000] {logging_mixin.py:188} INFO - Error loading data: not all arguments converted during string formatting
[2024-09-07T13:22:48.170+0000] {logging_mixin.py:188} INFO - Error loading data: not all arguments converted during string formatting
[2024-09-07T13:22:48.182+0000] {logging_mixin.py:188} INFO - Error loading data: not all arguments converted during string formatting
[2024-09-07T13:22:48.192+0000] {logging_mixin.py:188} INFO - Error loading data: not all arguments converted during string formatting
[2024-09-07T13:22:48.209+0000] {logging_mixin.py:188} INFO - Error loading data: not all arguments converted during string formatting
[2024-09-07T13:22:48.224+0000] {logging_mixin.py:188} INFO - Error loading data: not all arguments converted during string formatting
[2024-09-07T13:22:48.240+0000] {logging_mixin.py:188} INFO - Error loading data: not all arguments converted during string formatting
[2024-09-07T13:22:48.256+0000] {logging_mixin.py:188} INFO - Error loading data: not all arguments converted during string formatting
[2024-09-07T13:22:48.271+0000] {logging_mixin.py:188} INFO - Error loading data: not all arguments converted during string formatting
[2024-09-07T13:22:48.286+0000] {logging_mixin.py:188} INFO - Error loading data: not all arguments converted during string formatting
[2024-09-07T13:22:48.301+0000] {logging_mixin.py:188} INFO - Error loading data: not all arguments converted during string formatting
[2024-09-07T13:22:48.317+0000] {logging_mixin.py:188} INFO - Error loading data: not all arguments converted during string formatting
[2024-09-07T13:22:48.330+0000] {logging_mixin.py:188} INFO - Error loading data: not all arguments converted during string formatting
[2024-09-07T13:22:48.341+0000] {logging_mixin.py:188} INFO - Error loading data: not all arguments converted during string formatting
[2024-09-07T13:22:48.354+0000] {logging_mixin.py:188} INFO - Error loading data: not all arguments converted during string formatting
[2024-09-07T13:22:48.365+0000] {logging_mixin.py:188} INFO - Error loading data: not all arguments converted during string formatting
[2024-09-07T13:22:48.377+0000] {logging_mixin.py:188} INFO - Error loading data: not all arguments converted during string formatting
[2024-09-07T13:22:48.388+0000] {logging_mixin.py:188} INFO - Error loading data: not all arguments converted during string formatting
[2024-09-07T13:22:48.401+0000] {logging_mixin.py:188} INFO - Error loading data: not all arguments converted during string formatting
[2024-09-07T13:22:48.413+0000] {logging_mixin.py:188} INFO - Error loading data: not all arguments converted during string formatting
[2024-09-07T13:22:48.423+0000] {logging_mixin.py:188} INFO - Error loading data: not all arguments converted during string formatting
[2024-09-07T13:22:48.435+0000] {logging_mixin.py:188} INFO - Error loading data: not all arguments converted during string formatting
[2024-09-07T13:22:48.448+0000] {logging_mixin.py:188} INFO - Error loading data: not all arguments converted during string formatting
[2024-09-07T13:22:48.458+0000] {logging_mixin.py:188} INFO - Error loading data: not all arguments converted during string formatting
[2024-09-07T13:22:48.470+0000] {logging_mixin.py:188} INFO - Error loading data: not all arguments converted during string formatting
[2024-09-07T13:22:48.482+0000] {logging_mixin.py:188} INFO - Error loading data: not all arguments converted during string formatting
[2024-09-07T13:22:48.493+0000] {logging_mixin.py:188} INFO - Error loading data: not all arguments converted during string formatting
[2024-09-07T13:22:48.504+0000] {logging_mixin.py:188} INFO - Error loading data: not all arguments converted during string formatting
[2024-09-07T13:22:48.516+0000] {logging_mixin.py:188} INFO - Error loading data: not all arguments converted during string formatting
[2024-09-07T13:22:48.529+0000] {logging_mixin.py:188} INFO - Error loading data: not all arguments converted during string formatting
[2024-09-07T13:22:48.540+0000] {logging_mixin.py:188} INFO - Error loading data: not all arguments converted during string formatting
[2024-09-07T13:22:48.553+0000] {logging_mixin.py:188} INFO - Error loading data: not all arguments converted during string formatting
[2024-09-07T13:22:48.565+0000] {logging_mixin.py:188} INFO - Error loading data: not all arguments converted during string formatting
[2024-09-07T13:22:48.575+0000] {logging_mixin.py:188} INFO - Error loading data: not all arguments converted during string formatting
[2024-09-07T13:22:48.587+0000] {logging_mixin.py:188} INFO - Error loading data: not all arguments converted during string formatting
[2024-09-07T13:22:48.601+0000] {logging_mixin.py:188} INFO - Error loading data: not all arguments converted during string formatting
[2024-09-07T13:22:48.615+0000] {logging_mixin.py:188} INFO - Error loading data: not all arguments converted during string formatting
[2024-09-07T13:22:48.627+0000] {logging_mixin.py:188} INFO - Error loading data: not all arguments converted during string formatting
[2024-09-07T13:22:48.641+0000] {logging_mixin.py:188} INFO - Error loading data: not all arguments converted during string formatting
[2024-09-07T13:22:48.656+0000] {logging_mixin.py:188} INFO - Error loading data: not all arguments converted during string formatting
[2024-09-07T13:22:48.670+0000] {logging_mixin.py:188} INFO - Error loading data: not all arguments converted during string formatting
[2024-09-07T13:22:48.685+0000] {logging_mixin.py:188} INFO - Error loading data: not all arguments converted during string formatting
[2024-09-07T13:22:48.698+0000] {logging_mixin.py:188} INFO - Error loading data: not all arguments converted during string formatting
[2024-09-07T13:22:48.714+0000] {logging_mixin.py:188} INFO - Error loading data: not all arguments converted during string formatting
[2024-09-07T13:22:48.729+0000] {logging_mixin.py:188} INFO - Error loading data: not all arguments converted during string formatting
[2024-09-07T13:22:48.744+0000] {logging_mixin.py:188} INFO - Error loading data: not all arguments converted during string formatting
[2024-09-07T13:22:48.757+0000] {logging_mixin.py:188} INFO - Error loading data: not all arguments converted during string formatting
[2024-09-07T13:22:48.770+0000] {logging_mixin.py:188} INFO - Error loading data: not all arguments converted during string formatting
[2024-09-07T13:22:48.782+0000] {logging_mixin.py:188} INFO - Error loading data: not all arguments converted during string formatting
[2024-09-07T13:22:48.793+0000] {logging_mixin.py:188} INFO - Error loading data: not all arguments converted during string formatting
[2024-09-07T13:22:48.805+0000] {logging_mixin.py:188} INFO - Error loading data: not all arguments converted during string formatting
[2024-09-07T13:22:48.817+0000] {logging_mixin.py:188} INFO - Error loading data: not all arguments converted during string formatting
[2024-09-07T13:22:48.829+0000] {logging_mixin.py:188} INFO - Error loading data: not all arguments converted during string formatting
[2024-09-07T13:22:48.840+0000] {logging_mixin.py:188} INFO - Error loading data: not all arguments converted during string formatting
[2024-09-07T13:22:48.852+0000] {logging_mixin.py:188} INFO - Error loading data: not all arguments converted during string formatting
[2024-09-07T13:22:48.864+0000] {logging_mixin.py:188} INFO - Error loading data: not all arguments converted during string formatting
[2024-09-07T13:22:48.875+0000] {logging_mixin.py:188} INFO - Error loading data: not all arguments converted during string formatting
[2024-09-07T13:22:48.888+0000] {logging_mixin.py:188} INFO - Error loading data: not all arguments converted during string formatting
[2024-09-07T13:22:48.899+0000] {logging_mixin.py:188} INFO - Error loading data: not all arguments converted during string formatting
[2024-09-07T13:22:48.912+0000] {logging_mixin.py:188} INFO - Error loading data: not all arguments converted during string formatting
[2024-09-07T13:22:48.926+0000] {logging_mixin.py:188} INFO - Error loading data: not all arguments converted during string formatting
[2024-09-07T13:22:48.939+0000] {logging_mixin.py:188} INFO - Error loading data: not all arguments converted during string formatting
[2024-09-07T13:22:48.951+0000] {logging_mixin.py:188} INFO - Error loading data: not all arguments converted during string formatting
[2024-09-07T13:22:48.963+0000] {logging_mixin.py:188} INFO - Error loading data: not all arguments converted during string formatting
[2024-09-07T13:22:48.977+0000] {logging_mixin.py:188} INFO - Error loading data: not all arguments converted during string formatting
[2024-09-07T13:22:48.991+0000] {logging_mixin.py:188} INFO - Error loading data: not all arguments converted during string formatting
[2024-09-07T13:22:49.009+0000] {logging_mixin.py:188} INFO - Error loading data: not all arguments converted during string formatting
[2024-09-07T13:22:49.022+0000] {logging_mixin.py:188} INFO - Error loading data: not all arguments converted during string formatting
[2024-09-07T13:22:49.034+0000] {logging_mixin.py:188} INFO - Error loading data: not all arguments converted during string formatting
[2024-09-07T13:22:49.048+0000] {logging_mixin.py:188} INFO - Error loading data: not all arguments converted during string formatting
[2024-09-07T13:22:49.073+0000] {logging_mixin.py:188} INFO - Error loading data: not all arguments converted during string formatting
[2024-09-07T13:22:49.095+0000] {logging_mixin.py:188} INFO - Error loading data: not all arguments converted during string formatting
[2024-09-07T13:22:49.109+0000] {logging_mixin.py:188} INFO - Error loading data: not all arguments converted during string formatting
[2024-09-07T13:22:49.120+0000] {logging_mixin.py:188} INFO - Error loading data: not all arguments converted during string formatting
[2024-09-07T13:22:49.134+0000] {logging_mixin.py:188} INFO - Error loading data: not all arguments converted during string formatting
[2024-09-07T13:22:49.146+0000] {logging_mixin.py:188} INFO - Error loading data: not all arguments converted during string formatting
[2024-09-07T13:22:49.156+0000] {logging_mixin.py:188} INFO - Error loading data: not all arguments converted during string formatting
[2024-09-07T13:22:49.172+0000] {logging_mixin.py:188} INFO - Error loading data: not all arguments converted during string formatting
[2024-09-07T13:22:49.186+0000] {logging_mixin.py:188} INFO - Error loading data: not all arguments converted during string formatting
[2024-09-07T13:22:49.201+0000] {logging_mixin.py:188} INFO - Error loading data: not all arguments converted during string formatting
[2024-09-07T13:22:49.215+0000] {logging_mixin.py:188} INFO - Error loading data: not all arguments converted during string formatting
[2024-09-07T13:22:49.229+0000] {logging_mixin.py:188} INFO - Error loading data: not all arguments converted during string formatting
[2024-09-07T13:22:49.246+0000] {logging_mixin.py:188} INFO - Error loading data: not all arguments converted during string formatting
[2024-09-07T13:22:49.257+0000] {logging_mixin.py:188} INFO - Error loading data: not all arguments converted during string formatting
[2024-09-07T13:22:49.270+0000] {logging_mixin.py:188} INFO - Error loading data: not all arguments converted during string formatting
[2024-09-07T13:22:49.282+0000] {logging_mixin.py:188} INFO - Error loading data: not all arguments converted during string formatting
[2024-09-07T13:22:49.297+0000] {logging_mixin.py:188} INFO - Error loading data: not all arguments converted during string formatting
[2024-09-07T13:22:49.313+0000] {logging_mixin.py:188} INFO - Error loading data: not all arguments converted during string formatting
[2024-09-07T13:22:49.326+0000] {logging_mixin.py:188} INFO - Error loading data: not all arguments converted during string formatting
[2024-09-07T13:22:49.337+0000] {logging_mixin.py:188} INFO - Error loading data: not all arguments converted during string formatting
[2024-09-07T13:22:49.348+0000] {logging_mixin.py:188} INFO - Error loading data: not all arguments converted during string formatting
[2024-09-07T13:22:49.359+0000] {logging_mixin.py:188} INFO - Error loading data: not all arguments converted during string formatting
[2024-09-07T13:22:49.370+0000] {logging_mixin.py:188} INFO - Error loading data: not all arguments converted during string formatting
[2024-09-07T13:22:49.382+0000] {logging_mixin.py:188} INFO - Error loading data: not all arguments converted during string formatting
[2024-09-07T13:22:49.393+0000] {logging_mixin.py:188} INFO - Error loading data: not all arguments converted during string formatting
[2024-09-07T13:22:49.405+0000] {logging_mixin.py:188} INFO - Error loading data: not all arguments converted during string formatting
[2024-09-07T13:22:49.417+0000] {logging_mixin.py:188} INFO - Error loading data: not all arguments converted during string formatting
[2024-09-07T13:22:49.430+0000] {logging_mixin.py:188} INFO - Error loading data: not all arguments converted during string formatting
[2024-09-07T13:22:49.441+0000] {logging_mixin.py:188} INFO - Error loading data: not all arguments converted during string formatting
[2024-09-07T13:22:49.453+0000] {logging_mixin.py:188} INFO - Error loading data: not all arguments converted during string formatting
[2024-09-07T13:22:49.465+0000] {logging_mixin.py:188} INFO - Error loading data: not all arguments converted during string formatting
[2024-09-07T13:22:49.476+0000] {logging_mixin.py:188} INFO - Error loading data: not all arguments converted during string formatting
[2024-09-07T13:22:49.488+0000] {logging_mixin.py:188} INFO - Error loading data: not all arguments converted during string formatting
[2024-09-07T13:22:49.500+0000] {logging_mixin.py:188} INFO - Error loading data: not all arguments converted during string formatting
[2024-09-07T13:22:49.512+0000] {logging_mixin.py:188} INFO - Error loading data: not all arguments converted during string formatting
[2024-09-07T13:22:49.522+0000] {logging_mixin.py:188} INFO - Error loading data: not all arguments converted during string formatting
[2024-09-07T13:22:49.522+0000] {python.py:237} INFO - Done. Returned value was: None
[2024-09-07T13:22:49.523+0000] {taskinstance.py:441} INFO - ::group::Post task execution logs
[2024-09-07T13:22:49.542+0000] {taskinstance.py:1205} INFO - Marking task as SUCCESS. dag_id=reddit_etl, task_id=load_data_to_warehouse, execution_date=20240907T132242, start_date=20240907T132245, end_date=20240907T132249
[2024-09-07T13:22:49.586+0000] {local_task_job_runner.py:240} INFO - Task exited with return code 0
[2024-09-07T13:22:49.613+0000] {taskinstance.py:3482} INFO - 0 downstream tasks scheduled from follow-on schedule check
[2024-09-07T13:22:49.615+0000] {local_task_job_runner.py:222} INFO - ::endgroup::
