[2024-09-07T12:55:12.287+0000] {local_task_job_runner.py:120} INFO - ::group::Pre task execution logs
[2024-09-07T12:55:12.382+0000] {taskinstance.py:2073} INFO - Dependencies all met for dep_context=non-requeueable deps ti=<TaskInstance: reddit_etl.load_data_to_warehouse scheduled__2024-07-15T00:00:00+00:00 [queued]>
[2024-09-07T12:55:12.398+0000] {taskinstance.py:2073} INFO - Dependencies all met for dep_context=requeueable deps ti=<TaskInstance: reddit_etl.load_data_to_warehouse scheduled__2024-07-15T00:00:00+00:00 [queued]>
[2024-09-07T12:55:12.398+0000] {taskinstance.py:2303} INFO - Starting attempt 1 of 2
[2024-09-07T12:55:12.525+0000] {taskinstance.py:2327} INFO - Executing <Task(PythonOperator): load_data_to_warehouse> on 2024-07-15 00:00:00+00:00
[2024-09-07T12:55:12.560+0000] {standard_task_runner.py:90} INFO - Running: ['airflow', 'tasks', 'run', 'reddit_etl', 'load_data_to_warehouse', 'scheduled__2024-07-15T00:00:00+00:00', '--job-id', '561', '--raw', '--subdir', 'DAGS_FOLDER/reddit.py', '--cfg-path', '/tmp/tmp8thypzym']
[2024-09-07T12:55:12.563+0000] {standard_task_runner.py:91} INFO - Job 561: Subtask load_data_to_warehouse
[2024-09-07T12:55:12.565+0000] {logging_mixin.py:188} WARNING - /home/airflow/.local/lib/python3.12/site-packages/airflow/task/task_runner/standard_task_runner.py:61 DeprecationWarning: This process (pid=1715) is multi-threaded, use of fork() may lead to deadlocks in the child.
[2024-09-07T12:55:12.566+0000] {standard_task_runner.py:63} INFO - Started process 1724 to run task
[2024-09-07T12:55:12.717+0000] {task_command.py:426} INFO - Running <TaskInstance: reddit_etl.load_data_to_warehouse scheduled__2024-07-15T00:00:00+00:00 [running]> on host 42d604ea5ce6
[2024-09-07T12:55:12.968+0000] {taskinstance.py:2644} INFO - Exporting env vars: AIRFLOW_CTX_DAG_OWNER='reddithackathon' AIRFLOW_CTX_DAG_ID='reddit_etl' AIRFLOW_CTX_TASK_ID='load_data_to_warehouse' AIRFLOW_CTX_EXECUTION_DATE='2024-07-15T00:00:00+00:00' AIRFLOW_CTX_TRY_NUMBER='1' AIRFLOW_CTX_DAG_RUN_ID='scheduled__2024-07-15T00:00:00+00:00'
[2024-09-07T12:55:12.969+0000] {taskinstance.py:430} INFO - ::endgroup::
[2024-09-07T12:55:13.094+0000] {logging_mixin.py:188} INFO - Error loading data: connection to server on socket "/var/run/postgresql/.s.PGSQL.5432" failed: No such file or directory
	Is the server running locally and accepting connections on that socket?
[2024-09-07T12:55:13.095+0000] {logging_mixin.py:188} INFO - Error loading data: connection to server on socket "/var/run/postgresql/.s.PGSQL.5432" failed: No such file or directory
	Is the server running locally and accepting connections on that socket?
[2024-09-07T12:55:13.095+0000] {logging_mixin.py:188} INFO - Error loading data: connection to server on socket "/var/run/postgresql/.s.PGSQL.5432" failed: No such file or directory
	Is the server running locally and accepting connections on that socket?
[2024-09-07T12:55:13.096+0000] {logging_mixin.py:188} INFO - Error loading data: connection to server on socket "/var/run/postgresql/.s.PGSQL.5432" failed: No such file or directory
	Is the server running locally and accepting connections on that socket?
[2024-09-07T12:55:13.096+0000] {logging_mixin.py:188} INFO - Error loading data: connection to server on socket "/var/run/postgresql/.s.PGSQL.5432" failed: No such file or directory
	Is the server running locally and accepting connections on that socket?
[2024-09-07T12:55:13.101+0000] {logging_mixin.py:188} INFO - Error loading data: connection to server on socket "/var/run/postgresql/.s.PGSQL.5432" failed: No such file or directory
	Is the server running locally and accepting connections on that socket?
[2024-09-07T12:55:13.102+0000] {logging_mixin.py:188} INFO - Error loading data: connection to server on socket "/var/run/postgresql/.s.PGSQL.5432" failed: No such file or directory
	Is the server running locally and accepting connections on that socket?
[2024-09-07T12:55:13.103+0000] {logging_mixin.py:188} INFO - Error loading data: connection to server on socket "/var/run/postgresql/.s.PGSQL.5432" failed: No such file or directory
	Is the server running locally and accepting connections on that socket?
[2024-09-07T12:55:13.104+0000] {logging_mixin.py:188} INFO - Error loading data: connection to server on socket "/var/run/postgresql/.s.PGSQL.5432" failed: No such file or directory
	Is the server running locally and accepting connections on that socket?
[2024-09-07T12:55:13.104+0000] {logging_mixin.py:188} INFO - Error loading data: connection to server on socket "/var/run/postgresql/.s.PGSQL.5432" failed: No such file or directory
	Is the server running locally and accepting connections on that socket?
[2024-09-07T12:55:13.105+0000] {logging_mixin.py:188} INFO - Error loading data: connection to server on socket "/var/run/postgresql/.s.PGSQL.5432" failed: No such file or directory
	Is the server running locally and accepting connections on that socket?
[2024-09-07T12:55:13.105+0000] {logging_mixin.py:188} INFO - Error loading data: connection to server on socket "/var/run/postgresql/.s.PGSQL.5432" failed: No such file or directory
	Is the server running locally and accepting connections on that socket?
[2024-09-07T12:55:13.106+0000] {logging_mixin.py:188} INFO - Error loading data: connection to server on socket "/var/run/postgresql/.s.PGSQL.5432" failed: No such file or directory
	Is the server running locally and accepting connections on that socket?
[2024-09-07T12:55:13.107+0000] {logging_mixin.py:188} INFO - Error loading data: connection to server on socket "/var/run/postgresql/.s.PGSQL.5432" failed: No such file or directory
	Is the server running locally and accepting connections on that socket?
[2024-09-07T12:55:13.107+0000] {logging_mixin.py:188} INFO - Error loading data: connection to server on socket "/var/run/postgresql/.s.PGSQL.5432" failed: No such file or directory
	Is the server running locally and accepting connections on that socket?
[2024-09-07T12:55:13.108+0000] {logging_mixin.py:188} INFO - Error loading data: connection to server on socket "/var/run/postgresql/.s.PGSQL.5432" failed: No such file or directory
	Is the server running locally and accepting connections on that socket?
[2024-09-07T12:55:13.109+0000] {logging_mixin.py:188} INFO - Error loading data: connection to server on socket "/var/run/postgresql/.s.PGSQL.5432" failed: No such file or directory
	Is the server running locally and accepting connections on that socket?
[2024-09-07T12:55:13.110+0000] {logging_mixin.py:188} INFO - Error loading data: connection to server on socket "/var/run/postgresql/.s.PGSQL.5432" failed: No such file or directory
	Is the server running locally and accepting connections on that socket?
[2024-09-07T12:55:13.110+0000] {logging_mixin.py:188} INFO - Error loading data: connection to server on socket "/var/run/postgresql/.s.PGSQL.5432" failed: No such file or directory
	Is the server running locally and accepting connections on that socket?
[2024-09-07T12:55:13.111+0000] {logging_mixin.py:188} INFO - Error loading data: connection to server on socket "/var/run/postgresql/.s.PGSQL.5432" failed: No such file or directory
	Is the server running locally and accepting connections on that socket?
[2024-09-07T12:55:13.111+0000] {logging_mixin.py:188} INFO - Error loading data: connection to server on socket "/var/run/postgresql/.s.PGSQL.5432" failed: No such file or directory
	Is the server running locally and accepting connections on that socket?
[2024-09-07T12:55:13.112+0000] {logging_mixin.py:188} INFO - Error loading data: connection to server on socket "/var/run/postgresql/.s.PGSQL.5432" failed: No such file or directory
	Is the server running locally and accepting connections on that socket?
[2024-09-07T12:55:13.112+0000] {logging_mixin.py:188} INFO - Error loading data: connection to server on socket "/var/run/postgresql/.s.PGSQL.5432" failed: No such file or directory
	Is the server running locally and accepting connections on that socket?
[2024-09-07T12:55:13.113+0000] {logging_mixin.py:188} INFO - Error loading data: connection to server on socket "/var/run/postgresql/.s.PGSQL.5432" failed: No such file or directory
	Is the server running locally and accepting connections on that socket?
[2024-09-07T12:55:13.114+0000] {logging_mixin.py:188} INFO - Error loading data: connection to server on socket "/var/run/postgresql/.s.PGSQL.5432" failed: No such file or directory
	Is the server running locally and accepting connections on that socket?
[2024-09-07T12:55:13.114+0000] {logging_mixin.py:188} INFO - Error loading data: connection to server on socket "/var/run/postgresql/.s.PGSQL.5432" failed: No such file or directory
	Is the server running locally and accepting connections on that socket?
[2024-09-07T12:55:13.115+0000] {logging_mixin.py:188} INFO - Error loading data: connection to server on socket "/var/run/postgresql/.s.PGSQL.5432" failed: No such file or directory
	Is the server running locally and accepting connections on that socket?
[2024-09-07T12:55:13.115+0000] {logging_mixin.py:188} INFO - Error loading data: connection to server on socket "/var/run/postgresql/.s.PGSQL.5432" failed: No such file or directory
	Is the server running locally and accepting connections on that socket?
[2024-09-07T12:55:13.116+0000] {logging_mixin.py:188} INFO - Error loading data: connection to server on socket "/var/run/postgresql/.s.PGSQL.5432" failed: No such file or directory
	Is the server running locally and accepting connections on that socket?
[2024-09-07T12:55:13.116+0000] {logging_mixin.py:188} INFO - Error loading data: connection to server on socket "/var/run/postgresql/.s.PGSQL.5432" failed: No such file or directory
	Is the server running locally and accepting connections on that socket?
[2024-09-07T12:55:13.117+0000] {logging_mixin.py:188} INFO - Error loading data: connection to server on socket "/var/run/postgresql/.s.PGSQL.5432" failed: No such file or directory
	Is the server running locally and accepting connections on that socket?
[2024-09-07T12:55:13.118+0000] {logging_mixin.py:188} INFO - Error loading data: connection to server on socket "/var/run/postgresql/.s.PGSQL.5432" failed: No such file or directory
	Is the server running locally and accepting connections on that socket?
[2024-09-07T12:55:13.118+0000] {logging_mixin.py:188} INFO - Error loading data: connection to server on socket "/var/run/postgresql/.s.PGSQL.5432" failed: No such file or directory
	Is the server running locally and accepting connections on that socket?
[2024-09-07T12:55:13.119+0000] {logging_mixin.py:188} INFO - Error loading data: connection to server on socket "/var/run/postgresql/.s.PGSQL.5432" failed: No such file or directory
	Is the server running locally and accepting connections on that socket?
[2024-09-07T12:55:13.120+0000] {logging_mixin.py:188} INFO - Error loading data: connection to server on socket "/var/run/postgresql/.s.PGSQL.5432" failed: No such file or directory
	Is the server running locally and accepting connections on that socket?
[2024-09-07T12:55:13.120+0000] {logging_mixin.py:188} INFO - Error loading data: connection to server on socket "/var/run/postgresql/.s.PGSQL.5432" failed: No such file or directory
	Is the server running locally and accepting connections on that socket?
[2024-09-07T12:55:13.121+0000] {logging_mixin.py:188} INFO - Error loading data: connection to server on socket "/var/run/postgresql/.s.PGSQL.5432" failed: No such file or directory
	Is the server running locally and accepting connections on that socket?
[2024-09-07T12:55:13.122+0000] {logging_mixin.py:188} INFO - Error loading data: connection to server on socket "/var/run/postgresql/.s.PGSQL.5432" failed: No such file or directory
	Is the server running locally and accepting connections on that socket?
[2024-09-07T12:55:13.122+0000] {logging_mixin.py:188} INFO - Error loading data: connection to server on socket "/var/run/postgresql/.s.PGSQL.5432" failed: No such file or directory
	Is the server running locally and accepting connections on that socket?
[2024-09-07T12:55:13.123+0000] {logging_mixin.py:188} INFO - Error loading data: connection to server on socket "/var/run/postgresql/.s.PGSQL.5432" failed: No such file or directory
	Is the server running locally and accepting connections on that socket?
[2024-09-07T12:55:13.123+0000] {logging_mixin.py:188} INFO - Error loading data: connection to server on socket "/var/run/postgresql/.s.PGSQL.5432" failed: No such file or directory
	Is the server running locally and accepting connections on that socket?
[2024-09-07T12:55:13.124+0000] {logging_mixin.py:188} INFO - Error loading data: connection to server on socket "/var/run/postgresql/.s.PGSQL.5432" failed: No such file or directory
	Is the server running locally and accepting connections on that socket?
[2024-09-07T12:55:13.125+0000] {logging_mixin.py:188} INFO - Error loading data: connection to server on socket "/var/run/postgresql/.s.PGSQL.5432" failed: No such file or directory
	Is the server running locally and accepting connections on that socket?
[2024-09-07T12:55:13.125+0000] {logging_mixin.py:188} INFO - Error loading data: connection to server on socket "/var/run/postgresql/.s.PGSQL.5432" failed: No such file or directory
	Is the server running locally and accepting connections on that socket?
[2024-09-07T12:55:13.126+0000] {logging_mixin.py:188} INFO - Error loading data: connection to server on socket "/var/run/postgresql/.s.PGSQL.5432" failed: No such file or directory
	Is the server running locally and accepting connections on that socket?
[2024-09-07T12:55:13.126+0000] {logging_mixin.py:188} INFO - Error loading data: connection to server on socket "/var/run/postgresql/.s.PGSQL.5432" failed: No such file or directory
	Is the server running locally and accepting connections on that socket?
[2024-09-07T12:55:13.127+0000] {logging_mixin.py:188} INFO - Error loading data: connection to server on socket "/var/run/postgresql/.s.PGSQL.5432" failed: No such file or directory
	Is the server running locally and accepting connections on that socket?
[2024-09-07T12:55:13.127+0000] {logging_mixin.py:188} INFO - Error loading data: connection to server on socket "/var/run/postgresql/.s.PGSQL.5432" failed: No such file or directory
	Is the server running locally and accepting connections on that socket?
[2024-09-07T12:55:13.128+0000] {logging_mixin.py:188} INFO - Error loading data: connection to server on socket "/var/run/postgresql/.s.PGSQL.5432" failed: No such file or directory
	Is the server running locally and accepting connections on that socket?
[2024-09-07T12:55:13.128+0000] {logging_mixin.py:188} INFO - Error loading data: connection to server on socket "/var/run/postgresql/.s.PGSQL.5432" failed: No such file or directory
	Is the server running locally and accepting connections on that socket?
[2024-09-07T12:55:13.129+0000] {logging_mixin.py:188} INFO - Error loading data: connection to server on socket "/var/run/postgresql/.s.PGSQL.5432" failed: No such file or directory
	Is the server running locally and accepting connections on that socket?
[2024-09-07T12:55:13.129+0000] {logging_mixin.py:188} INFO - Error loading data: connection to server on socket "/var/run/postgresql/.s.PGSQL.5432" failed: No such file or directory
	Is the server running locally and accepting connections on that socket?
[2024-09-07T12:55:13.130+0000] {logging_mixin.py:188} INFO - Error loading data: connection to server on socket "/var/run/postgresql/.s.PGSQL.5432" failed: No such file or directory
	Is the server running locally and accepting connections on that socket?
[2024-09-07T12:55:13.130+0000] {logging_mixin.py:188} INFO - Error loading data: connection to server on socket "/var/run/postgresql/.s.PGSQL.5432" failed: No such file or directory
	Is the server running locally and accepting connections on that socket?
[2024-09-07T12:55:13.131+0000] {logging_mixin.py:188} INFO - Error loading data: connection to server on socket "/var/run/postgresql/.s.PGSQL.5432" failed: No such file or directory
	Is the server running locally and accepting connections on that socket?
[2024-09-07T12:55:13.131+0000] {logging_mixin.py:188} INFO - Error loading data: connection to server on socket "/var/run/postgresql/.s.PGSQL.5432" failed: No such file or directory
	Is the server running locally and accepting connections on that socket?
[2024-09-07T12:55:13.132+0000] {logging_mixin.py:188} INFO - Error loading data: connection to server on socket "/var/run/postgresql/.s.PGSQL.5432" failed: No such file or directory
	Is the server running locally and accepting connections on that socket?
[2024-09-07T12:55:13.132+0000] {logging_mixin.py:188} INFO - Error loading data: connection to server on socket "/var/run/postgresql/.s.PGSQL.5432" failed: No such file or directory
	Is the server running locally and accepting connections on that socket?
[2024-09-07T12:55:13.133+0000] {logging_mixin.py:188} INFO - Error loading data: connection to server on socket "/var/run/postgresql/.s.PGSQL.5432" failed: No such file or directory
	Is the server running locally and accepting connections on that socket?
[2024-09-07T12:55:13.133+0000] {logging_mixin.py:188} INFO - Error loading data: connection to server on socket "/var/run/postgresql/.s.PGSQL.5432" failed: No such file or directory
	Is the server running locally and accepting connections on that socket?
[2024-09-07T12:55:13.134+0000] {logging_mixin.py:188} INFO - Error loading data: connection to server on socket "/var/run/postgresql/.s.PGSQL.5432" failed: No such file or directory
	Is the server running locally and accepting connections on that socket?
[2024-09-07T12:55:13.134+0000] {logging_mixin.py:188} INFO - Error loading data: connection to server on socket "/var/run/postgresql/.s.PGSQL.5432" failed: No such file or directory
	Is the server running locally and accepting connections on that socket?
[2024-09-07T12:55:13.135+0000] {logging_mixin.py:188} INFO - Error loading data: connection to server on socket "/var/run/postgresql/.s.PGSQL.5432" failed: No such file or directory
	Is the server running locally and accepting connections on that socket?
[2024-09-07T12:55:13.136+0000] {logging_mixin.py:188} INFO - Error loading data: connection to server on socket "/var/run/postgresql/.s.PGSQL.5432" failed: No such file or directory
	Is the server running locally and accepting connections on that socket?
[2024-09-07T12:55:13.136+0000] {logging_mixin.py:188} INFO - Error loading data: connection to server on socket "/var/run/postgresql/.s.PGSQL.5432" failed: No such file or directory
	Is the server running locally and accepting connections on that socket?
[2024-09-07T12:55:13.137+0000] {logging_mixin.py:188} INFO - Error loading data: connection to server on socket "/var/run/postgresql/.s.PGSQL.5432" failed: No such file or directory
	Is the server running locally and accepting connections on that socket?
[2024-09-07T12:55:13.137+0000] {logging_mixin.py:188} INFO - Error loading data: connection to server on socket "/var/run/postgresql/.s.PGSQL.5432" failed: No such file or directory
	Is the server running locally and accepting connections on that socket?
[2024-09-07T12:55:13.138+0000] {logging_mixin.py:188} INFO - Error loading data: connection to server on socket "/var/run/postgresql/.s.PGSQL.5432" failed: No such file or directory
	Is the server running locally and accepting connections on that socket?
[2024-09-07T12:55:13.138+0000] {logging_mixin.py:188} INFO - Error loading data: connection to server on socket "/var/run/postgresql/.s.PGSQL.5432" failed: No such file or directory
	Is the server running locally and accepting connections on that socket?
[2024-09-07T12:55:13.139+0000] {logging_mixin.py:188} INFO - Error loading data: connection to server on socket "/var/run/postgresql/.s.PGSQL.5432" failed: No such file or directory
	Is the server running locally and accepting connections on that socket?
[2024-09-07T12:55:13.139+0000] {logging_mixin.py:188} INFO - Error loading data: connection to server on socket "/var/run/postgresql/.s.PGSQL.5432" failed: No such file or directory
	Is the server running locally and accepting connections on that socket?
[2024-09-07T12:55:13.140+0000] {logging_mixin.py:188} INFO - Error loading data: connection to server on socket "/var/run/postgresql/.s.PGSQL.5432" failed: No such file or directory
	Is the server running locally and accepting connections on that socket?
[2024-09-07T12:55:13.140+0000] {logging_mixin.py:188} INFO - Error loading data: connection to server on socket "/var/run/postgresql/.s.PGSQL.5432" failed: No such file or directory
	Is the server running locally and accepting connections on that socket?
[2024-09-07T12:55:13.141+0000] {logging_mixin.py:188} INFO - Error loading data: connection to server on socket "/var/run/postgresql/.s.PGSQL.5432" failed: No such file or directory
	Is the server running locally and accepting connections on that socket?
[2024-09-07T12:55:13.142+0000] {logging_mixin.py:188} INFO - Error loading data: connection to server on socket "/var/run/postgresql/.s.PGSQL.5432" failed: No such file or directory
	Is the server running locally and accepting connections on that socket?
[2024-09-07T12:55:13.142+0000] {logging_mixin.py:188} INFO - Error loading data: connection to server on socket "/var/run/postgresql/.s.PGSQL.5432" failed: No such file or directory
	Is the server running locally and accepting connections on that socket?
[2024-09-07T12:55:13.143+0000] {logging_mixin.py:188} INFO - Error loading data: connection to server on socket "/var/run/postgresql/.s.PGSQL.5432" failed: No such file or directory
	Is the server running locally and accepting connections on that socket?
[2024-09-07T12:55:13.144+0000] {logging_mixin.py:188} INFO - Error loading data: connection to server on socket "/var/run/postgresql/.s.PGSQL.5432" failed: No such file or directory
	Is the server running locally and accepting connections on that socket?
[2024-09-07T12:55:13.144+0000] {logging_mixin.py:188} INFO - Error loading data: connection to server on socket "/var/run/postgresql/.s.PGSQL.5432" failed: No such file or directory
	Is the server running locally and accepting connections on that socket?
[2024-09-07T12:55:13.145+0000] {logging_mixin.py:188} INFO - Error loading data: connection to server on socket "/var/run/postgresql/.s.PGSQL.5432" failed: No such file or directory
	Is the server running locally and accepting connections on that socket?
[2024-09-07T12:55:13.146+0000] {logging_mixin.py:188} INFO - Error loading data: connection to server on socket "/var/run/postgresql/.s.PGSQL.5432" failed: No such file or directory
	Is the server running locally and accepting connections on that socket?
[2024-09-07T12:55:13.146+0000] {logging_mixin.py:188} INFO - Error loading data: connection to server on socket "/var/run/postgresql/.s.PGSQL.5432" failed: No such file or directory
	Is the server running locally and accepting connections on that socket?
[2024-09-07T12:55:13.147+0000] {logging_mixin.py:188} INFO - Error loading data: connection to server on socket "/var/run/postgresql/.s.PGSQL.5432" failed: No such file or directory
	Is the server running locally and accepting connections on that socket?
[2024-09-07T12:55:13.147+0000] {logging_mixin.py:188} INFO - Error loading data: connection to server on socket "/var/run/postgresql/.s.PGSQL.5432" failed: No such file or directory
	Is the server running locally and accepting connections on that socket?
[2024-09-07T12:55:13.148+0000] {logging_mixin.py:188} INFO - Error loading data: connection to server on socket "/var/run/postgresql/.s.PGSQL.5432" failed: No such file or directory
	Is the server running locally and accepting connections on that socket?
[2024-09-07T12:55:13.148+0000] {logging_mixin.py:188} INFO - Error loading data: connection to server on socket "/var/run/postgresql/.s.PGSQL.5432" failed: No such file or directory
	Is the server running locally and accepting connections on that socket?
[2024-09-07T12:55:13.149+0000] {logging_mixin.py:188} INFO - Error loading data: connection to server on socket "/var/run/postgresql/.s.PGSQL.5432" failed: No such file or directory
	Is the server running locally and accepting connections on that socket?
[2024-09-07T12:55:13.149+0000] {logging_mixin.py:188} INFO - Error loading data: connection to server on socket "/var/run/postgresql/.s.PGSQL.5432" failed: No such file or directory
	Is the server running locally and accepting connections on that socket?
[2024-09-07T12:55:13.150+0000] {logging_mixin.py:188} INFO - Error loading data: connection to server on socket "/var/run/postgresql/.s.PGSQL.5432" failed: No such file or directory
	Is the server running locally and accepting connections on that socket?
[2024-09-07T12:55:13.150+0000] {logging_mixin.py:188} INFO - Error loading data: connection to server on socket "/var/run/postgresql/.s.PGSQL.5432" failed: No such file or directory
	Is the server running locally and accepting connections on that socket?
[2024-09-07T12:55:13.151+0000] {logging_mixin.py:188} INFO - Error loading data: connection to server on socket "/var/run/postgresql/.s.PGSQL.5432" failed: No such file or directory
	Is the server running locally and accepting connections on that socket?
[2024-09-07T12:55:13.151+0000] {logging_mixin.py:188} INFO - Error loading data: connection to server on socket "/var/run/postgresql/.s.PGSQL.5432" failed: No such file or directory
	Is the server running locally and accepting connections on that socket?
[2024-09-07T12:55:13.151+0000] {logging_mixin.py:188} INFO - Error loading data: connection to server on socket "/var/run/postgresql/.s.PGSQL.5432" failed: No such file or directory
	Is the server running locally and accepting connections on that socket?
[2024-09-07T12:55:13.152+0000] {logging_mixin.py:188} INFO - Error loading data: connection to server on socket "/var/run/postgresql/.s.PGSQL.5432" failed: No such file or directory
	Is the server running locally and accepting connections on that socket?
[2024-09-07T12:55:13.152+0000] {logging_mixin.py:188} INFO - Error loading data: connection to server on socket "/var/run/postgresql/.s.PGSQL.5432" failed: No such file or directory
	Is the server running locally and accepting connections on that socket?
[2024-09-07T12:55:13.153+0000] {logging_mixin.py:188} INFO - Error loading data: connection to server on socket "/var/run/postgresql/.s.PGSQL.5432" failed: No such file or directory
	Is the server running locally and accepting connections on that socket?
[2024-09-07T12:55:13.153+0000] {logging_mixin.py:188} INFO - Error loading data: connection to server on socket "/var/run/postgresql/.s.PGSQL.5432" failed: No such file or directory
	Is the server running locally and accepting connections on that socket?
[2024-09-07T12:55:13.154+0000] {logging_mixin.py:188} INFO - Error loading data: connection to server on socket "/var/run/postgresql/.s.PGSQL.5432" failed: No such file or directory
	Is the server running locally and accepting connections on that socket?
[2024-09-07T12:55:13.154+0000] {logging_mixin.py:188} INFO - Error loading data: connection to server on socket "/var/run/postgresql/.s.PGSQL.5432" failed: No such file or directory
	Is the server running locally and accepting connections on that socket?
[2024-09-07T12:55:13.155+0000] {logging_mixin.py:188} INFO - Error loading data: connection to server on socket "/var/run/postgresql/.s.PGSQL.5432" failed: No such file or directory
	Is the server running locally and accepting connections on that socket?
[2024-09-07T12:55:13.155+0000] {logging_mixin.py:188} INFO - Error loading data: connection to server on socket "/var/run/postgresql/.s.PGSQL.5432" failed: No such file or directory
	Is the server running locally and accepting connections on that socket?
[2024-09-07T12:55:13.156+0000] {logging_mixin.py:188} INFO - Error loading data: connection to server on socket "/var/run/postgresql/.s.PGSQL.5432" failed: No such file or directory
	Is the server running locally and accepting connections on that socket?
[2024-09-07T12:55:13.156+0000] {logging_mixin.py:188} INFO - Error loading data: connection to server on socket "/var/run/postgresql/.s.PGSQL.5432" failed: No such file or directory
	Is the server running locally and accepting connections on that socket?
[2024-09-07T12:55:13.157+0000] {logging_mixin.py:188} INFO - Error loading data: connection to server on socket "/var/run/postgresql/.s.PGSQL.5432" failed: No such file or directory
	Is the server running locally and accepting connections on that socket?
[2024-09-07T12:55:13.157+0000] {logging_mixin.py:188} INFO - Error loading data: connection to server on socket "/var/run/postgresql/.s.PGSQL.5432" failed: No such file or directory
	Is the server running locally and accepting connections on that socket?
[2024-09-07T12:55:13.158+0000] {logging_mixin.py:188} INFO - Error loading data: connection to server on socket "/var/run/postgresql/.s.PGSQL.5432" failed: No such file or directory
	Is the server running locally and accepting connections on that socket?
[2024-09-07T12:55:13.158+0000] {logging_mixin.py:188} INFO - Error loading data: connection to server on socket "/var/run/postgresql/.s.PGSQL.5432" failed: No such file or directory
	Is the server running locally and accepting connections on that socket?
[2024-09-07T12:55:13.159+0000] {logging_mixin.py:188} INFO - Error loading data: connection to server on socket "/var/run/postgresql/.s.PGSQL.5432" failed: No such file or directory
	Is the server running locally and accepting connections on that socket?
[2024-09-07T12:55:13.159+0000] {logging_mixin.py:188} INFO - Error loading data: connection to server on socket "/var/run/postgresql/.s.PGSQL.5432" failed: No such file or directory
	Is the server running locally and accepting connections on that socket?
[2024-09-07T12:55:13.160+0000] {logging_mixin.py:188} INFO - Error loading data: connection to server on socket "/var/run/postgresql/.s.PGSQL.5432" failed: No such file or directory
	Is the server running locally and accepting connections on that socket?
[2024-09-07T12:55:13.161+0000] {logging_mixin.py:188} INFO - Error loading data: connection to server on socket "/var/run/postgresql/.s.PGSQL.5432" failed: No such file or directory
	Is the server running locally and accepting connections on that socket?
[2024-09-07T12:55:13.161+0000] {logging_mixin.py:188} INFO - Error loading data: connection to server on socket "/var/run/postgresql/.s.PGSQL.5432" failed: No such file or directory
	Is the server running locally and accepting connections on that socket?
[2024-09-07T12:55:13.162+0000] {logging_mixin.py:188} INFO - Error loading data: connection to server on socket "/var/run/postgresql/.s.PGSQL.5432" failed: No such file or directory
	Is the server running locally and accepting connections on that socket?
[2024-09-07T12:55:13.162+0000] {logging_mixin.py:188} INFO - Error loading data: connection to server on socket "/var/run/postgresql/.s.PGSQL.5432" failed: No such file or directory
	Is the server running locally and accepting connections on that socket?
[2024-09-07T12:55:13.163+0000] {logging_mixin.py:188} INFO - Error loading data: connection to server on socket "/var/run/postgresql/.s.PGSQL.5432" failed: No such file or directory
	Is the server running locally and accepting connections on that socket?
[2024-09-07T12:55:13.163+0000] {logging_mixin.py:188} INFO - Error loading data: connection to server on socket "/var/run/postgresql/.s.PGSQL.5432" failed: No such file or directory
	Is the server running locally and accepting connections on that socket?
[2024-09-07T12:55:13.164+0000] {logging_mixin.py:188} INFO - Error loading data: connection to server on socket "/var/run/postgresql/.s.PGSQL.5432" failed: No such file or directory
	Is the server running locally and accepting connections on that socket?
[2024-09-07T12:55:13.164+0000] {logging_mixin.py:188} INFO - Error loading data: connection to server on socket "/var/run/postgresql/.s.PGSQL.5432" failed: No such file or directory
	Is the server running locally and accepting connections on that socket?
[2024-09-07T12:55:13.165+0000] {logging_mixin.py:188} INFO - Error loading data: connection to server on socket "/var/run/postgresql/.s.PGSQL.5432" failed: No such file or directory
	Is the server running locally and accepting connections on that socket?
[2024-09-07T12:55:13.165+0000] {logging_mixin.py:188} INFO - Error loading data: connection to server on socket "/var/run/postgresql/.s.PGSQL.5432" failed: No such file or directory
	Is the server running locally and accepting connections on that socket?
[2024-09-07T12:55:13.166+0000] {logging_mixin.py:188} INFO - Error loading data: connection to server on socket "/var/run/postgresql/.s.PGSQL.5432" failed: No such file or directory
	Is the server running locally and accepting connections on that socket?
[2024-09-07T12:55:13.166+0000] {logging_mixin.py:188} INFO - Error loading data: connection to server on socket "/var/run/postgresql/.s.PGSQL.5432" failed: No such file or directory
	Is the server running locally and accepting connections on that socket?
[2024-09-07T12:55:13.167+0000] {logging_mixin.py:188} INFO - Error loading data: connection to server on socket "/var/run/postgresql/.s.PGSQL.5432" failed: No such file or directory
	Is the server running locally and accepting connections on that socket?
[2024-09-07T12:55:13.167+0000] {logging_mixin.py:188} INFO - Error loading data: connection to server on socket "/var/run/postgresql/.s.PGSQL.5432" failed: No such file or directory
	Is the server running locally and accepting connections on that socket?
[2024-09-07T12:55:13.168+0000] {logging_mixin.py:188} INFO - Error loading data: connection to server on socket "/var/run/postgresql/.s.PGSQL.5432" failed: No such file or directory
	Is the server running locally and accepting connections on that socket?
[2024-09-07T12:55:13.168+0000] {logging_mixin.py:188} INFO - Error loading data: connection to server on socket "/var/run/postgresql/.s.PGSQL.5432" failed: No such file or directory
	Is the server running locally and accepting connections on that socket?
[2024-09-07T12:55:13.169+0000] {logging_mixin.py:188} INFO - Error loading data: connection to server on socket "/var/run/postgresql/.s.PGSQL.5432" failed: No such file or directory
	Is the server running locally and accepting connections on that socket?
[2024-09-07T12:55:13.169+0000] {logging_mixin.py:188} INFO - Error loading data: connection to server on socket "/var/run/postgresql/.s.PGSQL.5432" failed: No such file or directory
	Is the server running locally and accepting connections on that socket?
[2024-09-07T12:55:13.170+0000] {logging_mixin.py:188} INFO - Error loading data: connection to server on socket "/var/run/postgresql/.s.PGSQL.5432" failed: No such file or directory
	Is the server running locally and accepting connections on that socket?
[2024-09-07T12:55:13.170+0000] {logging_mixin.py:188} INFO - Error loading data: connection to server on socket "/var/run/postgresql/.s.PGSQL.5432" failed: No such file or directory
	Is the server running locally and accepting connections on that socket?
[2024-09-07T12:55:13.171+0000] {logging_mixin.py:188} INFO - Error loading data: connection to server on socket "/var/run/postgresql/.s.PGSQL.5432" failed: No such file or directory
	Is the server running locally and accepting connections on that socket?
[2024-09-07T12:55:13.171+0000] {logging_mixin.py:188} INFO - Error loading data: connection to server on socket "/var/run/postgresql/.s.PGSQL.5432" failed: No such file or directory
	Is the server running locally and accepting connections on that socket?
[2024-09-07T12:55:13.172+0000] {logging_mixin.py:188} INFO - Error loading data: connection to server on socket "/var/run/postgresql/.s.PGSQL.5432" failed: No such file or directory
	Is the server running locally and accepting connections on that socket?
[2024-09-07T12:55:13.172+0000] {logging_mixin.py:188} INFO - Error loading data: connection to server on socket "/var/run/postgresql/.s.PGSQL.5432" failed: No such file or directory
	Is the server running locally and accepting connections on that socket?
[2024-09-07T12:55:13.173+0000] {logging_mixin.py:188} INFO - Error loading data: connection to server on socket "/var/run/postgresql/.s.PGSQL.5432" failed: No such file or directory
	Is the server running locally and accepting connections on that socket?
[2024-09-07T12:55:13.173+0000] {logging_mixin.py:188} INFO - Error loading data: connection to server on socket "/var/run/postgresql/.s.PGSQL.5432" failed: No such file or directory
	Is the server running locally and accepting connections on that socket?
[2024-09-07T12:55:13.174+0000] {logging_mixin.py:188} INFO - Error loading data: connection to server on socket "/var/run/postgresql/.s.PGSQL.5432" failed: No such file or directory
	Is the server running locally and accepting connections on that socket?
[2024-09-07T12:55:13.175+0000] {logging_mixin.py:188} INFO - Error loading data: connection to server on socket "/var/run/postgresql/.s.PGSQL.5432" failed: No such file or directory
	Is the server running locally and accepting connections on that socket?
[2024-09-07T12:55:13.175+0000] {logging_mixin.py:188} INFO - Error loading data: connection to server on socket "/var/run/postgresql/.s.PGSQL.5432" failed: No such file or directory
	Is the server running locally and accepting connections on that socket?
[2024-09-07T12:55:13.176+0000] {logging_mixin.py:188} INFO - Error loading data: connection to server on socket "/var/run/postgresql/.s.PGSQL.5432" failed: No such file or directory
	Is the server running locally and accepting connections on that socket?
[2024-09-07T12:55:13.176+0000] {logging_mixin.py:188} INFO - Error loading data: connection to server on socket "/var/run/postgresql/.s.PGSQL.5432" failed: No such file or directory
	Is the server running locally and accepting connections on that socket?
[2024-09-07T12:55:13.177+0000] {logging_mixin.py:188} INFO - Error loading data: connection to server on socket "/var/run/postgresql/.s.PGSQL.5432" failed: No such file or directory
	Is the server running locally and accepting connections on that socket?
[2024-09-07T12:55:13.177+0000] {logging_mixin.py:188} INFO - Error loading data: connection to server on socket "/var/run/postgresql/.s.PGSQL.5432" failed: No such file or directory
	Is the server running locally and accepting connections on that socket?
[2024-09-07T12:55:13.178+0000] {logging_mixin.py:188} INFO - Error loading data: connection to server on socket "/var/run/postgresql/.s.PGSQL.5432" failed: No such file or directory
	Is the server running locally and accepting connections on that socket?
[2024-09-07T12:55:13.178+0000] {logging_mixin.py:188} INFO - Error loading data: connection to server on socket "/var/run/postgresql/.s.PGSQL.5432" failed: No such file or directory
	Is the server running locally and accepting connections on that socket?
[2024-09-07T12:55:13.179+0000] {logging_mixin.py:188} INFO - Error loading data: connection to server on socket "/var/run/postgresql/.s.PGSQL.5432" failed: No such file or directory
	Is the server running locally and accepting connections on that socket?
[2024-09-07T12:55:13.179+0000] {logging_mixin.py:188} INFO - Error loading data: connection to server on socket "/var/run/postgresql/.s.PGSQL.5432" failed: No such file or directory
	Is the server running locally and accepting connections on that socket?
[2024-09-07T12:55:13.180+0000] {logging_mixin.py:188} INFO - Error loading data: connection to server on socket "/var/run/postgresql/.s.PGSQL.5432" failed: No such file or directory
	Is the server running locally and accepting connections on that socket?
[2024-09-07T12:55:13.180+0000] {logging_mixin.py:188} INFO - Error loading data: connection to server on socket "/var/run/postgresql/.s.PGSQL.5432" failed: No such file or directory
	Is the server running locally and accepting connections on that socket?
[2024-09-07T12:55:13.181+0000] {logging_mixin.py:188} INFO - Error loading data: connection to server on socket "/var/run/postgresql/.s.PGSQL.5432" failed: No such file or directory
	Is the server running locally and accepting connections on that socket?
[2024-09-07T12:55:13.181+0000] {logging_mixin.py:188} INFO - Error loading data: connection to server on socket "/var/run/postgresql/.s.PGSQL.5432" failed: No such file or directory
	Is the server running locally and accepting connections on that socket?
[2024-09-07T12:55:13.182+0000] {logging_mixin.py:188} INFO - Error loading data: connection to server on socket "/var/run/postgresql/.s.PGSQL.5432" failed: No such file or directory
	Is the server running locally and accepting connections on that socket?
[2024-09-07T12:55:13.182+0000] {logging_mixin.py:188} INFO - Error loading data: connection to server on socket "/var/run/postgresql/.s.PGSQL.5432" failed: No such file or directory
	Is the server running locally and accepting connections on that socket?
[2024-09-07T12:55:13.183+0000] {logging_mixin.py:188} INFO - Error loading data: connection to server on socket "/var/run/postgresql/.s.PGSQL.5432" failed: No such file or directory
	Is the server running locally and accepting connections on that socket?
[2024-09-07T12:55:13.184+0000] {logging_mixin.py:188} INFO - Error loading data: connection to server on socket "/var/run/postgresql/.s.PGSQL.5432" failed: No such file or directory
	Is the server running locally and accepting connections on that socket?
[2024-09-07T12:55:13.184+0000] {logging_mixin.py:188} INFO - Error loading data: connection to server on socket "/var/run/postgresql/.s.PGSQL.5432" failed: No such file or directory
	Is the server running locally and accepting connections on that socket?
[2024-09-07T12:55:13.185+0000] {logging_mixin.py:188} INFO - Error loading data: connection to server on socket "/var/run/postgresql/.s.PGSQL.5432" failed: No such file or directory
	Is the server running locally and accepting connections on that socket?
[2024-09-07T12:55:13.185+0000] {logging_mixin.py:188} INFO - Error loading data: connection to server on socket "/var/run/postgresql/.s.PGSQL.5432" failed: No such file or directory
	Is the server running locally and accepting connections on that socket?
[2024-09-07T12:55:13.186+0000] {logging_mixin.py:188} INFO - Error loading data: connection to server on socket "/var/run/postgresql/.s.PGSQL.5432" failed: No such file or directory
	Is the server running locally and accepting connections on that socket?
[2024-09-07T12:55:13.187+0000] {logging_mixin.py:188} INFO - Error loading data: connection to server on socket "/var/run/postgresql/.s.PGSQL.5432" failed: No such file or directory
	Is the server running locally and accepting connections on that socket?
[2024-09-07T12:55:13.187+0000] {logging_mixin.py:188} INFO - Error loading data: connection to server on socket "/var/run/postgresql/.s.PGSQL.5432" failed: No such file or directory
	Is the server running locally and accepting connections on that socket?
[2024-09-07T12:55:13.188+0000] {logging_mixin.py:188} INFO - Error loading data: connection to server on socket "/var/run/postgresql/.s.PGSQL.5432" failed: No such file or directory
	Is the server running locally and accepting connections on that socket?
[2024-09-07T12:55:13.188+0000] {logging_mixin.py:188} INFO - Error loading data: connection to server on socket "/var/run/postgresql/.s.PGSQL.5432" failed: No such file or directory
	Is the server running locally and accepting connections on that socket?
[2024-09-07T12:55:13.189+0000] {logging_mixin.py:188} INFO - Error loading data: connection to server on socket "/var/run/postgresql/.s.PGSQL.5432" failed: No such file or directory
	Is the server running locally and accepting connections on that socket?
[2024-09-07T12:55:13.189+0000] {logging_mixin.py:188} INFO - Error loading data: connection to server on socket "/var/run/postgresql/.s.PGSQL.5432" failed: No such file or directory
	Is the server running locally and accepting connections on that socket?
[2024-09-07T12:55:13.190+0000] {logging_mixin.py:188} INFO - Error loading data: connection to server on socket "/var/run/postgresql/.s.PGSQL.5432" failed: No such file or directory
	Is the server running locally and accepting connections on that socket?
[2024-09-07T12:55:13.191+0000] {logging_mixin.py:188} INFO - Error loading data: connection to server on socket "/var/run/postgresql/.s.PGSQL.5432" failed: No such file or directory
	Is the server running locally and accepting connections on that socket?
[2024-09-07T12:55:13.191+0000] {logging_mixin.py:188} INFO - Error loading data: connection to server on socket "/var/run/postgresql/.s.PGSQL.5432" failed: No such file or directory
	Is the server running locally and accepting connections on that socket?
[2024-09-07T12:55:13.192+0000] {logging_mixin.py:188} INFO - Error loading data: connection to server on socket "/var/run/postgresql/.s.PGSQL.5432" failed: No such file or directory
	Is the server running locally and accepting connections on that socket?
[2024-09-07T12:55:13.192+0000] {logging_mixin.py:188} INFO - Error loading data: connection to server on socket "/var/run/postgresql/.s.PGSQL.5432" failed: No such file or directory
	Is the server running locally and accepting connections on that socket?
[2024-09-07T12:55:13.193+0000] {logging_mixin.py:188} INFO - Error loading data: connection to server on socket "/var/run/postgresql/.s.PGSQL.5432" failed: No such file or directory
	Is the server running locally and accepting connections on that socket?
[2024-09-07T12:55:13.193+0000] {logging_mixin.py:188} INFO - Error loading data: connection to server on socket "/var/run/postgresql/.s.PGSQL.5432" failed: No such file or directory
	Is the server running locally and accepting connections on that socket?
[2024-09-07T12:55:13.194+0000] {logging_mixin.py:188} INFO - Error loading data: connection to server on socket "/var/run/postgresql/.s.PGSQL.5432" failed: No such file or directory
	Is the server running locally and accepting connections on that socket?
[2024-09-07T12:55:13.194+0000] {logging_mixin.py:188} INFO - Error loading data: connection to server on socket "/var/run/postgresql/.s.PGSQL.5432" failed: No such file or directory
	Is the server running locally and accepting connections on that socket?
[2024-09-07T12:55:13.195+0000] {logging_mixin.py:188} INFO - Error loading data: connection to server on socket "/var/run/postgresql/.s.PGSQL.5432" failed: No such file or directory
	Is the server running locally and accepting connections on that socket?
[2024-09-07T12:55:13.195+0000] {logging_mixin.py:188} INFO - Error loading data: connection to server on socket "/var/run/postgresql/.s.PGSQL.5432" failed: No such file or directory
	Is the server running locally and accepting connections on that socket?
[2024-09-07T12:55:13.196+0000] {logging_mixin.py:188} INFO - Error loading data: connection to server on socket "/var/run/postgresql/.s.PGSQL.5432" failed: No such file or directory
	Is the server running locally and accepting connections on that socket?
[2024-09-07T12:55:13.196+0000] {logging_mixin.py:188} INFO - Error loading data: connection to server on socket "/var/run/postgresql/.s.PGSQL.5432" failed: No such file or directory
	Is the server running locally and accepting connections on that socket?
[2024-09-07T12:55:13.197+0000] {logging_mixin.py:188} INFO - Error loading data: connection to server on socket "/var/run/postgresql/.s.PGSQL.5432" failed: No such file or directory
	Is the server running locally and accepting connections on that socket?
[2024-09-07T12:55:13.198+0000] {logging_mixin.py:188} INFO - Error loading data: connection to server on socket "/var/run/postgresql/.s.PGSQL.5432" failed: No such file or directory
	Is the server running locally and accepting connections on that socket?
[2024-09-07T12:55:13.198+0000] {logging_mixin.py:188} INFO - Error loading data: connection to server on socket "/var/run/postgresql/.s.PGSQL.5432" failed: No such file or directory
	Is the server running locally and accepting connections on that socket?
[2024-09-07T12:55:13.199+0000] {logging_mixin.py:188} INFO - Error loading data: connection to server on socket "/var/run/postgresql/.s.PGSQL.5432" failed: No such file or directory
	Is the server running locally and accepting connections on that socket?
[2024-09-07T12:55:13.199+0000] {logging_mixin.py:188} INFO - Error loading data: connection to server on socket "/var/run/postgresql/.s.PGSQL.5432" failed: No such file or directory
	Is the server running locally and accepting connections on that socket?
[2024-09-07T12:55:13.200+0000] {logging_mixin.py:188} INFO - Error loading data: connection to server on socket "/var/run/postgresql/.s.PGSQL.5432" failed: No such file or directory
	Is the server running locally and accepting connections on that socket?
[2024-09-07T12:55:13.200+0000] {logging_mixin.py:188} INFO - Error loading data: connection to server on socket "/var/run/postgresql/.s.PGSQL.5432" failed: No such file or directory
	Is the server running locally and accepting connections on that socket?
[2024-09-07T12:55:13.201+0000] {logging_mixin.py:188} INFO - Error loading data: connection to server on socket "/var/run/postgresql/.s.PGSQL.5432" failed: No such file or directory
	Is the server running locally and accepting connections on that socket?
[2024-09-07T12:55:13.201+0000] {logging_mixin.py:188} INFO - Error loading data: connection to server on socket "/var/run/postgresql/.s.PGSQL.5432" failed: No such file or directory
	Is the server running locally and accepting connections on that socket?
[2024-09-07T12:55:13.202+0000] {logging_mixin.py:188} INFO - Error loading data: connection to server on socket "/var/run/postgresql/.s.PGSQL.5432" failed: No such file or directory
	Is the server running locally and accepting connections on that socket?
[2024-09-07T12:55:13.203+0000] {logging_mixin.py:188} INFO - Error loading data: connection to server on socket "/var/run/postgresql/.s.PGSQL.5432" failed: No such file or directory
	Is the server running locally and accepting connections on that socket?
[2024-09-07T12:55:13.203+0000] {logging_mixin.py:188} INFO - Error loading data: connection to server on socket "/var/run/postgresql/.s.PGSQL.5432" failed: No such file or directory
	Is the server running locally and accepting connections on that socket?
[2024-09-07T12:55:13.204+0000] {logging_mixin.py:188} INFO - Error loading data: connection to server on socket "/var/run/postgresql/.s.PGSQL.5432" failed: No such file or directory
	Is the server running locally and accepting connections on that socket?
[2024-09-07T12:55:13.205+0000] {logging_mixin.py:188} INFO - Error loading data: connection to server on socket "/var/run/postgresql/.s.PGSQL.5432" failed: No such file or directory
	Is the server running locally and accepting connections on that socket?
[2024-09-07T12:55:13.205+0000] {logging_mixin.py:188} INFO - Error loading data: connection to server on socket "/var/run/postgresql/.s.PGSQL.5432" failed: No such file or directory
	Is the server running locally and accepting connections on that socket?
[2024-09-07T12:55:13.206+0000] {logging_mixin.py:188} INFO - Error loading data: connection to server on socket "/var/run/postgresql/.s.PGSQL.5432" failed: No such file or directory
	Is the server running locally and accepting connections on that socket?
[2024-09-07T12:55:13.206+0000] {logging_mixin.py:188} INFO - Error loading data: connection to server on socket "/var/run/postgresql/.s.PGSQL.5432" failed: No such file or directory
	Is the server running locally and accepting connections on that socket?
[2024-09-07T12:55:13.207+0000] {logging_mixin.py:188} INFO - Error loading data: connection to server on socket "/var/run/postgresql/.s.PGSQL.5432" failed: No such file or directory
	Is the server running locally and accepting connections on that socket?
[2024-09-07T12:55:13.207+0000] {logging_mixin.py:188} INFO - Error loading data: connection to server on socket "/var/run/postgresql/.s.PGSQL.5432" failed: No such file or directory
	Is the server running locally and accepting connections on that socket?
[2024-09-07T12:55:13.208+0000] {logging_mixin.py:188} INFO - Error loading data: connection to server on socket "/var/run/postgresql/.s.PGSQL.5432" failed: No such file or directory
	Is the server running locally and accepting connections on that socket?
[2024-09-07T12:55:13.208+0000] {logging_mixin.py:188} INFO - Error loading data: connection to server on socket "/var/run/postgresql/.s.PGSQL.5432" failed: No such file or directory
	Is the server running locally and accepting connections on that socket?
[2024-09-07T12:55:13.209+0000] {logging_mixin.py:188} INFO - Error loading data: connection to server on socket "/var/run/postgresql/.s.PGSQL.5432" failed: No such file or directory
	Is the server running locally and accepting connections on that socket?
[2024-09-07T12:55:13.209+0000] {logging_mixin.py:188} INFO - Error loading data: connection to server on socket "/var/run/postgresql/.s.PGSQL.5432" failed: No such file or directory
	Is the server running locally and accepting connections on that socket?
[2024-09-07T12:55:13.210+0000] {logging_mixin.py:188} INFO - Error loading data: connection to server on socket "/var/run/postgresql/.s.PGSQL.5432" failed: No such file or directory
	Is the server running locally and accepting connections on that socket?
[2024-09-07T12:55:13.211+0000] {logging_mixin.py:188} INFO - Error loading data: connection to server on socket "/var/run/postgresql/.s.PGSQL.5432" failed: No such file or directory
	Is the server running locally and accepting connections on that socket?
[2024-09-07T12:55:13.211+0000] {logging_mixin.py:188} INFO - Error loading data: connection to server on socket "/var/run/postgresql/.s.PGSQL.5432" failed: No such file or directory
	Is the server running locally and accepting connections on that socket?
[2024-09-07T12:55:13.212+0000] {logging_mixin.py:188} INFO - Error loading data: connection to server on socket "/var/run/postgresql/.s.PGSQL.5432" failed: No such file or directory
	Is the server running locally and accepting connections on that socket?
[2024-09-07T12:55:13.212+0000] {logging_mixin.py:188} INFO - Error loading data: connection to server on socket "/var/run/postgresql/.s.PGSQL.5432" failed: No such file or directory
	Is the server running locally and accepting connections on that socket?
[2024-09-07T12:55:13.213+0000] {logging_mixin.py:188} INFO - Error loading data: connection to server on socket "/var/run/postgresql/.s.PGSQL.5432" failed: No such file or directory
	Is the server running locally and accepting connections on that socket?
[2024-09-07T12:55:13.213+0000] {logging_mixin.py:188} INFO - Error loading data: connection to server on socket "/var/run/postgresql/.s.PGSQL.5432" failed: No such file or directory
	Is the server running locally and accepting connections on that socket?
[2024-09-07T12:55:13.214+0000] {logging_mixin.py:188} INFO - Error loading data: connection to server on socket "/var/run/postgresql/.s.PGSQL.5432" failed: No such file or directory
	Is the server running locally and accepting connections on that socket?
[2024-09-07T12:55:13.214+0000] {logging_mixin.py:188} INFO - Error loading data: connection to server on socket "/var/run/postgresql/.s.PGSQL.5432" failed: No such file or directory
	Is the server running locally and accepting connections on that socket?
[2024-09-07T12:55:13.215+0000] {logging_mixin.py:188} INFO - Error loading data: connection to server on socket "/var/run/postgresql/.s.PGSQL.5432" failed: No such file or directory
	Is the server running locally and accepting connections on that socket?
[2024-09-07T12:55:13.216+0000] {logging_mixin.py:188} INFO - Error loading data: connection to server on socket "/var/run/postgresql/.s.PGSQL.5432" failed: No such file or directory
	Is the server running locally and accepting connections on that socket?
[2024-09-07T12:55:13.216+0000] {logging_mixin.py:188} INFO - Error loading data: connection to server on socket "/var/run/postgresql/.s.PGSQL.5432" failed: No such file or directory
	Is the server running locally and accepting connections on that socket?
[2024-09-07T12:55:13.217+0000] {logging_mixin.py:188} INFO - Error loading data: connection to server on socket "/var/run/postgresql/.s.PGSQL.5432" failed: No such file or directory
	Is the server running locally and accepting connections on that socket?
[2024-09-07T12:55:13.217+0000] {logging_mixin.py:188} INFO - Error loading data: connection to server on socket "/var/run/postgresql/.s.PGSQL.5432" failed: No such file or directory
	Is the server running locally and accepting connections on that socket?
[2024-09-07T12:55:13.218+0000] {logging_mixin.py:188} INFO - Error loading data: connection to server on socket "/var/run/postgresql/.s.PGSQL.5432" failed: No such file or directory
	Is the server running locally and accepting connections on that socket?
[2024-09-07T12:55:13.218+0000] {logging_mixin.py:188} INFO - Error loading data: connection to server on socket "/var/run/postgresql/.s.PGSQL.5432" failed: No such file or directory
	Is the server running locally and accepting connections on that socket?
[2024-09-07T12:55:13.219+0000] {logging_mixin.py:188} INFO - Error loading data: connection to server on socket "/var/run/postgresql/.s.PGSQL.5432" failed: No such file or directory
	Is the server running locally and accepting connections on that socket?
[2024-09-07T12:55:13.219+0000] {logging_mixin.py:188} INFO - Error loading data: connection to server on socket "/var/run/postgresql/.s.PGSQL.5432" failed: No such file or directory
	Is the server running locally and accepting connections on that socket?
[2024-09-07T12:55:13.220+0000] {logging_mixin.py:188} INFO - Error loading data: connection to server on socket "/var/run/postgresql/.s.PGSQL.5432" failed: No such file or directory
	Is the server running locally and accepting connections on that socket?
[2024-09-07T12:55:13.221+0000] {logging_mixin.py:188} INFO - Error loading data: connection to server on socket "/var/run/postgresql/.s.PGSQL.5432" failed: No such file or directory
	Is the server running locally and accepting connections on that socket?
[2024-09-07T12:55:13.221+0000] {logging_mixin.py:188} INFO - Error loading data: connection to server on socket "/var/run/postgresql/.s.PGSQL.5432" failed: No such file or directory
	Is the server running locally and accepting connections on that socket?
[2024-09-07T12:55:13.226+0000] {logging_mixin.py:188} INFO - Error loading data: connection to server on socket "/var/run/postgresql/.s.PGSQL.5432" failed: No such file or directory
	Is the server running locally and accepting connections on that socket?
[2024-09-07T12:55:13.226+0000] {logging_mixin.py:188} INFO - Error loading data: connection to server on socket "/var/run/postgresql/.s.PGSQL.5432" failed: No such file or directory
	Is the server running locally and accepting connections on that socket?
[2024-09-07T12:55:13.227+0000] {logging_mixin.py:188} INFO - Error loading data: connection to server on socket "/var/run/postgresql/.s.PGSQL.5432" failed: No such file or directory
	Is the server running locally and accepting connections on that socket?
[2024-09-07T12:55:13.227+0000] {logging_mixin.py:188} INFO - Error loading data: connection to server on socket "/var/run/postgresql/.s.PGSQL.5432" failed: No such file or directory
	Is the server running locally and accepting connections on that socket?
[2024-09-07T12:55:13.228+0000] {logging_mixin.py:188} INFO - Error loading data: connection to server on socket "/var/run/postgresql/.s.PGSQL.5432" failed: No such file or directory
	Is the server running locally and accepting connections on that socket?
[2024-09-07T12:55:13.228+0000] {logging_mixin.py:188} INFO - Error loading data: connection to server on socket "/var/run/postgresql/.s.PGSQL.5432" failed: No such file or directory
	Is the server running locally and accepting connections on that socket?
[2024-09-07T12:55:13.229+0000] {logging_mixin.py:188} INFO - Error loading data: connection to server on socket "/var/run/postgresql/.s.PGSQL.5432" failed: No such file or directory
	Is the server running locally and accepting connections on that socket?
[2024-09-07T12:55:13.229+0000] {logging_mixin.py:188} INFO - Error loading data: connection to server on socket "/var/run/postgresql/.s.PGSQL.5432" failed: No such file or directory
	Is the server running locally and accepting connections on that socket?
[2024-09-07T12:55:13.230+0000] {logging_mixin.py:188} INFO - Error loading data: connection to server on socket "/var/run/postgresql/.s.PGSQL.5432" failed: No such file or directory
	Is the server running locally and accepting connections on that socket?
[2024-09-07T12:55:13.230+0000] {logging_mixin.py:188} INFO - Error loading data: connection to server on socket "/var/run/postgresql/.s.PGSQL.5432" failed: No such file or directory
	Is the server running locally and accepting connections on that socket?
[2024-09-07T12:55:13.231+0000] {logging_mixin.py:188} INFO - Error loading data: connection to server on socket "/var/run/postgresql/.s.PGSQL.5432" failed: No such file or directory
	Is the server running locally and accepting connections on that socket?
[2024-09-07T12:55:13.231+0000] {logging_mixin.py:188} INFO - Error loading data: connection to server on socket "/var/run/postgresql/.s.PGSQL.5432" failed: No such file or directory
	Is the server running locally and accepting connections on that socket?
[2024-09-07T12:55:13.232+0000] {logging_mixin.py:188} INFO - Error loading data: connection to server on socket "/var/run/postgresql/.s.PGSQL.5432" failed: No such file or directory
	Is the server running locally and accepting connections on that socket?
[2024-09-07T12:55:13.237+0000] {logging_mixin.py:188} INFO - Error loading data: connection to server on socket "/var/run/postgresql/.s.PGSQL.5432" failed: No such file or directory
	Is the server running locally and accepting connections on that socket?
[2024-09-07T12:55:13.237+0000] {logging_mixin.py:188} INFO - Error loading data: connection to server on socket "/var/run/postgresql/.s.PGSQL.5432" failed: No such file or directory
	Is the server running locally and accepting connections on that socket?
[2024-09-07T12:55:13.238+0000] {logging_mixin.py:188} INFO - Error loading data: connection to server on socket "/var/run/postgresql/.s.PGSQL.5432" failed: No such file or directory
	Is the server running locally and accepting connections on that socket?
[2024-09-07T12:55:13.239+0000] {logging_mixin.py:188} INFO - Error loading data: connection to server on socket "/var/run/postgresql/.s.PGSQL.5432" failed: No such file or directory
	Is the server running locally and accepting connections on that socket?
[2024-09-07T12:55:13.239+0000] {logging_mixin.py:188} INFO - Error loading data: connection to server on socket "/var/run/postgresql/.s.PGSQL.5432" failed: No such file or directory
	Is the server running locally and accepting connections on that socket?
[2024-09-07T12:55:13.240+0000] {logging_mixin.py:188} INFO - Error loading data: connection to server on socket "/var/run/postgresql/.s.PGSQL.5432" failed: No such file or directory
	Is the server running locally and accepting connections on that socket?
[2024-09-07T12:55:13.240+0000] {logging_mixin.py:188} INFO - Error loading data: connection to server on socket "/var/run/postgresql/.s.PGSQL.5432" failed: No such file or directory
	Is the server running locally and accepting connections on that socket?
[2024-09-07T12:55:13.241+0000] {logging_mixin.py:188} INFO - Error loading data: connection to server on socket "/var/run/postgresql/.s.PGSQL.5432" failed: No such file or directory
	Is the server running locally and accepting connections on that socket?
[2024-09-07T12:55:13.241+0000] {logging_mixin.py:188} INFO - Error loading data: connection to server on socket "/var/run/postgresql/.s.PGSQL.5432" failed: No such file or directory
	Is the server running locally and accepting connections on that socket?
[2024-09-07T12:55:13.242+0000] {logging_mixin.py:188} INFO - Error loading data: connection to server on socket "/var/run/postgresql/.s.PGSQL.5432" failed: No such file or directory
	Is the server running locally and accepting connections on that socket?
[2024-09-07T12:55:13.242+0000] {logging_mixin.py:188} INFO - Error loading data: connection to server on socket "/var/run/postgresql/.s.PGSQL.5432" failed: No such file or directory
	Is the server running locally and accepting connections on that socket?
[2024-09-07T12:55:13.243+0000] {logging_mixin.py:188} INFO - Error loading data: connection to server on socket "/var/run/postgresql/.s.PGSQL.5432" failed: No such file or directory
	Is the server running locally and accepting connections on that socket?
[2024-09-07T12:55:13.243+0000] {logging_mixin.py:188} INFO - Error loading data: connection to server on socket "/var/run/postgresql/.s.PGSQL.5432" failed: No such file or directory
	Is the server running locally and accepting connections on that socket?
[2024-09-07T12:55:13.244+0000] {logging_mixin.py:188} INFO - Error loading data: connection to server on socket "/var/run/postgresql/.s.PGSQL.5432" failed: No such file or directory
	Is the server running locally and accepting connections on that socket?
[2024-09-07T12:55:13.244+0000] {logging_mixin.py:188} INFO - Error loading data: connection to server on socket "/var/run/postgresql/.s.PGSQL.5432" failed: No such file or directory
	Is the server running locally and accepting connections on that socket?
[2024-09-07T12:55:13.245+0000] {logging_mixin.py:188} INFO - Error loading data: connection to server on socket "/var/run/postgresql/.s.PGSQL.5432" failed: No such file or directory
	Is the server running locally and accepting connections on that socket?
[2024-09-07T12:55:13.245+0000] {logging_mixin.py:188} INFO - Error loading data: connection to server on socket "/var/run/postgresql/.s.PGSQL.5432" failed: No such file or directory
	Is the server running locally and accepting connections on that socket?
[2024-09-07T12:55:13.246+0000] {logging_mixin.py:188} INFO - Error loading data: connection to server on socket "/var/run/postgresql/.s.PGSQL.5432" failed: No such file or directory
	Is the server running locally and accepting connections on that socket?
[2024-09-07T12:55:13.247+0000] {logging_mixin.py:188} INFO - Error loading data: connection to server on socket "/var/run/postgresql/.s.PGSQL.5432" failed: No such file or directory
	Is the server running locally and accepting connections on that socket?
[2024-09-07T12:55:13.247+0000] {logging_mixin.py:188} INFO - Error loading data: connection to server on socket "/var/run/postgresql/.s.PGSQL.5432" failed: No such file or directory
	Is the server running locally and accepting connections on that socket?
[2024-09-07T12:55:13.248+0000] {logging_mixin.py:188} INFO - Error loading data: connection to server on socket "/var/run/postgresql/.s.PGSQL.5432" failed: No such file or directory
	Is the server running locally and accepting connections on that socket?
[2024-09-07T12:55:13.248+0000] {logging_mixin.py:188} INFO - Error loading data: connection to server on socket "/var/run/postgresql/.s.PGSQL.5432" failed: No such file or directory
	Is the server running locally and accepting connections on that socket?
[2024-09-07T12:55:13.249+0000] {logging_mixin.py:188} INFO - Error loading data: connection to server on socket "/var/run/postgresql/.s.PGSQL.5432" failed: No such file or directory
	Is the server running locally and accepting connections on that socket?
[2024-09-07T12:55:13.249+0000] {logging_mixin.py:188} INFO - Error loading data: connection to server on socket "/var/run/postgresql/.s.PGSQL.5432" failed: No such file or directory
	Is the server running locally and accepting connections on that socket?
[2024-09-07T12:55:13.250+0000] {logging_mixin.py:188} INFO - Error loading data: connection to server on socket "/var/run/postgresql/.s.PGSQL.5432" failed: No such file or directory
	Is the server running locally and accepting connections on that socket?
[2024-09-07T12:55:13.251+0000] {logging_mixin.py:188} INFO - Error loading data: connection to server on socket "/var/run/postgresql/.s.PGSQL.5432" failed: No such file or directory
	Is the server running locally and accepting connections on that socket?
[2024-09-07T12:55:13.251+0000] {logging_mixin.py:188} INFO - Error loading data: connection to server on socket "/var/run/postgresql/.s.PGSQL.5432" failed: No such file or directory
	Is the server running locally and accepting connections on that socket?
[2024-09-07T12:55:13.252+0000] {logging_mixin.py:188} INFO - Error loading data: connection to server on socket "/var/run/postgresql/.s.PGSQL.5432" failed: No such file or directory
	Is the server running locally and accepting connections on that socket?
[2024-09-07T12:55:13.252+0000] {logging_mixin.py:188} INFO - Error loading data: connection to server on socket "/var/run/postgresql/.s.PGSQL.5432" failed: No such file or directory
	Is the server running locally and accepting connections on that socket?
[2024-09-07T12:55:13.253+0000] {logging_mixin.py:188} INFO - Error loading data: connection to server on socket "/var/run/postgresql/.s.PGSQL.5432" failed: No such file or directory
	Is the server running locally and accepting connections on that socket?
[2024-09-07T12:55:13.253+0000] {logging_mixin.py:188} INFO - Error loading data: connection to server on socket "/var/run/postgresql/.s.PGSQL.5432" failed: No such file or directory
	Is the server running locally and accepting connections on that socket?
[2024-09-07T12:55:13.254+0000] {logging_mixin.py:188} INFO - Error loading data: connection to server on socket "/var/run/postgresql/.s.PGSQL.5432" failed: No such file or directory
	Is the server running locally and accepting connections on that socket?
[2024-09-07T12:55:13.254+0000] {logging_mixin.py:188} INFO - Error loading data: connection to server on socket "/var/run/postgresql/.s.PGSQL.5432" failed: No such file or directory
	Is the server running locally and accepting connections on that socket?
[2024-09-07T12:55:13.255+0000] {logging_mixin.py:188} INFO - Error loading data: connection to server on socket "/var/run/postgresql/.s.PGSQL.5432" failed: No such file or directory
	Is the server running locally and accepting connections on that socket?
[2024-09-07T12:55:13.255+0000] {logging_mixin.py:188} INFO - Error loading data: connection to server on socket "/var/run/postgresql/.s.PGSQL.5432" failed: No such file or directory
	Is the server running locally and accepting connections on that socket?
[2024-09-07T12:55:13.256+0000] {logging_mixin.py:188} INFO - Error loading data: connection to server on socket "/var/run/postgresql/.s.PGSQL.5432" failed: No such file or directory
	Is the server running locally and accepting connections on that socket?
[2024-09-07T12:55:13.256+0000] {logging_mixin.py:188} INFO - Error loading data: connection to server on socket "/var/run/postgresql/.s.PGSQL.5432" failed: No such file or directory
	Is the server running locally and accepting connections on that socket?
[2024-09-07T12:55:13.257+0000] {logging_mixin.py:188} INFO - Error loading data: connection to server on socket "/var/run/postgresql/.s.PGSQL.5432" failed: No such file or directory
	Is the server running locally and accepting connections on that socket?
[2024-09-07T12:55:13.257+0000] {logging_mixin.py:188} INFO - Error loading data: connection to server on socket "/var/run/postgresql/.s.PGSQL.5432" failed: No such file or directory
	Is the server running locally and accepting connections on that socket?
[2024-09-07T12:55:13.258+0000] {logging_mixin.py:188} INFO - Error loading data: connection to server on socket "/var/run/postgresql/.s.PGSQL.5432" failed: No such file or directory
	Is the server running locally and accepting connections on that socket?
[2024-09-07T12:55:13.259+0000] {logging_mixin.py:188} INFO - Error loading data: connection to server on socket "/var/run/postgresql/.s.PGSQL.5432" failed: No such file or directory
	Is the server running locally and accepting connections on that socket?
[2024-09-07T12:55:13.259+0000] {logging_mixin.py:188} INFO - Error loading data: connection to server on socket "/var/run/postgresql/.s.PGSQL.5432" failed: No such file or directory
	Is the server running locally and accepting connections on that socket?
[2024-09-07T12:55:13.260+0000] {logging_mixin.py:188} INFO - Error loading data: connection to server on socket "/var/run/postgresql/.s.PGSQL.5432" failed: No such file or directory
	Is the server running locally and accepting connections on that socket?
[2024-09-07T12:55:13.260+0000] {logging_mixin.py:188} INFO - Error loading data: connection to server on socket "/var/run/postgresql/.s.PGSQL.5432" failed: No such file or directory
	Is the server running locally and accepting connections on that socket?
[2024-09-07T12:55:13.261+0000] {logging_mixin.py:188} INFO - Error loading data: connection to server on socket "/var/run/postgresql/.s.PGSQL.5432" failed: No such file or directory
	Is the server running locally and accepting connections on that socket?
[2024-09-07T12:55:13.261+0000] {logging_mixin.py:188} INFO - Error loading data: connection to server on socket "/var/run/postgresql/.s.PGSQL.5432" failed: No such file or directory
	Is the server running locally and accepting connections on that socket?
[2024-09-07T12:55:13.262+0000] {logging_mixin.py:188} INFO - Error loading data: connection to server on socket "/var/run/postgresql/.s.PGSQL.5432" failed: No such file or directory
	Is the server running locally and accepting connections on that socket?
[2024-09-07T12:55:13.263+0000] {logging_mixin.py:188} INFO - Error loading data: connection to server on socket "/var/run/postgresql/.s.PGSQL.5432" failed: No such file or directory
	Is the server running locally and accepting connections on that socket?
[2024-09-07T12:55:13.264+0000] {logging_mixin.py:188} INFO - Error loading data: connection to server on socket "/var/run/postgresql/.s.PGSQL.5432" failed: No such file or directory
	Is the server running locally and accepting connections on that socket?
[2024-09-07T12:55:13.264+0000] {logging_mixin.py:188} INFO - Error loading data: connection to server on socket "/var/run/postgresql/.s.PGSQL.5432" failed: No such file or directory
	Is the server running locally and accepting connections on that socket?
[2024-09-07T12:55:13.265+0000] {logging_mixin.py:188} INFO - Error loading data: connection to server on socket "/var/run/postgresql/.s.PGSQL.5432" failed: No such file or directory
	Is the server running locally and accepting connections on that socket?
[2024-09-07T12:55:13.265+0000] {logging_mixin.py:188} INFO - Error loading data: connection to server on socket "/var/run/postgresql/.s.PGSQL.5432" failed: No such file or directory
	Is the server running locally and accepting connections on that socket?
[2024-09-07T12:55:13.266+0000] {logging_mixin.py:188} INFO - Error loading data: connection to server on socket "/var/run/postgresql/.s.PGSQL.5432" failed: No such file or directory
	Is the server running locally and accepting connections on that socket?
[2024-09-07T12:55:13.266+0000] {logging_mixin.py:188} INFO - Error loading data: connection to server on socket "/var/run/postgresql/.s.PGSQL.5432" failed: No such file or directory
	Is the server running locally and accepting connections on that socket?
[2024-09-07T12:55:13.267+0000] {logging_mixin.py:188} INFO - Error loading data: connection to server on socket "/var/run/postgresql/.s.PGSQL.5432" failed: No such file or directory
	Is the server running locally and accepting connections on that socket?
[2024-09-07T12:55:13.268+0000] {logging_mixin.py:188} INFO - Error loading data: connection to server on socket "/var/run/postgresql/.s.PGSQL.5432" failed: No such file or directory
	Is the server running locally and accepting connections on that socket?
[2024-09-07T12:55:13.268+0000] {logging_mixin.py:188} INFO - Error loading data: connection to server on socket "/var/run/postgresql/.s.PGSQL.5432" failed: No such file or directory
	Is the server running locally and accepting connections on that socket?
[2024-09-07T12:55:13.269+0000] {logging_mixin.py:188} INFO - Error loading data: connection to server on socket "/var/run/postgresql/.s.PGSQL.5432" failed: No such file or directory
	Is the server running locally and accepting connections on that socket?
[2024-09-07T12:55:13.269+0000] {logging_mixin.py:188} INFO - Error loading data: connection to server on socket "/var/run/postgresql/.s.PGSQL.5432" failed: No such file or directory
	Is the server running locally and accepting connections on that socket?
[2024-09-07T12:55:13.270+0000] {logging_mixin.py:188} INFO - Error loading data: connection to server on socket "/var/run/postgresql/.s.PGSQL.5432" failed: No such file or directory
	Is the server running locally and accepting connections on that socket?
[2024-09-07T12:55:13.270+0000] {logging_mixin.py:188} INFO - Error loading data: connection to server on socket "/var/run/postgresql/.s.PGSQL.5432" failed: No such file or directory
	Is the server running locally and accepting connections on that socket?
[2024-09-07T12:55:13.272+0000] {logging_mixin.py:188} INFO - Error loading data: connection to server on socket "/var/run/postgresql/.s.PGSQL.5432" failed: No such file or directory
	Is the server running locally and accepting connections on that socket?
[2024-09-07T12:55:13.272+0000] {logging_mixin.py:188} INFO - Error loading data: connection to server on socket "/var/run/postgresql/.s.PGSQL.5432" failed: No such file or directory
	Is the server running locally and accepting connections on that socket?
[2024-09-07T12:55:13.273+0000] {logging_mixin.py:188} INFO - Error loading data: connection to server on socket "/var/run/postgresql/.s.PGSQL.5432" failed: No such file or directory
	Is the server running locally and accepting connections on that socket?
[2024-09-07T12:55:13.273+0000] {logging_mixin.py:188} INFO - Error loading data: connection to server on socket "/var/run/postgresql/.s.PGSQL.5432" failed: No such file or directory
	Is the server running locally and accepting connections on that socket?
[2024-09-07T12:55:13.274+0000] {python.py:237} INFO - Done. Returned value was: None
[2024-09-07T12:55:13.274+0000] {taskinstance.py:441} INFO - ::group::Post task execution logs
[2024-09-07T12:55:13.312+0000] {taskinstance.py:1205} INFO - Marking task as SUCCESS. dag_id=reddit_etl, task_id=load_data_to_warehouse, execution_date=20240715T000000, start_date=20240907T125512, end_date=20240907T125513
[2024-09-07T12:55:13.357+0000] {local_task_job_runner.py:240} INFO - Task exited with return code 0
[2024-09-07T12:55:13.412+0000] {taskinstance.py:3482} INFO - 0 downstream tasks scheduled from follow-on schedule check
[2024-09-07T12:55:13.418+0000] {local_task_job_runner.py:222} INFO - ::endgroup::
