[2024-09-07T13:24:31.535+0000] {local_task_job_runner.py:120} INFO - ::group::Pre task execution logs
[2024-09-07T13:24:31.575+0000] {taskinstance.py:2073} INFO - Dependencies all met for dep_context=non-requeueable deps ti=<TaskInstance: reddit_etl.load_data_to_warehouse manual__2024-09-07T13:24:28.431949+00:00 [queued]>
[2024-09-07T13:24:31.584+0000] {taskinstance.py:2073} INFO - Dependencies all met for dep_context=requeueable deps ti=<TaskInstance: reddit_etl.load_data_to_warehouse manual__2024-09-07T13:24:28.431949+00:00 [queued]>
[2024-09-07T13:24:31.584+0000] {taskinstance.py:2303} INFO - Starting attempt 1 of 2
[2024-09-07T13:24:31.598+0000] {taskinstance.py:2327} INFO - Executing <Task(PythonOperator): load_data_to_warehouse> on 2024-09-07 13:24:28.431949+00:00
[2024-09-07T13:24:31.608+0000] {logging_mixin.py:188} WARNING - /home/airflow/.local/lib/python3.12/site-packages/airflow/task/task_runner/standard_task_runner.py:61 DeprecationWarning: This process (pid=2560) is multi-threaded, use of fork() may lead to deadlocks in the child.
[2024-09-07T13:24:31.609+0000] {standard_task_runner.py:63} INFO - Started process 2561 to run task
[2024-09-07T13:24:31.608+0000] {standard_task_runner.py:90} INFO - Running: ['airflow', 'tasks', 'run', 'reddit_etl', 'load_data_to_warehouse', 'manual__2024-09-07T13:24:28.431949+00:00', '--job-id', '656', '--raw', '--subdir', 'DAGS_FOLDER/reddit.py', '--cfg-path', '/tmp/tmp7e3e12w6']
[2024-09-07T13:24:31.610+0000] {standard_task_runner.py:91} INFO - Job 656: Subtask load_data_to_warehouse
[2024-09-07T13:24:31.675+0000] {task_command.py:426} INFO - Running <TaskInstance: reddit_etl.load_data_to_warehouse manual__2024-09-07T13:24:28.431949+00:00 [running]> on host 42d604ea5ce6
[2024-09-07T13:24:31.791+0000] {taskinstance.py:2644} INFO - Exporting env vars: AIRFLOW_CTX_DAG_OWNER='reddithackathon' AIRFLOW_CTX_DAG_ID='reddit_etl' AIRFLOW_CTX_TASK_ID='load_data_to_warehouse' AIRFLOW_CTX_EXECUTION_DATE='2024-09-07T13:24:28.431949+00:00' AIRFLOW_CTX_TRY_NUMBER='1' AIRFLOW_CTX_DAG_RUN_ID='manual__2024-09-07T13:24:28.431949+00:00'
[2024-09-07T13:24:31.792+0000] {taskinstance.py:430} INFO - ::endgroup::
[2024-09-07T13:24:31.840+0000] {logging_mixin.py:188} INFO - Error loading data: column "category" of relation "fact_post" does not exist
LINE 2: ..., score, num_comments, created_at, url, selftext, category, ...
                                                             ^
[2024-09-07T13:24:31.850+0000] {logging_mixin.py:188} INFO - Error loading data: column "category" of relation "fact_post" does not exist
LINE 2: ..., score, num_comments, created_at, url, selftext, category, ...
                                                             ^
[2024-09-07T13:24:31.862+0000] {logging_mixin.py:188} INFO - Error loading data: column "category" of relation "fact_post" does not exist
LINE 2: ..., score, num_comments, created_at, url, selftext, category, ...
                                                             ^
[2024-09-07T13:24:31.874+0000] {logging_mixin.py:188} INFO - Error loading data: column "category" of relation "fact_post" does not exist
LINE 2: ..., score, num_comments, created_at, url, selftext, category, ...
                                                             ^
[2024-09-07T13:24:31.886+0000] {logging_mixin.py:188} INFO - Error loading data: column "category" of relation "fact_post" does not exist
LINE 2: ..., score, num_comments, created_at, url, selftext, category, ...
                                                             ^
[2024-09-07T13:24:31.896+0000] {logging_mixin.py:188} INFO - Error loading data: column "category" of relation "fact_post" does not exist
LINE 2: ..., score, num_comments, created_at, url, selftext, category, ...
                                                             ^
[2024-09-07T13:24:31.908+0000] {logging_mixin.py:188} INFO - Error loading data: column "category" of relation "fact_post" does not exist
LINE 2: ..., score, num_comments, created_at, url, selftext, category, ...
                                                             ^
[2024-09-07T13:24:31.919+0000] {logging_mixin.py:188} INFO - Error loading data: column "category" of relation "fact_post" does not exist
LINE 2: ..., score, num_comments, created_at, url, selftext, category, ...
                                                             ^
[2024-09-07T13:24:31.931+0000] {logging_mixin.py:188} INFO - Error loading data: column "category" of relation "fact_post" does not exist
LINE 2: ..., score, num_comments, created_at, url, selftext, category, ...
                                                             ^
[2024-09-07T13:24:31.942+0000] {logging_mixin.py:188} INFO - Error loading data: column "category" of relation "fact_post" does not exist
LINE 2: ..., score, num_comments, created_at, url, selftext, category, ...
                                                             ^
[2024-09-07T13:24:31.954+0000] {logging_mixin.py:188} INFO - Error loading data: column "category" of relation "fact_post" does not exist
LINE 2: ..., score, num_comments, created_at, url, selftext, category, ...
                                                             ^
[2024-09-07T13:24:31.965+0000] {logging_mixin.py:188} INFO - Error loading data: column "category" of relation "fact_post" does not exist
LINE 2: ..., score, num_comments, created_at, url, selftext, category, ...
                                                             ^
[2024-09-07T13:24:31.976+0000] {logging_mixin.py:188} INFO - Error loading data: column "category" of relation "fact_post" does not exist
LINE 2: ..., score, num_comments, created_at, url, selftext, category, ...
                                                             ^
[2024-09-07T13:24:31.988+0000] {logging_mixin.py:188} INFO - Error loading data: column "category" of relation "fact_post" does not exist
LINE 2: ..., score, num_comments, created_at, url, selftext, category, ...
                                                             ^
[2024-09-07T13:24:31.998+0000] {logging_mixin.py:188} INFO - Error loading data: column "category" of relation "fact_post" does not exist
LINE 2: ..., score, num_comments, created_at, url, selftext, category, ...
                                                             ^
[2024-09-07T13:24:32.009+0000] {logging_mixin.py:188} INFO - Error loading data: column "category" of relation "fact_post" does not exist
LINE 2: ..., score, num_comments, created_at, url, selftext, category, ...
                                                             ^
[2024-09-07T13:24:32.020+0000] {logging_mixin.py:188} INFO - Error loading data: column "category" of relation "fact_post" does not exist
LINE 2: ..., score, num_comments, created_at, url, selftext, category, ...
                                                             ^
[2024-09-07T13:24:32.031+0000] {logging_mixin.py:188} INFO - Error loading data: column "category" of relation "fact_post" does not exist
LINE 2: ..., score, num_comments, created_at, url, selftext, category, ...
                                                             ^
[2024-09-07T13:24:32.043+0000] {logging_mixin.py:188} INFO - Error loading data: column "category" of relation "fact_post" does not exist
LINE 2: ..., score, num_comments, created_at, url, selftext, category, ...
                                                             ^
[2024-09-07T13:24:32.054+0000] {logging_mixin.py:188} INFO - Error loading data: column "category" of relation "fact_post" does not exist
LINE 2: ..., score, num_comments, created_at, url, selftext, category, ...
                                                             ^
[2024-09-07T13:24:32.065+0000] {logging_mixin.py:188} INFO - Error loading data: column "category" of relation "fact_post" does not exist
LINE 2: ..., score, num_comments, created_at, url, selftext, category, ...
                                                             ^
[2024-09-07T13:24:32.077+0000] {logging_mixin.py:188} INFO - Error loading data: column "category" of relation "fact_post" does not exist
LINE 2: ..., score, num_comments, created_at, url, selftext, category, ...
                                                             ^
[2024-09-07T13:24:32.089+0000] {logging_mixin.py:188} INFO - Error loading data: column "category" of relation "fact_post" does not exist
LINE 2: ..., score, num_comments, created_at, url, selftext, category, ...
                                                             ^
[2024-09-07T13:24:32.099+0000] {logging_mixin.py:188} INFO - Error loading data: column "category" of relation "fact_post" does not exist
LINE 2: ..., score, num_comments, created_at, url, selftext, category, ...
                                                             ^
[2024-09-07T13:24:32.111+0000] {logging_mixin.py:188} INFO - Error loading data: column "category" of relation "fact_post" does not exist
LINE 2: ..., score, num_comments, created_at, url, selftext, category, ...
                                                             ^
[2024-09-07T13:24:32.123+0000] {logging_mixin.py:188} INFO - Error loading data: column "category" of relation "fact_post" does not exist
LINE 2: ..., score, num_comments, created_at, url, selftext, category, ...
                                                             ^
[2024-09-07T13:24:32.133+0000] {logging_mixin.py:188} INFO - Error loading data: column "category" of relation "fact_post" does not exist
LINE 2: ..., score, num_comments, created_at, url, selftext, category, ...
                                                             ^
[2024-09-07T13:24:32.145+0000] {logging_mixin.py:188} INFO - Error loading data: column "category" of relation "fact_post" does not exist
LINE 2: ..., score, num_comments, created_at, url, selftext, category, ...
                                                             ^
[2024-09-07T13:24:32.157+0000] {logging_mixin.py:188} INFO - Error loading data: column "category" of relation "fact_post" does not exist
LINE 2: ..., score, num_comments, created_at, url, selftext, category, ...
                                                             ^
[2024-09-07T13:24:32.167+0000] {logging_mixin.py:188} INFO - Error loading data: column "category" of relation "fact_post" does not exist
LINE 2: ..., score, num_comments, created_at, url, selftext, category, ...
                                                             ^
[2024-09-07T13:24:32.182+0000] {logging_mixin.py:188} INFO - Error loading data: column "category" of relation "fact_post" does not exist
LINE 2: ..., score, num_comments, created_at, url, selftext, category, ...
                                                             ^
[2024-09-07T13:24:32.199+0000] {logging_mixin.py:188} INFO - Error loading data: column "category" of relation "fact_post" does not exist
LINE 2: ..., score, num_comments, created_at, url, selftext, category, ...
                                                             ^
[2024-09-07T13:24:32.214+0000] {logging_mixin.py:188} INFO - Error loading data: column "category" of relation "fact_post" does not exist
LINE 2: ..., score, num_comments, created_at, url, selftext, category, ...
                                                             ^
[2024-09-07T13:24:32.228+0000] {logging_mixin.py:188} INFO - Error loading data: column "category" of relation "fact_post" does not exist
LINE 2: ..., score, num_comments, created_at, url, selftext, category, ...
                                                             ^
[2024-09-07T13:24:32.245+0000] {logging_mixin.py:188} INFO - Error loading data: column "category" of relation "fact_post" does not exist
LINE 2: ..., score, num_comments, created_at, url, selftext, category, ...
                                                             ^
[2024-09-07T13:24:32.261+0000] {logging_mixin.py:188} INFO - Error loading data: column "category" of relation "fact_post" does not exist
LINE 2: ..., score, num_comments, created_at, url, selftext, category, ...
                                                             ^
[2024-09-07T13:24:32.280+0000] {logging_mixin.py:188} INFO - Error loading data: column "category" of relation "fact_post" does not exist
LINE 2: ..., score, num_comments, created_at, url, selftext, category, ...
                                                             ^
[2024-09-07T13:24:32.297+0000] {logging_mixin.py:188} INFO - Error loading data: column "category" of relation "fact_post" does not exist
LINE 2: ..., score, num_comments, created_at, url, selftext, category, ...
                                                             ^
[2024-09-07T13:24:32.315+0000] {logging_mixin.py:188} INFO - Error loading data: column "category" of relation "fact_post" does not exist
LINE 2: ..., score, num_comments, created_at, url, selftext, category, ...
                                                             ^
[2024-09-07T13:24:32.333+0000] {logging_mixin.py:188} INFO - Error loading data: column "category" of relation "fact_post" does not exist
LINE 2: ..., score, num_comments, created_at, url, selftext, category, ...
                                                             ^
[2024-09-07T13:24:32.349+0000] {logging_mixin.py:188} INFO - Error loading data: column "category" of relation "fact_post" does not exist
LINE 2: ..., score, num_comments, created_at, url, selftext, category, ...
                                                             ^
[2024-09-07T13:24:32.365+0000] {logging_mixin.py:188} INFO - Error loading data: column "category" of relation "fact_post" does not exist
LINE 2: ..., score, num_comments, created_at, url, selftext, category, ...
                                                             ^
[2024-09-07T13:24:32.379+0000] {logging_mixin.py:188} INFO - Error loading data: column "category" of relation "fact_post" does not exist
LINE 2: ..., score, num_comments, created_at, url, selftext, category, ...
                                                             ^
[2024-09-07T13:24:32.391+0000] {logging_mixin.py:188} INFO - Error loading data: column "category" of relation "fact_post" does not exist
LINE 2: ..., score, num_comments, created_at, url, selftext, category, ...
                                                             ^
[2024-09-07T13:24:32.404+0000] {logging_mixin.py:188} INFO - Error loading data: column "category" of relation "fact_post" does not exist
LINE 2: ..., score, num_comments, created_at, url, selftext, category, ...
                                                             ^
[2024-09-07T13:24:32.415+0000] {logging_mixin.py:188} INFO - Error loading data: column "category" of relation "fact_post" does not exist
LINE 2: ..., score, num_comments, created_at, url, selftext, category, ...
                                                             ^
[2024-09-07T13:24:32.428+0000] {logging_mixin.py:188} INFO - Error loading data: column "category" of relation "fact_post" does not exist
LINE 2: ..., score, num_comments, created_at, url, selftext, category, ...
                                                             ^
[2024-09-07T13:24:32.441+0000] {logging_mixin.py:188} INFO - Error loading data: column "category" of relation "fact_post" does not exist
LINE 2: ..., score, num_comments, created_at, url, selftext, category, ...
                                                             ^
[2024-09-07T13:24:32.451+0000] {logging_mixin.py:188} INFO - Error loading data: column "category" of relation "fact_post" does not exist
LINE 2: ..., score, num_comments, created_at, url, selftext, category, ...
                                                             ^
[2024-09-07T13:24:32.464+0000] {logging_mixin.py:188} INFO - Error loading data: column "category" of relation "fact_post" does not exist
LINE 2: ..., score, num_comments, created_at, url, selftext, category, ...
                                                             ^
[2024-09-07T13:24:32.475+0000] {logging_mixin.py:188} INFO - Error loading data: column "category" of relation "fact_post" does not exist
LINE 2: ..., score, num_comments, created_at, url, selftext, category, ...
                                                             ^
[2024-09-07T13:24:32.486+0000] {logging_mixin.py:188} INFO - Error loading data: column "category" of relation "fact_post" does not exist
LINE 2: ..., score, num_comments, created_at, url, selftext, category, ...
                                                             ^
[2024-09-07T13:24:32.496+0000] {logging_mixin.py:188} INFO - Error loading data: column "category" of relation "fact_post" does not exist
LINE 2: ..., score, num_comments, created_at, url, selftext, category, ...
                                                             ^
[2024-09-07T13:24:32.509+0000] {logging_mixin.py:188} INFO - Error loading data: column "category" of relation "fact_post" does not exist
LINE 2: ..., score, num_comments, created_at, url, selftext, category, ...
                                                             ^
[2024-09-07T13:24:32.520+0000] {logging_mixin.py:188} INFO - Error loading data: column "category" of relation "fact_post" does not exist
LINE 2: ..., score, num_comments, created_at, url, selftext, category, ...
                                                             ^
[2024-09-07T13:24:32.531+0000] {logging_mixin.py:188} INFO - Error loading data: column "category" of relation "fact_post" does not exist
LINE 2: ..., score, num_comments, created_at, url, selftext, category, ...
                                                             ^
[2024-09-07T13:24:32.543+0000] {logging_mixin.py:188} INFO - Error loading data: column "category" of relation "fact_post" does not exist
LINE 2: ..., score, num_comments, created_at, url, selftext, category, ...
                                                             ^
[2024-09-07T13:24:32.554+0000] {logging_mixin.py:188} INFO - Error loading data: column "category" of relation "fact_post" does not exist
LINE 2: ..., score, num_comments, created_at, url, selftext, category, ...
                                                             ^
[2024-09-07T13:24:32.565+0000] {logging_mixin.py:188} INFO - Error loading data: column "category" of relation "fact_post" does not exist
LINE 2: ..., score, num_comments, created_at, url, selftext, category, ...
                                                             ^
[2024-09-07T13:24:32.576+0000] {logging_mixin.py:188} INFO - Error loading data: column "category" of relation "fact_post" does not exist
LINE 2: ..., score, num_comments, created_at, url, selftext, category, ...
                                                             ^
[2024-09-07T13:24:32.587+0000] {logging_mixin.py:188} INFO - Error loading data: column "category" of relation "fact_post" does not exist
LINE 2: ..., score, num_comments, created_at, url, selftext, category, ...
                                                             ^
[2024-09-07T13:24:32.598+0000] {logging_mixin.py:188} INFO - Error loading data: column "category" of relation "fact_post" does not exist
LINE 2: ..., score, num_comments, created_at, url, selftext, category, ...
                                                             ^
[2024-09-07T13:24:32.610+0000] {logging_mixin.py:188} INFO - Error loading data: column "category" of relation "fact_post" does not exist
LINE 2: ..., score, num_comments, created_at, url, selftext, category, ...
                                                             ^
[2024-09-07T13:24:32.621+0000] {logging_mixin.py:188} INFO - Error loading data: column "category" of relation "fact_post" does not exist
LINE 2: ..., score, num_comments, created_at, url, selftext, category, ...
                                                             ^
[2024-09-07T13:24:32.632+0000] {logging_mixin.py:188} INFO - Error loading data: column "category" of relation "fact_post" does not exist
LINE 2: ..., score, num_comments, created_at, url, selftext, category, ...
                                                             ^
[2024-09-07T13:24:32.644+0000] {logging_mixin.py:188} INFO - Error loading data: column "category" of relation "fact_post" does not exist
LINE 2: ..., score, num_comments, created_at, url, selftext, category, ...
                                                             ^
[2024-09-07T13:24:32.657+0000] {logging_mixin.py:188} INFO - Error loading data: column "category" of relation "fact_post" does not exist
LINE 2: ..., score, num_comments, created_at, url, selftext, category, ...
                                                             ^
[2024-09-07T13:24:32.668+0000] {logging_mixin.py:188} INFO - Error loading data: column "category" of relation "fact_post" does not exist
LINE 2: ..., score, num_comments, created_at, url, selftext, category, ...
                                                             ^
[2024-09-07T13:24:32.681+0000] {logging_mixin.py:188} INFO - Error loading data: column "category" of relation "fact_post" does not exist
LINE 2: ..., score, num_comments, created_at, url, selftext, category, ...
                                                             ^
[2024-09-07T13:24:32.693+0000] {logging_mixin.py:188} INFO - Error loading data: column "category" of relation "fact_post" does not exist
LINE 2: ..., score, num_comments, created_at, url, selftext, category, ...
                                                             ^
[2024-09-07T13:24:32.705+0000] {logging_mixin.py:188} INFO - Error loading data: column "category" of relation "fact_post" does not exist
LINE 2: ..., score, num_comments, created_at, url, selftext, category, ...
                                                             ^
[2024-09-07T13:24:32.715+0000] {logging_mixin.py:188} INFO - Error loading data: column "category" of relation "fact_post" does not exist
LINE 2: ..., score, num_comments, created_at, url, selftext, category, ...
                                                             ^
[2024-09-07T13:24:32.726+0000] {logging_mixin.py:188} INFO - Error loading data: column "category" of relation "fact_post" does not exist
LINE 2: ..., score, num_comments, created_at, url, selftext, category, ...
                                                             ^
[2024-09-07T13:24:32.737+0000] {logging_mixin.py:188} INFO - Error loading data: column "category" of relation "fact_post" does not exist
LINE 2: ..., score, num_comments, created_at, url, selftext, category, ...
                                                             ^
[2024-09-07T13:24:32.748+0000] {logging_mixin.py:188} INFO - Error loading data: column "category" of relation "fact_post" does not exist
LINE 2: ..., score, num_comments, created_at, url, selftext, category, ...
                                                             ^
[2024-09-07T13:24:32.760+0000] {logging_mixin.py:188} INFO - Error loading data: column "category" of relation "fact_post" does not exist
LINE 2: ..., score, num_comments, created_at, url, selftext, category, ...
                                                             ^
[2024-09-07T13:24:32.772+0000] {logging_mixin.py:188} INFO - Error loading data: column "category" of relation "fact_post" does not exist
LINE 2: ..., score, num_comments, created_at, url, selftext, category, ...
                                                             ^
[2024-09-07T13:24:32.782+0000] {logging_mixin.py:188} INFO - Error loading data: column "category" of relation "fact_post" does not exist
LINE 2: ..., score, num_comments, created_at, url, selftext, category, ...
                                                             ^
[2024-09-07T13:24:32.794+0000] {logging_mixin.py:188} INFO - Error loading data: column "category" of relation "fact_post" does not exist
LINE 2: ..., score, num_comments, created_at, url, selftext, category, ...
                                                             ^
[2024-09-07T13:24:32.806+0000] {logging_mixin.py:188} INFO - Error loading data: column "category" of relation "fact_post" does not exist
LINE 2: ..., score, num_comments, created_at, url, selftext, category, ...
                                                             ^
[2024-09-07T13:24:32.817+0000] {logging_mixin.py:188} INFO - Error loading data: column "category" of relation "fact_post" does not exist
LINE 2: ..., score, num_comments, created_at, url, selftext, category, ...
                                                             ^
[2024-09-07T13:24:32.829+0000] {logging_mixin.py:188} INFO - Error loading data: column "category" of relation "fact_post" does not exist
LINE 2: ..., score, num_comments, created_at, url, selftext, category, ...
                                                             ^
[2024-09-07T13:24:32.841+0000] {logging_mixin.py:188} INFO - Error loading data: column "category" of relation "fact_post" does not exist
LINE 2: ..., score, num_comments, created_at, url, selftext, category, ...
                                                             ^
[2024-09-07T13:24:32.851+0000] {logging_mixin.py:188} INFO - Error loading data: column "category" of relation "fact_post" does not exist
LINE 2: ..., score, num_comments, created_at, url, selftext, category, ...
                                                             ^
[2024-09-07T13:24:32.863+0000] {logging_mixin.py:188} INFO - Error loading data: column "category" of relation "fact_post" does not exist
LINE 2: ..., score, num_comments, created_at, url, selftext, category, ...
                                                             ^
[2024-09-07T13:24:32.875+0000] {logging_mixin.py:188} INFO - Error loading data: column "category" of relation "fact_post" does not exist
LINE 2: ..., score, num_comments, created_at, url, selftext, category, ...
                                                             ^
[2024-09-07T13:24:32.885+0000] {logging_mixin.py:188} INFO - Error loading data: column "category" of relation "fact_post" does not exist
LINE 2: ..., score, num_comments, created_at, url, selftext, category, ...
                                                             ^
[2024-09-07T13:24:32.898+0000] {logging_mixin.py:188} INFO - Error loading data: column "category" of relation "fact_post" does not exist
LINE 2: ..., score, num_comments, created_at, url, selftext, category, ...
                                                             ^
[2024-09-07T13:24:32.910+0000] {logging_mixin.py:188} INFO - Error loading data: column "category" of relation "fact_post" does not exist
LINE 2: ..., score, num_comments, created_at, url, selftext, category, ...
                                                             ^
[2024-09-07T13:24:32.921+0000] {logging_mixin.py:188} INFO - Error loading data: column "category" of relation "fact_post" does not exist
LINE 2: ..., score, num_comments, created_at, url, selftext, category, ...
                                                             ^
[2024-09-07T13:24:32.932+0000] {logging_mixin.py:188} INFO - Error loading data: column "category" of relation "fact_post" does not exist
LINE 2: ..., score, num_comments, created_at, url, selftext, category, ...
                                                             ^
[2024-09-07T13:24:32.944+0000] {logging_mixin.py:188} INFO - Error loading data: column "category" of relation "fact_post" does not exist
LINE 2: ..., score, num_comments, created_at, url, selftext, category, ...
                                                             ^
[2024-09-07T13:24:32.955+0000] {logging_mixin.py:188} INFO - Error loading data: column "category" of relation "fact_post" does not exist
LINE 2: ..., score, num_comments, created_at, url, selftext, category, ...
                                                             ^
[2024-09-07T13:24:32.966+0000] {logging_mixin.py:188} INFO - Error loading data: column "category" of relation "fact_post" does not exist
LINE 2: ..., score, num_comments, created_at, url, selftext, category, ...
                                                             ^
[2024-09-07T13:24:32.978+0000] {logging_mixin.py:188} INFO - Error loading data: column "category" of relation "fact_post" does not exist
LINE 2: ..., score, num_comments, created_at, url, selftext, category, ...
                                                             ^
[2024-09-07T13:24:32.990+0000] {logging_mixin.py:188} INFO - Error loading data: column "category" of relation "fact_post" does not exist
LINE 2: ..., score, num_comments, created_at, url, selftext, category, ...
                                                             ^
[2024-09-07T13:24:33.000+0000] {logging_mixin.py:188} INFO - Error loading data: column "category" of relation "fact_post" does not exist
LINE 2: ..., score, num_comments, created_at, url, selftext, category, ...
                                                             ^
[2024-09-07T13:24:33.012+0000] {logging_mixin.py:188} INFO - Error loading data: column "category" of relation "fact_post" does not exist
LINE 2: ..., score, num_comments, created_at, url, selftext, category, ...
                                                             ^
[2024-09-07T13:24:33.023+0000] {logging_mixin.py:188} INFO - Error loading data: column "category" of relation "fact_post" does not exist
LINE 2: ..., score, num_comments, created_at, url, selftext, category, ...
                                                             ^
[2024-09-07T13:24:33.033+0000] {logging_mixin.py:188} INFO - Error loading data: column "category" of relation "fact_post" does not exist
LINE 2: ..., score, num_comments, created_at, url, selftext, category, ...
                                                             ^
[2024-09-07T13:24:33.045+0000] {logging_mixin.py:188} INFO - Error loading data: column "category" of relation "fact_post" does not exist
LINE 2: ..., score, num_comments, created_at, url, selftext, category, ...
                                                             ^
[2024-09-07T13:24:33.056+0000] {logging_mixin.py:188} INFO - Error loading data: column "category" of relation "fact_post" does not exist
LINE 2: ..., score, num_comments, created_at, url, selftext, category, ...
                                                             ^
[2024-09-07T13:24:33.066+0000] {logging_mixin.py:188} INFO - Error loading data: column "category" of relation "fact_post" does not exist
LINE 2: ..., score, num_comments, created_at, url, selftext, category, ...
                                                             ^
[2024-09-07T13:24:33.079+0000] {logging_mixin.py:188} INFO - Error loading data: column "category" of relation "fact_post" does not exist
LINE 2: ..., score, num_comments, created_at, url, selftext, category, ...
                                                             ^
[2024-09-07T13:24:33.091+0000] {logging_mixin.py:188} INFO - Error loading data: column "category" of relation "fact_post" does not exist
LINE 2: ..., score, num_comments, created_at, url, selftext, category, ...
                                                             ^
[2024-09-07T13:24:33.103+0000] {logging_mixin.py:188} INFO - Error loading data: column "category" of relation "fact_post" does not exist
LINE 2: ..., score, num_comments, created_at, url, selftext, category, ...
                                                             ^
[2024-09-07T13:24:33.117+0000] {logging_mixin.py:188} INFO - Error loading data: column "category" of relation "fact_post" does not exist
LINE 2: ..., score, num_comments, created_at, url, selftext, category, ...
                                                             ^
[2024-09-07T13:24:33.129+0000] {logging_mixin.py:188} INFO - Error loading data: column "category" of relation "fact_post" does not exist
LINE 2: ..., score, num_comments, created_at, url, selftext, category, ...
                                                             ^
[2024-09-07T13:24:33.140+0000] {logging_mixin.py:188} INFO - Error loading data: column "category" of relation "fact_post" does not exist
LINE 2: ..., score, num_comments, created_at, url, selftext, category, ...
                                                             ^
[2024-09-07T13:24:33.151+0000] {logging_mixin.py:188} INFO - Error loading data: column "category" of relation "fact_post" does not exist
LINE 2: ..., score, num_comments, created_at, url, selftext, category, ...
                                                             ^
[2024-09-07T13:24:33.162+0000] {logging_mixin.py:188} INFO - Error loading data: column "category" of relation "fact_post" does not exist
LINE 2: ..., score, num_comments, created_at, url, selftext, category, ...
                                                             ^
[2024-09-07T13:24:33.174+0000] {logging_mixin.py:188} INFO - Error loading data: column "category" of relation "fact_post" does not exist
LINE 2: ..., score, num_comments, created_at, url, selftext, category, ...
                                                             ^
[2024-09-07T13:24:33.187+0000] {logging_mixin.py:188} INFO - Error loading data: column "category" of relation "fact_post" does not exist
LINE 2: ..., score, num_comments, created_at, url, selftext, category, ...
                                                             ^
[2024-09-07T13:24:33.198+0000] {logging_mixin.py:188} INFO - Error loading data: column "category" of relation "fact_post" does not exist
LINE 2: ..., score, num_comments, created_at, url, selftext, category, ...
                                                             ^
[2024-09-07T13:24:33.209+0000] {logging_mixin.py:188} INFO - Error loading data: column "category" of relation "fact_post" does not exist
LINE 2: ..., score, num_comments, created_at, url, selftext, category, ...
                                                             ^
[2024-09-07T13:24:33.221+0000] {logging_mixin.py:188} INFO - Error loading data: column "category" of relation "fact_post" does not exist
LINE 2: ..., score, num_comments, created_at, url, selftext, category, ...
                                                             ^
[2024-09-07T13:24:33.232+0000] {logging_mixin.py:188} INFO - Error loading data: column "category" of relation "fact_post" does not exist
LINE 2: ..., score, num_comments, created_at, url, selftext, category, ...
                                                             ^
[2024-09-07T13:24:33.243+0000] {logging_mixin.py:188} INFO - Error loading data: column "category" of relation "fact_post" does not exist
LINE 2: ..., score, num_comments, created_at, url, selftext, category, ...
                                                             ^
[2024-09-07T13:24:33.255+0000] {logging_mixin.py:188} INFO - Error loading data: column "category" of relation "fact_post" does not exist
LINE 2: ..., score, num_comments, created_at, url, selftext, category, ...
                                                             ^
[2024-09-07T13:24:33.265+0000] {logging_mixin.py:188} INFO - Error loading data: column "category" of relation "fact_post" does not exist
LINE 2: ..., score, num_comments, created_at, url, selftext, category, ...
                                                             ^
[2024-09-07T13:24:33.277+0000] {logging_mixin.py:188} INFO - Error loading data: column "category" of relation "fact_post" does not exist
LINE 2: ..., score, num_comments, created_at, url, selftext, category, ...
                                                             ^
[2024-09-07T13:24:33.288+0000] {logging_mixin.py:188} INFO - Error loading data: column "category" of relation "fact_post" does not exist
LINE 2: ..., score, num_comments, created_at, url, selftext, category, ...
                                                             ^
[2024-09-07T13:24:33.299+0000] {logging_mixin.py:188} INFO - Error loading data: column "category" of relation "fact_post" does not exist
LINE 2: ..., score, num_comments, created_at, url, selftext, category, ...
                                                             ^
[2024-09-07T13:24:33.311+0000] {logging_mixin.py:188} INFO - Error loading data: column "category" of relation "fact_post" does not exist
LINE 2: ..., score, num_comments, created_at, url, selftext, category, ...
                                                             ^
[2024-09-07T13:24:33.323+0000] {logging_mixin.py:188} INFO - Error loading data: column "category" of relation "fact_post" does not exist
LINE 2: ..., score, num_comments, created_at, url, selftext, category, ...
                                                             ^
[2024-09-07T13:24:33.333+0000] {logging_mixin.py:188} INFO - Error loading data: column "category" of relation "fact_post" does not exist
LINE 2: ..., score, num_comments, created_at, url, selftext, category, ...
                                                             ^
[2024-09-07T13:24:33.345+0000] {logging_mixin.py:188} INFO - Error loading data: column "category" of relation "fact_post" does not exist
LINE 2: ..., score, num_comments, created_at, url, selftext, category, ...
                                                             ^
[2024-09-07T13:24:33.357+0000] {logging_mixin.py:188} INFO - Error loading data: column "category" of relation "fact_post" does not exist
LINE 2: ..., score, num_comments, created_at, url, selftext, category, ...
                                                             ^
[2024-09-07T13:24:33.366+0000] {logging_mixin.py:188} INFO - Error loading data: column "category" of relation "fact_post" does not exist
LINE 2: ..., score, num_comments, created_at, url, selftext, category, ...
                                                             ^
[2024-09-07T13:24:33.379+0000] {logging_mixin.py:188} INFO - Error loading data: column "category" of relation "fact_post" does not exist
LINE 2: ..., score, num_comments, created_at, url, selftext, category, ...
                                                             ^
[2024-09-07T13:24:33.391+0000] {logging_mixin.py:188} INFO - Error loading data: column "category" of relation "fact_post" does not exist
LINE 2: ..., score, num_comments, created_at, url, selftext, category, ...
                                                             ^
[2024-09-07T13:24:33.401+0000] {logging_mixin.py:188} INFO - Error loading data: column "category" of relation "fact_post" does not exist
LINE 2: ..., score, num_comments, created_at, url, selftext, category, ...
                                                             ^
[2024-09-07T13:24:33.413+0000] {logging_mixin.py:188} INFO - Error loading data: column "category" of relation "fact_post" does not exist
LINE 2: ..., score, num_comments, created_at, url, selftext, category, ...
                                                             ^
[2024-09-07T13:24:33.425+0000] {logging_mixin.py:188} INFO - Error loading data: column "category" of relation "fact_post" does not exist
LINE 2: ..., score, num_comments, created_at, url, selftext, category, ...
                                                             ^
[2024-09-07T13:24:33.436+0000] {logging_mixin.py:188} INFO - Error loading data: column "category" of relation "fact_post" does not exist
LINE 2: ..., score, num_comments, created_at, url, selftext, category, ...
                                                             ^
[2024-09-07T13:24:33.447+0000] {logging_mixin.py:188} INFO - Error loading data: column "category" of relation "fact_post" does not exist
LINE 2: ..., score, num_comments, created_at, url, selftext, category, ...
                                                             ^
[2024-09-07T13:24:33.459+0000] {logging_mixin.py:188} INFO - Error loading data: column "category" of relation "fact_post" does not exist
LINE 2: ..., score, num_comments, created_at, url, selftext, category, ...
                                                             ^
[2024-09-07T13:24:33.472+0000] {logging_mixin.py:188} INFO - Error loading data: column "category" of relation "fact_post" does not exist
LINE 2: ..., score, num_comments, created_at, url, selftext, category, ...
                                                             ^
[2024-09-07T13:24:33.483+0000] {logging_mixin.py:188} INFO - Error loading data: column "category" of relation "fact_post" does not exist
LINE 2: ..., score, num_comments, created_at, url, selftext, category, ...
                                                             ^
[2024-09-07T13:24:33.494+0000] {logging_mixin.py:188} INFO - Error loading data: column "category" of relation "fact_post" does not exist
LINE 2: ..., score, num_comments, created_at, url, selftext, category, ...
                                                             ^
[2024-09-07T13:24:33.507+0000] {logging_mixin.py:188} INFO - Error loading data: column "category" of relation "fact_post" does not exist
LINE 2: ..., score, num_comments, created_at, url, selftext, category, ...
                                                             ^
[2024-09-07T13:24:33.517+0000] {logging_mixin.py:188} INFO - Error loading data: column "category" of relation "fact_post" does not exist
LINE 2: ..., score, num_comments, created_at, url, selftext, category, ...
                                                             ^
[2024-09-07T13:24:33.529+0000] {logging_mixin.py:188} INFO - Error loading data: column "category" of relation "fact_post" does not exist
LINE 2: ..., score, num_comments, created_at, url, selftext, category, ...
                                                             ^
[2024-09-07T13:24:33.541+0000] {logging_mixin.py:188} INFO - Error loading data: column "category" of relation "fact_post" does not exist
LINE 2: ..., score, num_comments, created_at, url, selftext, category, ...
                                                             ^
[2024-09-07T13:24:33.552+0000] {logging_mixin.py:188} INFO - Error loading data: column "category" of relation "fact_post" does not exist
LINE 2: ..., score, num_comments, created_at, url, selftext, category, ...
                                                             ^
[2024-09-07T13:24:33.564+0000] {logging_mixin.py:188} INFO - Error loading data: column "category" of relation "fact_post" does not exist
LINE 2: ..., score, num_comments, created_at, url, selftext, category, ...
                                                             ^
[2024-09-07T13:24:33.575+0000] {logging_mixin.py:188} INFO - Error loading data: column "category" of relation "fact_post" does not exist
LINE 2: ..., score, num_comments, created_at, url, selftext, category, ...
                                                             ^
[2024-09-07T13:24:33.585+0000] {logging_mixin.py:188} INFO - Error loading data: column "category" of relation "fact_post" does not exist
LINE 2: ..., score, num_comments, created_at, url, selftext, category, ...
                                                             ^
[2024-09-07T13:24:33.597+0000] {logging_mixin.py:188} INFO - Error loading data: column "category" of relation "fact_post" does not exist
LINE 2: ..., score, num_comments, created_at, url, selftext, category, ...
                                                             ^
[2024-09-07T13:24:33.609+0000] {logging_mixin.py:188} INFO - Error loading data: column "category" of relation "fact_post" does not exist
LINE 2: ..., score, num_comments, created_at, url, selftext, category, ...
                                                             ^
[2024-09-07T13:24:33.619+0000] {logging_mixin.py:188} INFO - Error loading data: column "category" of relation "fact_post" does not exist
LINE 2: ..., score, num_comments, created_at, url, selftext, category, ...
                                                             ^
[2024-09-07T13:24:33.631+0000] {logging_mixin.py:188} INFO - Error loading data: column "category" of relation "fact_post" does not exist
LINE 2: ..., score, num_comments, created_at, url, selftext, category, ...
                                                             ^
[2024-09-07T13:24:33.642+0000] {logging_mixin.py:188} INFO - Error loading data: column "category" of relation "fact_post" does not exist
LINE 2: ..., score, num_comments, created_at, url, selftext, category, ...
                                                             ^
[2024-09-07T13:24:33.653+0000] {logging_mixin.py:188} INFO - Error loading data: column "category" of relation "fact_post" does not exist
LINE 2: ..., score, num_comments, created_at, url, selftext, category, ...
                                                             ^
[2024-09-07T13:24:33.664+0000] {logging_mixin.py:188} INFO - Error loading data: column "category" of relation "fact_post" does not exist
LINE 2: ..., score, num_comments, created_at, url, selftext, category, ...
                                                             ^
[2024-09-07T13:24:33.676+0000] {logging_mixin.py:188} INFO - Error loading data: column "category" of relation "fact_post" does not exist
LINE 2: ..., score, num_comments, created_at, url, selftext, category, ...
                                                             ^
[2024-09-07T13:24:33.688+0000] {logging_mixin.py:188} INFO - Error loading data: column "category" of relation "fact_post" does not exist
LINE 2: ..., score, num_comments, created_at, url, selftext, category, ...
                                                             ^
[2024-09-07T13:24:33.700+0000] {logging_mixin.py:188} INFO - Error loading data: column "category" of relation "fact_post" does not exist
LINE 2: ..., score, num_comments, created_at, url, selftext, category, ...
                                                             ^
[2024-09-07T13:24:33.715+0000] {logging_mixin.py:188} INFO - Error loading data: column "category" of relation "fact_post" does not exist
LINE 2: ..., score, num_comments, created_at, url, selftext, category, ...
                                                             ^
[2024-09-07T13:24:33.729+0000] {logging_mixin.py:188} INFO - Error loading data: column "category" of relation "fact_post" does not exist
LINE 2: ..., score, num_comments, created_at, url, selftext, category, ...
                                                             ^
[2024-09-07T13:24:33.741+0000] {logging_mixin.py:188} INFO - Error loading data: column "category" of relation "fact_post" does not exist
LINE 2: ..., score, num_comments, created_at, url, selftext, category, ...
                                                             ^
[2024-09-07T13:24:33.752+0000] {logging_mixin.py:188} INFO - Error loading data: column "category" of relation "fact_post" does not exist
LINE 2: ..., score, num_comments, created_at, url, selftext, category, ...
                                                             ^
[2024-09-07T13:24:33.763+0000] {logging_mixin.py:188} INFO - Error loading data: column "category" of relation "fact_post" does not exist
LINE 2: ..., score, num_comments, created_at, url, selftext, category, ...
                                                             ^
[2024-09-07T13:24:33.775+0000] {logging_mixin.py:188} INFO - Error loading data: column "category" of relation "fact_post" does not exist
LINE 2: ..., score, num_comments, created_at, url, selftext, category, ...
                                                             ^
[2024-09-07T13:24:33.786+0000] {logging_mixin.py:188} INFO - Error loading data: column "category" of relation "fact_post" does not exist
LINE 2: ..., score, num_comments, created_at, url, selftext, category, ...
                                                             ^
[2024-09-07T13:24:33.796+0000] {logging_mixin.py:188} INFO - Error loading data: column "category" of relation "fact_post" does not exist
LINE 2: ..., score, num_comments, created_at, url, selftext, category, ...
                                                             ^
[2024-09-07T13:24:33.808+0000] {logging_mixin.py:188} INFO - Error loading data: column "category" of relation "fact_post" does not exist
LINE 2: ..., score, num_comments, created_at, url, selftext, category, ...
                                                             ^
[2024-09-07T13:24:33.820+0000] {logging_mixin.py:188} INFO - Error loading data: column "category" of relation "fact_post" does not exist
LINE 2: ..., score, num_comments, created_at, url, selftext, category, ...
                                                             ^
[2024-09-07T13:24:33.831+0000] {logging_mixin.py:188} INFO - Error loading data: column "category" of relation "fact_post" does not exist
LINE 2: ..., score, num_comments, created_at, url, selftext, category, ...
                                                             ^
[2024-09-07T13:24:33.843+0000] {logging_mixin.py:188} INFO - Error loading data: column "category" of relation "fact_post" does not exist
LINE 2: ..., score, num_comments, created_at, url, selftext, category, ...
                                                             ^
[2024-09-07T13:24:33.854+0000] {logging_mixin.py:188} INFO - Error loading data: column "category" of relation "fact_post" does not exist
LINE 2: ..., score, num_comments, created_at, url, selftext, category, ...
                                                             ^
[2024-09-07T13:24:33.864+0000] {logging_mixin.py:188} INFO - Error loading data: column "category" of relation "fact_post" does not exist
LINE 2: ..., score, num_comments, created_at, url, selftext, category, ...
                                                             ^
[2024-09-07T13:24:33.876+0000] {logging_mixin.py:188} INFO - Error loading data: column "category" of relation "fact_post" does not exist
LINE 2: ..., score, num_comments, created_at, url, selftext, category, ...
                                                             ^
[2024-09-07T13:24:33.887+0000] {logging_mixin.py:188} INFO - Error loading data: column "category" of relation "fact_post" does not exist
LINE 2: ..., score, num_comments, created_at, url, selftext, category, ...
                                                             ^
[2024-09-07T13:24:33.899+0000] {logging_mixin.py:188} INFO - Error loading data: column "category" of relation "fact_post" does not exist
LINE 2: ..., score, num_comments, created_at, url, selftext, category, ...
                                                             ^
[2024-09-07T13:24:33.911+0000] {logging_mixin.py:188} INFO - Error loading data: column "category" of relation "fact_post" does not exist
LINE 2: ..., score, num_comments, created_at, url, selftext, category, ...
                                                             ^
[2024-09-07T13:24:33.923+0000] {logging_mixin.py:188} INFO - Error loading data: column "category" of relation "fact_post" does not exist
LINE 2: ..., score, num_comments, created_at, url, selftext, category, ...
                                                             ^
[2024-09-07T13:24:33.933+0000] {logging_mixin.py:188} INFO - Error loading data: column "category" of relation "fact_post" does not exist
LINE 2: ..., score, num_comments, created_at, url, selftext, category, ...
                                                             ^
[2024-09-07T13:24:33.945+0000] {logging_mixin.py:188} INFO - Error loading data: column "category" of relation "fact_post" does not exist
LINE 2: ..., score, num_comments, created_at, url, selftext, category, ...
                                                             ^
[2024-09-07T13:24:33.957+0000] {logging_mixin.py:188} INFO - Error loading data: column "category" of relation "fact_post" does not exist
LINE 2: ..., score, num_comments, created_at, url, selftext, category, ...
                                                             ^
[2024-09-07T13:24:33.967+0000] {logging_mixin.py:188} INFO - Error loading data: column "category" of relation "fact_post" does not exist
LINE 2: ..., score, num_comments, created_at, url, selftext, category, ...
                                                             ^
[2024-09-07T13:24:33.979+0000] {logging_mixin.py:188} INFO - Error loading data: column "category" of relation "fact_post" does not exist
LINE 2: ..., score, num_comments, created_at, url, selftext, category, ...
                                                             ^
[2024-09-07T13:24:33.989+0000] {logging_mixin.py:188} INFO - Error loading data: column "category" of relation "fact_post" does not exist
LINE 2: ..., score, num_comments, created_at, url, selftext, category, ...
                                                             ^
[2024-09-07T13:24:34.000+0000] {logging_mixin.py:188} INFO - Error loading data: column "category" of relation "fact_post" does not exist
LINE 2: ..., score, num_comments, created_at, url, selftext, category, ...
                                                             ^
[2024-09-07T13:24:34.011+0000] {logging_mixin.py:188} INFO - Error loading data: column "category" of relation "fact_post" does not exist
LINE 2: ..., score, num_comments, created_at, url, selftext, category, ...
                                                             ^
[2024-09-07T13:24:34.023+0000] {logging_mixin.py:188} INFO - Error loading data: column "category" of relation "fact_post" does not exist
LINE 2: ..., score, num_comments, created_at, url, selftext, category, ...
                                                             ^
[2024-09-07T13:24:34.033+0000] {logging_mixin.py:188} INFO - Error loading data: column "category" of relation "fact_post" does not exist
LINE 2: ..., score, num_comments, created_at, url, selftext, category, ...
                                                             ^
[2024-09-07T13:24:34.044+0000] {logging_mixin.py:188} INFO - Error loading data: column "category" of relation "fact_post" does not exist
LINE 2: ..., score, num_comments, created_at, url, selftext, category, ...
                                                             ^
[2024-09-07T13:24:34.056+0000] {logging_mixin.py:188} INFO - Error loading data: column "category" of relation "fact_post" does not exist
LINE 2: ..., score, num_comments, created_at, url, selftext, category, ...
                                                             ^
[2024-09-07T13:24:34.066+0000] {logging_mixin.py:188} INFO - Error loading data: column "category" of relation "fact_post" does not exist
LINE 2: ..., score, num_comments, created_at, url, selftext, category, ...
                                                             ^
[2024-09-07T13:24:34.078+0000] {logging_mixin.py:188} INFO - Error loading data: column "category" of relation "fact_post" does not exist
LINE 2: ..., score, num_comments, created_at, url, selftext, category, ...
                                                             ^
[2024-09-07T13:24:34.090+0000] {logging_mixin.py:188} INFO - Error loading data: column "category" of relation "fact_post" does not exist
LINE 2: ..., score, num_comments, created_at, url, selftext, category, ...
                                                             ^
[2024-09-07T13:24:34.101+0000] {logging_mixin.py:188} INFO - Error loading data: column "category" of relation "fact_post" does not exist
LINE 2: ..., score, num_comments, created_at, url, selftext, category, ...
                                                             ^
[2024-09-07T13:24:34.113+0000] {logging_mixin.py:188} INFO - Error loading data: column "category" of relation "fact_post" does not exist
LINE 2: ..., score, num_comments, created_at, url, selftext, category, ...
                                                             ^
[2024-09-07T13:24:34.124+0000] {logging_mixin.py:188} INFO - Error loading data: column "category" of relation "fact_post" does not exist
LINE 2: ..., score, num_comments, created_at, url, selftext, category, ...
                                                             ^
[2024-09-07T13:24:34.134+0000] {logging_mixin.py:188} INFO - Error loading data: column "category" of relation "fact_post" does not exist
LINE 2: ..., score, num_comments, created_at, url, selftext, category, ...
                                                             ^
[2024-09-07T13:24:34.146+0000] {logging_mixin.py:188} INFO - Error loading data: column "category" of relation "fact_post" does not exist
LINE 2: ..., score, num_comments, created_at, url, selftext, category, ...
                                                             ^
[2024-09-07T13:24:34.157+0000] {logging_mixin.py:188} INFO - Error loading data: column "category" of relation "fact_post" does not exist
LINE 2: ..., score, num_comments, created_at, url, selftext, category, ...
                                                             ^
[2024-09-07T13:24:34.167+0000] {logging_mixin.py:188} INFO - Error loading data: column "category" of relation "fact_post" does not exist
LINE 2: ..., score, num_comments, created_at, url, selftext, category, ...
                                                             ^
[2024-09-07T13:24:34.180+0000] {logging_mixin.py:188} INFO - Error loading data: column "category" of relation "fact_post" does not exist
LINE 2: ..., score, num_comments, created_at, url, selftext, category, ...
                                                             ^
[2024-09-07T13:24:34.192+0000] {logging_mixin.py:188} INFO - Error loading data: column "category" of relation "fact_post" does not exist
LINE 2: ..., score, num_comments, created_at, url, selftext, category, ...
                                                             ^
[2024-09-07T13:24:34.202+0000] {logging_mixin.py:188} INFO - Error loading data: column "category" of relation "fact_post" does not exist
LINE 2: ..., score, num_comments, created_at, url, selftext, category, ...
                                                             ^
[2024-09-07T13:24:34.213+0000] {logging_mixin.py:188} INFO - Error loading data: column "category" of relation "fact_post" does not exist
LINE 2: ..., score, num_comments, created_at, url, selftext, category, ...
                                                             ^
[2024-09-07T13:24:34.225+0000] {logging_mixin.py:188} INFO - Error loading data: column "category" of relation "fact_post" does not exist
LINE 2: ..., score, num_comments, created_at, url, selftext, category, ...
                                                             ^
[2024-09-07T13:24:34.235+0000] {logging_mixin.py:188} INFO - Error loading data: column "category" of relation "fact_post" does not exist
LINE 2: ..., score, num_comments, created_at, url, selftext, category, ...
                                                             ^
[2024-09-07T13:24:34.247+0000] {logging_mixin.py:188} INFO - Error loading data: column "category" of relation "fact_post" does not exist
LINE 2: ..., score, num_comments, created_at, url, selftext, category, ...
                                                             ^
[2024-09-07T13:24:34.259+0000] {logging_mixin.py:188} INFO - Error loading data: column "category" of relation "fact_post" does not exist
LINE 2: ..., score, num_comments, created_at, url, selftext, category, ...
                                                             ^
[2024-09-07T13:24:34.271+0000] {logging_mixin.py:188} INFO - Error loading data: column "category" of relation "fact_post" does not exist
LINE 2: ..., score, num_comments, created_at, url, selftext, category, ...
                                                             ^
[2024-09-07T13:24:34.282+0000] {logging_mixin.py:188} INFO - Error loading data: column "category" of relation "fact_post" does not exist
LINE 2: ..., score, num_comments, created_at, url, selftext, category, ...
                                                             ^
[2024-09-07T13:24:34.294+0000] {logging_mixin.py:188} INFO - Error loading data: column "category" of relation "fact_post" does not exist
LINE 2: ..., score, num_comments, created_at, url, selftext, category, ...
                                                             ^
[2024-09-07T13:24:34.307+0000] {logging_mixin.py:188} INFO - Error loading data: column "category" of relation "fact_post" does not exist
LINE 2: ..., score, num_comments, created_at, url, selftext, category, ...
                                                             ^
[2024-09-07T13:24:34.317+0000] {logging_mixin.py:188} INFO - Error loading data: column "category" of relation "fact_post" does not exist
LINE 2: ..., score, num_comments, created_at, url, selftext, category, ...
                                                             ^
[2024-09-07T13:24:34.329+0000] {logging_mixin.py:188} INFO - Error loading data: column "category" of relation "fact_post" does not exist
LINE 2: ..., score, num_comments, created_at, url, selftext, category, ...
                                                             ^
[2024-09-07T13:24:34.341+0000] {logging_mixin.py:188} INFO - Error loading data: column "category" of relation "fact_post" does not exist
LINE 2: ..., score, num_comments, created_at, url, selftext, category, ...
                                                             ^
[2024-09-07T13:24:34.351+0000] {logging_mixin.py:188} INFO - Error loading data: column "category" of relation "fact_post" does not exist
LINE 2: ..., score, num_comments, created_at, url, selftext, category, ...
                                                             ^
[2024-09-07T13:24:34.363+0000] {logging_mixin.py:188} INFO - Error loading data: column "category" of relation "fact_post" does not exist
LINE 2: ..., score, num_comments, created_at, url, selftext, category, ...
                                                             ^
[2024-09-07T13:24:34.374+0000] {logging_mixin.py:188} INFO - Error loading data: column "category" of relation "fact_post" does not exist
LINE 2: ..., score, num_comments, created_at, url, selftext, category, ...
                                                             ^
[2024-09-07T13:24:34.385+0000] {logging_mixin.py:188} INFO - Error loading data: column "category" of relation "fact_post" does not exist
LINE 2: ..., score, num_comments, created_at, url, selftext, category, ...
                                                             ^
[2024-09-07T13:24:34.396+0000] {logging_mixin.py:188} INFO - Error loading data: column "category" of relation "fact_post" does not exist
LINE 2: ..., score, num_comments, created_at, url, selftext, category, ...
                                                             ^
[2024-09-07T13:24:34.409+0000] {logging_mixin.py:188} INFO - Error loading data: column "category" of relation "fact_post" does not exist
LINE 2: ..., score, num_comments, created_at, url, selftext, category, ...
                                                             ^
[2024-09-07T13:24:34.420+0000] {logging_mixin.py:188} INFO - Error loading data: column "category" of relation "fact_post" does not exist
LINE 2: ..., score, num_comments, created_at, url, selftext, category, ...
                                                             ^
[2024-09-07T13:24:34.431+0000] {logging_mixin.py:188} INFO - Error loading data: column "category" of relation "fact_post" does not exist
LINE 2: ..., score, num_comments, created_at, url, selftext, category, ...
                                                             ^
[2024-09-07T13:24:34.442+0000] {logging_mixin.py:188} INFO - Error loading data: column "category" of relation "fact_post" does not exist
LINE 2: ..., score, num_comments, created_at, url, selftext, category, ...
                                                             ^
[2024-09-07T13:24:34.452+0000] {logging_mixin.py:188} INFO - Error loading data: column "category" of relation "fact_post" does not exist
LINE 2: ..., score, num_comments, created_at, url, selftext, category, ...
                                                             ^
[2024-09-07T13:24:34.463+0000] {logging_mixin.py:188} INFO - Error loading data: column "category" of relation "fact_post" does not exist
LINE 2: ..., score, num_comments, created_at, url, selftext, category, ...
                                                             ^
[2024-09-07T13:24:34.475+0000] {logging_mixin.py:188} INFO - Error loading data: column "category" of relation "fact_post" does not exist
LINE 2: ..., score, num_comments, created_at, url, selftext, category, ...
                                                             ^
[2024-09-07T13:24:34.485+0000] {logging_mixin.py:188} INFO - Error loading data: column "category" of relation "fact_post" does not exist
LINE 2: ..., score, num_comments, created_at, url, selftext, category, ...
                                                             ^
[2024-09-07T13:24:34.496+0000] {logging_mixin.py:188} INFO - Error loading data: column "category" of relation "fact_post" does not exist
LINE 2: ..., score, num_comments, created_at, url, selftext, category, ...
                                                             ^
[2024-09-07T13:24:34.508+0000] {logging_mixin.py:188} INFO - Error loading data: column "category" of relation "fact_post" does not exist
LINE 2: ..., score, num_comments, created_at, url, selftext, category, ...
                                                             ^
[2024-09-07T13:24:34.519+0000] {logging_mixin.py:188} INFO - Error loading data: column "category" of relation "fact_post" does not exist
LINE 2: ..., score, num_comments, created_at, url, selftext, category, ...
                                                             ^
[2024-09-07T13:24:34.530+0000] {logging_mixin.py:188} INFO - Error loading data: column "category" of relation "fact_post" does not exist
LINE 2: ..., score, num_comments, created_at, url, selftext, category, ...
                                                             ^
[2024-09-07T13:24:34.541+0000] {logging_mixin.py:188} INFO - Error loading data: column "category" of relation "fact_post" does not exist
LINE 2: ..., score, num_comments, created_at, url, selftext, category, ...
                                                             ^
[2024-09-07T13:24:34.551+0000] {logging_mixin.py:188} INFO - Error loading data: column "category" of relation "fact_post" does not exist
LINE 2: ..., score, num_comments, created_at, url, selftext, category, ...
                                                             ^
[2024-09-07T13:24:34.565+0000] {logging_mixin.py:188} INFO - Error loading data: column "category" of relation "fact_post" does not exist
LINE 2: ..., score, num_comments, created_at, url, selftext, category, ...
                                                             ^
[2024-09-07T13:24:34.576+0000] {logging_mixin.py:188} INFO - Error loading data: column "category" of relation "fact_post" does not exist
LINE 2: ..., score, num_comments, created_at, url, selftext, category, ...
                                                             ^
[2024-09-07T13:24:34.586+0000] {logging_mixin.py:188} INFO - Error loading data: column "category" of relation "fact_post" does not exist
LINE 2: ..., score, num_comments, created_at, url, selftext, category, ...
                                                             ^
[2024-09-07T13:24:34.597+0000] {logging_mixin.py:188} INFO - Error loading data: column "category" of relation "fact_post" does not exist
LINE 2: ..., score, num_comments, created_at, url, selftext, category, ...
                                                             ^
[2024-09-07T13:24:34.608+0000] {logging_mixin.py:188} INFO - Error loading data: column "category" of relation "fact_post" does not exist
LINE 2: ..., score, num_comments, created_at, url, selftext, category, ...
                                                             ^
[2024-09-07T13:24:34.618+0000] {logging_mixin.py:188} INFO - Error loading data: column "category" of relation "fact_post" does not exist
LINE 2: ..., score, num_comments, created_at, url, selftext, category, ...
                                                             ^
[2024-09-07T13:24:34.630+0000] {logging_mixin.py:188} INFO - Error loading data: column "category" of relation "fact_post" does not exist
LINE 2: ..., score, num_comments, created_at, url, selftext, category, ...
                                                             ^
[2024-09-07T13:24:34.642+0000] {logging_mixin.py:188} INFO - Error loading data: column "category" of relation "fact_post" does not exist
LINE 2: ..., score, num_comments, created_at, url, selftext, category, ...
                                                             ^
[2024-09-07T13:24:34.657+0000] {logging_mixin.py:188} INFO - Error loading data: column "category" of relation "fact_post" does not exist
LINE 2: ..., score, num_comments, created_at, url, selftext, category, ...
                                                             ^
[2024-09-07T13:24:34.672+0000] {logging_mixin.py:188} INFO - Error loading data: column "category" of relation "fact_post" does not exist
LINE 2: ..., score, num_comments, created_at, url, selftext, category, ...
                                                             ^
[2024-09-07T13:24:34.684+0000] {logging_mixin.py:188} INFO - Error loading data: column "category" of relation "fact_post" does not exist
LINE 2: ..., score, num_comments, created_at, url, selftext, category, ...
                                                             ^
[2024-09-07T13:24:34.697+0000] {logging_mixin.py:188} INFO - Error loading data: column "category" of relation "fact_post" does not exist
LINE 2: ..., score, num_comments, created_at, url, selftext, category, ...
                                                             ^
[2024-09-07T13:24:34.709+0000] {logging_mixin.py:188} INFO - Error loading data: column "category" of relation "fact_post" does not exist
LINE 2: ..., score, num_comments, created_at, url, selftext, category, ...
                                                             ^
[2024-09-07T13:24:34.722+0000] {logging_mixin.py:188} INFO - Error loading data: column "category" of relation "fact_post" does not exist
LINE 2: ..., score, num_comments, created_at, url, selftext, category, ...
                                                             ^
[2024-09-07T13:24:34.734+0000] {logging_mixin.py:188} INFO - Error loading data: column "category" of relation "fact_post" does not exist
LINE 2: ..., score, num_comments, created_at, url, selftext, category, ...
                                                             ^
[2024-09-07T13:24:34.748+0000] {logging_mixin.py:188} INFO - Error loading data: column "category" of relation "fact_post" does not exist
LINE 2: ..., score, num_comments, created_at, url, selftext, category, ...
                                                             ^
[2024-09-07T13:24:34.763+0000] {logging_mixin.py:188} INFO - Error loading data: column "category" of relation "fact_post" does not exist
LINE 2: ..., score, num_comments, created_at, url, selftext, category, ...
                                                             ^
[2024-09-07T13:24:34.777+0000] {logging_mixin.py:188} INFO - Error loading data: column "category" of relation "fact_post" does not exist
LINE 2: ..., score, num_comments, created_at, url, selftext, category, ...
                                                             ^
[2024-09-07T13:24:34.790+0000] {logging_mixin.py:188} INFO - Error loading data: column "category" of relation "fact_post" does not exist
LINE 2: ..., score, num_comments, created_at, url, selftext, category, ...
                                                             ^
[2024-09-07T13:24:34.801+0000] {logging_mixin.py:188} INFO - Error loading data: column "category" of relation "fact_post" does not exist
LINE 2: ..., score, num_comments, created_at, url, selftext, category, ...
                                                             ^
[2024-09-07T13:24:34.813+0000] {logging_mixin.py:188} INFO - Error loading data: column "category" of relation "fact_post" does not exist
LINE 2: ..., score, num_comments, created_at, url, selftext, category, ...
                                                             ^
[2024-09-07T13:24:34.826+0000] {logging_mixin.py:188} INFO - Error loading data: column "category" of relation "fact_post" does not exist
LINE 2: ..., score, num_comments, created_at, url, selftext, category, ...
                                                             ^
[2024-09-07T13:24:34.837+0000] {logging_mixin.py:188} INFO - Error loading data: column "category" of relation "fact_post" does not exist
LINE 2: ..., score, num_comments, created_at, url, selftext, category, ...
                                                             ^
[2024-09-07T13:24:34.848+0000] {logging_mixin.py:188} INFO - Error loading data: column "category" of relation "fact_post" does not exist
LINE 2: ..., score, num_comments, created_at, url, selftext, category, ...
                                                             ^
[2024-09-07T13:24:34.860+0000] {logging_mixin.py:188} INFO - Error loading data: column "category" of relation "fact_post" does not exist
LINE 2: ..., score, num_comments, created_at, url, selftext, category, ...
                                                             ^
[2024-09-07T13:24:34.872+0000] {logging_mixin.py:188} INFO - Error loading data: column "category" of relation "fact_post" does not exist
LINE 2: ..., score, num_comments, created_at, url, selftext, category, ...
                                                             ^
[2024-09-07T13:24:34.883+0000] {logging_mixin.py:188} INFO - Error loading data: column "category" of relation "fact_post" does not exist
LINE 2: ..., score, num_comments, created_at, url, selftext, category, ...
                                                             ^
[2024-09-07T13:24:34.895+0000] {logging_mixin.py:188} INFO - Error loading data: column "category" of relation "fact_post" does not exist
LINE 2: ..., score, num_comments, created_at, url, selftext, category, ...
                                                             ^
[2024-09-07T13:24:34.908+0000] {logging_mixin.py:188} INFO - Error loading data: column "category" of relation "fact_post" does not exist
LINE 2: ..., score, num_comments, created_at, url, selftext, category, ...
                                                             ^
[2024-09-07T13:24:34.923+0000] {logging_mixin.py:188} INFO - Error loading data: column "category" of relation "fact_post" does not exist
LINE 2: ..., score, num_comments, created_at, url, selftext, category, ...
                                                             ^
[2024-09-07T13:24:34.933+0000] {logging_mixin.py:188} INFO - Error loading data: column "category" of relation "fact_post" does not exist
LINE 2: ..., score, num_comments, created_at, url, selftext, category, ...
                                                             ^
[2024-09-07T13:24:34.945+0000] {logging_mixin.py:188} INFO - Error loading data: column "category" of relation "fact_post" does not exist
LINE 2: ..., score, num_comments, created_at, url, selftext, category, ...
                                                             ^
[2024-09-07T13:24:34.957+0000] {logging_mixin.py:188} INFO - Error loading data: column "category" of relation "fact_post" does not exist
LINE 2: ..., score, num_comments, created_at, url, selftext, category, ...
                                                             ^
[2024-09-07T13:24:34.967+0000] {logging_mixin.py:188} INFO - Error loading data: column "category" of relation "fact_post" does not exist
LINE 2: ..., score, num_comments, created_at, url, selftext, category, ...
                                                             ^
[2024-09-07T13:24:34.980+0000] {logging_mixin.py:188} INFO - Error loading data: column "category" of relation "fact_post" does not exist
LINE 2: ..., score, num_comments, created_at, url, selftext, category, ...
                                                             ^
[2024-09-07T13:24:34.991+0000] {logging_mixin.py:188} INFO - Error loading data: column "category" of relation "fact_post" does not exist
LINE 2: ..., score, num_comments, created_at, url, selftext, category, ...
                                                             ^
[2024-09-07T13:24:35.002+0000] {logging_mixin.py:188} INFO - Error loading data: column "category" of relation "fact_post" does not exist
LINE 2: ..., score, num_comments, created_at, url, selftext, category, ...
                                                             ^
[2024-09-07T13:24:35.013+0000] {logging_mixin.py:188} INFO - Error loading data: column "category" of relation "fact_post" does not exist
LINE 2: ..., score, num_comments, created_at, url, selftext, category, ...
                                                             ^
[2024-09-07T13:24:35.025+0000] {logging_mixin.py:188} INFO - Error loading data: column "category" of relation "fact_post" does not exist
LINE 2: ..., score, num_comments, created_at, url, selftext, category, ...
                                                             ^
[2024-09-07T13:24:35.036+0000] {logging_mixin.py:188} INFO - Error loading data: column "category" of relation "fact_post" does not exist
LINE 2: ..., score, num_comments, created_at, url, selftext, category, ...
                                                             ^
[2024-09-07T13:24:35.048+0000] {logging_mixin.py:188} INFO - Error loading data: column "category" of relation "fact_post" does not exist
LINE 2: ..., score, num_comments, created_at, url, selftext, category, ...
                                                             ^
[2024-09-07T13:24:35.060+0000] {logging_mixin.py:188} INFO - Error loading data: column "category" of relation "fact_post" does not exist
LINE 2: ..., score, num_comments, created_at, url, selftext, category, ...
                                                             ^
[2024-09-07T13:24:35.072+0000] {logging_mixin.py:188} INFO - Error loading data: column "category" of relation "fact_post" does not exist
LINE 2: ..., score, num_comments, created_at, url, selftext, category, ...
                                                             ^
[2024-09-07T13:24:35.082+0000] {logging_mixin.py:188} INFO - Error loading data: column "category" of relation "fact_post" does not exist
LINE 2: ..., score, num_comments, created_at, url, selftext, category, ...
                                                             ^
[2024-09-07T13:24:35.093+0000] {logging_mixin.py:188} INFO - Error loading data: column "category" of relation "fact_post" does not exist
LINE 2: ..., score, num_comments, created_at, url, selftext, category, ...
                                                             ^
[2024-09-07T13:24:35.104+0000] {logging_mixin.py:188} INFO - Error loading data: column "category" of relation "fact_post" does not exist
LINE 2: ..., score, num_comments, created_at, url, selftext, category, ...
                                                             ^
[2024-09-07T13:24:35.115+0000] {logging_mixin.py:188} INFO - Error loading data: column "category" of relation "fact_post" does not exist
LINE 2: ..., score, num_comments, created_at, url, selftext, category, ...
                                                             ^
[2024-09-07T13:24:35.138+0000] {logging_mixin.py:188} INFO - Error loading data: column "category" of relation "fact_post" does not exist
LINE 2: ..., score, num_comments, created_at, url, selftext, category, ...
                                                             ^
[2024-09-07T13:24:35.149+0000] {logging_mixin.py:188} INFO - Error loading data: column "category" of relation "fact_post" does not exist
LINE 2: ..., score, num_comments, created_at, url, selftext, category, ...
                                                             ^
[2024-09-07T13:24:35.162+0000] {logging_mixin.py:188} INFO - Error loading data: column "category" of relation "fact_post" does not exist
LINE 2: ..., score, num_comments, created_at, url, selftext, category, ...
                                                             ^
[2024-09-07T13:24:35.174+0000] {logging_mixin.py:188} INFO - Error loading data: column "category" of relation "fact_post" does not exist
LINE 2: ..., score, num_comments, created_at, url, selftext, category, ...
                                                             ^
[2024-09-07T13:24:35.184+0000] {logging_mixin.py:188} INFO - Error loading data: column "category" of relation "fact_post" does not exist
LINE 2: ..., score, num_comments, created_at, url, selftext, category, ...
                                                             ^
[2024-09-07T13:24:35.196+0000] {logging_mixin.py:188} INFO - Error loading data: column "category" of relation "fact_post" does not exist
LINE 2: ..., score, num_comments, created_at, url, selftext, category, ...
                                                             ^
[2024-09-07T13:24:35.208+0000] {logging_mixin.py:188} INFO - Error loading data: column "category" of relation "fact_post" does not exist
LINE 2: ..., score, num_comments, created_at, url, selftext, category, ...
                                                             ^
[2024-09-07T13:24:35.218+0000] {logging_mixin.py:188} INFO - Error loading data: column "category" of relation "fact_post" does not exist
LINE 2: ..., score, num_comments, created_at, url, selftext, category, ...
                                                             ^
[2024-09-07T13:24:35.230+0000] {logging_mixin.py:188} INFO - Error loading data: column "category" of relation "fact_post" does not exist
LINE 2: ..., score, num_comments, created_at, url, selftext, category, ...
                                                             ^
[2024-09-07T13:24:35.242+0000] {logging_mixin.py:188} INFO - Error loading data: column "category" of relation "fact_post" does not exist
LINE 2: ..., score, num_comments, created_at, url, selftext, category, ...
                                                             ^
[2024-09-07T13:24:35.253+0000] {logging_mixin.py:188} INFO - Error loading data: column "category" of relation "fact_post" does not exist
LINE 2: ..., score, num_comments, created_at, url, selftext, category, ...
                                                             ^
[2024-09-07T13:24:35.264+0000] {logging_mixin.py:188} INFO - Error loading data: column "category" of relation "fact_post" does not exist
LINE 2: ..., score, num_comments, created_at, url, selftext, category, ...
                                                             ^
[2024-09-07T13:24:35.277+0000] {logging_mixin.py:188} INFO - Error loading data: column "category" of relation "fact_post" does not exist
LINE 2: ..., score, num_comments, created_at, url, selftext, category, ...
                                                             ^
[2024-09-07T13:24:35.290+0000] {logging_mixin.py:188} INFO - Error loading data: column "category" of relation "fact_post" does not exist
LINE 2: ..., score, num_comments, created_at, url, selftext, category, ...
                                                             ^
[2024-09-07T13:24:35.300+0000] {logging_mixin.py:188} INFO - Error loading data: column "category" of relation "fact_post" does not exist
LINE 2: ..., score, num_comments, created_at, url, selftext, category, ...
                                                             ^
[2024-09-07T13:24:35.312+0000] {logging_mixin.py:188} INFO - Error loading data: column "category" of relation "fact_post" does not exist
LINE 2: ..., score, num_comments, created_at, url, selftext, category, ...
                                                             ^
[2024-09-07T13:24:35.324+0000] {logging_mixin.py:188} INFO - Error loading data: column "category" of relation "fact_post" does not exist
LINE 2: ..., score, num_comments, created_at, url, selftext, category, ...
                                                             ^
[2024-09-07T13:24:35.342+0000] {logging_mixin.py:188} INFO - Error loading data: column "category" of relation "fact_post" does not exist
LINE 2: ..., score, num_comments, created_at, url, selftext, category, ...
                                                             ^
[2024-09-07T13:24:35.359+0000] {logging_mixin.py:188} INFO - Error loading data: column "category" of relation "fact_post" does not exist
LINE 2: ..., score, num_comments, created_at, url, selftext, category, ...
                                                             ^
[2024-09-07T13:24:35.374+0000] {logging_mixin.py:188} INFO - Error loading data: column "category" of relation "fact_post" does not exist
LINE 2: ..., score, num_comments, created_at, url, selftext, category, ...
                                                             ^
[2024-09-07T13:24:35.376+0000] {python.py:237} INFO - Done. Returned value was: None
[2024-09-07T13:24:35.376+0000] {taskinstance.py:441} INFO - ::group::Post task execution logs
[2024-09-07T13:24:35.399+0000] {taskinstance.py:1205} INFO - Marking task as SUCCESS. dag_id=reddit_etl, task_id=load_data_to_warehouse, execution_date=20240907T132428, start_date=20240907T132431, end_date=20240907T132435
[2024-09-07T13:24:35.434+0000] {local_task_job_runner.py:240} INFO - Task exited with return code 0
[2024-09-07T13:24:35.464+0000] {taskinstance.py:3482} INFO - 0 downstream tasks scheduled from follow-on schedule check
[2024-09-07T13:24:35.466+0000] {local_task_job_runner.py:222} INFO - ::endgroup::
