[2024-09-07T13:21:00.813+0000] {local_task_job_runner.py:120} INFO - ::group::Pre task execution logs
[2024-09-07T13:21:00.853+0000] {taskinstance.py:2073} INFO - Dependencies all met for dep_context=non-requeueable deps ti=<TaskInstance: reddit_etl.load_data_to_warehouse manual__2024-09-07T13:20:57.208619+00:00 [queued]>
[2024-09-07T13:21:00.864+0000] {taskinstance.py:2073} INFO - Dependencies all met for dep_context=requeueable deps ti=<TaskInstance: reddit_etl.load_data_to_warehouse manual__2024-09-07T13:20:57.208619+00:00 [queued]>
[2024-09-07T13:21:00.864+0000] {taskinstance.py:2303} INFO - Starting attempt 1 of 2
[2024-09-07T13:21:00.879+0000] {taskinstance.py:2327} INFO - Executing <Task(PythonOperator): load_data_to_warehouse> on 2024-09-07 13:20:57.208619+00:00
[2024-09-07T13:21:00.886+0000] {logging_mixin.py:188} WARNING - /home/airflow/.local/lib/python3.12/site-packages/airflow/task/task_runner/standard_task_runner.py:61 DeprecationWarning: This process (pid=2471) is multi-threaded, use of fork() may lead to deadlocks in the child.
[2024-09-07T13:21:00.886+0000] {standard_task_runner.py:63} INFO - Started process 2472 to run task
[2024-09-07T13:21:00.886+0000] {standard_task_runner.py:90} INFO - Running: ['airflow', 'tasks', 'run', 'reddit_etl', 'load_data_to_warehouse', 'manual__2024-09-07T13:20:57.208619+00:00', '--job-id', '650', '--raw', '--subdir', 'DAGS_FOLDER/reddit.py', '--cfg-path', '/tmp/tmpqmgxiiw2']
[2024-09-07T13:21:00.888+0000] {standard_task_runner.py:91} INFO - Job 650: Subtask load_data_to_warehouse
[2024-09-07T13:21:00.951+0000] {task_command.py:426} INFO - Running <TaskInstance: reddit_etl.load_data_to_warehouse manual__2024-09-07T13:20:57.208619+00:00 [running]> on host 42d604ea5ce6
[2024-09-07T13:21:01.107+0000] {taskinstance.py:2644} INFO - Exporting env vars: AIRFLOW_CTX_DAG_OWNER='reddithackathon' AIRFLOW_CTX_DAG_ID='reddit_etl' AIRFLOW_CTX_TASK_ID='load_data_to_warehouse' AIRFLOW_CTX_EXECUTION_DATE='2024-09-07T13:20:57.208619+00:00' AIRFLOW_CTX_TRY_NUMBER='1' AIRFLOW_CTX_DAG_RUN_ID='manual__2024-09-07T13:20:57.208619+00:00'
[2024-09-07T13:21:01.109+0000] {taskinstance.py:430} INFO - ::endgroup::
[2024-09-07T13:21:01.163+0000] {logging_mixin.py:188} INFO - Error loading data: relation "dim_author" does not exist
LINE 2:             INSERT INTO dim_author (author_id, author_name)
                                ^
[2024-09-07T13:21:01.173+0000] {logging_mixin.py:188} INFO - Error loading data: relation "dim_author" does not exist
LINE 2:             INSERT INTO dim_author (author_id, author_name)
                                ^
[2024-09-07T13:21:01.183+0000] {logging_mixin.py:188} INFO - Error loading data: relation "dim_author" does not exist
LINE 2:             INSERT INTO dim_author (author_id, author_name)
                                ^
[2024-09-07T13:21:01.194+0000] {logging_mixin.py:188} INFO - Error loading data: relation "dim_author" does not exist
LINE 2:             INSERT INTO dim_author (author_id, author_name)
                                ^
[2024-09-07T13:21:01.203+0000] {logging_mixin.py:188} INFO - Error loading data: relation "dim_author" does not exist
LINE 2:             INSERT INTO dim_author (author_id, author_name)
                                ^
[2024-09-07T13:21:01.214+0000] {logging_mixin.py:188} INFO - Error loading data: relation "dim_author" does not exist
LINE 2:             INSERT INTO dim_author (author_id, author_name)
                                ^
[2024-09-07T13:21:01.224+0000] {logging_mixin.py:188} INFO - Error loading data: relation "dim_author" does not exist
LINE 2:             INSERT INTO dim_author (author_id, author_name)
                                ^
[2024-09-07T13:21:01.234+0000] {logging_mixin.py:188} INFO - Error loading data: relation "dim_author" does not exist
LINE 2:             INSERT INTO dim_author (author_id, author_name)
                                ^
[2024-09-07T13:21:01.244+0000] {logging_mixin.py:188} INFO - Error loading data: relation "dim_author" does not exist
LINE 2:             INSERT INTO dim_author (author_id, author_name)
                                ^
[2024-09-07T13:21:01.254+0000] {logging_mixin.py:188} INFO - Error loading data: relation "dim_author" does not exist
LINE 2:             INSERT INTO dim_author (author_id, author_name)
                                ^
[2024-09-07T13:21:01.266+0000] {logging_mixin.py:188} INFO - Error loading data: relation "dim_author" does not exist
LINE 2:             INSERT INTO dim_author (author_id, author_name)
                                ^
[2024-09-07T13:21:01.277+0000] {logging_mixin.py:188} INFO - Error loading data: relation "dim_author" does not exist
LINE 2:             INSERT INTO dim_author (author_id, author_name)
                                ^
[2024-09-07T13:21:01.286+0000] {logging_mixin.py:188} INFO - Error loading data: relation "dim_author" does not exist
LINE 2:             INSERT INTO dim_author (author_id, author_name)
                                ^
[2024-09-07T13:21:01.297+0000] {logging_mixin.py:188} INFO - Error loading data: relation "dim_author" does not exist
LINE 2:             INSERT INTO dim_author (author_id, author_name)
                                ^
[2024-09-07T13:21:01.308+0000] {logging_mixin.py:188} INFO - Error loading data: relation "dim_author" does not exist
LINE 2:             INSERT INTO dim_author (author_id, author_name)
                                ^
[2024-09-07T13:21:01.317+0000] {logging_mixin.py:188} INFO - Error loading data: relation "dim_author" does not exist
LINE 2:             INSERT INTO dim_author (author_id, author_name)
                                ^
[2024-09-07T13:21:01.328+0000] {logging_mixin.py:188} INFO - Error loading data: relation "dim_author" does not exist
LINE 2:             INSERT INTO dim_author (author_id, author_name)
                                ^
[2024-09-07T13:21:01.337+0000] {logging_mixin.py:188} INFO - Error loading data: relation "dim_author" does not exist
LINE 2:             INSERT INTO dim_author (author_id, author_name)
                                ^
[2024-09-07T13:21:01.347+0000] {logging_mixin.py:188} INFO - Error loading data: relation "dim_author" does not exist
LINE 2:             INSERT INTO dim_author (author_id, author_name)
                                ^
[2024-09-07T13:21:01.357+0000] {logging_mixin.py:188} INFO - Error loading data: relation "dim_author" does not exist
LINE 2:             INSERT INTO dim_author (author_id, author_name)
                                ^
[2024-09-07T13:21:01.367+0000] {logging_mixin.py:188} INFO - Error loading data: relation "dim_author" does not exist
LINE 2:             INSERT INTO dim_author (author_id, author_name)
                                ^
[2024-09-07T13:21:01.377+0000] {logging_mixin.py:188} INFO - Error loading data: relation "dim_author" does not exist
LINE 2:             INSERT INTO dim_author (author_id, author_name)
                                ^
[2024-09-07T13:21:01.386+0000] {logging_mixin.py:188} INFO - Error loading data: relation "dim_author" does not exist
LINE 2:             INSERT INTO dim_author (author_id, author_name)
                                ^
[2024-09-07T13:21:01.396+0000] {logging_mixin.py:188} INFO - Error loading data: relation "dim_author" does not exist
LINE 2:             INSERT INTO dim_author (author_id, author_name)
                                ^
[2024-09-07T13:21:01.406+0000] {logging_mixin.py:188} INFO - Error loading data: relation "dim_author" does not exist
LINE 2:             INSERT INTO dim_author (author_id, author_name)
                                ^
[2024-09-07T13:21:01.416+0000] {logging_mixin.py:188} INFO - Error loading data: relation "dim_author" does not exist
LINE 2:             INSERT INTO dim_author (author_id, author_name)
                                ^
[2024-09-07T13:21:01.427+0000] {logging_mixin.py:188} INFO - Error loading data: relation "dim_author" does not exist
LINE 2:             INSERT INTO dim_author (author_id, author_name)
                                ^
[2024-09-07T13:21:01.436+0000] {logging_mixin.py:188} INFO - Error loading data: relation "dim_author" does not exist
LINE 2:             INSERT INTO dim_author (author_id, author_name)
                                ^
[2024-09-07T13:21:01.447+0000] {logging_mixin.py:188} INFO - Error loading data: relation "dim_author" does not exist
LINE 2:             INSERT INTO dim_author (author_id, author_name)
                                ^
[2024-09-07T13:21:01.456+0000] {logging_mixin.py:188} INFO - Error loading data: relation "dim_author" does not exist
LINE 2:             INSERT INTO dim_author (author_id, author_name)
                                ^
[2024-09-07T13:21:01.467+0000] {logging_mixin.py:188} INFO - Error loading data: relation "dim_author" does not exist
LINE 2:             INSERT INTO dim_author (author_id, author_name)
                                ^
[2024-09-07T13:21:01.476+0000] {logging_mixin.py:188} INFO - Error loading data: relation "dim_author" does not exist
LINE 2:             INSERT INTO dim_author (author_id, author_name)
                                ^
[2024-09-07T13:21:01.485+0000] {logging_mixin.py:188} INFO - Error loading data: relation "dim_author" does not exist
LINE 2:             INSERT INTO dim_author (author_id, author_name)
                                ^
[2024-09-07T13:21:01.495+0000] {logging_mixin.py:188} INFO - Error loading data: relation "dim_author" does not exist
LINE 2:             INSERT INTO dim_author (author_id, author_name)
                                ^
[2024-09-07T13:21:01.505+0000] {logging_mixin.py:188} INFO - Error loading data: relation "dim_author" does not exist
LINE 2:             INSERT INTO dim_author (author_id, author_name)
                                ^
[2024-09-07T13:21:01.516+0000] {logging_mixin.py:188} INFO - Error loading data: relation "dim_author" does not exist
LINE 2:             INSERT INTO dim_author (author_id, author_name)
                                ^
[2024-09-07T13:21:01.525+0000] {logging_mixin.py:188} INFO - Error loading data: relation "dim_author" does not exist
LINE 2:             INSERT INTO dim_author (author_id, author_name)
                                ^
[2024-09-07T13:21:01.534+0000] {logging_mixin.py:188} INFO - Error loading data: relation "dim_author" does not exist
LINE 2:             INSERT INTO dim_author (author_id, author_name)
                                ^
[2024-09-07T13:21:01.544+0000] {logging_mixin.py:188} INFO - Error loading data: relation "dim_author" does not exist
LINE 2:             INSERT INTO dim_author (author_id, author_name)
                                ^
[2024-09-07T13:21:01.553+0000] {logging_mixin.py:188} INFO - Error loading data: relation "dim_author" does not exist
LINE 2:             INSERT INTO dim_author (author_id, author_name)
                                ^
[2024-09-07T13:21:01.564+0000] {logging_mixin.py:188} INFO - Error loading data: relation "dim_author" does not exist
LINE 2:             INSERT INTO dim_author (author_id, author_name)
                                ^
[2024-09-07T13:21:01.573+0000] {logging_mixin.py:188} INFO - Error loading data: relation "dim_author" does not exist
LINE 2:             INSERT INTO dim_author (author_id, author_name)
                                ^
[2024-09-07T13:21:01.584+0000] {logging_mixin.py:188} INFO - Error loading data: relation "dim_author" does not exist
LINE 2:             INSERT INTO dim_author (author_id, author_name)
                                ^
[2024-09-07T13:21:01.594+0000] {logging_mixin.py:188} INFO - Error loading data: relation "dim_author" does not exist
LINE 2:             INSERT INTO dim_author (author_id, author_name)
                                ^
[2024-09-07T13:21:01.603+0000] {logging_mixin.py:188} INFO - Error loading data: relation "dim_author" does not exist
LINE 2:             INSERT INTO dim_author (author_id, author_name)
                                ^
[2024-09-07T13:21:01.614+0000] {logging_mixin.py:188} INFO - Error loading data: relation "dim_author" does not exist
LINE 2:             INSERT INTO dim_author (author_id, author_name)
                                ^
[2024-09-07T13:21:01.625+0000] {logging_mixin.py:188} INFO - Error loading data: relation "dim_author" does not exist
LINE 2:             INSERT INTO dim_author (author_id, author_name)
                                ^
[2024-09-07T13:21:01.634+0000] {logging_mixin.py:188} INFO - Error loading data: relation "dim_author" does not exist
LINE 2:             INSERT INTO dim_author (author_id, author_name)
                                ^
[2024-09-07T13:21:01.645+0000] {logging_mixin.py:188} INFO - Error loading data: relation "dim_author" does not exist
LINE 2:             INSERT INTO dim_author (author_id, author_name)
                                ^
[2024-09-07T13:21:01.655+0000] {logging_mixin.py:188} INFO - Error loading data: relation "dim_author" does not exist
LINE 2:             INSERT INTO dim_author (author_id, author_name)
                                ^
[2024-09-07T13:21:01.665+0000] {logging_mixin.py:188} INFO - Error loading data: relation "dim_author" does not exist
LINE 2:             INSERT INTO dim_author (author_id, author_name)
                                ^
[2024-09-07T13:21:01.675+0000] {logging_mixin.py:188} INFO - Error loading data: relation "dim_author" does not exist
LINE 2:             INSERT INTO dim_author (author_id, author_name)
                                ^
[2024-09-07T13:21:01.685+0000] {logging_mixin.py:188} INFO - Error loading data: relation "dim_author" does not exist
LINE 2:             INSERT INTO dim_author (author_id, author_name)
                                ^
[2024-09-07T13:21:01.699+0000] {logging_mixin.py:188} INFO - Error loading data: relation "dim_author" does not exist
LINE 2:             INSERT INTO dim_author (author_id, author_name)
                                ^
[2024-09-07T13:21:01.713+0000] {logging_mixin.py:188} INFO - Error loading data: relation "dim_author" does not exist
LINE 2:             INSERT INTO dim_author (author_id, author_name)
                                ^
[2024-09-07T13:21:01.723+0000] {logging_mixin.py:188} INFO - Error loading data: relation "dim_author" does not exist
LINE 2:             INSERT INTO dim_author (author_id, author_name)
                                ^
[2024-09-07T13:21:01.734+0000] {logging_mixin.py:188} INFO - Error loading data: relation "dim_author" does not exist
LINE 2:             INSERT INTO dim_author (author_id, author_name)
                                ^
[2024-09-07T13:21:01.745+0000] {logging_mixin.py:188} INFO - Error loading data: relation "dim_author" does not exist
LINE 2:             INSERT INTO dim_author (author_id, author_name)
                                ^
[2024-09-07T13:21:01.754+0000] {logging_mixin.py:188} INFO - Error loading data: relation "dim_author" does not exist
LINE 2:             INSERT INTO dim_author (author_id, author_name)
                                ^
[2024-09-07T13:21:01.766+0000] {logging_mixin.py:188} INFO - Error loading data: relation "dim_author" does not exist
LINE 2:             INSERT INTO dim_author (author_id, author_name)
                                ^
[2024-09-07T13:21:01.777+0000] {logging_mixin.py:188} INFO - Error loading data: relation "dim_author" does not exist
LINE 2:             INSERT INTO dim_author (author_id, author_name)
                                ^
[2024-09-07T13:21:01.787+0000] {logging_mixin.py:188} INFO - Error loading data: relation "dim_author" does not exist
LINE 2:             INSERT INTO dim_author (author_id, author_name)
                                ^
[2024-09-07T13:21:01.799+0000] {logging_mixin.py:188} INFO - Error loading data: relation "dim_author" does not exist
LINE 2:             INSERT INTO dim_author (author_id, author_name)
                                ^
[2024-09-07T13:21:01.811+0000] {logging_mixin.py:188} INFO - Error loading data: relation "dim_author" does not exist
LINE 2:             INSERT INTO dim_author (author_id, author_name)
                                ^
[2024-09-07T13:21:01.820+0000] {logging_mixin.py:188} INFO - Error loading data: relation "dim_author" does not exist
LINE 2:             INSERT INTO dim_author (author_id, author_name)
                                ^
[2024-09-07T13:21:01.833+0000] {logging_mixin.py:188} INFO - Error loading data: relation "dim_author" does not exist
LINE 2:             INSERT INTO dim_author (author_id, author_name)
                                ^
[2024-09-07T13:21:01.845+0000] {logging_mixin.py:188} INFO - Error loading data: relation "dim_author" does not exist
LINE 2:             INSERT INTO dim_author (author_id, author_name)
                                ^
[2024-09-07T13:21:01.854+0000] {logging_mixin.py:188} INFO - Error loading data: relation "dim_author" does not exist
LINE 2:             INSERT INTO dim_author (author_id, author_name)
                                ^
[2024-09-07T13:21:01.870+0000] {logging_mixin.py:188} INFO - Error loading data: relation "dim_author" does not exist
LINE 2:             INSERT INTO dim_author (author_id, author_name)
                                ^
[2024-09-07T13:21:01.882+0000] {logging_mixin.py:188} INFO - Error loading data: relation "dim_author" does not exist
LINE 2:             INSERT INTO dim_author (author_id, author_name)
                                ^
[2024-09-07T13:21:01.894+0000] {logging_mixin.py:188} INFO - Error loading data: relation "dim_author" does not exist
LINE 2:             INSERT INTO dim_author (author_id, author_name)
                                ^
[2024-09-07T13:21:01.905+0000] {logging_mixin.py:188} INFO - Error loading data: relation "dim_author" does not exist
LINE 2:             INSERT INTO dim_author (author_id, author_name)
                                ^
[2024-09-07T13:21:01.917+0000] {logging_mixin.py:188} INFO - Error loading data: relation "dim_author" does not exist
LINE 2:             INSERT INTO dim_author (author_id, author_name)
                                ^
[2024-09-07T13:21:01.928+0000] {logging_mixin.py:188} INFO - Error loading data: relation "dim_author" does not exist
LINE 2:             INSERT INTO dim_author (author_id, author_name)
                                ^
[2024-09-07T13:21:01.938+0000] {logging_mixin.py:188} INFO - Error loading data: relation "dim_author" does not exist
LINE 2:             INSERT INTO dim_author (author_id, author_name)
                                ^
[2024-09-07T13:21:01.949+0000] {logging_mixin.py:188} INFO - Error loading data: relation "dim_author" does not exist
LINE 2:             INSERT INTO dim_author (author_id, author_name)
                                ^
[2024-09-07T13:21:01.960+0000] {logging_mixin.py:188} INFO - Error loading data: relation "dim_author" does not exist
LINE 2:             INSERT INTO dim_author (author_id, author_name)
                                ^
[2024-09-07T13:21:01.969+0000] {logging_mixin.py:188} INFO - Error loading data: relation "dim_author" does not exist
LINE 2:             INSERT INTO dim_author (author_id, author_name)
                                ^
[2024-09-07T13:21:01.981+0000] {logging_mixin.py:188} INFO - Error loading data: relation "dim_author" does not exist
LINE 2:             INSERT INTO dim_author (author_id, author_name)
                                ^
[2024-09-07T13:21:01.991+0000] {logging_mixin.py:188} INFO - Error loading data: relation "dim_author" does not exist
LINE 2:             INSERT INTO dim_author (author_id, author_name)
                                ^
[2024-09-07T13:21:02.002+0000] {logging_mixin.py:188} INFO - Error loading data: relation "dim_author" does not exist
LINE 2:             INSERT INTO dim_author (author_id, author_name)
                                ^
[2024-09-07T13:21:02.013+0000] {logging_mixin.py:188} INFO - Error loading data: relation "dim_author" does not exist
LINE 2:             INSERT INTO dim_author (author_id, author_name)
                                ^
[2024-09-07T13:21:02.024+0000] {logging_mixin.py:188} INFO - Error loading data: relation "dim_author" does not exist
LINE 2:             INSERT INTO dim_author (author_id, author_name)
                                ^
[2024-09-07T13:21:02.035+0000] {logging_mixin.py:188} INFO - Error loading data: relation "dim_author" does not exist
LINE 2:             INSERT INTO dim_author (author_id, author_name)
                                ^
[2024-09-07T13:21:02.046+0000] {logging_mixin.py:188} INFO - Error loading data: relation "dim_author" does not exist
LINE 2:             INSERT INTO dim_author (author_id, author_name)
                                ^
[2024-09-07T13:21:02.056+0000] {logging_mixin.py:188} INFO - Error loading data: relation "dim_author" does not exist
LINE 2:             INSERT INTO dim_author (author_id, author_name)
                                ^
[2024-09-07T13:21:02.072+0000] {logging_mixin.py:188} INFO - Error loading data: relation "dim_author" does not exist
LINE 2:             INSERT INTO dim_author (author_id, author_name)
                                ^
[2024-09-07T13:21:02.086+0000] {logging_mixin.py:188} INFO - Error loading data: relation "dim_author" does not exist
LINE 2:             INSERT INTO dim_author (author_id, author_name)
                                ^
[2024-09-07T13:21:02.098+0000] {logging_mixin.py:188} INFO - Error loading data: relation "dim_author" does not exist
LINE 2:             INSERT INTO dim_author (author_id, author_name)
                                ^
[2024-09-07T13:21:02.111+0000] {logging_mixin.py:188} INFO - Error loading data: relation "dim_author" does not exist
LINE 2:             INSERT INTO dim_author (author_id, author_name)
                                ^
[2024-09-07T13:21:02.121+0000] {logging_mixin.py:188} INFO - Error loading data: relation "dim_author" does not exist
LINE 2:             INSERT INTO dim_author (author_id, author_name)
                                ^
[2024-09-07T13:21:02.132+0000] {logging_mixin.py:188} INFO - Error loading data: relation "dim_author" does not exist
LINE 2:             INSERT INTO dim_author (author_id, author_name)
                                ^
[2024-09-07T13:21:02.143+0000] {logging_mixin.py:188} INFO - Error loading data: relation "dim_author" does not exist
LINE 2:             INSERT INTO dim_author (author_id, author_name)
                                ^
[2024-09-07T13:21:02.153+0000] {logging_mixin.py:188} INFO - Error loading data: relation "dim_author" does not exist
LINE 2:             INSERT INTO dim_author (author_id, author_name)
                                ^
[2024-09-07T13:21:02.166+0000] {logging_mixin.py:188} INFO - Error loading data: relation "dim_author" does not exist
LINE 2:             INSERT INTO dim_author (author_id, author_name)
                                ^
[2024-09-07T13:21:02.180+0000] {logging_mixin.py:188} INFO - Error loading data: relation "dim_author" does not exist
LINE 2:             INSERT INTO dim_author (author_id, author_name)
                                ^
[2024-09-07T13:21:02.194+0000] {logging_mixin.py:188} INFO - Error loading data: relation "dim_author" does not exist
LINE 2:             INSERT INTO dim_author (author_id, author_name)
                                ^
[2024-09-07T13:21:02.204+0000] {logging_mixin.py:188} INFO - Error loading data: relation "dim_author" does not exist
LINE 2:             INSERT INTO dim_author (author_id, author_name)
                                ^
[2024-09-07T13:21:02.216+0000] {logging_mixin.py:188} INFO - Error loading data: relation "dim_author" does not exist
LINE 2:             INSERT INTO dim_author (author_id, author_name)
                                ^
[2024-09-07T13:21:02.227+0000] {logging_mixin.py:188} INFO - Error loading data: relation "dim_author" does not exist
LINE 2:             INSERT INTO dim_author (author_id, author_name)
                                ^
[2024-09-07T13:21:02.237+0000] {logging_mixin.py:188} INFO - Error loading data: relation "dim_author" does not exist
LINE 2:             INSERT INTO dim_author (author_id, author_name)
                                ^
[2024-09-07T13:21:02.248+0000] {logging_mixin.py:188} INFO - Error loading data: relation "dim_author" does not exist
LINE 2:             INSERT INTO dim_author (author_id, author_name)
                                ^
[2024-09-07T13:21:02.260+0000] {logging_mixin.py:188} INFO - Error loading data: relation "dim_author" does not exist
LINE 2:             INSERT INTO dim_author (author_id, author_name)
                                ^
[2024-09-07T13:21:02.269+0000] {logging_mixin.py:188} INFO - Error loading data: relation "dim_author" does not exist
LINE 2:             INSERT INTO dim_author (author_id, author_name)
                                ^
[2024-09-07T13:21:02.280+0000] {logging_mixin.py:188} INFO - Error loading data: relation "dim_author" does not exist
LINE 2:             INSERT INTO dim_author (author_id, author_name)
                                ^
[2024-09-07T13:21:02.292+0000] {logging_mixin.py:188} INFO - Error loading data: relation "dim_author" does not exist
LINE 2:             INSERT INTO dim_author (author_id, author_name)
                                ^
[2024-09-07T13:21:02.302+0000] {logging_mixin.py:188} INFO - Error loading data: relation "dim_author" does not exist
LINE 2:             INSERT INTO dim_author (author_id, author_name)
                                ^
[2024-09-07T13:21:02.313+0000] {logging_mixin.py:188} INFO - Error loading data: relation "dim_author" does not exist
LINE 2:             INSERT INTO dim_author (author_id, author_name)
                                ^
[2024-09-07T13:21:02.323+0000] {logging_mixin.py:188} INFO - Error loading data: relation "dim_author" does not exist
LINE 2:             INSERT INTO dim_author (author_id, author_name)
                                ^
[2024-09-07T13:21:02.334+0000] {logging_mixin.py:188} INFO - Error loading data: relation "dim_author" does not exist
LINE 2:             INSERT INTO dim_author (author_id, author_name)
                                ^
[2024-09-07T13:21:02.344+0000] {logging_mixin.py:188} INFO - Error loading data: relation "dim_author" does not exist
LINE 2:             INSERT INTO dim_author (author_id, author_name)
                                ^
[2024-09-07T13:21:02.353+0000] {logging_mixin.py:188} INFO - Error loading data: relation "dim_author" does not exist
LINE 2:             INSERT INTO dim_author (author_id, author_name)
                                ^
[2024-09-07T13:21:02.365+0000] {logging_mixin.py:188} INFO - Error loading data: relation "dim_author" does not exist
LINE 2:             INSERT INTO dim_author (author_id, author_name)
                                ^
[2024-09-07T13:21:02.375+0000] {logging_mixin.py:188} INFO - Error loading data: relation "dim_author" does not exist
LINE 2:             INSERT INTO dim_author (author_id, author_name)
                                ^
[2024-09-07T13:21:02.384+0000] {logging_mixin.py:188} INFO - Error loading data: relation "dim_author" does not exist
LINE 2:             INSERT INTO dim_author (author_id, author_name)
                                ^
[2024-09-07T13:21:02.395+0000] {logging_mixin.py:188} INFO - Error loading data: relation "dim_author" does not exist
LINE 2:             INSERT INTO dim_author (author_id, author_name)
                                ^
[2024-09-07T13:21:02.404+0000] {logging_mixin.py:188} INFO - Error loading data: relation "dim_author" does not exist
LINE 2:             INSERT INTO dim_author (author_id, author_name)
                                ^
[2024-09-07T13:21:02.415+0000] {logging_mixin.py:188} INFO - Error loading data: relation "dim_author" does not exist
LINE 2:             INSERT INTO dim_author (author_id, author_name)
                                ^
[2024-09-07T13:21:02.427+0000] {logging_mixin.py:188} INFO - Error loading data: relation "dim_author" does not exist
LINE 2:             INSERT INTO dim_author (author_id, author_name)
                                ^
[2024-09-07T13:21:02.436+0000] {logging_mixin.py:188} INFO - Error loading data: relation "dim_author" does not exist
LINE 2:             INSERT INTO dim_author (author_id, author_name)
                                ^
[2024-09-07T13:21:02.448+0000] {logging_mixin.py:188} INFO - Error loading data: relation "dim_author" does not exist
LINE 2:             INSERT INTO dim_author (author_id, author_name)
                                ^
[2024-09-07T13:21:02.458+0000] {logging_mixin.py:188} INFO - Error loading data: relation "dim_author" does not exist
LINE 2:             INSERT INTO dim_author (author_id, author_name)
                                ^
[2024-09-07T13:21:02.468+0000] {logging_mixin.py:188} INFO - Error loading data: relation "dim_author" does not exist
LINE 2:             INSERT INTO dim_author (author_id, author_name)
                                ^
[2024-09-07T13:21:02.479+0000] {logging_mixin.py:188} INFO - Error loading data: relation "dim_author" does not exist
LINE 2:             INSERT INTO dim_author (author_id, author_name)
                                ^
[2024-09-07T13:21:02.488+0000] {logging_mixin.py:188} INFO - Error loading data: relation "dim_author" does not exist
LINE 2:             INSERT INTO dim_author (author_id, author_name)
                                ^
[2024-09-07T13:21:02.499+0000] {logging_mixin.py:188} INFO - Error loading data: relation "dim_author" does not exist
LINE 2:             INSERT INTO dim_author (author_id, author_name)
                                ^
[2024-09-07T13:21:02.510+0000] {logging_mixin.py:188} INFO - Error loading data: relation "dim_author" does not exist
LINE 2:             INSERT INTO dim_author (author_id, author_name)
                                ^
[2024-09-07T13:21:02.520+0000] {logging_mixin.py:188} INFO - Error loading data: relation "dim_author" does not exist
LINE 2:             INSERT INTO dim_author (author_id, author_name)
                                ^
[2024-09-07T13:21:02.531+0000] {logging_mixin.py:188} INFO - Error loading data: relation "dim_author" does not exist
LINE 2:             INSERT INTO dim_author (author_id, author_name)
                                ^
[2024-09-07T13:21:02.541+0000] {logging_mixin.py:188} INFO - Error loading data: relation "dim_author" does not exist
LINE 2:             INSERT INTO dim_author (author_id, author_name)
                                ^
[2024-09-07T13:21:02.551+0000] {logging_mixin.py:188} INFO - Error loading data: relation "dim_author" does not exist
LINE 2:             INSERT INTO dim_author (author_id, author_name)
                                ^
[2024-09-07T13:21:02.562+0000] {logging_mixin.py:188} INFO - Error loading data: relation "dim_author" does not exist
LINE 2:             INSERT INTO dim_author (author_id, author_name)
                                ^
[2024-09-07T13:21:02.571+0000] {logging_mixin.py:188} INFO - Error loading data: relation "dim_author" does not exist
LINE 2:             INSERT INTO dim_author (author_id, author_name)
                                ^
[2024-09-07T13:21:02.583+0000] {logging_mixin.py:188} INFO - Error loading data: relation "dim_author" does not exist
LINE 2:             INSERT INTO dim_author (author_id, author_name)
                                ^
[2024-09-07T13:21:02.594+0000] {logging_mixin.py:188} INFO - Error loading data: relation "dim_author" does not exist
LINE 2:             INSERT INTO dim_author (author_id, author_name)
                                ^
[2024-09-07T13:21:02.605+0000] {logging_mixin.py:188} INFO - Error loading data: relation "dim_author" does not exist
LINE 2:             INSERT INTO dim_author (author_id, author_name)
                                ^
[2024-09-07T13:21:02.620+0000] {logging_mixin.py:188} INFO - Error loading data: relation "dim_author" does not exist
LINE 2:             INSERT INTO dim_author (author_id, author_name)
                                ^
[2024-09-07T13:21:02.632+0000] {logging_mixin.py:188} INFO - Error loading data: relation "dim_author" does not exist
LINE 2:             INSERT INTO dim_author (author_id, author_name)
                                ^
[2024-09-07T13:21:02.645+0000] {logging_mixin.py:188} INFO - Error loading data: relation "dim_author" does not exist
LINE 2:             INSERT INTO dim_author (author_id, author_name)
                                ^
[2024-09-07T13:21:02.654+0000] {logging_mixin.py:188} INFO - Error loading data: relation "dim_author" does not exist
LINE 2:             INSERT INTO dim_author (author_id, author_name)
                                ^
[2024-09-07T13:21:02.667+0000] {logging_mixin.py:188} INFO - Error loading data: relation "dim_author" does not exist
LINE 2:             INSERT INTO dim_author (author_id, author_name)
                                ^
[2024-09-07T13:21:02.679+0000] {logging_mixin.py:188} INFO - Error loading data: relation "dim_author" does not exist
LINE 2:             INSERT INTO dim_author (author_id, author_name)
                                ^
[2024-09-07T13:21:02.689+0000] {logging_mixin.py:188} INFO - Error loading data: relation "dim_author" does not exist
LINE 2:             INSERT INTO dim_author (author_id, author_name)
                                ^
[2024-09-07T13:21:02.701+0000] {logging_mixin.py:188} INFO - Error loading data: relation "dim_author" does not exist
LINE 2:             INSERT INTO dim_author (author_id, author_name)
                                ^
[2024-09-07T13:21:02.712+0000] {logging_mixin.py:188} INFO - Error loading data: relation "dim_author" does not exist
LINE 2:             INSERT INTO dim_author (author_id, author_name)
                                ^
[2024-09-07T13:21:02.722+0000] {logging_mixin.py:188} INFO - Error loading data: relation "dim_author" does not exist
LINE 2:             INSERT INTO dim_author (author_id, author_name)
                                ^
[2024-09-07T13:21:02.733+0000] {logging_mixin.py:188} INFO - Error loading data: relation "dim_author" does not exist
LINE 2:             INSERT INTO dim_author (author_id, author_name)
                                ^
[2024-09-07T13:21:02.744+0000] {logging_mixin.py:188} INFO - Error loading data: relation "dim_author" does not exist
LINE 2:             INSERT INTO dim_author (author_id, author_name)
                                ^
[2024-09-07T13:21:02.754+0000] {logging_mixin.py:188} INFO - Error loading data: relation "dim_author" does not exist
LINE 2:             INSERT INTO dim_author (author_id, author_name)
                                ^
[2024-09-07T13:21:02.766+0000] {logging_mixin.py:188} INFO - Error loading data: relation "dim_author" does not exist
LINE 2:             INSERT INTO dim_author (author_id, author_name)
                                ^
[2024-09-07T13:21:02.777+0000] {logging_mixin.py:188} INFO - Error loading data: relation "dim_author" does not exist
LINE 2:             INSERT INTO dim_author (author_id, author_name)
                                ^
[2024-09-07T13:21:02.786+0000] {logging_mixin.py:188} INFO - Error loading data: relation "dim_author" does not exist
LINE 2:             INSERT INTO dim_author (author_id, author_name)
                                ^
[2024-09-07T13:21:02.797+0000] {logging_mixin.py:188} INFO - Error loading data: relation "dim_author" does not exist
LINE 2:             INSERT INTO dim_author (author_id, author_name)
                                ^
[2024-09-07T13:21:02.807+0000] {logging_mixin.py:188} INFO - Error loading data: relation "dim_author" does not exist
LINE 2:             INSERT INTO dim_author (author_id, author_name)
                                ^
[2024-09-07T13:21:02.817+0000] {logging_mixin.py:188} INFO - Error loading data: relation "dim_author" does not exist
LINE 2:             INSERT INTO dim_author (author_id, author_name)
                                ^
[2024-09-07T13:21:02.828+0000] {logging_mixin.py:188} INFO - Error loading data: relation "dim_author" does not exist
LINE 2:             INSERT INTO dim_author (author_id, author_name)
                                ^
[2024-09-07T13:21:02.837+0000] {logging_mixin.py:188} INFO - Error loading data: relation "dim_author" does not exist
LINE 2:             INSERT INTO dim_author (author_id, author_name)
                                ^
[2024-09-07T13:21:02.847+0000] {logging_mixin.py:188} INFO - Error loading data: relation "dim_author" does not exist
LINE 2:             INSERT INTO dim_author (author_id, author_name)
                                ^
[2024-09-07T13:21:02.858+0000] {logging_mixin.py:188} INFO - Error loading data: relation "dim_author" does not exist
LINE 2:             INSERT INTO dim_author (author_id, author_name)
                                ^
[2024-09-07T13:21:02.868+0000] {logging_mixin.py:188} INFO - Error loading data: relation "dim_author" does not exist
LINE 2:             INSERT INTO dim_author (author_id, author_name)
                                ^
[2024-09-07T13:21:02.879+0000] {logging_mixin.py:188} INFO - Error loading data: relation "dim_author" does not exist
LINE 2:             INSERT INTO dim_author (author_id, author_name)
                                ^
[2024-09-07T13:21:02.888+0000] {logging_mixin.py:188} INFO - Error loading data: relation "dim_author" does not exist
LINE 2:             INSERT INTO dim_author (author_id, author_name)
                                ^
[2024-09-07T13:21:02.899+0000] {logging_mixin.py:188} INFO - Error loading data: relation "dim_author" does not exist
LINE 2:             INSERT INTO dim_author (author_id, author_name)
                                ^
[2024-09-07T13:21:02.909+0000] {logging_mixin.py:188} INFO - Error loading data: relation "dim_author" does not exist
LINE 2:             INSERT INTO dim_author (author_id, author_name)
                                ^
[2024-09-07T13:21:02.919+0000] {logging_mixin.py:188} INFO - Error loading data: relation "dim_author" does not exist
LINE 2:             INSERT INTO dim_author (author_id, author_name)
                                ^
[2024-09-07T13:21:02.931+0000] {logging_mixin.py:188} INFO - Error loading data: relation "dim_author" does not exist
LINE 2:             INSERT INTO dim_author (author_id, author_name)
                                ^
[2024-09-07T13:21:02.942+0000] {logging_mixin.py:188} INFO - Error loading data: relation "dim_author" does not exist
LINE 2:             INSERT INTO dim_author (author_id, author_name)
                                ^
[2024-09-07T13:21:02.952+0000] {logging_mixin.py:188} INFO - Error loading data: relation "dim_author" does not exist
LINE 2:             INSERT INTO dim_author (author_id, author_name)
                                ^
[2024-09-07T13:21:02.963+0000] {logging_mixin.py:188} INFO - Error loading data: relation "dim_author" does not exist
LINE 2:             INSERT INTO dim_author (author_id, author_name)
                                ^
[2024-09-07T13:21:02.973+0000] {logging_mixin.py:188} INFO - Error loading data: relation "dim_author" does not exist
LINE 2:             INSERT INTO dim_author (author_id, author_name)
                                ^
[2024-09-07T13:21:02.983+0000] {logging_mixin.py:188} INFO - Error loading data: relation "dim_author" does not exist
LINE 2:             INSERT INTO dim_author (author_id, author_name)
                                ^
[2024-09-07T13:21:02.994+0000] {logging_mixin.py:188} INFO - Error loading data: relation "dim_author" does not exist
LINE 2:             INSERT INTO dim_author (author_id, author_name)
                                ^
[2024-09-07T13:21:03.004+0000] {logging_mixin.py:188} INFO - Error loading data: relation "dim_author" does not exist
LINE 2:             INSERT INTO dim_author (author_id, author_name)
                                ^
[2024-09-07T13:21:03.015+0000] {logging_mixin.py:188} INFO - Error loading data: relation "dim_author" does not exist
LINE 2:             INSERT INTO dim_author (author_id, author_name)
                                ^
[2024-09-07T13:21:03.025+0000] {logging_mixin.py:188} INFO - Error loading data: relation "dim_author" does not exist
LINE 2:             INSERT INTO dim_author (author_id, author_name)
                                ^
[2024-09-07T13:21:03.036+0000] {logging_mixin.py:188} INFO - Error loading data: relation "dim_author" does not exist
LINE 2:             INSERT INTO dim_author (author_id, author_name)
                                ^
[2024-09-07T13:21:03.047+0000] {logging_mixin.py:188} INFO - Error loading data: relation "dim_author" does not exist
LINE 2:             INSERT INTO dim_author (author_id, author_name)
                                ^
[2024-09-07T13:21:03.056+0000] {logging_mixin.py:188} INFO - Error loading data: relation "dim_author" does not exist
LINE 2:             INSERT INTO dim_author (author_id, author_name)
                                ^
[2024-09-07T13:21:03.067+0000] {logging_mixin.py:188} INFO - Error loading data: relation "dim_author" does not exist
LINE 2:             INSERT INTO dim_author (author_id, author_name)
                                ^
[2024-09-07T13:21:03.077+0000] {logging_mixin.py:188} INFO - Error loading data: relation "dim_author" does not exist
LINE 2:             INSERT INTO dim_author (author_id, author_name)
                                ^
[2024-09-07T13:21:03.086+0000] {logging_mixin.py:188} INFO - Error loading data: relation "dim_author" does not exist
LINE 2:             INSERT INTO dim_author (author_id, author_name)
                                ^
[2024-09-07T13:21:03.097+0000] {logging_mixin.py:188} INFO - Error loading data: relation "dim_author" does not exist
LINE 2:             INSERT INTO dim_author (author_id, author_name)
                                ^
[2024-09-07T13:21:03.107+0000] {logging_mixin.py:188} INFO - Error loading data: relation "dim_author" does not exist
LINE 2:             INSERT INTO dim_author (author_id, author_name)
                                ^
[2024-09-07T13:21:03.117+0000] {logging_mixin.py:188} INFO - Error loading data: relation "dim_author" does not exist
LINE 2:             INSERT INTO dim_author (author_id, author_name)
                                ^
[2024-09-07T13:21:03.126+0000] {logging_mixin.py:188} INFO - Error loading data: relation "dim_author" does not exist
LINE 2:             INSERT INTO dim_author (author_id, author_name)
                                ^
[2024-09-07T13:21:03.136+0000] {logging_mixin.py:188} INFO - Error loading data: relation "dim_author" does not exist
LINE 2:             INSERT INTO dim_author (author_id, author_name)
                                ^
[2024-09-07T13:21:03.147+0000] {logging_mixin.py:188} INFO - Error loading data: relation "dim_author" does not exist
LINE 2:             INSERT INTO dim_author (author_id, author_name)
                                ^
[2024-09-07T13:21:03.157+0000] {logging_mixin.py:188} INFO - Error loading data: relation "dim_author" does not exist
LINE 2:             INSERT INTO dim_author (author_id, author_name)
                                ^
[2024-09-07T13:21:03.168+0000] {logging_mixin.py:188} INFO - Error loading data: relation "dim_author" does not exist
LINE 2:             INSERT INTO dim_author (author_id, author_name)
                                ^
[2024-09-07T13:21:03.179+0000] {logging_mixin.py:188} INFO - Error loading data: relation "dim_author" does not exist
LINE 2:             INSERT INTO dim_author (author_id, author_name)
                                ^
[2024-09-07T13:21:03.188+0000] {logging_mixin.py:188} INFO - Error loading data: relation "dim_author" does not exist
LINE 2:             INSERT INTO dim_author (author_id, author_name)
                                ^
[2024-09-07T13:21:03.199+0000] {logging_mixin.py:188} INFO - Error loading data: relation "dim_author" does not exist
LINE 2:             INSERT INTO dim_author (author_id, author_name)
                                ^
[2024-09-07T13:21:03.211+0000] {logging_mixin.py:188} INFO - Error loading data: relation "dim_author" does not exist
LINE 2:             INSERT INTO dim_author (author_id, author_name)
                                ^
[2024-09-07T13:21:03.219+0000] {logging_mixin.py:188} INFO - Error loading data: relation "dim_author" does not exist
LINE 2:             INSERT INTO dim_author (author_id, author_name)
                                ^
[2024-09-07T13:21:03.231+0000] {logging_mixin.py:188} INFO - Error loading data: relation "dim_author" does not exist
LINE 2:             INSERT INTO dim_author (author_id, author_name)
                                ^
[2024-09-07T13:21:03.242+0000] {logging_mixin.py:188} INFO - Error loading data: relation "dim_author" does not exist
LINE 2:             INSERT INTO dim_author (author_id, author_name)
                                ^
[2024-09-07T13:21:03.252+0000] {logging_mixin.py:188} INFO - Error loading data: relation "dim_author" does not exist
LINE 2:             INSERT INTO dim_author (author_id, author_name)
                                ^
[2024-09-07T13:21:03.262+0000] {logging_mixin.py:188} INFO - Error loading data: relation "dim_author" does not exist
LINE 2:             INSERT INTO dim_author (author_id, author_name)
                                ^
[2024-09-07T13:21:03.271+0000] {logging_mixin.py:188} INFO - Error loading data: relation "dim_author" does not exist
LINE 2:             INSERT INTO dim_author (author_id, author_name)
                                ^
[2024-09-07T13:21:03.282+0000] {logging_mixin.py:188} INFO - Error loading data: relation "dim_author" does not exist
LINE 2:             INSERT INTO dim_author (author_id, author_name)
                                ^
[2024-09-07T13:21:03.293+0000] {logging_mixin.py:188} INFO - Error loading data: relation "dim_author" does not exist
LINE 2:             INSERT INTO dim_author (author_id, author_name)
                                ^
[2024-09-07T13:21:03.302+0000] {logging_mixin.py:188} INFO - Error loading data: relation "dim_author" does not exist
LINE 2:             INSERT INTO dim_author (author_id, author_name)
                                ^
[2024-09-07T13:21:03.313+0000] {logging_mixin.py:188} INFO - Error loading data: relation "dim_author" does not exist
LINE 2:             INSERT INTO dim_author (author_id, author_name)
                                ^
[2024-09-07T13:21:03.322+0000] {logging_mixin.py:188} INFO - Error loading data: relation "dim_author" does not exist
LINE 2:             INSERT INTO dim_author (author_id, author_name)
                                ^
[2024-09-07T13:21:03.333+0000] {logging_mixin.py:188} INFO - Error loading data: relation "dim_author" does not exist
LINE 2:             INSERT INTO dim_author (author_id, author_name)
                                ^
[2024-09-07T13:21:03.344+0000] {logging_mixin.py:188} INFO - Error loading data: relation "dim_author" does not exist
LINE 2:             INSERT INTO dim_author (author_id, author_name)
                                ^
[2024-09-07T13:21:03.354+0000] {logging_mixin.py:188} INFO - Error loading data: relation "dim_author" does not exist
LINE 2:             INSERT INTO dim_author (author_id, author_name)
                                ^
[2024-09-07T13:21:03.365+0000] {logging_mixin.py:188} INFO - Error loading data: relation "dim_author" does not exist
LINE 2:             INSERT INTO dim_author (author_id, author_name)
                                ^
[2024-09-07T13:21:03.376+0000] {logging_mixin.py:188} INFO - Error loading data: relation "dim_author" does not exist
LINE 2:             INSERT INTO dim_author (author_id, author_name)
                                ^
[2024-09-07T13:21:03.384+0000] {logging_mixin.py:188} INFO - Error loading data: relation "dim_author" does not exist
LINE 2:             INSERT INTO dim_author (author_id, author_name)
                                ^
[2024-09-07T13:21:03.394+0000] {logging_mixin.py:188} INFO - Error loading data: relation "dim_author" does not exist
LINE 2:             INSERT INTO dim_author (author_id, author_name)
                                ^
[2024-09-07T13:21:03.403+0000] {logging_mixin.py:188} INFO - Error loading data: relation "dim_author" does not exist
LINE 2:             INSERT INTO dim_author (author_id, author_name)
                                ^
[2024-09-07T13:21:03.415+0000] {logging_mixin.py:188} INFO - Error loading data: relation "dim_author" does not exist
LINE 2:             INSERT INTO dim_author (author_id, author_name)
                                ^
[2024-09-07T13:21:03.425+0000] {logging_mixin.py:188} INFO - Error loading data: relation "dim_author" does not exist
LINE 2:             INSERT INTO dim_author (author_id, author_name)
                                ^
[2024-09-07T13:21:03.434+0000] {logging_mixin.py:188} INFO - Error loading data: relation "dim_author" does not exist
LINE 2:             INSERT INTO dim_author (author_id, author_name)
                                ^
[2024-09-07T13:21:03.445+0000] {logging_mixin.py:188} INFO - Error loading data: relation "dim_author" does not exist
LINE 2:             INSERT INTO dim_author (author_id, author_name)
                                ^
[2024-09-07T13:21:03.454+0000] {logging_mixin.py:188} INFO - Error loading data: relation "dim_author" does not exist
LINE 2:             INSERT INTO dim_author (author_id, author_name)
                                ^
[2024-09-07T13:21:03.465+0000] {logging_mixin.py:188} INFO - Error loading data: relation "dim_author" does not exist
LINE 2:             INSERT INTO dim_author (author_id, author_name)
                                ^
[2024-09-07T13:21:03.475+0000] {logging_mixin.py:188} INFO - Error loading data: relation "dim_author" does not exist
LINE 2:             INSERT INTO dim_author (author_id, author_name)
                                ^
[2024-09-07T13:21:03.485+0000] {logging_mixin.py:188} INFO - Error loading data: relation "dim_author" does not exist
LINE 2:             INSERT INTO dim_author (author_id, author_name)
                                ^
[2024-09-07T13:21:03.496+0000] {logging_mixin.py:188} INFO - Error loading data: relation "dim_author" does not exist
LINE 2:             INSERT INTO dim_author (author_id, author_name)
                                ^
[2024-09-07T13:21:03.507+0000] {logging_mixin.py:188} INFO - Error loading data: relation "dim_author" does not exist
LINE 2:             INSERT INTO dim_author (author_id, author_name)
                                ^
[2024-09-07T13:21:03.517+0000] {logging_mixin.py:188} INFO - Error loading data: relation "dim_author" does not exist
LINE 2:             INSERT INTO dim_author (author_id, author_name)
                                ^
[2024-09-07T13:21:03.528+0000] {logging_mixin.py:188} INFO - Error loading data: relation "dim_author" does not exist
LINE 2:             INSERT INTO dim_author (author_id, author_name)
                                ^
[2024-09-07T13:21:03.537+0000] {logging_mixin.py:188} INFO - Error loading data: relation "dim_author" does not exist
LINE 2:             INSERT INTO dim_author (author_id, author_name)
                                ^
[2024-09-07T13:21:03.549+0000] {logging_mixin.py:188} INFO - Error loading data: relation "dim_author" does not exist
LINE 2:             INSERT INTO dim_author (author_id, author_name)
                                ^
[2024-09-07T13:21:03.560+0000] {logging_mixin.py:188} INFO - Error loading data: relation "dim_author" does not exist
LINE 2:             INSERT INTO dim_author (author_id, author_name)
                                ^
[2024-09-07T13:21:03.568+0000] {logging_mixin.py:188} INFO - Error loading data: relation "dim_author" does not exist
LINE 2:             INSERT INTO dim_author (author_id, author_name)
                                ^
[2024-09-07T13:21:03.579+0000] {logging_mixin.py:188} INFO - Error loading data: relation "dim_author" does not exist
LINE 2:             INSERT INTO dim_author (author_id, author_name)
                                ^
[2024-09-07T13:21:03.588+0000] {logging_mixin.py:188} INFO - Error loading data: relation "dim_author" does not exist
LINE 2:             INSERT INTO dim_author (author_id, author_name)
                                ^
[2024-09-07T13:21:03.599+0000] {logging_mixin.py:188} INFO - Error loading data: relation "dim_author" does not exist
LINE 2:             INSERT INTO dim_author (author_id, author_name)
                                ^
[2024-09-07T13:21:03.609+0000] {logging_mixin.py:188} INFO - Error loading data: relation "dim_author" does not exist
LINE 2:             INSERT INTO dim_author (author_id, author_name)
                                ^
[2024-09-07T13:21:03.618+0000] {logging_mixin.py:188} INFO - Error loading data: relation "dim_author" does not exist
LINE 2:             INSERT INTO dim_author (author_id, author_name)
                                ^
[2024-09-07T13:21:03.628+0000] {logging_mixin.py:188} INFO - Error loading data: relation "dim_author" does not exist
LINE 2:             INSERT INTO dim_author (author_id, author_name)
                                ^
[2024-09-07T13:21:03.637+0000] {logging_mixin.py:188} INFO - Error loading data: relation "dim_author" does not exist
LINE 2:             INSERT INTO dim_author (author_id, author_name)
                                ^
[2024-09-07T13:21:03.648+0000] {logging_mixin.py:188} INFO - Error loading data: relation "dim_author" does not exist
LINE 2:             INSERT INTO dim_author (author_id, author_name)
                                ^
[2024-09-07T13:21:03.658+0000] {logging_mixin.py:188} INFO - Error loading data: relation "dim_author" does not exist
LINE 2:             INSERT INTO dim_author (author_id, author_name)
                                ^
[2024-09-07T13:21:03.667+0000] {logging_mixin.py:188} INFO - Error loading data: relation "dim_author" does not exist
LINE 2:             INSERT INTO dim_author (author_id, author_name)
                                ^
[2024-09-07T13:21:03.677+0000] {logging_mixin.py:188} INFO - Error loading data: relation "dim_author" does not exist
LINE 2:             INSERT INTO dim_author (author_id, author_name)
                                ^
[2024-09-07T13:21:03.686+0000] {logging_mixin.py:188} INFO - Error loading data: relation "dim_author" does not exist
LINE 2:             INSERT INTO dim_author (author_id, author_name)
                                ^
[2024-09-07T13:21:03.697+0000] {logging_mixin.py:188} INFO - Error loading data: relation "dim_author" does not exist
LINE 2:             INSERT INTO dim_author (author_id, author_name)
                                ^
[2024-09-07T13:21:03.706+0000] {logging_mixin.py:188} INFO - Error loading data: relation "dim_author" does not exist
LINE 2:             INSERT INTO dim_author (author_id, author_name)
                                ^
[2024-09-07T13:21:03.716+0000] {logging_mixin.py:188} INFO - Error loading data: relation "dim_author" does not exist
LINE 2:             INSERT INTO dim_author (author_id, author_name)
                                ^
[2024-09-07T13:21:03.727+0000] {logging_mixin.py:188} INFO - Error loading data: relation "dim_author" does not exist
LINE 2:             INSERT INTO dim_author (author_id, author_name)
                                ^
[2024-09-07T13:21:03.737+0000] {logging_mixin.py:188} INFO - Error loading data: relation "dim_author" does not exist
LINE 2:             INSERT INTO dim_author (author_id, author_name)
                                ^
[2024-09-07T13:21:03.747+0000] {logging_mixin.py:188} INFO - Error loading data: relation "dim_author" does not exist
LINE 2:             INSERT INTO dim_author (author_id, author_name)
                                ^
[2024-09-07T13:21:03.758+0000] {logging_mixin.py:188} INFO - Error loading data: relation "dim_author" does not exist
LINE 2:             INSERT INTO dim_author (author_id, author_name)
                                ^
[2024-09-07T13:21:03.768+0000] {logging_mixin.py:188} INFO - Error loading data: relation "dim_author" does not exist
LINE 2:             INSERT INTO dim_author (author_id, author_name)
                                ^
[2024-09-07T13:21:03.779+0000] {logging_mixin.py:188} INFO - Error loading data: relation "dim_author" does not exist
LINE 2:             INSERT INTO dim_author (author_id, author_name)
                                ^
[2024-09-07T13:21:03.788+0000] {logging_mixin.py:188} INFO - Error loading data: relation "dim_author" does not exist
LINE 2:             INSERT INTO dim_author (author_id, author_name)
                                ^
[2024-09-07T13:21:03.799+0000] {logging_mixin.py:188} INFO - Error loading data: relation "dim_author" does not exist
LINE 2:             INSERT INTO dim_author (author_id, author_name)
                                ^
[2024-09-07T13:21:03.810+0000] {logging_mixin.py:188} INFO - Error loading data: relation "dim_author" does not exist
LINE 2:             INSERT INTO dim_author (author_id, author_name)
                                ^
[2024-09-07T13:21:03.819+0000] {logging_mixin.py:188} INFO - Error loading data: relation "dim_author" does not exist
LINE 2:             INSERT INTO dim_author (author_id, author_name)
                                ^
[2024-09-07T13:21:03.829+0000] {logging_mixin.py:188} INFO - Error loading data: relation "dim_author" does not exist
LINE 2:             INSERT INTO dim_author (author_id, author_name)
                                ^
[2024-09-07T13:21:03.838+0000] {logging_mixin.py:188} INFO - Error loading data: relation "dim_author" does not exist
LINE 2:             INSERT INTO dim_author (author_id, author_name)
                                ^
[2024-09-07T13:21:03.849+0000] {logging_mixin.py:188} INFO - Error loading data: relation "dim_author" does not exist
LINE 2:             INSERT INTO dim_author (author_id, author_name)
                                ^
[2024-09-07T13:21:03.860+0000] {logging_mixin.py:188} INFO - Error loading data: relation "dim_author" does not exist
LINE 2:             INSERT INTO dim_author (author_id, author_name)
                                ^
[2024-09-07T13:21:03.869+0000] {logging_mixin.py:188} INFO - Error loading data: relation "dim_author" does not exist
LINE 2:             INSERT INTO dim_author (author_id, author_name)
                                ^
[2024-09-07T13:21:03.879+0000] {logging_mixin.py:188} INFO - Error loading data: relation "dim_author" does not exist
LINE 2:             INSERT INTO dim_author (author_id, author_name)
                                ^
[2024-09-07T13:21:03.888+0000] {logging_mixin.py:188} INFO - Error loading data: relation "dim_author" does not exist
LINE 2:             INSERT INTO dim_author (author_id, author_name)
                                ^
[2024-09-07T13:21:03.899+0000] {logging_mixin.py:188} INFO - Error loading data: relation "dim_author" does not exist
LINE 2:             INSERT INTO dim_author (author_id, author_name)
                                ^
[2024-09-07T13:21:03.911+0000] {logging_mixin.py:188} INFO - Error loading data: relation "dim_author" does not exist
LINE 2:             INSERT INTO dim_author (author_id, author_name)
                                ^
[2024-09-07T13:21:03.920+0000] {logging_mixin.py:188} INFO - Error loading data: relation "dim_author" does not exist
LINE 2:             INSERT INTO dim_author (author_id, author_name)
                                ^
[2024-09-07T13:21:03.931+0000] {logging_mixin.py:188} INFO - Error loading data: relation "dim_author" does not exist
LINE 2:             INSERT INTO dim_author (author_id, author_name)
                                ^
[2024-09-07T13:21:03.940+0000] {logging_mixin.py:188} INFO - Error loading data: relation "dim_author" does not exist
LINE 2:             INSERT INTO dim_author (author_id, author_name)
                                ^
[2024-09-07T13:21:03.951+0000] {logging_mixin.py:188} INFO - Error loading data: relation "dim_author" does not exist
LINE 2:             INSERT INTO dim_author (author_id, author_name)
                                ^
[2024-09-07T13:21:03.961+0000] {logging_mixin.py:188} INFO - Error loading data: relation "dim_author" does not exist
LINE 2:             INSERT INTO dim_author (author_id, author_name)
                                ^
[2024-09-07T13:21:03.970+0000] {logging_mixin.py:188} INFO - Error loading data: relation "dim_author" does not exist
LINE 2:             INSERT INTO dim_author (author_id, author_name)
                                ^
[2024-09-07T13:21:03.981+0000] {logging_mixin.py:188} INFO - Error loading data: relation "dim_author" does not exist
LINE 2:             INSERT INTO dim_author (author_id, author_name)
                                ^
[2024-09-07T13:21:03.991+0000] {logging_mixin.py:188} INFO - Error loading data: relation "dim_author" does not exist
LINE 2:             INSERT INTO dim_author (author_id, author_name)
                                ^
[2024-09-07T13:21:04.001+0000] {logging_mixin.py:188} INFO - Error loading data: relation "dim_author" does not exist
LINE 2:             INSERT INTO dim_author (author_id, author_name)
                                ^
[2024-09-07T13:21:04.012+0000] {logging_mixin.py:188} INFO - Error loading data: relation "dim_author" does not exist
LINE 2:             INSERT INTO dim_author (author_id, author_name)
                                ^
[2024-09-07T13:21:04.021+0000] {logging_mixin.py:188} INFO - Error loading data: relation "dim_author" does not exist
LINE 2:             INSERT INTO dim_author (author_id, author_name)
                                ^
[2024-09-07T13:21:04.032+0000] {logging_mixin.py:188} INFO - Error loading data: relation "dim_author" does not exist
LINE 2:             INSERT INTO dim_author (author_id, author_name)
                                ^
[2024-09-07T13:21:04.042+0000] {logging_mixin.py:188} INFO - Error loading data: relation "dim_author" does not exist
LINE 2:             INSERT INTO dim_author (author_id, author_name)
                                ^
[2024-09-07T13:21:04.054+0000] {logging_mixin.py:188} INFO - Error loading data: relation "dim_author" does not exist
LINE 2:             INSERT INTO dim_author (author_id, author_name)
                                ^
[2024-09-07T13:21:04.065+0000] {logging_mixin.py:188} INFO - Error loading data: relation "dim_author" does not exist
LINE 2:             INSERT INTO dim_author (author_id, author_name)
                                ^
[2024-09-07T13:21:04.075+0000] {logging_mixin.py:188} INFO - Error loading data: relation "dim_author" does not exist
LINE 2:             INSERT INTO dim_author (author_id, author_name)
                                ^
[2024-09-07T13:21:04.085+0000] {logging_mixin.py:188} INFO - Error loading data: relation "dim_author" does not exist
LINE 2:             INSERT INTO dim_author (author_id, author_name)
                                ^
[2024-09-07T13:21:04.097+0000] {logging_mixin.py:188} INFO - Error loading data: relation "dim_author" does not exist
LINE 2:             INSERT INTO dim_author (author_id, author_name)
                                ^
[2024-09-07T13:21:04.113+0000] {logging_mixin.py:188} INFO - Error loading data: relation "dim_author" does not exist
LINE 2:             INSERT INTO dim_author (author_id, author_name)
                                ^
[2024-09-07T13:21:04.125+0000] {logging_mixin.py:188} INFO - Error loading data: relation "dim_author" does not exist
LINE 2:             INSERT INTO dim_author (author_id, author_name)
                                ^
[2024-09-07T13:21:04.139+0000] {logging_mixin.py:188} INFO - Error loading data: relation "dim_author" does not exist
LINE 2:             INSERT INTO dim_author (author_id, author_name)
                                ^
[2024-09-07T13:21:04.157+0000] {logging_mixin.py:188} INFO - Error loading data: relation "dim_author" does not exist
LINE 2:             INSERT INTO dim_author (author_id, author_name)
                                ^
[2024-09-07T13:21:04.169+0000] {logging_mixin.py:188} INFO - Error loading data: relation "dim_author" does not exist
LINE 2:             INSERT INTO dim_author (author_id, author_name)
                                ^
[2024-09-07T13:21:04.180+0000] {logging_mixin.py:188} INFO - Error loading data: relation "dim_author" does not exist
LINE 2:             INSERT INTO dim_author (author_id, author_name)
                                ^
[2024-09-07T13:21:04.190+0000] {logging_mixin.py:188} INFO - Error loading data: relation "dim_author" does not exist
LINE 2:             INSERT INTO dim_author (author_id, author_name)
                                ^
[2024-09-07T13:21:04.202+0000] {logging_mixin.py:188} INFO - Error loading data: relation "dim_author" does not exist
LINE 2:             INSERT INTO dim_author (author_id, author_name)
                                ^
[2024-09-07T13:21:04.215+0000] {logging_mixin.py:188} INFO - Error loading data: relation "dim_author" does not exist
LINE 2:             INSERT INTO dim_author (author_id, author_name)
                                ^
[2024-09-07T13:21:04.226+0000] {logging_mixin.py:188} INFO - Error loading data: relation "dim_author" does not exist
LINE 2:             INSERT INTO dim_author (author_id, author_name)
                                ^
[2024-09-07T13:21:04.235+0000] {logging_mixin.py:188} INFO - Error loading data: relation "dim_author" does not exist
LINE 2:             INSERT INTO dim_author (author_id, author_name)
                                ^
[2024-09-07T13:21:04.245+0000] {logging_mixin.py:188} INFO - Error loading data: relation "dim_author" does not exist
LINE 2:             INSERT INTO dim_author (author_id, author_name)
                                ^
[2024-09-07T13:21:04.255+0000] {logging_mixin.py:188} INFO - Error loading data: relation "dim_author" does not exist
LINE 2:             INSERT INTO dim_author (author_id, author_name)
                                ^
[2024-09-07T13:21:04.266+0000] {logging_mixin.py:188} INFO - Error loading data: relation "dim_author" does not exist
LINE 2:             INSERT INTO dim_author (author_id, author_name)
                                ^
[2024-09-07T13:21:04.277+0000] {logging_mixin.py:188} INFO - Error loading data: relation "dim_author" does not exist
LINE 2:             INSERT INTO dim_author (author_id, author_name)
                                ^
[2024-09-07T13:21:04.286+0000] {logging_mixin.py:188} INFO - Error loading data: relation "dim_author" does not exist
LINE 2:             INSERT INTO dim_author (author_id, author_name)
                                ^
[2024-09-07T13:21:04.297+0000] {logging_mixin.py:188} INFO - Error loading data: relation "dim_author" does not exist
LINE 2:             INSERT INTO dim_author (author_id, author_name)
                                ^
[2024-09-07T13:21:04.306+0000] {logging_mixin.py:188} INFO - Error loading data: relation "dim_author" does not exist
LINE 2:             INSERT INTO dim_author (author_id, author_name)
                                ^
[2024-09-07T13:21:04.318+0000] {logging_mixin.py:188} INFO - Error loading data: relation "dim_author" does not exist
LINE 2:             INSERT INTO dim_author (author_id, author_name)
                                ^
[2024-09-07T13:21:04.328+0000] {logging_mixin.py:188} INFO - Error loading data: relation "dim_author" does not exist
LINE 2:             INSERT INTO dim_author (author_id, author_name)
                                ^
[2024-09-07T13:21:04.329+0000] {python.py:237} INFO - Done. Returned value was: None
[2024-09-07T13:21:04.329+0000] {taskinstance.py:441} INFO - ::group::Post task execution logs
[2024-09-07T13:21:04.345+0000] {taskinstance.py:1205} INFO - Marking task as SUCCESS. dag_id=reddit_etl, task_id=load_data_to_warehouse, execution_date=20240907T132057, start_date=20240907T132100, end_date=20240907T132104
[2024-09-07T13:21:04.390+0000] {local_task_job_runner.py:240} INFO - Task exited with return code 0
[2024-09-07T13:21:04.415+0000] {taskinstance.py:3482} INFO - 0 downstream tasks scheduled from follow-on schedule check
[2024-09-07T13:21:04.416+0000] {local_task_job_runner.py:222} INFO - ::endgroup::
