[2024-09-07T12:48:51.677+0000] {local_task_job_runner.py:120} INFO - ::group::Pre task execution logs
[2024-09-07T12:48:51.761+0000] {taskinstance.py:2073} INFO - Dependencies all met for dep_context=non-requeueable deps ti=<TaskInstance: reddit_etl.load_data_to_warehouse scheduled__2023-11-12T00:00:00+00:00 [queued]>
[2024-09-07T12:48:51.797+0000] {taskinstance.py:2073} INFO - Dependencies all met for dep_context=requeueable deps ti=<TaskInstance: reddit_etl.load_data_to_warehouse scheduled__2023-11-12T00:00:00+00:00 [queued]>
[2024-09-07T12:48:51.798+0000] {taskinstance.py:2303} INFO - Starting attempt 1 of 2
[2024-09-07T12:48:52.036+0000] {taskinstance.py:2327} INFO - Executing <Task(PythonOperator): load_data_to_warehouse> on 2023-11-12 00:00:00+00:00
[2024-09-07T12:48:52.052+0000] {logging_mixin.py:188} WARNING - /home/airflow/.local/lib/python3.12/site-packages/airflow/task/task_runner/standard_task_runner.py:61 DeprecationWarning: This process (pid=791) is multi-threaded, use of fork() may lead to deadlocks in the child.
[2024-09-07T12:48:52.052+0000] {standard_task_runner.py:90} INFO - Running: ['airflow', 'tasks', 'run', 'reddit_etl', 'load_data_to_warehouse', 'scheduled__2023-11-12T00:00:00+00:00', '--job-id', '165', '--raw', '--subdir', 'DAGS_FOLDER/reddit.py', '--cfg-path', '/tmp/tmp4nz3ahdr']
[2024-09-07T12:48:52.055+0000] {standard_task_runner.py:91} INFO - Job 165: Subtask load_data_to_warehouse
[2024-09-07T12:48:52.054+0000] {standard_task_runner.py:63} INFO - Started process 799 to run task
[2024-09-07T12:48:52.238+0000] {task_command.py:426} INFO - Running <TaskInstance: reddit_etl.load_data_to_warehouse scheduled__2023-11-12T00:00:00+00:00 [running]> on host 42d604ea5ce6
[2024-09-07T12:48:52.486+0000] {taskinstance.py:2644} INFO - Exporting env vars: AIRFLOW_CTX_DAG_OWNER='reddithackathon' AIRFLOW_CTX_DAG_ID='reddit_etl' AIRFLOW_CTX_TASK_ID='load_data_to_warehouse' AIRFLOW_CTX_EXECUTION_DATE='2023-11-12T00:00:00+00:00' AIRFLOW_CTX_TRY_NUMBER='1' AIRFLOW_CTX_DAG_RUN_ID='scheduled__2023-11-12T00:00:00+00:00'
[2024-09-07T12:48:52.488+0000] {taskinstance.py:430} INFO - ::endgroup::
[2024-09-07T12:48:52.577+0000] {logging_mixin.py:188} INFO - Error loading data: connection to server on socket "/var/run/postgresql/.s.PGSQL.5432" failed: No such file or directory
	Is the server running locally and accepting connections on that socket?
[2024-09-07T12:48:52.578+0000] {taskinstance.py:441} INFO - ::group::Post task execution logs
[2024-09-07T12:48:52.579+0000] {taskinstance.py:2890} ERROR - Task failed with exception
Traceback (most recent call last):
  File "/opt/airflow/dags/../scripts/load_data.py", line 28, in load_data
    connection = psycopg2.connect(
                 ^^^^^^^^^^^^^^^^^
  File "/home/airflow/.local/lib/python3.12/site-packages/psycopg2/__init__.py", line 122, in connect
    conn = _connect(dsn, connection_factory=connection_factory, **kwasync)
           ^^^^^^^^^^^^^^^^^^^^^^^^^^^^^^^^^^^^^^^^^^^^^^^^^^^^^^^^^^^^^^^
psycopg2.OperationalError: connection to server on socket "/var/run/postgresql/.s.PGSQL.5432" failed: No such file or directory
	Is the server running locally and accepting connections on that socket?


During handling of the above exception, another exception occurred:

Traceback (most recent call last):
  File "/opt/airflow/dags/../scripts/load_data.py", line 74, in load_data
    if connection:
       ^^^^^^^^^^
UnboundLocalError: cannot access local variable 'connection' where it is not associated with a value

During handling of the above exception, another exception occurred:

Traceback (most recent call last):
  File "/home/airflow/.local/lib/python3.12/site-packages/airflow/models/taskinstance.py", line 465, in _execute_task
    result = _execute_callable(context=context, **execute_callable_kwargs)
             ^^^^^^^^^^^^^^^^^^^^^^^^^^^^^^^^^^^^^^^^^^^^^^^^^^^^^^^^^^^^^
  File "/home/airflow/.local/lib/python3.12/site-packages/airflow/models/taskinstance.py", line 432, in _execute_callable
    return execute_callable(context=context, **execute_callable_kwargs)
           ^^^^^^^^^^^^^^^^^^^^^^^^^^^^^^^^^^^^^^^^^^^^^^^^^^^^^^^^^^^^
  File "/home/airflow/.local/lib/python3.12/site-packages/airflow/models/baseoperator.py", line 400, in wrapper
    return func(self, *args, **kwargs)
           ^^^^^^^^^^^^^^^^^^^^^^^^^^^
  File "/home/airflow/.local/lib/python3.12/site-packages/airflow/operators/python.py", line 235, in execute
    return_value = self.execute_callable()
                   ^^^^^^^^^^^^^^^^^^^^^^^
  File "/home/airflow/.local/lib/python3.12/site-packages/airflow/operators/python.py", line 252, in execute_callable
    return self.python_callable(*self.op_args, **self.op_kwargs)
           ^^^^^^^^^^^^^^^^^^^^^^^^^^^^^^^^^^^^^^^^^^^^^^^^^^^^^
  File "/opt/airflow/dags/reddit.py", line 53, in load_transformed_data
    load_data.load_data(post)  # Load each post using load_data script
    ^^^^^^^^^^^^^^^^^^^^^^^^^
  File "/opt/airflow/dags/../scripts/load_data.py", line 78, in load_data
    if cursor:
       ^^^^^^
UnboundLocalError: cannot access local variable 'cursor' where it is not associated with a value
[2024-09-07T12:48:52.611+0000] {taskinstance.py:1205} INFO - Marking task as UP_FOR_RETRY. dag_id=reddit_etl, task_id=load_data_to_warehouse, execution_date=20231112T000000, start_date=20240907T124851, end_date=20240907T124852
[2024-09-07T12:48:52.654+0000] {standard_task_runner.py:110} ERROR - Failed to execute job 165 for task load_data_to_warehouse (cannot access local variable 'cursor' where it is not associated with a value; 799)
[2024-09-07T12:48:52.689+0000] {local_task_job_runner.py:240} INFO - Task exited with return code 1
[2024-09-07T12:48:52.739+0000] {taskinstance.py:3482} INFO - 0 downstream tasks scheduled from follow-on schedule check
[2024-09-07T12:48:52.743+0000] {local_task_job_runner.py:222} INFO - ::endgroup::
[2024-09-07T13:50:11.933+0000] {local_task_job_runner.py:120} INFO - ::group::Pre task execution logs
[2024-09-07T13:50:12.068+0000] {taskinstance.py:2073} INFO - Dependencies all met for dep_context=non-requeueable deps ti=<TaskInstance: reddit_etl.load_data_to_warehouse scheduled__2023-11-12T00:00:00+00:00 [queued]>
[2024-09-07T13:50:12.132+0000] {taskinstance.py:2073} INFO - Dependencies all met for dep_context=requeueable deps ti=<TaskInstance: reddit_etl.load_data_to_warehouse scheduled__2023-11-12T00:00:00+00:00 [queued]>
[2024-09-07T13:50:12.133+0000] {taskinstance.py:2303} INFO - Starting attempt 1 of 2
[2024-09-07T13:50:12.195+0000] {taskinstance.py:2327} INFO - Executing <Task(PythonOperator): load_data_to_warehouse> on 2023-11-12 00:00:00+00:00
[2024-09-07T13:50:12.232+0000] {standard_task_runner.py:90} INFO - Running: ['airflow', 'tasks', 'run', 'reddit_etl', 'load_data_to_warehouse', 'scheduled__2023-11-12T00:00:00+00:00', '--job-id', '129', '--raw', '--subdir', 'DAGS_FOLDER/reddit.py', '--cfg-path', '/tmp/tmp88nvi75k']
[2024-09-07T13:50:12.247+0000] {standard_task_runner.py:91} INFO - Job 129: Subtask load_data_to_warehouse
[2024-09-07T13:50:12.240+0000] {logging_mixin.py:188} WARNING - /home/airflow/.local/lib/python3.12/site-packages/airflow/task/task_runner/standard_task_runner.py:61 DeprecationWarning: This process (pid=503) is multi-threaded, use of fork() may lead to deadlocks in the child.
[2024-09-07T13:50:12.252+0000] {standard_task_runner.py:63} INFO - Started process 511 to run task
[2024-09-07T13:50:12.526+0000] {task_command.py:426} INFO - Running <TaskInstance: reddit_etl.load_data_to_warehouse scheduled__2023-11-12T00:00:00+00:00 [running]> on host 3c1025a7eaca
[2024-09-07T13:50:13.117+0000] {taskinstance.py:2644} INFO - Exporting env vars: AIRFLOW_CTX_DAG_OWNER='reddithackathon' AIRFLOW_CTX_DAG_ID='reddit_etl' AIRFLOW_CTX_TASK_ID='load_data_to_warehouse' AIRFLOW_CTX_EXECUTION_DATE='2023-11-12T00:00:00+00:00' AIRFLOW_CTX_TRY_NUMBER='1' AIRFLOW_CTX_DAG_RUN_ID='scheduled__2023-11-12T00:00:00+00:00'
[2024-09-07T13:50:13.118+0000] {taskinstance.py:430} INFO - ::endgroup::
[2024-09-07T13:50:13.395+0000] {logging_mixin.py:188} INFO - Error loading data: relation "dim_author" does not exist
LINE 2:             INSERT INTO dim_author (author_id, author_name)
                                ^
[2024-09-07T13:50:13.460+0000] {logging_mixin.py:188} INFO - Error loading data: relation "dim_author" does not exist
LINE 2:             INSERT INTO dim_author (author_id, author_name)
                                ^
[2024-09-07T13:50:13.523+0000] {logging_mixin.py:188} INFO - Error loading data: relation "dim_author" does not exist
LINE 2:             INSERT INTO dim_author (author_id, author_name)
                                ^
[2024-09-07T13:50:13.566+0000] {logging_mixin.py:188} INFO - Error loading data: relation "dim_author" does not exist
LINE 2:             INSERT INTO dim_author (author_id, author_name)
                                ^
[2024-09-07T13:50:13.617+0000] {logging_mixin.py:188} INFO - Error loading data: relation "dim_author" does not exist
LINE 2:             INSERT INTO dim_author (author_id, author_name)
                                ^
[2024-09-07T13:50:13.672+0000] {logging_mixin.py:188} INFO - Error loading data: relation "dim_author" does not exist
LINE 2:             INSERT INTO dim_author (author_id, author_name)
                                ^
[2024-09-07T13:50:13.728+0000] {logging_mixin.py:188} INFO - Error loading data: relation "dim_author" does not exist
LINE 2:             INSERT INTO dim_author (author_id, author_name)
                                ^
[2024-09-07T13:50:13.776+0000] {logging_mixin.py:188} INFO - Error loading data: relation "dim_author" does not exist
LINE 2:             INSERT INTO dim_author (author_id, author_name)
                                ^
[2024-09-07T13:50:13.856+0000] {logging_mixin.py:188} INFO - Error loading data: relation "dim_author" does not exist
LINE 2:             INSERT INTO dim_author (author_id, author_name)
                                ^
[2024-09-07T13:50:13.918+0000] {logging_mixin.py:188} INFO - Error loading data: relation "dim_author" does not exist
LINE 2:             INSERT INTO dim_author (author_id, author_name)
                                ^
[2024-09-07T13:50:13.962+0000] {logging_mixin.py:188} INFO - Error loading data: relation "dim_author" does not exist
LINE 2:             INSERT INTO dim_author (author_id, author_name)
                                ^
[2024-09-07T13:50:14.002+0000] {logging_mixin.py:188} INFO - Error loading data: relation "dim_author" does not exist
LINE 2:             INSERT INTO dim_author (author_id, author_name)
                                ^
[2024-09-07T13:50:14.034+0000] {logging_mixin.py:188} INFO - Error loading data: relation "dim_author" does not exist
LINE 2:             INSERT INTO dim_author (author_id, author_name)
                                ^
[2024-09-07T13:50:14.107+0000] {logging_mixin.py:188} INFO - Error loading data: relation "dim_author" does not exist
LINE 2:             INSERT INTO dim_author (author_id, author_name)
                                ^
[2024-09-07T13:50:14.234+0000] {logging_mixin.py:188} INFO - Error loading data: relation "dim_author" does not exist
LINE 2:             INSERT INTO dim_author (author_id, author_name)
                                ^
[2024-09-07T13:50:14.386+0000] {logging_mixin.py:188} INFO - Error loading data: relation "dim_author" does not exist
LINE 2:             INSERT INTO dim_author (author_id, author_name)
                                ^
[2024-09-07T13:50:14.466+0000] {logging_mixin.py:188} INFO - Error loading data: relation "dim_author" does not exist
LINE 2:             INSERT INTO dim_author (author_id, author_name)
                                ^
[2024-09-07T13:50:14.526+0000] {logging_mixin.py:188} INFO - Error loading data: relation "dim_author" does not exist
LINE 2:             INSERT INTO dim_author (author_id, author_name)
                                ^
[2024-09-07T13:50:14.596+0000] {logging_mixin.py:188} INFO - Error loading data: relation "dim_author" does not exist
LINE 2:             INSERT INTO dim_author (author_id, author_name)
                                ^
[2024-09-07T13:50:14.639+0000] {logging_mixin.py:188} INFO - Error loading data: relation "dim_author" does not exist
LINE 2:             INSERT INTO dim_author (author_id, author_name)
                                ^
[2024-09-07T13:50:14.687+0000] {logging_mixin.py:188} INFO - Error loading data: relation "dim_author" does not exist
LINE 2:             INSERT INTO dim_author (author_id, author_name)
                                ^
[2024-09-07T13:50:14.726+0000] {logging_mixin.py:188} INFO - Error loading data: relation "dim_author" does not exist
LINE 2:             INSERT INTO dim_author (author_id, author_name)
                                ^
[2024-09-07T13:50:14.760+0000] {logging_mixin.py:188} INFO - Error loading data: relation "dim_author" does not exist
LINE 2:             INSERT INTO dim_author (author_id, author_name)
                                ^
[2024-09-07T13:50:14.810+0000] {logging_mixin.py:188} INFO - Error loading data: relation "dim_author" does not exist
LINE 2:             INSERT INTO dim_author (author_id, author_name)
                                ^
[2024-09-07T13:50:14.845+0000] {logging_mixin.py:188} INFO - Error loading data: relation "dim_author" does not exist
LINE 2:             INSERT INTO dim_author (author_id, author_name)
                                ^
[2024-09-07T13:50:14.884+0000] {logging_mixin.py:188} INFO - Error loading data: relation "dim_author" does not exist
LINE 2:             INSERT INTO dim_author (author_id, author_name)
                                ^
[2024-09-07T13:50:14.932+0000] {logging_mixin.py:188} INFO - Error loading data: relation "dim_author" does not exist
LINE 2:             INSERT INTO dim_author (author_id, author_name)
                                ^
[2024-09-07T13:50:14.970+0000] {logging_mixin.py:188} INFO - Error loading data: relation "dim_author" does not exist
LINE 2:             INSERT INTO dim_author (author_id, author_name)
                                ^
[2024-09-07T13:50:15.002+0000] {logging_mixin.py:188} INFO - Error loading data: relation "dim_author" does not exist
LINE 2:             INSERT INTO dim_author (author_id, author_name)
                                ^
[2024-09-07T13:50:15.033+0000] {logging_mixin.py:188} INFO - Error loading data: relation "dim_author" does not exist
LINE 2:             INSERT INTO dim_author (author_id, author_name)
                                ^
[2024-09-07T13:50:15.067+0000] {logging_mixin.py:188} INFO - Error loading data: relation "dim_author" does not exist
LINE 2:             INSERT INTO dim_author (author_id, author_name)
                                ^
[2024-09-07T13:50:15.113+0000] {logging_mixin.py:188} INFO - Error loading data: relation "dim_author" does not exist
LINE 2:             INSERT INTO dim_author (author_id, author_name)
                                ^
[2024-09-07T13:50:15.162+0000] {logging_mixin.py:188} INFO - Error loading data: relation "dim_author" does not exist
LINE 2:             INSERT INTO dim_author (author_id, author_name)
                                ^
[2024-09-07T13:50:15.207+0000] {logging_mixin.py:188} INFO - Error loading data: relation "dim_author" does not exist
LINE 2:             INSERT INTO dim_author (author_id, author_name)
                                ^
[2024-09-07T13:50:15.253+0000] {logging_mixin.py:188} INFO - Error loading data: relation "dim_author" does not exist
LINE 2:             INSERT INTO dim_author (author_id, author_name)
                                ^
[2024-09-07T13:50:15.282+0000] {logging_mixin.py:188} INFO - Error loading data: relation "dim_author" does not exist
LINE 2:             INSERT INTO dim_author (author_id, author_name)
                                ^
[2024-09-07T13:50:15.324+0000] {logging_mixin.py:188} INFO - Error loading data: relation "dim_author" does not exist
LINE 2:             INSERT INTO dim_author (author_id, author_name)
                                ^
[2024-09-07T13:50:15.359+0000] {logging_mixin.py:188} INFO - Error loading data: relation "dim_author" does not exist
LINE 2:             INSERT INTO dim_author (author_id, author_name)
                                ^
[2024-09-07T13:50:15.393+0000] {logging_mixin.py:188} INFO - Error loading data: relation "dim_author" does not exist
LINE 2:             INSERT INTO dim_author (author_id, author_name)
                                ^
[2024-09-07T13:50:15.442+0000] {logging_mixin.py:188} INFO - Error loading data: relation "dim_author" does not exist
LINE 2:             INSERT INTO dim_author (author_id, author_name)
                                ^
[2024-09-07T13:50:15.477+0000] {logging_mixin.py:188} INFO - Error loading data: relation "dim_author" does not exist
LINE 2:             INSERT INTO dim_author (author_id, author_name)
                                ^
[2024-09-07T13:50:15.515+0000] {logging_mixin.py:188} INFO - Error loading data: relation "dim_author" does not exist
LINE 2:             INSERT INTO dim_author (author_id, author_name)
                                ^
[2024-09-07T13:50:15.563+0000] {logging_mixin.py:188} INFO - Error loading data: relation "dim_author" does not exist
LINE 2:             INSERT INTO dim_author (author_id, author_name)
                                ^
[2024-09-07T13:50:15.611+0000] {logging_mixin.py:188} INFO - Error loading data: relation "dim_author" does not exist
LINE 2:             INSERT INTO dim_author (author_id, author_name)
                                ^
[2024-09-07T13:50:15.660+0000] {logging_mixin.py:188} INFO - Error loading data: relation "dim_author" does not exist
LINE 2:             INSERT INTO dim_author (author_id, author_name)
                                ^
[2024-09-07T13:50:15.720+0000] {logging_mixin.py:188} INFO - Error loading data: relation "dim_author" does not exist
LINE 2:             INSERT INTO dim_author (author_id, author_name)
                                ^
[2024-09-07T13:50:15.796+0000] {logging_mixin.py:188} INFO - Error loading data: relation "dim_author" does not exist
LINE 2:             INSERT INTO dim_author (author_id, author_name)
                                ^
[2024-09-07T13:50:15.858+0000] {logging_mixin.py:188} INFO - Error loading data: relation "dim_author" does not exist
LINE 2:             INSERT INTO dim_author (author_id, author_name)
                                ^
[2024-09-07T13:50:15.908+0000] {logging_mixin.py:188} INFO - Error loading data: relation "dim_author" does not exist
LINE 2:             INSERT INTO dim_author (author_id, author_name)
                                ^
[2024-09-07T13:50:15.967+0000] {logging_mixin.py:188} INFO - Error loading data: relation "dim_author" does not exist
LINE 2:             INSERT INTO dim_author (author_id, author_name)
                                ^
[2024-09-07T13:50:16.015+0000] {logging_mixin.py:188} INFO - Error loading data: relation "dim_author" does not exist
LINE 2:             INSERT INTO dim_author (author_id, author_name)
                                ^
[2024-09-07T13:50:16.068+0000] {logging_mixin.py:188} INFO - Error loading data: relation "dim_author" does not exist
LINE 2:             INSERT INTO dim_author (author_id, author_name)
                                ^
[2024-09-07T13:50:16.132+0000] {logging_mixin.py:188} INFO - Error loading data: relation "dim_author" does not exist
LINE 2:             INSERT INTO dim_author (author_id, author_name)
                                ^
[2024-09-07T13:50:16.168+0000] {logging_mixin.py:188} INFO - Error loading data: relation "dim_author" does not exist
LINE 2:             INSERT INTO dim_author (author_id, author_name)
                                ^
[2024-09-07T13:50:16.219+0000] {logging_mixin.py:188} INFO - Error loading data: relation "dim_author" does not exist
LINE 2:             INSERT INTO dim_author (author_id, author_name)
                                ^
[2024-09-07T13:50:16.264+0000] {logging_mixin.py:188} INFO - Error loading data: relation "dim_author" does not exist
LINE 2:             INSERT INTO dim_author (author_id, author_name)
                                ^
[2024-09-07T13:50:16.338+0000] {logging_mixin.py:188} INFO - Error loading data: relation "dim_author" does not exist
LINE 2:             INSERT INTO dim_author (author_id, author_name)
                                ^
[2024-09-07T13:50:16.398+0000] {logging_mixin.py:188} INFO - Error loading data: relation "dim_author" does not exist
LINE 2:             INSERT INTO dim_author (author_id, author_name)
                                ^
[2024-09-07T13:50:16.505+0000] {logging_mixin.py:188} INFO - Error loading data: relation "dim_author" does not exist
LINE 2:             INSERT INTO dim_author (author_id, author_name)
                                ^
[2024-09-07T13:50:16.587+0000] {logging_mixin.py:188} INFO - Error loading data: relation "dim_author" does not exist
LINE 2:             INSERT INTO dim_author (author_id, author_name)
                                ^
[2024-09-07T13:50:16.629+0000] {logging_mixin.py:188} INFO - Error loading data: relation "dim_author" does not exist
LINE 2:             INSERT INTO dim_author (author_id, author_name)
                                ^
[2024-09-07T13:50:16.722+0000] {logging_mixin.py:188} INFO - Error loading data: relation "dim_author" does not exist
LINE 2:             INSERT INTO dim_author (author_id, author_name)
                                ^
[2024-09-07T13:50:16.817+0000] {logging_mixin.py:188} INFO - Error loading data: relation "dim_author" does not exist
LINE 2:             INSERT INTO dim_author (author_id, author_name)
                                ^
[2024-09-07T13:50:16.870+0000] {logging_mixin.py:188} INFO - Error loading data: relation "dim_author" does not exist
LINE 2:             INSERT INTO dim_author (author_id, author_name)
                                ^
[2024-09-07T13:50:16.921+0000] {logging_mixin.py:188} INFO - Error loading data: relation "dim_author" does not exist
LINE 2:             INSERT INTO dim_author (author_id, author_name)
                                ^
[2024-09-07T13:50:16.956+0000] {logging_mixin.py:188} INFO - Error loading data: relation "dim_author" does not exist
LINE 2:             INSERT INTO dim_author (author_id, author_name)
                                ^
[2024-09-07T13:50:17.001+0000] {logging_mixin.py:188} INFO - Error loading data: relation "dim_author" does not exist
LINE 2:             INSERT INTO dim_author (author_id, author_name)
                                ^
[2024-09-07T13:50:17.038+0000] {logging_mixin.py:188} INFO - Error loading data: relation "dim_author" does not exist
LINE 2:             INSERT INTO dim_author (author_id, author_name)
                                ^
[2024-09-07T13:50:17.084+0000] {logging_mixin.py:188} INFO - Error loading data: relation "dim_author" does not exist
LINE 2:             INSERT INTO dim_author (author_id, author_name)
                                ^
[2024-09-07T13:50:17.132+0000] {logging_mixin.py:188} INFO - Error loading data: relation "dim_author" does not exist
LINE 2:             INSERT INTO dim_author (author_id, author_name)
                                ^
[2024-09-07T13:50:17.175+0000] {logging_mixin.py:188} INFO - Error loading data: relation "dim_author" does not exist
LINE 2:             INSERT INTO dim_author (author_id, author_name)
                                ^
[2024-09-07T13:50:17.228+0000] {logging_mixin.py:188} INFO - Error loading data: relation "dim_author" does not exist
LINE 2:             INSERT INTO dim_author (author_id, author_name)
                                ^
[2024-09-07T13:50:17.278+0000] {logging_mixin.py:188} INFO - Error loading data: relation "dim_author" does not exist
LINE 2:             INSERT INTO dim_author (author_id, author_name)
                                ^
[2024-09-07T13:50:17.345+0000] {logging_mixin.py:188} INFO - Error loading data: relation "dim_author" does not exist
LINE 2:             INSERT INTO dim_author (author_id, author_name)
                                ^
[2024-09-07T13:50:17.424+0000] {logging_mixin.py:188} INFO - Error loading data: relation "dim_author" does not exist
LINE 2:             INSERT INTO dim_author (author_id, author_name)
                                ^
[2024-09-07T13:50:17.512+0000] {logging_mixin.py:188} INFO - Error loading data: relation "dim_author" does not exist
LINE 2:             INSERT INTO dim_author (author_id, author_name)
                                ^
[2024-09-07T13:50:17.642+0000] {logging_mixin.py:188} INFO - Error loading data: relation "dim_author" does not exist
LINE 2:             INSERT INTO dim_author (author_id, author_name)
                                ^
[2024-09-07T13:50:17.686+0000] {logging_mixin.py:188} INFO - Error loading data: relation "dim_author" does not exist
LINE 2:             INSERT INTO dim_author (author_id, author_name)
                                ^
[2024-09-07T13:50:17.724+0000] {logging_mixin.py:188} INFO - Error loading data: relation "dim_author" does not exist
LINE 2:             INSERT INTO dim_author (author_id, author_name)
                                ^
[2024-09-07T13:50:17.795+0000] {logging_mixin.py:188} INFO - Error loading data: relation "dim_author" does not exist
LINE 2:             INSERT INTO dim_author (author_id, author_name)
                                ^
[2024-09-07T13:50:17.887+0000] {logging_mixin.py:188} INFO - Error loading data: relation "dim_author" does not exist
LINE 2:             INSERT INTO dim_author (author_id, author_name)
                                ^
[2024-09-07T13:50:17.967+0000] {logging_mixin.py:188} INFO - Error loading data: relation "dim_author" does not exist
LINE 2:             INSERT INTO dim_author (author_id, author_name)
                                ^
[2024-09-07T13:50:18.032+0000] {logging_mixin.py:188} INFO - Error loading data: relation "dim_author" does not exist
LINE 2:             INSERT INTO dim_author (author_id, author_name)
                                ^
[2024-09-07T13:50:18.089+0000] {logging_mixin.py:188} INFO - Error loading data: relation "dim_author" does not exist
LINE 2:             INSERT INTO dim_author (author_id, author_name)
                                ^
[2024-09-07T13:50:18.156+0000] {logging_mixin.py:188} INFO - Error loading data: relation "dim_author" does not exist
LINE 2:             INSERT INTO dim_author (author_id, author_name)
                                ^
[2024-09-07T13:50:18.193+0000] {logging_mixin.py:188} INFO - Error loading data: relation "dim_author" does not exist
LINE 2:             INSERT INTO dim_author (author_id, author_name)
                                ^
[2024-09-07T13:50:18.253+0000] {logging_mixin.py:188} INFO - Error loading data: relation "dim_author" does not exist
LINE 2:             INSERT INTO dim_author (author_id, author_name)
                                ^
[2024-09-07T13:50:18.308+0000] {logging_mixin.py:188} INFO - Error loading data: relation "dim_author" does not exist
LINE 2:             INSERT INTO dim_author (author_id, author_name)
                                ^
[2024-09-07T13:50:18.348+0000] {logging_mixin.py:188} INFO - Error loading data: relation "dim_author" does not exist
LINE 2:             INSERT INTO dim_author (author_id, author_name)
                                ^
[2024-09-07T13:50:18.412+0000] {logging_mixin.py:188} INFO - Error loading data: relation "dim_author" does not exist
LINE 2:             INSERT INTO dim_author (author_id, author_name)
                                ^
[2024-09-07T13:50:18.462+0000] {logging_mixin.py:188} INFO - Error loading data: relation "dim_author" does not exist
LINE 2:             INSERT INTO dim_author (author_id, author_name)
                                ^
[2024-09-07T13:50:18.518+0000] {logging_mixin.py:188} INFO - Error loading data: relation "dim_author" does not exist
LINE 2:             INSERT INTO dim_author (author_id, author_name)
                                ^
[2024-09-07T13:50:18.577+0000] {logging_mixin.py:188} INFO - Error loading data: relation "dim_author" does not exist
LINE 2:             INSERT INTO dim_author (author_id, author_name)
                                ^
[2024-09-07T13:50:18.618+0000] {logging_mixin.py:188} INFO - Error loading data: relation "dim_author" does not exist
LINE 2:             INSERT INTO dim_author (author_id, author_name)
                                ^
[2024-09-07T13:50:18.674+0000] {logging_mixin.py:188} INFO - Error loading data: relation "dim_author" does not exist
LINE 2:             INSERT INTO dim_author (author_id, author_name)
                                ^
[2024-09-07T13:50:18.730+0000] {logging_mixin.py:188} INFO - Error loading data: relation "dim_author" does not exist
LINE 2:             INSERT INTO dim_author (author_id, author_name)
                                ^
[2024-09-07T13:50:18.788+0000] {logging_mixin.py:188} INFO - Error loading data: relation "dim_author" does not exist
LINE 2:             INSERT INTO dim_author (author_id, author_name)
                                ^
[2024-09-07T13:50:18.842+0000] {logging_mixin.py:188} INFO - Error loading data: relation "dim_author" does not exist
LINE 2:             INSERT INTO dim_author (author_id, author_name)
                                ^
[2024-09-07T13:50:18.876+0000] {logging_mixin.py:188} INFO - Error loading data: relation "dim_author" does not exist
LINE 2:             INSERT INTO dim_author (author_id, author_name)
                                ^
[2024-09-07T13:50:18.910+0000] {logging_mixin.py:188} INFO - Error loading data: relation "dim_author" does not exist
LINE 2:             INSERT INTO dim_author (author_id, author_name)
                                ^
[2024-09-07T13:50:18.963+0000] {logging_mixin.py:188} INFO - Error loading data: relation "dim_author" does not exist
LINE 2:             INSERT INTO dim_author (author_id, author_name)
                                ^
[2024-09-07T13:50:19.021+0000] {logging_mixin.py:188} INFO - Error loading data: relation "dim_author" does not exist
LINE 2:             INSERT INTO dim_author (author_id, author_name)
                                ^
[2024-09-07T13:50:19.120+0000] {logging_mixin.py:188} INFO - Error loading data: relation "dim_author" does not exist
LINE 2:             INSERT INTO dim_author (author_id, author_name)
                                ^
[2024-09-07T13:50:19.184+0000] {logging_mixin.py:188} INFO - Error loading data: relation "dim_author" does not exist
LINE 2:             INSERT INTO dim_author (author_id, author_name)
                                ^
[2024-09-07T13:50:19.256+0000] {logging_mixin.py:188} INFO - Error loading data: relation "dim_author" does not exist
LINE 2:             INSERT INTO dim_author (author_id, author_name)
                                ^
[2024-09-07T13:50:19.316+0000] {logging_mixin.py:188} INFO - Error loading data: relation "dim_author" does not exist
LINE 2:             INSERT INTO dim_author (author_id, author_name)
                                ^
[2024-09-07T13:50:19.371+0000] {logging_mixin.py:188} INFO - Error loading data: relation "dim_author" does not exist
LINE 2:             INSERT INTO dim_author (author_id, author_name)
                                ^
[2024-09-07T13:50:19.412+0000] {logging_mixin.py:188} INFO - Error loading data: relation "dim_author" does not exist
LINE 2:             INSERT INTO dim_author (author_id, author_name)
                                ^
[2024-09-07T13:50:19.464+0000] {logging_mixin.py:188} INFO - Error loading data: relation "dim_author" does not exist
LINE 2:             INSERT INTO dim_author (author_id, author_name)
                                ^
[2024-09-07T13:50:19.516+0000] {logging_mixin.py:188} INFO - Error loading data: relation "dim_author" does not exist
LINE 2:             INSERT INTO dim_author (author_id, author_name)
                                ^
[2024-09-07T13:50:19.554+0000] {logging_mixin.py:188} INFO - Error loading data: relation "dim_author" does not exist
LINE 2:             INSERT INTO dim_author (author_id, author_name)
                                ^
[2024-09-07T13:50:19.603+0000] {logging_mixin.py:188} INFO - Error loading data: relation "dim_author" does not exist
LINE 2:             INSERT INTO dim_author (author_id, author_name)
                                ^
[2024-09-07T13:50:19.638+0000] {logging_mixin.py:188} INFO - Error loading data: relation "dim_author" does not exist
LINE 2:             INSERT INTO dim_author (author_id, author_name)
                                ^
[2024-09-07T13:50:19.703+0000] {logging_mixin.py:188} INFO - Error loading data: relation "dim_author" does not exist
LINE 2:             INSERT INTO dim_author (author_id, author_name)
                                ^
[2024-09-07T13:50:19.755+0000] {logging_mixin.py:188} INFO - Error loading data: relation "dim_author" does not exist
LINE 2:             INSERT INTO dim_author (author_id, author_name)
                                ^
[2024-09-07T13:50:19.819+0000] {logging_mixin.py:188} INFO - Error loading data: relation "dim_author" does not exist
LINE 2:             INSERT INTO dim_author (author_id, author_name)
                                ^
[2024-09-07T13:50:19.888+0000] {logging_mixin.py:188} INFO - Error loading data: relation "dim_author" does not exist
LINE 2:             INSERT INTO dim_author (author_id, author_name)
                                ^
[2024-09-07T13:50:19.946+0000] {logging_mixin.py:188} INFO - Error loading data: relation "dim_author" does not exist
LINE 2:             INSERT INTO dim_author (author_id, author_name)
                                ^
[2024-09-07T13:50:19.992+0000] {logging_mixin.py:188} INFO - Error loading data: relation "dim_author" does not exist
LINE 2:             INSERT INTO dim_author (author_id, author_name)
                                ^
[2024-09-07T13:50:20.040+0000] {logging_mixin.py:188} INFO - Error loading data: relation "dim_author" does not exist
LINE 2:             INSERT INTO dim_author (author_id, author_name)
                                ^
[2024-09-07T13:50:20.084+0000] {logging_mixin.py:188} INFO - Error loading data: relation "dim_author" does not exist
LINE 2:             INSERT INTO dim_author (author_id, author_name)
                                ^
[2024-09-07T13:50:20.135+0000] {logging_mixin.py:188} INFO - Error loading data: relation "dim_author" does not exist
LINE 2:             INSERT INTO dim_author (author_id, author_name)
                                ^
[2024-09-07T13:50:20.201+0000] {logging_mixin.py:188} INFO - Error loading data: relation "dim_author" does not exist
LINE 2:             INSERT INTO dim_author (author_id, author_name)
                                ^
[2024-09-07T13:50:20.260+0000] {logging_mixin.py:188} INFO - Error loading data: relation "dim_author" does not exist
LINE 2:             INSERT INTO dim_author (author_id, author_name)
                                ^
[2024-09-07T13:50:20.301+0000] {logging_mixin.py:188} INFO - Error loading data: relation "dim_author" does not exist
LINE 2:             INSERT INTO dim_author (author_id, author_name)
                                ^
[2024-09-07T13:50:20.339+0000] {logging_mixin.py:188} INFO - Error loading data: relation "dim_author" does not exist
LINE 2:             INSERT INTO dim_author (author_id, author_name)
                                ^
[2024-09-07T13:50:20.372+0000] {logging_mixin.py:188} INFO - Error loading data: relation "dim_author" does not exist
LINE 2:             INSERT INTO dim_author (author_id, author_name)
                                ^
[2024-09-07T13:50:20.430+0000] {logging_mixin.py:188} INFO - Error loading data: relation "dim_author" does not exist
LINE 2:             INSERT INTO dim_author (author_id, author_name)
                                ^
[2024-09-07T13:50:20.469+0000] {logging_mixin.py:188} INFO - Error loading data: relation "dim_author" does not exist
LINE 2:             INSERT INTO dim_author (author_id, author_name)
                                ^
[2024-09-07T13:50:20.502+0000] {logging_mixin.py:188} INFO - Error loading data: relation "dim_author" does not exist
LINE 2:             INSERT INTO dim_author (author_id, author_name)
                                ^
[2024-09-07T13:50:20.565+0000] {logging_mixin.py:188} INFO - Error loading data: relation "dim_author" does not exist
LINE 2:             INSERT INTO dim_author (author_id, author_name)
                                ^
[2024-09-07T13:50:20.652+0000] {logging_mixin.py:188} INFO - Error loading data: relation "dim_author" does not exist
LINE 2:             INSERT INTO dim_author (author_id, author_name)
                                ^
[2024-09-07T13:50:20.736+0000] {logging_mixin.py:188} INFO - Error loading data: relation "dim_author" does not exist
LINE 2:             INSERT INTO dim_author (author_id, author_name)
                                ^
[2024-09-07T13:50:20.809+0000] {logging_mixin.py:188} INFO - Error loading data: relation "dim_author" does not exist
LINE 2:             INSERT INTO dim_author (author_id, author_name)
                                ^
[2024-09-07T13:50:20.869+0000] {logging_mixin.py:188} INFO - Error loading data: relation "dim_author" does not exist
LINE 2:             INSERT INTO dim_author (author_id, author_name)
                                ^
[2024-09-07T13:50:20.926+0000] {logging_mixin.py:188} INFO - Error loading data: relation "dim_author" does not exist
LINE 2:             INSERT INTO dim_author (author_id, author_name)
                                ^
[2024-09-07T13:50:20.989+0000] {logging_mixin.py:188} INFO - Error loading data: relation "dim_author" does not exist
LINE 2:             INSERT INTO dim_author (author_id, author_name)
                                ^
[2024-09-07T13:50:21.026+0000] {logging_mixin.py:188} INFO - Error loading data: relation "dim_author" does not exist
LINE 2:             INSERT INTO dim_author (author_id, author_name)
                                ^
[2024-09-07T13:50:21.073+0000] {logging_mixin.py:188} INFO - Error loading data: relation "dim_author" does not exist
LINE 2:             INSERT INTO dim_author (author_id, author_name)
                                ^
[2024-09-07T13:50:21.127+0000] {logging_mixin.py:188} INFO - Error loading data: relation "dim_author" does not exist
LINE 2:             INSERT INTO dim_author (author_id, author_name)
                                ^
[2024-09-07T13:50:21.157+0000] {logging_mixin.py:188} INFO - Error loading data: relation "dim_author" does not exist
LINE 2:             INSERT INTO dim_author (author_id, author_name)
                                ^
[2024-09-07T13:50:21.202+0000] {logging_mixin.py:188} INFO - Error loading data: relation "dim_author" does not exist
LINE 2:             INSERT INTO dim_author (author_id, author_name)
                                ^
[2024-09-07T13:50:21.263+0000] {logging_mixin.py:188} INFO - Error loading data: relation "dim_author" does not exist
LINE 2:             INSERT INTO dim_author (author_id, author_name)
                                ^
[2024-09-07T13:50:21.338+0000] {logging_mixin.py:188} INFO - Error loading data: relation "dim_author" does not exist
LINE 2:             INSERT INTO dim_author (author_id, author_name)
                                ^
[2024-09-07T13:50:21.392+0000] {logging_mixin.py:188} INFO - Error loading data: relation "dim_author" does not exist
LINE 2:             INSERT INTO dim_author (author_id, author_name)
                                ^
[2024-09-07T13:50:21.426+0000] {logging_mixin.py:188} INFO - Error loading data: relation "dim_author" does not exist
LINE 2:             INSERT INTO dim_author (author_id, author_name)
                                ^
[2024-09-07T13:50:21.486+0000] {logging_mixin.py:188} INFO - Error loading data: relation "dim_author" does not exist
LINE 2:             INSERT INTO dim_author (author_id, author_name)
                                ^
[2024-09-07T13:50:21.545+0000] {logging_mixin.py:188} INFO - Error loading data: relation "dim_author" does not exist
LINE 2:             INSERT INTO dim_author (author_id, author_name)
                                ^
[2024-09-07T13:50:21.598+0000] {logging_mixin.py:188} INFO - Error loading data: relation "dim_author" does not exist
LINE 2:             INSERT INTO dim_author (author_id, author_name)
                                ^
[2024-09-07T13:50:21.652+0000] {logging_mixin.py:188} INFO - Error loading data: relation "dim_author" does not exist
LINE 2:             INSERT INTO dim_author (author_id, author_name)
                                ^
[2024-09-07T13:50:21.688+0000] {logging_mixin.py:188} INFO - Error loading data: relation "dim_author" does not exist
LINE 2:             INSERT INTO dim_author (author_id, author_name)
                                ^
[2024-09-07T13:50:21.729+0000] {logging_mixin.py:188} INFO - Error loading data: relation "dim_author" does not exist
LINE 2:             INSERT INTO dim_author (author_id, author_name)
                                ^
[2024-09-07T13:50:21.822+0000] {logging_mixin.py:188} INFO - Error loading data: relation "dim_author" does not exist
LINE 2:             INSERT INTO dim_author (author_id, author_name)
                                ^
[2024-09-07T13:50:21.898+0000] {logging_mixin.py:188} INFO - Error loading data: relation "dim_author" does not exist
LINE 2:             INSERT INTO dim_author (author_id, author_name)
                                ^
[2024-09-07T13:50:21.958+0000] {logging_mixin.py:188} INFO - Error loading data: relation "dim_author" does not exist
LINE 2:             INSERT INTO dim_author (author_id, author_name)
                                ^
[2024-09-07T13:50:22.036+0000] {logging_mixin.py:188} INFO - Error loading data: relation "dim_author" does not exist
LINE 2:             INSERT INTO dim_author (author_id, author_name)
                                ^
[2024-09-07T13:50:22.089+0000] {logging_mixin.py:188} INFO - Error loading data: relation "dim_author" does not exist
LINE 2:             INSERT INTO dim_author (author_id, author_name)
                                ^
[2024-09-07T13:50:22.135+0000] {logging_mixin.py:188} INFO - Error loading data: relation "dim_author" does not exist
LINE 2:             INSERT INTO dim_author (author_id, author_name)
                                ^
[2024-09-07T13:50:22.168+0000] {logging_mixin.py:188} INFO - Error loading data: relation "dim_author" does not exist
LINE 2:             INSERT INTO dim_author (author_id, author_name)
                                ^
[2024-09-07T13:50:22.213+0000] {logging_mixin.py:188} INFO - Error loading data: relation "dim_author" does not exist
LINE 2:             INSERT INTO dim_author (author_id, author_name)
                                ^
[2024-09-07T13:50:22.258+0000] {logging_mixin.py:188} INFO - Error loading data: relation "dim_author" does not exist
LINE 2:             INSERT INTO dim_author (author_id, author_name)
                                ^
[2024-09-07T13:50:22.300+0000] {logging_mixin.py:188} INFO - Error loading data: relation "dim_author" does not exist
LINE 2:             INSERT INTO dim_author (author_id, author_name)
                                ^
[2024-09-07T13:50:22.338+0000] {logging_mixin.py:188} INFO - Error loading data: relation "dim_author" does not exist
LINE 2:             INSERT INTO dim_author (author_id, author_name)
                                ^
[2024-09-07T13:50:22.385+0000] {logging_mixin.py:188} INFO - Error loading data: relation "dim_author" does not exist
LINE 2:             INSERT INTO dim_author (author_id, author_name)
                                ^
[2024-09-07T13:50:22.440+0000] {logging_mixin.py:188} INFO - Error loading data: relation "dim_author" does not exist
LINE 2:             INSERT INTO dim_author (author_id, author_name)
                                ^
[2024-09-07T13:50:22.490+0000] {logging_mixin.py:188} INFO - Error loading data: relation "dim_author" does not exist
LINE 2:             INSERT INTO dim_author (author_id, author_name)
                                ^
[2024-09-07T13:50:22.548+0000] {logging_mixin.py:188} INFO - Error loading data: relation "dim_author" does not exist
LINE 2:             INSERT INTO dim_author (author_id, author_name)
                                ^
[2024-09-07T13:50:22.618+0000] {logging_mixin.py:188} INFO - Error loading data: relation "dim_author" does not exist
LINE 2:             INSERT INTO dim_author (author_id, author_name)
                                ^
[2024-09-07T13:50:22.690+0000] {logging_mixin.py:188} INFO - Error loading data: relation "dim_author" does not exist
LINE 2:             INSERT INTO dim_author (author_id, author_name)
                                ^
[2024-09-07T13:50:22.731+0000] {logging_mixin.py:188} INFO - Error loading data: relation "dim_author" does not exist
LINE 2:             INSERT INTO dim_author (author_id, author_name)
                                ^
[2024-09-07T13:50:22.768+0000] {logging_mixin.py:188} INFO - Error loading data: relation "dim_author" does not exist
LINE 2:             INSERT INTO dim_author (author_id, author_name)
                                ^
[2024-09-07T13:50:22.800+0000] {logging_mixin.py:188} INFO - Error loading data: relation "dim_author" does not exist
LINE 2:             INSERT INTO dim_author (author_id, author_name)
                                ^
[2024-09-07T13:50:22.844+0000] {logging_mixin.py:188} INFO - Error loading data: relation "dim_author" does not exist
LINE 2:             INSERT INTO dim_author (author_id, author_name)
                                ^
[2024-09-07T13:50:22.876+0000] {logging_mixin.py:188} INFO - Error loading data: relation "dim_author" does not exist
LINE 2:             INSERT INTO dim_author (author_id, author_name)
                                ^
[2024-09-07T13:50:22.944+0000] {logging_mixin.py:188} INFO - Error loading data: relation "dim_author" does not exist
LINE 2:             INSERT INTO dim_author (author_id, author_name)
                                ^
[2024-09-07T13:50:22.998+0000] {logging_mixin.py:188} INFO - Error loading data: relation "dim_author" does not exist
LINE 2:             INSERT INTO dim_author (author_id, author_name)
                                ^
[2024-09-07T13:50:23.042+0000] {logging_mixin.py:188} INFO - Error loading data: relation "dim_author" does not exist
LINE 2:             INSERT INTO dim_author (author_id, author_name)
                                ^
[2024-09-07T13:50:23.128+0000] {logging_mixin.py:188} INFO - Error loading data: relation "dim_author" does not exist
LINE 2:             INSERT INTO dim_author (author_id, author_name)
                                ^
[2024-09-07T13:50:23.190+0000] {logging_mixin.py:188} INFO - Error loading data: relation "dim_author" does not exist
LINE 2:             INSERT INTO dim_author (author_id, author_name)
                                ^
[2024-09-07T13:50:23.265+0000] {logging_mixin.py:188} INFO - Error loading data: relation "dim_author" does not exist
LINE 2:             INSERT INTO dim_author (author_id, author_name)
                                ^
[2024-09-07T13:50:23.328+0000] {logging_mixin.py:188} INFO - Error loading data: relation "dim_author" does not exist
LINE 2:             INSERT INTO dim_author (author_id, author_name)
                                ^
[2024-09-07T13:50:23.367+0000] {logging_mixin.py:188} INFO - Error loading data: relation "dim_author" does not exist
LINE 2:             INSERT INTO dim_author (author_id, author_name)
                                ^
[2024-09-07T13:50:23.441+0000] {logging_mixin.py:188} INFO - Error loading data: relation "dim_author" does not exist
LINE 2:             INSERT INTO dim_author (author_id, author_name)
                                ^
[2024-09-07T13:50:23.507+0000] {logging_mixin.py:188} INFO - Error loading data: relation "dim_author" does not exist
LINE 2:             INSERT INTO dim_author (author_id, author_name)
                                ^
[2024-09-07T13:50:23.552+0000] {logging_mixin.py:188} INFO - Error loading data: relation "dim_author" does not exist
LINE 2:             INSERT INTO dim_author (author_id, author_name)
                                ^
[2024-09-07T13:50:23.600+0000] {logging_mixin.py:188} INFO - Error loading data: relation "dim_author" does not exist
LINE 2:             INSERT INTO dim_author (author_id, author_name)
                                ^
[2024-09-07T13:50:23.643+0000] {logging_mixin.py:188} INFO - Error loading data: relation "dim_author" does not exist
LINE 2:             INSERT INTO dim_author (author_id, author_name)
                                ^
[2024-09-07T13:50:23.694+0000] {logging_mixin.py:188} INFO - Error loading data: relation "dim_author" does not exist
LINE 2:             INSERT INTO dim_author (author_id, author_name)
                                ^
[2024-09-07T13:50:23.761+0000] {logging_mixin.py:188} INFO - Error loading data: relation "dim_author" does not exist
LINE 2:             INSERT INTO dim_author (author_id, author_name)
                                ^
[2024-09-07T13:50:23.864+0000] {logging_mixin.py:188} INFO - Error loading data: relation "dim_author" does not exist
LINE 2:             INSERT INTO dim_author (author_id, author_name)
                                ^
[2024-09-07T13:50:23.934+0000] {logging_mixin.py:188} INFO - Error loading data: relation "dim_author" does not exist
LINE 2:             INSERT INTO dim_author (author_id, author_name)
                                ^
[2024-09-07T13:50:24.039+0000] {logging_mixin.py:188} INFO - Error loading data: relation "dim_author" does not exist
LINE 2:             INSERT INTO dim_author (author_id, author_name)
                                ^
[2024-09-07T13:50:24.093+0000] {logging_mixin.py:188} INFO - Error loading data: relation "dim_author" does not exist
LINE 2:             INSERT INTO dim_author (author_id, author_name)
                                ^
[2024-09-07T13:50:24.154+0000] {logging_mixin.py:188} INFO - Error loading data: relation "dim_author" does not exist
LINE 2:             INSERT INTO dim_author (author_id, author_name)
                                ^
[2024-09-07T13:50:24.274+0000] {logging_mixin.py:188} INFO - Error loading data: relation "dim_author" does not exist
LINE 2:             INSERT INTO dim_author (author_id, author_name)
                                ^
[2024-09-07T13:50:24.328+0000] {logging_mixin.py:188} INFO - Error loading data: relation "dim_author" does not exist
LINE 2:             INSERT INTO dim_author (author_id, author_name)
                                ^
[2024-09-07T13:50:24.414+0000] {logging_mixin.py:188} INFO - Error loading data: relation "dim_author" does not exist
LINE 2:             INSERT INTO dim_author (author_id, author_name)
                                ^
[2024-09-07T13:50:24.503+0000] {logging_mixin.py:188} INFO - Error loading data: relation "dim_author" does not exist
LINE 2:             INSERT INTO dim_author (author_id, author_name)
                                ^
[2024-09-07T13:50:24.568+0000] {logging_mixin.py:188} INFO - Error loading data: relation "dim_author" does not exist
LINE 2:             INSERT INTO dim_author (author_id, author_name)
                                ^
[2024-09-07T13:50:24.671+0000] {logging_mixin.py:188} INFO - Error loading data: relation "dim_author" does not exist
LINE 2:             INSERT INTO dim_author (author_id, author_name)
                                ^
[2024-09-07T13:50:24.773+0000] {logging_mixin.py:188} INFO - Error loading data: relation "dim_author" does not exist
LINE 2:             INSERT INTO dim_author (author_id, author_name)
                                ^
[2024-09-07T13:50:24.836+0000] {logging_mixin.py:188} INFO - Error loading data: relation "dim_author" does not exist
LINE 2:             INSERT INTO dim_author (author_id, author_name)
                                ^
[2024-09-07T13:50:24.890+0000] {logging_mixin.py:188} INFO - Error loading data: relation "dim_author" does not exist
LINE 2:             INSERT INTO dim_author (author_id, author_name)
                                ^
[2024-09-07T13:50:24.948+0000] {logging_mixin.py:188} INFO - Error loading data: relation "dim_author" does not exist
LINE 2:             INSERT INTO dim_author (author_id, author_name)
                                ^
[2024-09-07T13:50:25.014+0000] {logging_mixin.py:188} INFO - Error loading data: relation "dim_author" does not exist
LINE 2:             INSERT INTO dim_author (author_id, author_name)
                                ^
[2024-09-07T13:50:25.073+0000] {logging_mixin.py:188} INFO - Error loading data: relation "dim_author" does not exist
LINE 2:             INSERT INTO dim_author (author_id, author_name)
                                ^
[2024-09-07T13:50:25.125+0000] {logging_mixin.py:188} INFO - Error loading data: relation "dim_author" does not exist
LINE 2:             INSERT INTO dim_author (author_id, author_name)
                                ^
[2024-09-07T13:50:25.224+0000] {logging_mixin.py:188} INFO - Error loading data: relation "dim_author" does not exist
LINE 2:             INSERT INTO dim_author (author_id, author_name)
                                ^
[2024-09-07T13:50:25.308+0000] {logging_mixin.py:188} INFO - Error loading data: relation "dim_author" does not exist
LINE 2:             INSERT INTO dim_author (author_id, author_name)
                                ^
[2024-09-07T13:50:25.342+0000] {logging_mixin.py:188} INFO - Error loading data: relation "dim_author" does not exist
LINE 2:             INSERT INTO dim_author (author_id, author_name)
                                ^
[2024-09-07T13:50:25.430+0000] {logging_mixin.py:188} INFO - Error loading data: relation "dim_author" does not exist
LINE 2:             INSERT INTO dim_author (author_id, author_name)
                                ^
[2024-09-07T13:50:25.477+0000] {logging_mixin.py:188} INFO - Error loading data: relation "dim_author" does not exist
LINE 2:             INSERT INTO dim_author (author_id, author_name)
                                ^
[2024-09-07T13:50:25.533+0000] {logging_mixin.py:188} INFO - Error loading data: relation "dim_author" does not exist
LINE 2:             INSERT INTO dim_author (author_id, author_name)
                                ^
[2024-09-07T13:50:25.591+0000] {logging_mixin.py:188} INFO - Error loading data: relation "dim_author" does not exist
LINE 2:             INSERT INTO dim_author (author_id, author_name)
                                ^
[2024-09-07T13:50:25.652+0000] {logging_mixin.py:188} INFO - Error loading data: relation "dim_author" does not exist
LINE 2:             INSERT INTO dim_author (author_id, author_name)
                                ^
[2024-09-07T13:50:25.693+0000] {logging_mixin.py:188} INFO - Error loading data: relation "dim_author" does not exist
LINE 2:             INSERT INTO dim_author (author_id, author_name)
                                ^
[2024-09-07T13:50:25.743+0000] {logging_mixin.py:188} INFO - Error loading data: relation "dim_author" does not exist
LINE 2:             INSERT INTO dim_author (author_id, author_name)
                                ^
[2024-09-07T13:50:25.778+0000] {logging_mixin.py:188} INFO - Error loading data: relation "dim_author" does not exist
LINE 2:             INSERT INTO dim_author (author_id, author_name)
                                ^
[2024-09-07T13:50:25.820+0000] {logging_mixin.py:188} INFO - Error loading data: relation "dim_author" does not exist
LINE 2:             INSERT INTO dim_author (author_id, author_name)
                                ^
[2024-09-07T13:50:25.858+0000] {logging_mixin.py:188} INFO - Error loading data: relation "dim_author" does not exist
LINE 2:             INSERT INTO dim_author (author_id, author_name)
                                ^
[2024-09-07T13:50:25.966+0000] {logging_mixin.py:188} INFO - Error loading data: relation "dim_author" does not exist
LINE 2:             INSERT INTO dim_author (author_id, author_name)
                                ^
[2024-09-07T13:50:26.042+0000] {logging_mixin.py:188} INFO - Error loading data: relation "dim_author" does not exist
LINE 2:             INSERT INTO dim_author (author_id, author_name)
                                ^
[2024-09-07T13:50:26.094+0000] {logging_mixin.py:188} INFO - Error loading data: relation "dim_author" does not exist
LINE 2:             INSERT INTO dim_author (author_id, author_name)
                                ^
[2024-09-07T13:50:26.190+0000] {logging_mixin.py:188} INFO - Error loading data: relation "dim_author" does not exist
LINE 2:             INSERT INTO dim_author (author_id, author_name)
                                ^
[2024-09-07T13:50:26.264+0000] {logging_mixin.py:188} INFO - Error loading data: relation "dim_author" does not exist
LINE 2:             INSERT INTO dim_author (author_id, author_name)
                                ^
[2024-09-07T13:50:26.349+0000] {logging_mixin.py:188} INFO - Error loading data: relation "dim_author" does not exist
LINE 2:             INSERT INTO dim_author (author_id, author_name)
                                ^
[2024-09-07T13:50:26.399+0000] {logging_mixin.py:188} INFO - Error loading data: relation "dim_author" does not exist
LINE 2:             INSERT INTO dim_author (author_id, author_name)
                                ^
[2024-09-07T13:50:26.466+0000] {logging_mixin.py:188} INFO - Error loading data: relation "dim_author" does not exist
LINE 2:             INSERT INTO dim_author (author_id, author_name)
                                ^
[2024-09-07T13:50:26.531+0000] {logging_mixin.py:188} INFO - Error loading data: relation "dim_author" does not exist
LINE 2:             INSERT INTO dim_author (author_id, author_name)
                                ^
[2024-09-07T13:50:26.584+0000] {logging_mixin.py:188} INFO - Error loading data: relation "dim_author" does not exist
LINE 2:             INSERT INTO dim_author (author_id, author_name)
                                ^
[2024-09-07T13:50:26.684+0000] {logging_mixin.py:188} INFO - Error loading data: relation "dim_author" does not exist
LINE 2:             INSERT INTO dim_author (author_id, author_name)
                                ^
[2024-09-07T13:50:26.801+0000] {logging_mixin.py:188} INFO - Error loading data: relation "dim_author" does not exist
LINE 2:             INSERT INTO dim_author (author_id, author_name)
                                ^
[2024-09-07T13:50:26.998+0000] {logging_mixin.py:188} INFO - Error loading data: relation "dim_author" does not exist
LINE 2:             INSERT INTO dim_author (author_id, author_name)
                                ^
[2024-09-07T13:50:27.078+0000] {logging_mixin.py:188} INFO - Error loading data: relation "dim_author" does not exist
LINE 2:             INSERT INTO dim_author (author_id, author_name)
                                ^
[2024-09-07T13:50:27.219+0000] {logging_mixin.py:188} INFO - Error loading data: relation "dim_author" does not exist
LINE 2:             INSERT INTO dim_author (author_id, author_name)
                                ^
[2024-09-07T13:50:27.355+0000] {logging_mixin.py:188} INFO - Error loading data: relation "dim_author" does not exist
LINE 2:             INSERT INTO dim_author (author_id, author_name)
                                ^
[2024-09-07T13:50:27.405+0000] {logging_mixin.py:188} INFO - Error loading data: relation "dim_author" does not exist
LINE 2:             INSERT INTO dim_author (author_id, author_name)
                                ^
[2024-09-07T13:50:27.438+0000] {logging_mixin.py:188} INFO - Error loading data: relation "dim_author" does not exist
LINE 2:             INSERT INTO dim_author (author_id, author_name)
                                ^
[2024-09-07T13:50:27.512+0000] {logging_mixin.py:188} INFO - Error loading data: relation "dim_author" does not exist
LINE 2:             INSERT INTO dim_author (author_id, author_name)
                                ^
[2024-09-07T13:50:27.597+0000] {logging_mixin.py:188} INFO - Error loading data: relation "dim_author" does not exist
LINE 2:             INSERT INTO dim_author (author_id, author_name)
                                ^
[2024-09-07T13:50:27.672+0000] {logging_mixin.py:188} INFO - Error loading data: relation "dim_author" does not exist
LINE 2:             INSERT INTO dim_author (author_id, author_name)
                                ^
[2024-09-07T13:50:27.721+0000] {logging_mixin.py:188} INFO - Error loading data: relation "dim_author" does not exist
LINE 2:             INSERT INTO dim_author (author_id, author_name)
                                ^
[2024-09-07T13:50:27.791+0000] {logging_mixin.py:188} INFO - Error loading data: relation "dim_author" does not exist
LINE 2:             INSERT INTO dim_author (author_id, author_name)
                                ^
[2024-09-07T13:50:27.885+0000] {logging_mixin.py:188} INFO - Error loading data: relation "dim_author" does not exist
LINE 2:             INSERT INTO dim_author (author_id, author_name)
                                ^
[2024-09-07T13:50:27.941+0000] {logging_mixin.py:188} INFO - Error loading data: relation "dim_author" does not exist
LINE 2:             INSERT INTO dim_author (author_id, author_name)
                                ^
[2024-09-07T13:50:28.029+0000] {logging_mixin.py:188} INFO - Error loading data: relation "dim_author" does not exist
LINE 2:             INSERT INTO dim_author (author_id, author_name)
                                ^
[2024-09-07T13:50:28.105+0000] {logging_mixin.py:188} INFO - Error loading data: relation "dim_author" does not exist
LINE 2:             INSERT INTO dim_author (author_id, author_name)
                                ^
[2024-09-07T13:50:28.180+0000] {logging_mixin.py:188} INFO - Error loading data: relation "dim_author" does not exist
LINE 2:             INSERT INTO dim_author (author_id, author_name)
                                ^
[2024-09-07T13:50:28.250+0000] {logging_mixin.py:188} INFO - Error loading data: relation "dim_author" does not exist
LINE 2:             INSERT INTO dim_author (author_id, author_name)
                                ^
[2024-09-07T13:50:28.342+0000] {logging_mixin.py:188} INFO - Error loading data: relation "dim_author" does not exist
LINE 2:             INSERT INTO dim_author (author_id, author_name)
                                ^
[2024-09-07T13:50:28.440+0000] {logging_mixin.py:188} INFO - Error loading data: relation "dim_author" does not exist
LINE 2:             INSERT INTO dim_author (author_id, author_name)
                                ^
[2024-09-07T13:50:28.514+0000] {logging_mixin.py:188} INFO - Error loading data: relation "dim_author" does not exist
LINE 2:             INSERT INTO dim_author (author_id, author_name)
                                ^
[2024-09-07T13:50:28.546+0000] {logging_mixin.py:188} INFO - Error loading data: relation "dim_author" does not exist
LINE 2:             INSERT INTO dim_author (author_id, author_name)
                                ^
[2024-09-07T13:50:28.596+0000] {logging_mixin.py:188} INFO - Error loading data: relation "dim_author" does not exist
LINE 2:             INSERT INTO dim_author (author_id, author_name)
                                ^
[2024-09-07T13:50:28.669+0000] {logging_mixin.py:188} INFO - Error loading data: relation "dim_author" does not exist
LINE 2:             INSERT INTO dim_author (author_id, author_name)
                                ^
[2024-09-07T13:50:28.713+0000] {logging_mixin.py:188} INFO - Error loading data: relation "dim_author" does not exist
LINE 2:             INSERT INTO dim_author (author_id, author_name)
                                ^
[2024-09-07T13:50:28.753+0000] {logging_mixin.py:188} INFO - Error loading data: relation "dim_author" does not exist
LINE 2:             INSERT INTO dim_author (author_id, author_name)
                                ^
[2024-09-07T13:50:28.811+0000] {logging_mixin.py:188} INFO - Error loading data: relation "dim_author" does not exist
LINE 2:             INSERT INTO dim_author (author_id, author_name)
                                ^
[2024-09-07T13:50:28.910+0000] {logging_mixin.py:188} INFO - Error loading data: relation "dim_author" does not exist
LINE 2:             INSERT INTO dim_author (author_id, author_name)
                                ^
[2024-09-07T13:50:28.987+0000] {logging_mixin.py:188} INFO - Error loading data: relation "dim_author" does not exist
LINE 2:             INSERT INTO dim_author (author_id, author_name)
                                ^
[2024-09-07T13:50:29.035+0000] {logging_mixin.py:188} INFO - Error loading data: relation "dim_author" does not exist
LINE 2:             INSERT INTO dim_author (author_id, author_name)
                                ^
[2024-09-07T13:50:29.085+0000] {logging_mixin.py:188} INFO - Error loading data: relation "dim_author" does not exist
LINE 2:             INSERT INTO dim_author (author_id, author_name)
                                ^
[2024-09-07T13:50:29.148+0000] {logging_mixin.py:188} INFO - Error loading data: relation "dim_author" does not exist
LINE 2:             INSERT INTO dim_author (author_id, author_name)
                                ^
[2024-09-07T13:50:29.213+0000] {logging_mixin.py:188} INFO - Error loading data: relation "dim_author" does not exist
LINE 2:             INSERT INTO dim_author (author_id, author_name)
                                ^
[2024-09-07T13:50:29.280+0000] {logging_mixin.py:188} INFO - Error loading data: relation "dim_author" does not exist
LINE 2:             INSERT INTO dim_author (author_id, author_name)
                                ^
[2024-09-07T13:50:29.339+0000] {logging_mixin.py:188} INFO - Error loading data: relation "dim_author" does not exist
LINE 2:             INSERT INTO dim_author (author_id, author_name)
                                ^
[2024-09-07T13:50:29.396+0000] {logging_mixin.py:188} INFO - Error loading data: relation "dim_author" does not exist
LINE 2:             INSERT INTO dim_author (author_id, author_name)
                                ^
[2024-09-07T13:50:29.447+0000] {logging_mixin.py:188} INFO - Error loading data: relation "dim_author" does not exist
LINE 2:             INSERT INTO dim_author (author_id, author_name)
                                ^
[2024-09-07T13:50:29.522+0000] {logging_mixin.py:188} INFO - Error loading data: relation "dim_author" does not exist
LINE 2:             INSERT INTO dim_author (author_id, author_name)
                                ^
[2024-09-07T13:50:29.583+0000] {logging_mixin.py:188} INFO - Error loading data: relation "dim_author" does not exist
LINE 2:             INSERT INTO dim_author (author_id, author_name)
                                ^
[2024-09-07T13:50:29.663+0000] {logging_mixin.py:188} INFO - Error loading data: relation "dim_author" does not exist
LINE 2:             INSERT INTO dim_author (author_id, author_name)
                                ^
[2024-09-07T13:50:29.789+0000] {logging_mixin.py:188} INFO - Error loading data: relation "dim_author" does not exist
LINE 2:             INSERT INTO dim_author (author_id, author_name)
                                ^
[2024-09-07T13:50:29.858+0000] {logging_mixin.py:188} INFO - Error loading data: relation "dim_author" does not exist
LINE 2:             INSERT INTO dim_author (author_id, author_name)
                                ^
[2024-09-07T13:50:29.928+0000] {logging_mixin.py:188} INFO - Error loading data: relation "dim_author" does not exist
LINE 2:             INSERT INTO dim_author (author_id, author_name)
                                ^
[2024-09-07T13:50:29.981+0000] {logging_mixin.py:188} INFO - Error loading data: relation "dim_author" does not exist
LINE 2:             INSERT INTO dim_author (author_id, author_name)
                                ^
[2024-09-07T13:50:30.053+0000] {logging_mixin.py:188} INFO - Error loading data: relation "dim_author" does not exist
LINE 2:             INSERT INTO dim_author (author_id, author_name)
                                ^
[2024-09-07T13:50:30.107+0000] {logging_mixin.py:188} INFO - Error loading data: relation "dim_author" does not exist
LINE 2:             INSERT INTO dim_author (author_id, author_name)
                                ^
[2024-09-07T13:50:30.137+0000] {logging_mixin.py:188} INFO - Error loading data: relation "dim_author" does not exist
LINE 2:             INSERT INTO dim_author (author_id, author_name)
                                ^
[2024-09-07T13:50:30.206+0000] {logging_mixin.py:188} INFO - Error loading data: relation "dim_author" does not exist
LINE 2:             INSERT INTO dim_author (author_id, author_name)
                                ^
[2024-09-07T13:50:30.270+0000] {logging_mixin.py:188} INFO - Error loading data: relation "dim_author" does not exist
LINE 2:             INSERT INTO dim_author (author_id, author_name)
                                ^
[2024-09-07T13:50:30.307+0000] {logging_mixin.py:188} INFO - Error loading data: relation "dim_author" does not exist
LINE 2:             INSERT INTO dim_author (author_id, author_name)
                                ^
[2024-09-07T13:50:30.339+0000] {logging_mixin.py:188} INFO - Error loading data: relation "dim_author" does not exist
LINE 2:             INSERT INTO dim_author (author_id, author_name)
                                ^
[2024-09-07T13:50:30.372+0000] {logging_mixin.py:188} INFO - Error loading data: relation "dim_author" does not exist
LINE 2:             INSERT INTO dim_author (author_id, author_name)
                                ^
[2024-09-07T13:50:30.416+0000] {logging_mixin.py:188} INFO - Error loading data: relation "dim_author" does not exist
LINE 2:             INSERT INTO dim_author (author_id, author_name)
                                ^
[2024-09-07T13:50:30.469+0000] {logging_mixin.py:188} INFO - Error loading data: relation "dim_author" does not exist
LINE 2:             INSERT INTO dim_author (author_id, author_name)
                                ^
[2024-09-07T13:50:30.524+0000] {logging_mixin.py:188} INFO - Error loading data: relation "dim_author" does not exist
LINE 2:             INSERT INTO dim_author (author_id, author_name)
                                ^
[2024-09-07T13:50:30.605+0000] {logging_mixin.py:188} INFO - Error loading data: relation "dim_author" does not exist
LINE 2:             INSERT INTO dim_author (author_id, author_name)
                                ^
[2024-09-07T13:50:30.693+0000] {logging_mixin.py:188} INFO - Error loading data: relation "dim_author" does not exist
LINE 2:             INSERT INTO dim_author (author_id, author_name)
                                ^
[2024-09-07T13:50:30.740+0000] {logging_mixin.py:188} INFO - Error loading data: relation "dim_author" does not exist
LINE 2:             INSERT INTO dim_author (author_id, author_name)
                                ^
[2024-09-07T13:50:30.803+0000] {logging_mixin.py:188} INFO - Error loading data: relation "dim_author" does not exist
LINE 2:             INSERT INTO dim_author (author_id, author_name)
                                ^
[2024-09-07T13:50:30.912+0000] {logging_mixin.py:188} INFO - Error loading data: relation "dim_author" does not exist
LINE 2:             INSERT INTO dim_author (author_id, author_name)
                                ^
[2024-09-07T13:50:30.963+0000] {logging_mixin.py:188} INFO - Error loading data: relation "dim_author" does not exist
LINE 2:             INSERT INTO dim_author (author_id, author_name)
                                ^
[2024-09-07T13:50:31.016+0000] {logging_mixin.py:188} INFO - Error loading data: relation "dim_author" does not exist
LINE 2:             INSERT INTO dim_author (author_id, author_name)
                                ^
[2024-09-07T13:50:31.058+0000] {logging_mixin.py:188} INFO - Error loading data: relation "dim_author" does not exist
LINE 2:             INSERT INTO dim_author (author_id, author_name)
                                ^
[2024-09-07T13:50:31.152+0000] {logging_mixin.py:188} INFO - Error loading data: relation "dim_author" does not exist
LINE 2:             INSERT INTO dim_author (author_id, author_name)
                                ^
[2024-09-07T13:50:31.246+0000] {logging_mixin.py:188} INFO - Error loading data: relation "dim_author" does not exist
LINE 2:             INSERT INTO dim_author (author_id, author_name)
                                ^
[2024-09-07T13:50:31.337+0000] {logging_mixin.py:188} INFO - Error loading data: relation "dim_author" does not exist
LINE 2:             INSERT INTO dim_author (author_id, author_name)
                                ^
[2024-09-07T13:50:31.400+0000] {logging_mixin.py:188} INFO - Error loading data: relation "dim_author" does not exist
LINE 2:             INSERT INTO dim_author (author_id, author_name)
                                ^
[2024-09-07T13:50:31.463+0000] {logging_mixin.py:188} INFO - Error loading data: relation "dim_author" does not exist
LINE 2:             INSERT INTO dim_author (author_id, author_name)
                                ^
[2024-09-07T13:50:31.550+0000] {logging_mixin.py:188} INFO - Error loading data: relation "dim_author" does not exist
LINE 2:             INSERT INTO dim_author (author_id, author_name)
                                ^
[2024-09-07T13:50:31.559+0000] {python.py:237} INFO - Done. Returned value was: None
[2024-09-07T13:50:31.560+0000] {taskinstance.py:441} INFO - ::group::Post task execution logs
[2024-09-07T13:50:31.662+0000] {taskinstance.py:1205} INFO - Marking task as SUCCESS. dag_id=reddit_etl, task_id=load_data_to_warehouse, execution_date=20231112T000000, start_date=20240907T135012, end_date=20240907T135031
[2024-09-07T13:50:31.833+0000] {local_task_job_runner.py:240} INFO - Task exited with return code 0
[2024-09-07T13:50:31.905+0000] {taskinstance.py:3482} INFO - 0 downstream tasks scheduled from follow-on schedule check
[2024-09-07T13:50:31.912+0000] {local_task_job_runner.py:222} INFO - ::endgroup::
[2024-09-07T13:56:25.099+0000] {local_task_job_runner.py:120} INFO - ::group::Pre task execution logs
[2024-09-07T13:56:25.316+0000] {taskinstance.py:2073} INFO - Dependencies all met for dep_context=non-requeueable deps ti=<TaskInstance: reddit_etl.load_data_to_warehouse scheduled__2023-11-12T00:00:00+00:00 [queued]>
[2024-09-07T13:56:25.348+0000] {taskinstance.py:2073} INFO - Dependencies all met for dep_context=requeueable deps ti=<TaskInstance: reddit_etl.load_data_to_warehouse scheduled__2023-11-12T00:00:00+00:00 [queued]>
[2024-09-07T13:56:25.352+0000] {taskinstance.py:2303} INFO - Starting attempt 1 of 2
[2024-09-07T13:56:25.465+0000] {taskinstance.py:2327} INFO - Executing <Task(PythonOperator): load_data_to_warehouse> on 2023-11-12 00:00:00+00:00
[2024-09-07T13:56:25.514+0000] {logging_mixin.py:188} WARNING - /home/airflow/.local/lib/python3.12/site-packages/airflow/task/task_runner/standard_task_runner.py:61 DeprecationWarning: This process (pid=505) is multi-threaded, use of fork() may lead to deadlocks in the child.
[2024-09-07T13:56:25.507+0000] {standard_task_runner.py:90} INFO - Running: ['airflow', 'tasks', 'run', 'reddit_etl', 'load_data_to_warehouse', 'scheduled__2023-11-12T00:00:00+00:00', '--job-id', '130', '--raw', '--subdir', 'DAGS_FOLDER/reddit.py', '--cfg-path', '/tmp/tmpaoiwj025']
[2024-09-07T13:56:25.517+0000] {standard_task_runner.py:63} INFO - Started process 515 to run task
[2024-09-07T13:56:25.518+0000] {standard_task_runner.py:91} INFO - Job 130: Subtask load_data_to_warehouse
[2024-09-07T13:56:25.811+0000] {task_command.py:426} INFO - Running <TaskInstance: reddit_etl.load_data_to_warehouse scheduled__2023-11-12T00:00:00+00:00 [running]> on host 8bc190d52c81
[2024-09-07T13:56:26.202+0000] {taskinstance.py:2644} INFO - Exporting env vars: AIRFLOW_CTX_DAG_OWNER='reddithackathon' AIRFLOW_CTX_DAG_ID='reddit_etl' AIRFLOW_CTX_TASK_ID='load_data_to_warehouse' AIRFLOW_CTX_EXECUTION_DATE='2023-11-12T00:00:00+00:00' AIRFLOW_CTX_TRY_NUMBER='1' AIRFLOW_CTX_DAG_RUN_ID='scheduled__2023-11-12T00:00:00+00:00'
[2024-09-07T13:56:26.204+0000] {taskinstance.py:430} INFO - ::endgroup::
[2024-09-07T13:56:26.355+0000] {logging_mixin.py:188} INFO - Error loading data: relation "dim_author" does not exist
LINE 2:             INSERT INTO dim_author (author_id, author_name)
                                ^
[2024-09-07T13:56:26.410+0000] {logging_mixin.py:188} INFO - Error loading data: relation "dim_author" does not exist
LINE 2:             INSERT INTO dim_author (author_id, author_name)
                                ^
[2024-09-07T13:56:26.446+0000] {logging_mixin.py:188} INFO - Error loading data: relation "dim_author" does not exist
LINE 2:             INSERT INTO dim_author (author_id, author_name)
                                ^
[2024-09-07T13:56:26.483+0000] {logging_mixin.py:188} INFO - Error loading data: relation "dim_author" does not exist
LINE 2:             INSERT INTO dim_author (author_id, author_name)
                                ^
[2024-09-07T13:56:26.521+0000] {logging_mixin.py:188} INFO - Error loading data: relation "dim_author" does not exist
LINE 2:             INSERT INTO dim_author (author_id, author_name)
                                ^
[2024-09-07T13:56:26.571+0000] {logging_mixin.py:188} INFO - Error loading data: relation "dim_author" does not exist
LINE 2:             INSERT INTO dim_author (author_id, author_name)
                                ^
[2024-09-07T13:56:26.640+0000] {logging_mixin.py:188} INFO - Error loading data: relation "dim_author" does not exist
LINE 2:             INSERT INTO dim_author (author_id, author_name)
                                ^
[2024-09-07T13:56:26.707+0000] {logging_mixin.py:188} INFO - Error loading data: relation "dim_author" does not exist
LINE 2:             INSERT INTO dim_author (author_id, author_name)
                                ^
[2024-09-07T13:56:26.763+0000] {logging_mixin.py:188} INFO - Error loading data: relation "dim_author" does not exist
LINE 2:             INSERT INTO dim_author (author_id, author_name)
                                ^
[2024-09-07T13:56:26.802+0000] {logging_mixin.py:188} INFO - Error loading data: relation "dim_author" does not exist
LINE 2:             INSERT INTO dim_author (author_id, author_name)
                                ^
[2024-09-07T13:56:26.849+0000] {logging_mixin.py:188} INFO - Error loading data: relation "dim_author" does not exist
LINE 2:             INSERT INTO dim_author (author_id, author_name)
                                ^
[2024-09-07T13:56:26.883+0000] {logging_mixin.py:188} INFO - Error loading data: relation "dim_author" does not exist
LINE 2:             INSERT INTO dim_author (author_id, author_name)
                                ^
[2024-09-07T13:56:26.938+0000] {logging_mixin.py:188} INFO - Error loading data: relation "dim_author" does not exist
LINE 2:             INSERT INTO dim_author (author_id, author_name)
                                ^
[2024-09-07T13:56:26.989+0000] {logging_mixin.py:188} INFO - Error loading data: relation "dim_author" does not exist
LINE 2:             INSERT INTO dim_author (author_id, author_name)
                                ^
[2024-09-07T13:56:27.054+0000] {logging_mixin.py:188} INFO - Error loading data: relation "dim_author" does not exist
LINE 2:             INSERT INTO dim_author (author_id, author_name)
                                ^
[2024-09-07T13:56:27.142+0000] {logging_mixin.py:188} INFO - Error loading data: relation "dim_author" does not exist
LINE 2:             INSERT INTO dim_author (author_id, author_name)
                                ^
[2024-09-07T13:56:27.237+0000] {logging_mixin.py:188} INFO - Error loading data: relation "dim_author" does not exist
LINE 2:             INSERT INTO dim_author (author_id, author_name)
                                ^
[2024-09-07T13:56:27.287+0000] {logging_mixin.py:188} INFO - Error loading data: relation "dim_author" does not exist
LINE 2:             INSERT INTO dim_author (author_id, author_name)
                                ^
[2024-09-07T13:56:27.350+0000] {logging_mixin.py:188} INFO - Error loading data: relation "dim_author" does not exist
LINE 2:             INSERT INTO dim_author (author_id, author_name)
                                ^
[2024-09-07T13:56:27.394+0000] {logging_mixin.py:188} INFO - Error loading data: relation "dim_author" does not exist
LINE 2:             INSERT INTO dim_author (author_id, author_name)
                                ^
[2024-09-07T13:56:27.472+0000] {logging_mixin.py:188} INFO - Error loading data: relation "dim_author" does not exist
LINE 2:             INSERT INTO dim_author (author_id, author_name)
                                ^
[2024-09-07T13:56:27.525+0000] {logging_mixin.py:188} INFO - Error loading data: relation "dim_author" does not exist
LINE 2:             INSERT INTO dim_author (author_id, author_name)
                                ^
[2024-09-07T13:56:27.579+0000] {logging_mixin.py:188} INFO - Error loading data: relation "dim_author" does not exist
LINE 2:             INSERT INTO dim_author (author_id, author_name)
                                ^
[2024-09-07T13:56:27.615+0000] {logging_mixin.py:188} INFO - Error loading data: relation "dim_author" does not exist
LINE 2:             INSERT INTO dim_author (author_id, author_name)
                                ^
[2024-09-07T13:56:27.648+0000] {logging_mixin.py:188} INFO - Error loading data: relation "dim_author" does not exist
LINE 2:             INSERT INTO dim_author (author_id, author_name)
                                ^
[2024-09-07T13:56:27.714+0000] {logging_mixin.py:188} INFO - Error loading data: relation "dim_author" does not exist
LINE 2:             INSERT INTO dim_author (author_id, author_name)
                                ^
[2024-09-07T13:56:27.812+0000] {logging_mixin.py:188} INFO - Error loading data: relation "dim_author" does not exist
LINE 2:             INSERT INTO dim_author (author_id, author_name)
                                ^
[2024-09-07T13:56:27.948+0000] {logging_mixin.py:188} INFO - Error loading data: relation "dim_author" does not exist
LINE 2:             INSERT INTO dim_author (author_id, author_name)
                                ^
[2024-09-07T13:56:28.051+0000] {logging_mixin.py:188} INFO - Error loading data: relation "dim_author" does not exist
LINE 2:             INSERT INTO dim_author (author_id, author_name)
                                ^
[2024-09-07T13:56:28.159+0000] {logging_mixin.py:188} INFO - Error loading data: relation "dim_author" does not exist
LINE 2:             INSERT INTO dim_author (author_id, author_name)
                                ^
[2024-09-07T13:56:28.227+0000] {logging_mixin.py:188} INFO - Error loading data: relation "dim_author" does not exist
LINE 2:             INSERT INTO dim_author (author_id, author_name)
                                ^
[2024-09-07T13:56:28.293+0000] {logging_mixin.py:188} INFO - Error loading data: relation "dim_author" does not exist
LINE 2:             INSERT INTO dim_author (author_id, author_name)
                                ^
[2024-09-07T13:56:28.340+0000] {logging_mixin.py:188} INFO - Error loading data: relation "dim_author" does not exist
LINE 2:             INSERT INTO dim_author (author_id, author_name)
                                ^
[2024-09-07T13:56:28.403+0000] {logging_mixin.py:188} INFO - Error loading data: relation "dim_author" does not exist
LINE 2:             INSERT INTO dim_author (author_id, author_name)
                                ^
[2024-09-07T13:56:28.438+0000] {logging_mixin.py:188} INFO - Error loading data: relation "dim_author" does not exist
LINE 2:             INSERT INTO dim_author (author_id, author_name)
                                ^
[2024-09-07T13:56:28.474+0000] {logging_mixin.py:188} INFO - Error loading data: relation "dim_author" does not exist
LINE 2:             INSERT INTO dim_author (author_id, author_name)
                                ^
[2024-09-07T13:56:28.527+0000] {logging_mixin.py:188} INFO - Error loading data: relation "dim_author" does not exist
LINE 2:             INSERT INTO dim_author (author_id, author_name)
                                ^
[2024-09-07T13:56:28.587+0000] {logging_mixin.py:188} INFO - Error loading data: relation "dim_author" does not exist
LINE 2:             INSERT INTO dim_author (author_id, author_name)
                                ^
[2024-09-07T13:56:28.634+0000] {logging_mixin.py:188} INFO - Error loading data: relation "dim_author" does not exist
LINE 2:             INSERT INTO dim_author (author_id, author_name)
                                ^
[2024-09-07T13:56:28.666+0000] {logging_mixin.py:188} INFO - Error loading data: relation "dim_author" does not exist
LINE 2:             INSERT INTO dim_author (author_id, author_name)
                                ^
[2024-09-07T13:56:28.705+0000] {logging_mixin.py:188} INFO - Error loading data: relation "dim_author" does not exist
LINE 2:             INSERT INTO dim_author (author_id, author_name)
                                ^
[2024-09-07T13:56:28.766+0000] {logging_mixin.py:188} INFO - Error loading data: relation "dim_author" does not exist
LINE 2:             INSERT INTO dim_author (author_id, author_name)
                                ^
[2024-09-07T13:56:28.827+0000] {logging_mixin.py:188} INFO - Error loading data: relation "dim_author" does not exist
LINE 2:             INSERT INTO dim_author (author_id, author_name)
                                ^
[2024-09-07T13:56:28.886+0000] {logging_mixin.py:188} INFO - Error loading data: relation "dim_author" does not exist
LINE 2:             INSERT INTO dim_author (author_id, author_name)
                                ^
[2024-09-07T13:56:28.952+0000] {logging_mixin.py:188} INFO - Error loading data: relation "dim_author" does not exist
LINE 2:             INSERT INTO dim_author (author_id, author_name)
                                ^
[2024-09-07T13:56:29.006+0000] {logging_mixin.py:188} INFO - Error loading data: relation "dim_author" does not exist
LINE 2:             INSERT INTO dim_author (author_id, author_name)
                                ^
[2024-09-07T13:56:29.074+0000] {logging_mixin.py:188} INFO - Error loading data: relation "dim_author" does not exist
LINE 2:             INSERT INTO dim_author (author_id, author_name)
                                ^
[2024-09-07T13:56:29.136+0000] {logging_mixin.py:188} INFO - Error loading data: relation "dim_author" does not exist
LINE 2:             INSERT INTO dim_author (author_id, author_name)
                                ^
[2024-09-07T13:56:29.221+0000] {logging_mixin.py:188} INFO - Error loading data: relation "dim_author" does not exist
LINE 2:             INSERT INTO dim_author (author_id, author_name)
                                ^
[2024-09-07T13:56:29.296+0000] {logging_mixin.py:188} INFO - Error loading data: relation "dim_author" does not exist
LINE 2:             INSERT INTO dim_author (author_id, author_name)
                                ^
[2024-09-07T13:56:29.350+0000] {logging_mixin.py:188} INFO - Error loading data: relation "dim_author" does not exist
LINE 2:             INSERT INTO dim_author (author_id, author_name)
                                ^
[2024-09-07T13:56:29.433+0000] {logging_mixin.py:188} INFO - Error loading data: relation "dim_author" does not exist
LINE 2:             INSERT INTO dim_author (author_id, author_name)
                                ^
[2024-09-07T13:56:29.512+0000] {logging_mixin.py:188} INFO - Error loading data: relation "dim_author" does not exist
LINE 2:             INSERT INTO dim_author (author_id, author_name)
                                ^
[2024-09-07T13:56:29.581+0000] {logging_mixin.py:188} INFO - Error loading data: relation "dim_author" does not exist
LINE 2:             INSERT INTO dim_author (author_id, author_name)
                                ^
[2024-09-07T13:56:29.643+0000] {logging_mixin.py:188} INFO - Error loading data: relation "dim_author" does not exist
LINE 2:             INSERT INTO dim_author (author_id, author_name)
                                ^
[2024-09-07T13:56:29.693+0000] {logging_mixin.py:188} INFO - Error loading data: relation "dim_author" does not exist
LINE 2:             INSERT INTO dim_author (author_id, author_name)
                                ^
[2024-09-07T13:56:29.735+0000] {logging_mixin.py:188} INFO - Error loading data: relation "dim_author" does not exist
LINE 2:             INSERT INTO dim_author (author_id, author_name)
                                ^
[2024-09-07T13:56:29.798+0000] {logging_mixin.py:188} INFO - Error loading data: relation "dim_author" does not exist
LINE 2:             INSERT INTO dim_author (author_id, author_name)
                                ^
[2024-09-07T13:56:29.883+0000] {logging_mixin.py:188} INFO - Error loading data: relation "dim_author" does not exist
LINE 2:             INSERT INTO dim_author (author_id, author_name)
                                ^
[2024-09-07T13:56:29.943+0000] {logging_mixin.py:188} INFO - Error loading data: relation "dim_author" does not exist
LINE 2:             INSERT INTO dim_author (author_id, author_name)
                                ^
[2024-09-07T13:56:30.000+0000] {logging_mixin.py:188} INFO - Error loading data: relation "dim_author" does not exist
LINE 2:             INSERT INTO dim_author (author_id, author_name)
                                ^
[2024-09-07T13:56:30.109+0000] {logging_mixin.py:188} INFO - Error loading data: relation "dim_author" does not exist
LINE 2:             INSERT INTO dim_author (author_id, author_name)
                                ^
[2024-09-07T13:56:30.148+0000] {logging_mixin.py:188} INFO - Error loading data: relation "dim_author" does not exist
LINE 2:             INSERT INTO dim_author (author_id, author_name)
                                ^
[2024-09-07T13:56:30.232+0000] {logging_mixin.py:188} INFO - Error loading data: relation "dim_author" does not exist
LINE 2:             INSERT INTO dim_author (author_id, author_name)
                                ^
[2024-09-07T13:56:30.289+0000] {logging_mixin.py:188} INFO - Error loading data: relation "dim_author" does not exist
LINE 2:             INSERT INTO dim_author (author_id, author_name)
                                ^
[2024-09-07T13:56:30.330+0000] {logging_mixin.py:188} INFO - Error loading data: relation "dim_author" does not exist
LINE 2:             INSERT INTO dim_author (author_id, author_name)
                                ^
[2024-09-07T13:56:30.385+0000] {logging_mixin.py:188} INFO - Error loading data: relation "dim_author" does not exist
LINE 2:             INSERT INTO dim_author (author_id, author_name)
                                ^
[2024-09-07T13:56:30.438+0000] {logging_mixin.py:188} INFO - Error loading data: relation "dim_author" does not exist
LINE 2:             INSERT INTO dim_author (author_id, author_name)
                                ^
[2024-09-07T13:56:30.468+0000] {logging_mixin.py:188} INFO - Error loading data: relation "dim_author" does not exist
LINE 2:             INSERT INTO dim_author (author_id, author_name)
                                ^
[2024-09-07T13:56:30.516+0000] {logging_mixin.py:188} INFO - Error loading data: relation "dim_author" does not exist
LINE 2:             INSERT INTO dim_author (author_id, author_name)
                                ^
[2024-09-07T13:56:30.550+0000] {logging_mixin.py:188} INFO - Error loading data: relation "dim_author" does not exist
LINE 2:             INSERT INTO dim_author (author_id, author_name)
                                ^
[2024-09-07T13:56:30.629+0000] {logging_mixin.py:188} INFO - Error loading data: relation "dim_author" does not exist
LINE 2:             INSERT INTO dim_author (author_id, author_name)
                                ^
[2024-09-07T13:56:30.687+0000] {logging_mixin.py:188} INFO - Error loading data: relation "dim_author" does not exist
LINE 2:             INSERT INTO dim_author (author_id, author_name)
                                ^
[2024-09-07T13:56:30.737+0000] {logging_mixin.py:188} INFO - Error loading data: relation "dim_author" does not exist
LINE 2:             INSERT INTO dim_author (author_id, author_name)
                                ^
[2024-09-07T13:56:30.776+0000] {logging_mixin.py:188} INFO - Error loading data: relation "dim_author" does not exist
LINE 2:             INSERT INTO dim_author (author_id, author_name)
                                ^
[2024-09-07T13:56:30.835+0000] {logging_mixin.py:188} INFO - Error loading data: relation "dim_author" does not exist
LINE 2:             INSERT INTO dim_author (author_id, author_name)
                                ^
[2024-09-07T13:56:30.885+0000] {logging_mixin.py:188} INFO - Error loading data: relation "dim_author" does not exist
LINE 2:             INSERT INTO dim_author (author_id, author_name)
                                ^
[2024-09-07T13:56:30.931+0000] {logging_mixin.py:188} INFO - Error loading data: relation "dim_author" does not exist
LINE 2:             INSERT INTO dim_author (author_id, author_name)
                                ^
[2024-09-07T13:56:30.984+0000] {logging_mixin.py:188} INFO - Error loading data: relation "dim_author" does not exist
LINE 2:             INSERT INTO dim_author (author_id, author_name)
                                ^
[2024-09-07T13:56:31.022+0000] {logging_mixin.py:188} INFO - Error loading data: relation "dim_author" does not exist
LINE 2:             INSERT INTO dim_author (author_id, author_name)
                                ^
[2024-09-07T13:56:31.065+0000] {logging_mixin.py:188} INFO - Error loading data: relation "dim_author" does not exist
LINE 2:             INSERT INTO dim_author (author_id, author_name)
                                ^
[2024-09-07T13:56:31.097+0000] {logging_mixin.py:188} INFO - Error loading data: relation "dim_author" does not exist
LINE 2:             INSERT INTO dim_author (author_id, author_name)
                                ^
[2024-09-07T13:56:31.163+0000] {logging_mixin.py:188} INFO - Error loading data: relation "dim_author" does not exist
LINE 2:             INSERT INTO dim_author (author_id, author_name)
                                ^
[2024-09-07T13:56:31.207+0000] {logging_mixin.py:188} INFO - Error loading data: relation "dim_author" does not exist
LINE 2:             INSERT INTO dim_author (author_id, author_name)
                                ^
[2024-09-07T13:56:31.242+0000] {logging_mixin.py:188} INFO - Error loading data: relation "dim_author" does not exist
LINE 2:             INSERT INTO dim_author (author_id, author_name)
                                ^
[2024-09-07T13:56:31.307+0000] {logging_mixin.py:188} INFO - Error loading data: relation "dim_author" does not exist
LINE 2:             INSERT INTO dim_author (author_id, author_name)
                                ^
[2024-09-07T13:56:31.372+0000] {logging_mixin.py:188} INFO - Error loading data: relation "dim_author" does not exist
LINE 2:             INSERT INTO dim_author (author_id, author_name)
                                ^
[2024-09-07T13:56:31.420+0000] {logging_mixin.py:188} INFO - Error loading data: relation "dim_author" does not exist
LINE 2:             INSERT INTO dim_author (author_id, author_name)
                                ^
[2024-09-07T13:56:31.484+0000] {logging_mixin.py:188} INFO - Error loading data: relation "dim_author" does not exist
LINE 2:             INSERT INTO dim_author (author_id, author_name)
                                ^
[2024-09-07T13:56:31.532+0000] {logging_mixin.py:188} INFO - Error loading data: relation "dim_author" does not exist
LINE 2:             INSERT INTO dim_author (author_id, author_name)
                                ^
[2024-09-07T13:56:31.591+0000] {logging_mixin.py:188} INFO - Error loading data: relation "dim_author" does not exist
LINE 2:             INSERT INTO dim_author (author_id, author_name)
                                ^
[2024-09-07T13:56:31.633+0000] {logging_mixin.py:188} INFO - Error loading data: relation "dim_author" does not exist
LINE 2:             INSERT INTO dim_author (author_id, author_name)
                                ^
[2024-09-07T13:56:31.694+0000] {logging_mixin.py:188} INFO - Error loading data: relation "dim_author" does not exist
LINE 2:             INSERT INTO dim_author (author_id, author_name)
                                ^
[2024-09-07T13:56:31.768+0000] {logging_mixin.py:188} INFO - Error loading data: relation "dim_author" does not exist
LINE 2:             INSERT INTO dim_author (author_id, author_name)
                                ^
[2024-09-07T13:56:31.834+0000] {logging_mixin.py:188} INFO - Error loading data: relation "dim_author" does not exist
LINE 2:             INSERT INTO dim_author (author_id, author_name)
                                ^
[2024-09-07T13:56:31.891+0000] {logging_mixin.py:188} INFO - Error loading data: relation "dim_author" does not exist
LINE 2:             INSERT INTO dim_author (author_id, author_name)
                                ^
[2024-09-07T13:56:31.948+0000] {logging_mixin.py:188} INFO - Error loading data: relation "dim_author" does not exist
LINE 2:             INSERT INTO dim_author (author_id, author_name)
                                ^
[2024-09-07T13:56:31.992+0000] {logging_mixin.py:188} INFO - Error loading data: relation "dim_author" does not exist
LINE 2:             INSERT INTO dim_author (author_id, author_name)
                                ^
[2024-09-07T13:56:32.057+0000] {logging_mixin.py:188} INFO - Error loading data: relation "dim_author" does not exist
LINE 2:             INSERT INTO dim_author (author_id, author_name)
                                ^
[2024-09-07T13:56:32.113+0000] {logging_mixin.py:188} INFO - Error loading data: relation "dim_author" does not exist
LINE 2:             INSERT INTO dim_author (author_id, author_name)
                                ^
[2024-09-07T13:56:32.190+0000] {logging_mixin.py:188} INFO - Error loading data: relation "dim_author" does not exist
LINE 2:             INSERT INTO dim_author (author_id, author_name)
                                ^
