[2024-09-07T12:48:52.064+0000] {local_task_job_runner.py:120} INFO - ::group::Pre task execution logs
[2024-09-07T12:48:52.156+0000] {taskinstance.py:2073} INFO - Dependencies all met for dep_context=non-requeueable deps ti=<TaskInstance: reddit_etl.load_data_to_warehouse scheduled__2023-11-16T00:00:00+00:00 [queued]>
[2024-09-07T12:48:52.176+0000] {taskinstance.py:2073} INFO - Dependencies all met for dep_context=requeueable deps ti=<TaskInstance: reddit_etl.load_data_to_warehouse scheduled__2023-11-16T00:00:00+00:00 [queued]>
[2024-09-07T12:48:52.177+0000] {taskinstance.py:2303} INFO - Starting attempt 1 of 2
[2024-09-07T12:48:52.397+0000] {taskinstance.py:2327} INFO - Executing <Task(PythonOperator): load_data_to_warehouse> on 2023-11-16 00:00:00+00:00
[2024-09-07T12:48:52.434+0000] {logging_mixin.py:188} WARNING - /home/airflow/.local/lib/python3.12/site-packages/airflow/task/task_runner/standard_task_runner.py:61 DeprecationWarning: This process (pid=796) is multi-threaded, use of fork() may lead to deadlocks in the child.
[2024-09-07T12:48:52.432+0000] {standard_task_runner.py:90} INFO - Running: ['airflow', 'tasks', 'run', 'reddit_etl', 'load_data_to_warehouse', 'scheduled__2023-11-16T00:00:00+00:00', '--job-id', '168', '--raw', '--subdir', 'DAGS_FOLDER/reddit.py', '--cfg-path', '/tmp/tmpndfvnb2o']
[2024-09-07T12:48:52.438+0000] {standard_task_runner.py:91} INFO - Job 168: Subtask load_data_to_warehouse
[2024-09-07T12:48:52.437+0000] {standard_task_runner.py:63} INFO - Started process 807 to run task
[2024-09-07T12:48:52.586+0000] {task_command.py:426} INFO - Running <TaskInstance: reddit_etl.load_data_to_warehouse scheduled__2023-11-16T00:00:00+00:00 [running]> on host 42d604ea5ce6
[2024-09-07T12:48:52.824+0000] {taskinstance.py:2644} INFO - Exporting env vars: AIRFLOW_CTX_DAG_OWNER='reddithackathon' AIRFLOW_CTX_DAG_ID='reddit_etl' AIRFLOW_CTX_TASK_ID='load_data_to_warehouse' AIRFLOW_CTX_EXECUTION_DATE='2023-11-16T00:00:00+00:00' AIRFLOW_CTX_TRY_NUMBER='1' AIRFLOW_CTX_DAG_RUN_ID='scheduled__2023-11-16T00:00:00+00:00'
[2024-09-07T12:48:52.825+0000] {taskinstance.py:430} INFO - ::endgroup::
[2024-09-07T12:48:52.887+0000] {logging_mixin.py:188} INFO - Error loading data: connection to server on socket "/var/run/postgresql/.s.PGSQL.5432" failed: No such file or directory
	Is the server running locally and accepting connections on that socket?
[2024-09-07T12:48:52.888+0000] {taskinstance.py:441} INFO - ::group::Post task execution logs
[2024-09-07T12:48:52.888+0000] {taskinstance.py:2890} ERROR - Task failed with exception
Traceback (most recent call last):
  File "/opt/airflow/dags/../scripts/load_data.py", line 28, in load_data
    connection = psycopg2.connect(
                 ^^^^^^^^^^^^^^^^^
  File "/home/airflow/.local/lib/python3.12/site-packages/psycopg2/__init__.py", line 122, in connect
    conn = _connect(dsn, connection_factory=connection_factory, **kwasync)
           ^^^^^^^^^^^^^^^^^^^^^^^^^^^^^^^^^^^^^^^^^^^^^^^^^^^^^^^^^^^^^^^
psycopg2.OperationalError: connection to server on socket "/var/run/postgresql/.s.PGSQL.5432" failed: No such file or directory
	Is the server running locally and accepting connections on that socket?


During handling of the above exception, another exception occurred:

Traceback (most recent call last):
  File "/opt/airflow/dags/../scripts/load_data.py", line 74, in load_data
    if connection:
       ^^^^^^^^^^
UnboundLocalError: cannot access local variable 'connection' where it is not associated with a value

During handling of the above exception, another exception occurred:

Traceback (most recent call last):
  File "/home/airflow/.local/lib/python3.12/site-packages/airflow/models/taskinstance.py", line 465, in _execute_task
    result = _execute_callable(context=context, **execute_callable_kwargs)
             ^^^^^^^^^^^^^^^^^^^^^^^^^^^^^^^^^^^^^^^^^^^^^^^^^^^^^^^^^^^^^
  File "/home/airflow/.local/lib/python3.12/site-packages/airflow/models/taskinstance.py", line 432, in _execute_callable
    return execute_callable(context=context, **execute_callable_kwargs)
           ^^^^^^^^^^^^^^^^^^^^^^^^^^^^^^^^^^^^^^^^^^^^^^^^^^^^^^^^^^^^
  File "/home/airflow/.local/lib/python3.12/site-packages/airflow/models/baseoperator.py", line 400, in wrapper
    return func(self, *args, **kwargs)
           ^^^^^^^^^^^^^^^^^^^^^^^^^^^
  File "/home/airflow/.local/lib/python3.12/site-packages/airflow/operators/python.py", line 235, in execute
    return_value = self.execute_callable()
                   ^^^^^^^^^^^^^^^^^^^^^^^
  File "/home/airflow/.local/lib/python3.12/site-packages/airflow/operators/python.py", line 252, in execute_callable
    return self.python_callable(*self.op_args, **self.op_kwargs)
           ^^^^^^^^^^^^^^^^^^^^^^^^^^^^^^^^^^^^^^^^^^^^^^^^^^^^^
  File "/opt/airflow/dags/reddit.py", line 53, in load_transformed_data
    load_data.load_data(post)  # Load each post using load_data script
    ^^^^^^^^^^^^^^^^^^^^^^^^^
  File "/opt/airflow/dags/../scripts/load_data.py", line 78, in load_data
    if cursor:
       ^^^^^^
UnboundLocalError: cannot access local variable 'cursor' where it is not associated with a value
[2024-09-07T12:48:52.913+0000] {taskinstance.py:1205} INFO - Marking task as UP_FOR_RETRY. dag_id=reddit_etl, task_id=load_data_to_warehouse, execution_date=20231116T000000, start_date=20240907T124852, end_date=20240907T124852
[2024-09-07T12:48:52.931+0000] {standard_task_runner.py:110} ERROR - Failed to execute job 168 for task load_data_to_warehouse (cannot access local variable 'cursor' where it is not associated with a value; 807)
[2024-09-07T12:48:52.983+0000] {local_task_job_runner.py:240} INFO - Task exited with return code 1
[2024-09-07T12:48:53.019+0000] {taskinstance.py:3482} INFO - 0 downstream tasks scheduled from follow-on schedule check
[2024-09-07T12:48:53.022+0000] {local_task_job_runner.py:222} INFO - ::endgroup::
[2024-09-07T13:50:13.633+0000] {local_task_job_runner.py:120} INFO - ::group::Pre task execution logs
[2024-09-07T13:50:13.814+0000] {taskinstance.py:2073} INFO - Dependencies all met for dep_context=non-requeueable deps ti=<TaskInstance: reddit_etl.load_data_to_warehouse scheduled__2023-11-16T00:00:00+00:00 [queued]>
[2024-09-07T13:50:13.844+0000] {taskinstance.py:2073} INFO - Dependencies all met for dep_context=requeueable deps ti=<TaskInstance: reddit_etl.load_data_to_warehouse scheduled__2023-11-16T00:00:00+00:00 [queued]>
[2024-09-07T13:50:13.845+0000] {taskinstance.py:2303} INFO - Starting attempt 1 of 2
[2024-09-07T13:50:14.043+0000] {taskinstance.py:2327} INFO - Executing <Task(PythonOperator): load_data_to_warehouse> on 2023-11-16 00:00:00+00:00
[2024-09-07T13:50:14.072+0000] {logging_mixin.py:188} WARNING - /home/airflow/.local/lib/python3.12/site-packages/airflow/task/task_runner/standard_task_runner.py:61 DeprecationWarning: This process (pid=516) is multi-threaded, use of fork() may lead to deadlocks in the child.
[2024-09-07T13:50:14.076+0000] {standard_task_runner.py:63} INFO - Started process 522 to run task
[2024-09-07T13:50:14.086+0000] {standard_task_runner.py:90} INFO - Running: ['airflow', 'tasks', 'run', 'reddit_etl', 'load_data_to_warehouse', 'scheduled__2023-11-16T00:00:00+00:00', '--job-id', '133', '--raw', '--subdir', 'DAGS_FOLDER/reddit.py', '--cfg-path', '/tmp/tmpn0vqybb_']
[2024-09-07T13:50:14.093+0000] {standard_task_runner.py:91} INFO - Job 133: Subtask load_data_to_warehouse
[2024-09-07T13:50:14.501+0000] {task_command.py:426} INFO - Running <TaskInstance: reddit_etl.load_data_to_warehouse scheduled__2023-11-16T00:00:00+00:00 [running]> on host 3c1025a7eaca
[2024-09-07T13:50:14.920+0000] {taskinstance.py:2644} INFO - Exporting env vars: AIRFLOW_CTX_DAG_OWNER='reddithackathon' AIRFLOW_CTX_DAG_ID='reddit_etl' AIRFLOW_CTX_TASK_ID='load_data_to_warehouse' AIRFLOW_CTX_EXECUTION_DATE='2023-11-16T00:00:00+00:00' AIRFLOW_CTX_TRY_NUMBER='1' AIRFLOW_CTX_DAG_RUN_ID='scheduled__2023-11-16T00:00:00+00:00'
[2024-09-07T13:50:14.922+0000] {taskinstance.py:430} INFO - ::endgroup::
[2024-09-07T13:50:15.072+0000] {logging_mixin.py:188} INFO - Error loading data: relation "dim_author" does not exist
LINE 2:             INSERT INTO dim_author (author_id, author_name)
                                ^
[2024-09-07T13:50:15.120+0000] {logging_mixin.py:188} INFO - Error loading data: relation "dim_author" does not exist
LINE 2:             INSERT INTO dim_author (author_id, author_name)
                                ^
[2024-09-07T13:50:15.150+0000] {logging_mixin.py:188} INFO - Error loading data: relation "dim_author" does not exist
LINE 2:             INSERT INTO dim_author (author_id, author_name)
                                ^
[2024-09-07T13:50:15.202+0000] {logging_mixin.py:188} INFO - Error loading data: relation "dim_author" does not exist
LINE 2:             INSERT INTO dim_author (author_id, author_name)
                                ^
[2024-09-07T13:50:15.236+0000] {logging_mixin.py:188} INFO - Error loading data: relation "dim_author" does not exist
LINE 2:             INSERT INTO dim_author (author_id, author_name)
                                ^
[2024-09-07T13:50:15.265+0000] {logging_mixin.py:188} INFO - Error loading data: relation "dim_author" does not exist
LINE 2:             INSERT INTO dim_author (author_id, author_name)
                                ^
[2024-09-07T13:50:15.297+0000] {logging_mixin.py:188} INFO - Error loading data: relation "dim_author" does not exist
LINE 2:             INSERT INTO dim_author (author_id, author_name)
                                ^
[2024-09-07T13:50:15.335+0000] {logging_mixin.py:188} INFO - Error loading data: relation "dim_author" does not exist
LINE 2:             INSERT INTO dim_author (author_id, author_name)
                                ^
[2024-09-07T13:50:15.393+0000] {logging_mixin.py:188} INFO - Error loading data: relation "dim_author" does not exist
LINE 2:             INSERT INTO dim_author (author_id, author_name)
                                ^
[2024-09-07T13:50:15.452+0000] {logging_mixin.py:188} INFO - Error loading data: relation "dim_author" does not exist
LINE 2:             INSERT INTO dim_author (author_id, author_name)
                                ^
[2024-09-07T13:50:15.488+0000] {logging_mixin.py:188} INFO - Error loading data: relation "dim_author" does not exist
LINE 2:             INSERT INTO dim_author (author_id, author_name)
                                ^
[2024-09-07T13:50:15.528+0000] {logging_mixin.py:188} INFO - Error loading data: relation "dim_author" does not exist
LINE 2:             INSERT INTO dim_author (author_id, author_name)
                                ^
[2024-09-07T13:50:15.572+0000] {logging_mixin.py:188} INFO - Error loading data: relation "dim_author" does not exist
LINE 2:             INSERT INTO dim_author (author_id, author_name)
                                ^
[2024-09-07T13:50:15.601+0000] {logging_mixin.py:188} INFO - Error loading data: relation "dim_author" does not exist
LINE 2:             INSERT INTO dim_author (author_id, author_name)
                                ^
[2024-09-07T13:50:15.643+0000] {logging_mixin.py:188} INFO - Error loading data: relation "dim_author" does not exist
LINE 2:             INSERT INTO dim_author (author_id, author_name)
                                ^
[2024-09-07T13:50:15.684+0000] {logging_mixin.py:188} INFO - Error loading data: relation "dim_author" does not exist
LINE 2:             INSERT INTO dim_author (author_id, author_name)
                                ^
[2024-09-07T13:50:15.727+0000] {logging_mixin.py:188} INFO - Error loading data: relation "dim_author" does not exist
LINE 2:             INSERT INTO dim_author (author_id, author_name)
                                ^
[2024-09-07T13:50:15.781+0000] {logging_mixin.py:188} INFO - Error loading data: relation "dim_author" does not exist
LINE 2:             INSERT INTO dim_author (author_id, author_name)
                                ^
[2024-09-07T13:50:15.834+0000] {logging_mixin.py:188} INFO - Error loading data: relation "dim_author" does not exist
LINE 2:             INSERT INTO dim_author (author_id, author_name)
                                ^
[2024-09-07T13:50:15.895+0000] {logging_mixin.py:188} INFO - Error loading data: relation "dim_author" does not exist
LINE 2:             INSERT INTO dim_author (author_id, author_name)
                                ^
[2024-09-07T13:50:15.964+0000] {logging_mixin.py:188} INFO - Error loading data: relation "dim_author" does not exist
LINE 2:             INSERT INTO dim_author (author_id, author_name)
                                ^
[2024-09-07T13:50:16.002+0000] {logging_mixin.py:188} INFO - Error loading data: relation "dim_author" does not exist
LINE 2:             INSERT INTO dim_author (author_id, author_name)
                                ^
[2024-09-07T13:50:16.043+0000] {logging_mixin.py:188} INFO - Error loading data: relation "dim_author" does not exist
LINE 2:             INSERT INTO dim_author (author_id, author_name)
                                ^
[2024-09-07T13:50:16.076+0000] {logging_mixin.py:188} INFO - Error loading data: relation "dim_author" does not exist
LINE 2:             INSERT INTO dim_author (author_id, author_name)
                                ^
[2024-09-07T13:50:16.110+0000] {logging_mixin.py:188} INFO - Error loading data: relation "dim_author" does not exist
LINE 2:             INSERT INTO dim_author (author_id, author_name)
                                ^
[2024-09-07T13:50:16.140+0000] {logging_mixin.py:188} INFO - Error loading data: relation "dim_author" does not exist
LINE 2:             INSERT INTO dim_author (author_id, author_name)
                                ^
[2024-09-07T13:50:16.185+0000] {logging_mixin.py:188} INFO - Error loading data: relation "dim_author" does not exist
LINE 2:             INSERT INTO dim_author (author_id, author_name)
                                ^
[2024-09-07T13:50:16.224+0000] {logging_mixin.py:188} INFO - Error loading data: relation "dim_author" does not exist
LINE 2:             INSERT INTO dim_author (author_id, author_name)
                                ^
[2024-09-07T13:50:16.269+0000] {logging_mixin.py:188} INFO - Error loading data: relation "dim_author" does not exist
LINE 2:             INSERT INTO dim_author (author_id, author_name)
                                ^
[2024-09-07T13:50:16.323+0000] {logging_mixin.py:188} INFO - Error loading data: relation "dim_author" does not exist
LINE 2:             INSERT INTO dim_author (author_id, author_name)
                                ^
[2024-09-07T13:50:16.366+0000] {logging_mixin.py:188} INFO - Error loading data: relation "dim_author" does not exist
LINE 2:             INSERT INTO dim_author (author_id, author_name)
                                ^
[2024-09-07T13:50:16.484+0000] {logging_mixin.py:188} INFO - Error loading data: relation "dim_author" does not exist
LINE 2:             INSERT INTO dim_author (author_id, author_name)
                                ^
[2024-09-07T13:50:16.544+0000] {logging_mixin.py:188} INFO - Error loading data: relation "dim_author" does not exist
LINE 2:             INSERT INTO dim_author (author_id, author_name)
                                ^
[2024-09-07T13:50:16.600+0000] {logging_mixin.py:188} INFO - Error loading data: relation "dim_author" does not exist
LINE 2:             INSERT INTO dim_author (author_id, author_name)
                                ^
[2024-09-07T13:50:16.686+0000] {logging_mixin.py:188} INFO - Error loading data: relation "dim_author" does not exist
LINE 2:             INSERT INTO dim_author (author_id, author_name)
                                ^
[2024-09-07T13:50:16.770+0000] {logging_mixin.py:188} INFO - Error loading data: relation "dim_author" does not exist
LINE 2:             INSERT INTO dim_author (author_id, author_name)
                                ^
[2024-09-07T13:50:16.799+0000] {logging_mixin.py:188} INFO - Error loading data: relation "dim_author" does not exist
LINE 2:             INSERT INTO dim_author (author_id, author_name)
                                ^
[2024-09-07T13:50:16.834+0000] {logging_mixin.py:188} INFO - Error loading data: relation "dim_author" does not exist
LINE 2:             INSERT INTO dim_author (author_id, author_name)
                                ^
[2024-09-07T13:50:16.872+0000] {logging_mixin.py:188} INFO - Error loading data: relation "dim_author" does not exist
LINE 2:             INSERT INTO dim_author (author_id, author_name)
                                ^
[2024-09-07T13:50:16.903+0000] {logging_mixin.py:188} INFO - Error loading data: relation "dim_author" does not exist
LINE 2:             INSERT INTO dim_author (author_id, author_name)
                                ^
[2024-09-07T13:50:16.936+0000] {logging_mixin.py:188} INFO - Error loading data: relation "dim_author" does not exist
LINE 2:             INSERT INTO dim_author (author_id, author_name)
                                ^
[2024-09-07T13:50:16.967+0000] {logging_mixin.py:188} INFO - Error loading data: relation "dim_author" does not exist
LINE 2:             INSERT INTO dim_author (author_id, author_name)
                                ^
[2024-09-07T13:50:17.005+0000] {logging_mixin.py:188} INFO - Error loading data: relation "dim_author" does not exist
LINE 2:             INSERT INTO dim_author (author_id, author_name)
                                ^
[2024-09-07T13:50:17.040+0000] {logging_mixin.py:188} INFO - Error loading data: relation "dim_author" does not exist
LINE 2:             INSERT INTO dim_author (author_id, author_name)
                                ^
[2024-09-07T13:50:17.068+0000] {logging_mixin.py:188} INFO - Error loading data: relation "dim_author" does not exist
LINE 2:             INSERT INTO dim_author (author_id, author_name)
                                ^
[2024-09-07T13:50:17.097+0000] {logging_mixin.py:188} INFO - Error loading data: relation "dim_author" does not exist
LINE 2:             INSERT INTO dim_author (author_id, author_name)
                                ^
[2024-09-07T13:50:17.175+0000] {logging_mixin.py:188} INFO - Error loading data: relation "dim_author" does not exist
LINE 2:             INSERT INTO dim_author (author_id, author_name)
                                ^
[2024-09-07T13:50:17.220+0000] {logging_mixin.py:188} INFO - Error loading data: relation "dim_author" does not exist
LINE 2:             INSERT INTO dim_author (author_id, author_name)
                                ^
[2024-09-07T13:50:17.273+0000] {logging_mixin.py:188} INFO - Error loading data: relation "dim_author" does not exist
LINE 2:             INSERT INTO dim_author (author_id, author_name)
                                ^
[2024-09-07T13:50:17.345+0000] {logging_mixin.py:188} INFO - Error loading data: relation "dim_author" does not exist
LINE 2:             INSERT INTO dim_author (author_id, author_name)
                                ^
[2024-09-07T13:50:17.410+0000] {logging_mixin.py:188} INFO - Error loading data: relation "dim_author" does not exist
LINE 2:             INSERT INTO dim_author (author_id, author_name)
                                ^
[2024-09-07T13:50:17.492+0000] {logging_mixin.py:188} INFO - Error loading data: relation "dim_author" does not exist
LINE 2:             INSERT INTO dim_author (author_id, author_name)
                                ^
[2024-09-07T13:50:17.637+0000] {logging_mixin.py:188} INFO - Error loading data: relation "dim_author" does not exist
LINE 2:             INSERT INTO dim_author (author_id, author_name)
                                ^
[2024-09-07T13:50:17.689+0000] {logging_mixin.py:188} INFO - Error loading data: relation "dim_author" does not exist
LINE 2:             INSERT INTO dim_author (author_id, author_name)
                                ^
[2024-09-07T13:50:17.748+0000] {logging_mixin.py:188} INFO - Error loading data: relation "dim_author" does not exist
LINE 2:             INSERT INTO dim_author (author_id, author_name)
                                ^
[2024-09-07T13:50:17.805+0000] {logging_mixin.py:188} INFO - Error loading data: relation "dim_author" does not exist
LINE 2:             INSERT INTO dim_author (author_id, author_name)
                                ^
[2024-09-07T13:50:17.862+0000] {logging_mixin.py:188} INFO - Error loading data: relation "dim_author" does not exist
LINE 2:             INSERT INTO dim_author (author_id, author_name)
                                ^
[2024-09-07T13:50:17.926+0000] {logging_mixin.py:188} INFO - Error loading data: relation "dim_author" does not exist
LINE 2:             INSERT INTO dim_author (author_id, author_name)
                                ^
[2024-09-07T13:50:17.977+0000] {logging_mixin.py:188} INFO - Error loading data: relation "dim_author" does not exist
LINE 2:             INSERT INTO dim_author (author_id, author_name)
                                ^
[2024-09-07T13:50:18.046+0000] {logging_mixin.py:188} INFO - Error loading data: relation "dim_author" does not exist
LINE 2:             INSERT INTO dim_author (author_id, author_name)
                                ^
[2024-09-07T13:50:18.103+0000] {logging_mixin.py:188} INFO - Error loading data: relation "dim_author" does not exist
LINE 2:             INSERT INTO dim_author (author_id, author_name)
                                ^
[2024-09-07T13:50:18.146+0000] {logging_mixin.py:188} INFO - Error loading data: relation "dim_author" does not exist
LINE 2:             INSERT INTO dim_author (author_id, author_name)
                                ^
[2024-09-07T13:50:18.185+0000] {logging_mixin.py:188} INFO - Error loading data: relation "dim_author" does not exist
LINE 2:             INSERT INTO dim_author (author_id, author_name)
                                ^
[2024-09-07T13:50:18.242+0000] {logging_mixin.py:188} INFO - Error loading data: relation "dim_author" does not exist
LINE 2:             INSERT INTO dim_author (author_id, author_name)
                                ^
[2024-09-07T13:50:18.296+0000] {logging_mixin.py:188} INFO - Error loading data: relation "dim_author" does not exist
LINE 2:             INSERT INTO dim_author (author_id, author_name)
                                ^
[2024-09-07T13:50:18.360+0000] {logging_mixin.py:188} INFO - Error loading data: relation "dim_author" does not exist
LINE 2:             INSERT INTO dim_author (author_id, author_name)
                                ^
[2024-09-07T13:50:18.423+0000] {logging_mixin.py:188} INFO - Error loading data: relation "dim_author" does not exist
LINE 2:             INSERT INTO dim_author (author_id, author_name)
                                ^
[2024-09-07T13:50:18.499+0000] {logging_mixin.py:188} INFO - Error loading data: relation "dim_author" does not exist
LINE 2:             INSERT INTO dim_author (author_id, author_name)
                                ^
[2024-09-07T13:50:18.558+0000] {logging_mixin.py:188} INFO - Error loading data: relation "dim_author" does not exist
LINE 2:             INSERT INTO dim_author (author_id, author_name)
                                ^
[2024-09-07T13:50:18.612+0000] {logging_mixin.py:188} INFO - Error loading data: relation "dim_author" does not exist
LINE 2:             INSERT INTO dim_author (author_id, author_name)
                                ^
[2024-09-07T13:50:18.680+0000] {logging_mixin.py:188} INFO - Error loading data: relation "dim_author" does not exist
LINE 2:             INSERT INTO dim_author (author_id, author_name)
                                ^
[2024-09-07T13:50:18.719+0000] {logging_mixin.py:188} INFO - Error loading data: relation "dim_author" does not exist
LINE 2:             INSERT INTO dim_author (author_id, author_name)
                                ^
[2024-09-07T13:50:18.758+0000] {logging_mixin.py:188} INFO - Error loading data: relation "dim_author" does not exist
LINE 2:             INSERT INTO dim_author (author_id, author_name)
                                ^
[2024-09-07T13:50:18.833+0000] {logging_mixin.py:188} INFO - Error loading data: relation "dim_author" does not exist
LINE 2:             INSERT INTO dim_author (author_id, author_name)
                                ^
[2024-09-07T13:50:18.905+0000] {logging_mixin.py:188} INFO - Error loading data: relation "dim_author" does not exist
LINE 2:             INSERT INTO dim_author (author_id, author_name)
                                ^
[2024-09-07T13:50:18.965+0000] {logging_mixin.py:188} INFO - Error loading data: relation "dim_author" does not exist
LINE 2:             INSERT INTO dim_author (author_id, author_name)
                                ^
[2024-09-07T13:50:18.998+0000] {logging_mixin.py:188} INFO - Error loading data: relation "dim_author" does not exist
LINE 2:             INSERT INTO dim_author (author_id, author_name)
                                ^
[2024-09-07T13:50:19.038+0000] {logging_mixin.py:188} INFO - Error loading data: relation "dim_author" does not exist
LINE 2:             INSERT INTO dim_author (author_id, author_name)
                                ^
[2024-09-07T13:50:19.098+0000] {logging_mixin.py:188} INFO - Error loading data: relation "dim_author" does not exist
LINE 2:             INSERT INTO dim_author (author_id, author_name)
                                ^
[2024-09-07T13:50:19.171+0000] {logging_mixin.py:188} INFO - Error loading data: relation "dim_author" does not exist
LINE 2:             INSERT INTO dim_author (author_id, author_name)
                                ^
[2024-09-07T13:50:19.238+0000] {logging_mixin.py:188} INFO - Error loading data: relation "dim_author" does not exist
LINE 2:             INSERT INTO dim_author (author_id, author_name)
                                ^
[2024-09-07T13:50:19.293+0000] {logging_mixin.py:188} INFO - Error loading data: relation "dim_author" does not exist
LINE 2:             INSERT INTO dim_author (author_id, author_name)
                                ^
[2024-09-07T13:50:19.347+0000] {logging_mixin.py:188} INFO - Error loading data: relation "dim_author" does not exist
LINE 2:             INSERT INTO dim_author (author_id, author_name)
                                ^
[2024-09-07T13:50:19.406+0000] {logging_mixin.py:188} INFO - Error loading data: relation "dim_author" does not exist
LINE 2:             INSERT INTO dim_author (author_id, author_name)
                                ^
[2024-09-07T13:50:19.470+0000] {logging_mixin.py:188} INFO - Error loading data: relation "dim_author" does not exist
LINE 2:             INSERT INTO dim_author (author_id, author_name)
                                ^
[2024-09-07T13:50:19.527+0000] {logging_mixin.py:188} INFO - Error loading data: relation "dim_author" does not exist
LINE 2:             INSERT INTO dim_author (author_id, author_name)
                                ^
[2024-09-07T13:50:19.560+0000] {logging_mixin.py:188} INFO - Error loading data: relation "dim_author" does not exist
LINE 2:             INSERT INTO dim_author (author_id, author_name)
                                ^
[2024-09-07T13:50:19.613+0000] {logging_mixin.py:188} INFO - Error loading data: relation "dim_author" does not exist
LINE 2:             INSERT INTO dim_author (author_id, author_name)
                                ^
[2024-09-07T13:50:19.675+0000] {logging_mixin.py:188} INFO - Error loading data: relation "dim_author" does not exist
LINE 2:             INSERT INTO dim_author (author_id, author_name)
                                ^
[2024-09-07T13:50:19.749+0000] {logging_mixin.py:188} INFO - Error loading data: relation "dim_author" does not exist
LINE 2:             INSERT INTO dim_author (author_id, author_name)
                                ^
[2024-09-07T13:50:19.794+0000] {logging_mixin.py:188} INFO - Error loading data: relation "dim_author" does not exist
LINE 2:             INSERT INTO dim_author (author_id, author_name)
                                ^
[2024-09-07T13:50:19.836+0000] {logging_mixin.py:188} INFO - Error loading data: relation "dim_author" does not exist
LINE 2:             INSERT INTO dim_author (author_id, author_name)
                                ^
[2024-09-07T13:50:19.874+0000] {logging_mixin.py:188} INFO - Error loading data: relation "dim_author" does not exist
LINE 2:             INSERT INTO dim_author (author_id, author_name)
                                ^
[2024-09-07T13:50:19.911+0000] {logging_mixin.py:188} INFO - Error loading data: relation "dim_author" does not exist
LINE 2:             INSERT INTO dim_author (author_id, author_name)
                                ^
[2024-09-07T13:50:19.982+0000] {logging_mixin.py:188} INFO - Error loading data: relation "dim_author" does not exist
LINE 2:             INSERT INTO dim_author (author_id, author_name)
                                ^
[2024-09-07T13:50:20.017+0000] {logging_mixin.py:188} INFO - Error loading data: relation "dim_author" does not exist
LINE 2:             INSERT INTO dim_author (author_id, author_name)
                                ^
[2024-09-07T13:50:20.051+0000] {logging_mixin.py:188} INFO - Error loading data: relation "dim_author" does not exist
LINE 2:             INSERT INTO dim_author (author_id, author_name)
                                ^
[2024-09-07T13:50:20.088+0000] {logging_mixin.py:188} INFO - Error loading data: relation "dim_author" does not exist
LINE 2:             INSERT INTO dim_author (author_id, author_name)
                                ^
[2024-09-07T13:50:20.144+0000] {logging_mixin.py:188} INFO - Error loading data: relation "dim_author" does not exist
LINE 2:             INSERT INTO dim_author (author_id, author_name)
                                ^
[2024-09-07T13:50:20.185+0000] {logging_mixin.py:188} INFO - Error loading data: relation "dim_author" does not exist
LINE 2:             INSERT INTO dim_author (author_id, author_name)
                                ^
[2024-09-07T13:50:20.218+0000] {logging_mixin.py:188} INFO - Error loading data: relation "dim_author" does not exist
LINE 2:             INSERT INTO dim_author (author_id, author_name)
                                ^
[2024-09-07T13:50:20.265+0000] {logging_mixin.py:188} INFO - Error loading data: relation "dim_author" does not exist
LINE 2:             INSERT INTO dim_author (author_id, author_name)
                                ^
[2024-09-07T13:50:20.312+0000] {logging_mixin.py:188} INFO - Error loading data: relation "dim_author" does not exist
LINE 2:             INSERT INTO dim_author (author_id, author_name)
                                ^
[2024-09-07T13:50:20.364+0000] {logging_mixin.py:188} INFO - Error loading data: relation "dim_author" does not exist
LINE 2:             INSERT INTO dim_author (author_id, author_name)
                                ^
[2024-09-07T13:50:20.411+0000] {logging_mixin.py:188} INFO - Error loading data: relation "dim_author" does not exist
LINE 2:             INSERT INTO dim_author (author_id, author_name)
                                ^
[2024-09-07T13:50:20.477+0000] {logging_mixin.py:188} INFO - Error loading data: relation "dim_author" does not exist
LINE 2:             INSERT INTO dim_author (author_id, author_name)
                                ^
[2024-09-07T13:50:20.554+0000] {logging_mixin.py:188} INFO - Error loading data: relation "dim_author" does not exist
LINE 2:             INSERT INTO dim_author (author_id, author_name)
                                ^
[2024-09-07T13:50:20.619+0000] {logging_mixin.py:188} INFO - Error loading data: relation "dim_author" does not exist
LINE 2:             INSERT INTO dim_author (author_id, author_name)
                                ^
[2024-09-07T13:50:20.691+0000] {logging_mixin.py:188} INFO - Error loading data: relation "dim_author" does not exist
LINE 2:             INSERT INTO dim_author (author_id, author_name)
                                ^
[2024-09-07T13:50:20.761+0000] {logging_mixin.py:188} INFO - Error loading data: relation "dim_author" does not exist
LINE 2:             INSERT INTO dim_author (author_id, author_name)
                                ^
[2024-09-07T13:50:20.804+0000] {logging_mixin.py:188} INFO - Error loading data: relation "dim_author" does not exist
LINE 2:             INSERT INTO dim_author (author_id, author_name)
                                ^
[2024-09-07T13:50:20.866+0000] {logging_mixin.py:188} INFO - Error loading data: relation "dim_author" does not exist
LINE 2:             INSERT INTO dim_author (author_id, author_name)
                                ^
[2024-09-07T13:50:20.933+0000] {logging_mixin.py:188} INFO - Error loading data: relation "dim_author" does not exist
LINE 2:             INSERT INTO dim_author (author_id, author_name)
                                ^
[2024-09-07T13:50:20.996+0000] {logging_mixin.py:188} INFO - Error loading data: relation "dim_author" does not exist
LINE 2:             INSERT INTO dim_author (author_id, author_name)
                                ^
[2024-09-07T13:50:21.041+0000] {logging_mixin.py:188} INFO - Error loading data: relation "dim_author" does not exist
LINE 2:             INSERT INTO dim_author (author_id, author_name)
                                ^
[2024-09-07T13:50:21.088+0000] {logging_mixin.py:188} INFO - Error loading data: relation "dim_author" does not exist
LINE 2:             INSERT INTO dim_author (author_id, author_name)
                                ^
[2024-09-07T13:50:21.146+0000] {logging_mixin.py:188} INFO - Error loading data: relation "dim_author" does not exist
LINE 2:             INSERT INTO dim_author (author_id, author_name)
                                ^
[2024-09-07T13:50:21.199+0000] {logging_mixin.py:188} INFO - Error loading data: relation "dim_author" does not exist
LINE 2:             INSERT INTO dim_author (author_id, author_name)
                                ^
[2024-09-07T13:50:21.257+0000] {logging_mixin.py:188} INFO - Error loading data: relation "dim_author" does not exist
LINE 2:             INSERT INTO dim_author (author_id, author_name)
                                ^
[2024-09-07T13:50:21.321+0000] {logging_mixin.py:188} INFO - Error loading data: relation "dim_author" does not exist
LINE 2:             INSERT INTO dim_author (author_id, author_name)
                                ^
[2024-09-07T13:50:21.392+0000] {logging_mixin.py:188} INFO - Error loading data: relation "dim_author" does not exist
LINE 2:             INSERT INTO dim_author (author_id, author_name)
                                ^
[2024-09-07T13:50:21.440+0000] {logging_mixin.py:188} INFO - Error loading data: relation "dim_author" does not exist
LINE 2:             INSERT INTO dim_author (author_id, author_name)
                                ^
[2024-09-07T13:50:21.493+0000] {logging_mixin.py:188} INFO - Error loading data: relation "dim_author" does not exist
LINE 2:             INSERT INTO dim_author (author_id, author_name)
                                ^
[2024-09-07T13:50:21.552+0000] {logging_mixin.py:188} INFO - Error loading data: relation "dim_author" does not exist
LINE 2:             INSERT INTO dim_author (author_id, author_name)
                                ^
[2024-09-07T13:50:21.610+0000] {logging_mixin.py:188} INFO - Error loading data: relation "dim_author" does not exist
LINE 2:             INSERT INTO dim_author (author_id, author_name)
                                ^
[2024-09-07T13:50:21.675+0000] {logging_mixin.py:188} INFO - Error loading data: relation "dim_author" does not exist
LINE 2:             INSERT INTO dim_author (author_id, author_name)
                                ^
[2024-09-07T13:50:21.736+0000] {logging_mixin.py:188} INFO - Error loading data: relation "dim_author" does not exist
LINE 2:             INSERT INTO dim_author (author_id, author_name)
                                ^
[2024-09-07T13:50:21.830+0000] {logging_mixin.py:188} INFO - Error loading data: relation "dim_author" does not exist
LINE 2:             INSERT INTO dim_author (author_id, author_name)
                                ^
[2024-09-07T13:50:21.900+0000] {logging_mixin.py:188} INFO - Error loading data: relation "dim_author" does not exist
LINE 2:             INSERT INTO dim_author (author_id, author_name)
                                ^
[2024-09-07T13:50:21.941+0000] {logging_mixin.py:188} INFO - Error loading data: relation "dim_author" does not exist
LINE 2:             INSERT INTO dim_author (author_id, author_name)
                                ^
[2024-09-07T13:50:21.980+0000] {logging_mixin.py:188} INFO - Error loading data: relation "dim_author" does not exist
LINE 2:             INSERT INTO dim_author (author_id, author_name)
                                ^
[2024-09-07T13:50:22.014+0000] {logging_mixin.py:188} INFO - Error loading data: relation "dim_author" does not exist
LINE 2:             INSERT INTO dim_author (author_id, author_name)
                                ^
[2024-09-07T13:50:22.073+0000] {logging_mixin.py:188} INFO - Error loading data: relation "dim_author" does not exist
LINE 2:             INSERT INTO dim_author (author_id, author_name)
                                ^
[2024-09-07T13:50:22.107+0000] {logging_mixin.py:188} INFO - Error loading data: relation "dim_author" does not exist
LINE 2:             INSERT INTO dim_author (author_id, author_name)
                                ^
[2024-09-07T13:50:22.154+0000] {logging_mixin.py:188} INFO - Error loading data: relation "dim_author" does not exist
LINE 2:             INSERT INTO dim_author (author_id, author_name)
                                ^
[2024-09-07T13:50:22.211+0000] {logging_mixin.py:188} INFO - Error loading data: relation "dim_author" does not exist
LINE 2:             INSERT INTO dim_author (author_id, author_name)
                                ^
[2024-09-07T13:50:22.312+0000] {logging_mixin.py:188} INFO - Error loading data: relation "dim_author" does not exist
LINE 2:             INSERT INTO dim_author (author_id, author_name)
                                ^
[2024-09-07T13:50:22.358+0000] {logging_mixin.py:188} INFO - Error loading data: relation "dim_author" does not exist
LINE 2:             INSERT INTO dim_author (author_id, author_name)
                                ^
[2024-09-07T13:50:22.416+0000] {logging_mixin.py:188} INFO - Error loading data: relation "dim_author" does not exist
LINE 2:             INSERT INTO dim_author (author_id, author_name)
                                ^
[2024-09-07T13:50:22.475+0000] {logging_mixin.py:188} INFO - Error loading data: relation "dim_author" does not exist
LINE 2:             INSERT INTO dim_author (author_id, author_name)
                                ^
[2024-09-07T13:50:22.538+0000] {logging_mixin.py:188} INFO - Error loading data: relation "dim_author" does not exist
LINE 2:             INSERT INTO dim_author (author_id, author_name)
                                ^
[2024-09-07T13:50:22.580+0000] {logging_mixin.py:188} INFO - Error loading data: relation "dim_author" does not exist
LINE 2:             INSERT INTO dim_author (author_id, author_name)
                                ^
[2024-09-07T13:50:22.631+0000] {logging_mixin.py:188} INFO - Error loading data: relation "dim_author" does not exist
LINE 2:             INSERT INTO dim_author (author_id, author_name)
                                ^
[2024-09-07T13:50:22.720+0000] {logging_mixin.py:188} INFO - Error loading data: relation "dim_author" does not exist
LINE 2:             INSERT INTO dim_author (author_id, author_name)
                                ^
[2024-09-07T13:50:22.796+0000] {logging_mixin.py:188} INFO - Error loading data: relation "dim_author" does not exist
LINE 2:             INSERT INTO dim_author (author_id, author_name)
                                ^
[2024-09-07T13:50:22.870+0000] {logging_mixin.py:188} INFO - Error loading data: relation "dim_author" does not exist
LINE 2:             INSERT INTO dim_author (author_id, author_name)
                                ^
[2024-09-07T13:50:22.910+0000] {logging_mixin.py:188} INFO - Error loading data: relation "dim_author" does not exist
LINE 2:             INSERT INTO dim_author (author_id, author_name)
                                ^
[2024-09-07T13:50:22.952+0000] {logging_mixin.py:188} INFO - Error loading data: relation "dim_author" does not exist
LINE 2:             INSERT INTO dim_author (author_id, author_name)
                                ^
[2024-09-07T13:50:22.983+0000] {logging_mixin.py:188} INFO - Error loading data: relation "dim_author" does not exist
LINE 2:             INSERT INTO dim_author (author_id, author_name)
                                ^
[2024-09-07T13:50:23.026+0000] {logging_mixin.py:188} INFO - Error loading data: relation "dim_author" does not exist
LINE 2:             INSERT INTO dim_author (author_id, author_name)
                                ^
[2024-09-07T13:50:23.096+0000] {logging_mixin.py:188} INFO - Error loading data: relation "dim_author" does not exist
LINE 2:             INSERT INTO dim_author (author_id, author_name)
                                ^
[2024-09-07T13:50:23.136+0000] {logging_mixin.py:188} INFO - Error loading data: relation "dim_author" does not exist
LINE 2:             INSERT INTO dim_author (author_id, author_name)
                                ^
[2024-09-07T13:50:23.215+0000] {logging_mixin.py:188} INFO - Error loading data: relation "dim_author" does not exist
LINE 2:             INSERT INTO dim_author (author_id, author_name)
                                ^
[2024-09-07T13:50:23.277+0000] {logging_mixin.py:188} INFO - Error loading data: relation "dim_author" does not exist
LINE 2:             INSERT INTO dim_author (author_id, author_name)
                                ^
[2024-09-07T13:50:23.340+0000] {logging_mixin.py:188} INFO - Error loading data: relation "dim_author" does not exist
LINE 2:             INSERT INTO dim_author (author_id, author_name)
                                ^
[2024-09-07T13:50:23.407+0000] {logging_mixin.py:188} INFO - Error loading data: relation "dim_author" does not exist
LINE 2:             INSERT INTO dim_author (author_id, author_name)
                                ^
[2024-09-07T13:50:23.483+0000] {logging_mixin.py:188} INFO - Error loading data: relation "dim_author" does not exist
LINE 2:             INSERT INTO dim_author (author_id, author_name)
                                ^
[2024-09-07T13:50:23.527+0000] {logging_mixin.py:188} INFO - Error loading data: relation "dim_author" does not exist
LINE 2:             INSERT INTO dim_author (author_id, author_name)
                                ^
[2024-09-07T13:50:23.605+0000] {logging_mixin.py:188} INFO - Error loading data: relation "dim_author" does not exist
LINE 2:             INSERT INTO dim_author (author_id, author_name)
                                ^
[2024-09-07T13:50:23.669+0000] {logging_mixin.py:188} INFO - Error loading data: relation "dim_author" does not exist
LINE 2:             INSERT INTO dim_author (author_id, author_name)
                                ^
[2024-09-07T13:50:23.726+0000] {logging_mixin.py:188} INFO - Error loading data: relation "dim_author" does not exist
LINE 2:             INSERT INTO dim_author (author_id, author_name)
                                ^
[2024-09-07T13:50:23.763+0000] {logging_mixin.py:188} INFO - Error loading data: relation "dim_author" does not exist
LINE 2:             INSERT INTO dim_author (author_id, author_name)
                                ^
[2024-09-07T13:50:23.840+0000] {logging_mixin.py:188} INFO - Error loading data: relation "dim_author" does not exist
LINE 2:             INSERT INTO dim_author (author_id, author_name)
                                ^
[2024-09-07T13:50:23.902+0000] {logging_mixin.py:188} INFO - Error loading data: relation "dim_author" does not exist
LINE 2:             INSERT INTO dim_author (author_id, author_name)
                                ^
[2024-09-07T13:50:23.955+0000] {logging_mixin.py:188} INFO - Error loading data: relation "dim_author" does not exist
LINE 2:             INSERT INTO dim_author (author_id, author_name)
                                ^
[2024-09-07T13:50:24.022+0000] {logging_mixin.py:188} INFO - Error loading data: relation "dim_author" does not exist
LINE 2:             INSERT INTO dim_author (author_id, author_name)
                                ^
[2024-09-07T13:50:24.072+0000] {logging_mixin.py:188} INFO - Error loading data: relation "dim_author" does not exist
LINE 2:             INSERT INTO dim_author (author_id, author_name)
                                ^
[2024-09-07T13:50:24.155+0000] {logging_mixin.py:188} INFO - Error loading data: relation "dim_author" does not exist
LINE 2:             INSERT INTO dim_author (author_id, author_name)
                                ^
[2024-09-07T13:50:24.223+0000] {logging_mixin.py:188} INFO - Error loading data: relation "dim_author" does not exist
LINE 2:             INSERT INTO dim_author (author_id, author_name)
                                ^
[2024-09-07T13:50:24.273+0000] {logging_mixin.py:188} INFO - Error loading data: relation "dim_author" does not exist
LINE 2:             INSERT INTO dim_author (author_id, author_name)
                                ^
[2024-09-07T13:50:24.329+0000] {logging_mixin.py:188} INFO - Error loading data: relation "dim_author" does not exist
LINE 2:             INSERT INTO dim_author (author_id, author_name)
                                ^
[2024-09-07T13:50:24.379+0000] {logging_mixin.py:188} INFO - Error loading data: relation "dim_author" does not exist
LINE 2:             INSERT INTO dim_author (author_id, author_name)
                                ^
[2024-09-07T13:50:24.478+0000] {logging_mixin.py:188} INFO - Error loading data: relation "dim_author" does not exist
LINE 2:             INSERT INTO dim_author (author_id, author_name)
                                ^
[2024-09-07T13:50:24.562+0000] {logging_mixin.py:188} INFO - Error loading data: relation "dim_author" does not exist
LINE 2:             INSERT INTO dim_author (author_id, author_name)
                                ^
[2024-09-07T13:50:24.629+0000] {logging_mixin.py:188} INFO - Error loading data: relation "dim_author" does not exist
LINE 2:             INSERT INTO dim_author (author_id, author_name)
                                ^
[2024-09-07T13:50:24.700+0000] {logging_mixin.py:188} INFO - Error loading data: relation "dim_author" does not exist
LINE 2:             INSERT INTO dim_author (author_id, author_name)
                                ^
[2024-09-07T13:50:24.738+0000] {logging_mixin.py:188} INFO - Error loading data: relation "dim_author" does not exist
LINE 2:             INSERT INTO dim_author (author_id, author_name)
                                ^
[2024-09-07T13:50:24.800+0000] {logging_mixin.py:188} INFO - Error loading data: relation "dim_author" does not exist
LINE 2:             INSERT INTO dim_author (author_id, author_name)
                                ^
[2024-09-07T13:50:24.850+0000] {logging_mixin.py:188} INFO - Error loading data: relation "dim_author" does not exist
LINE 2:             INSERT INTO dim_author (author_id, author_name)
                                ^
[2024-09-07T13:50:24.910+0000] {logging_mixin.py:188} INFO - Error loading data: relation "dim_author" does not exist
LINE 2:             INSERT INTO dim_author (author_id, author_name)
                                ^
[2024-09-07T13:50:24.962+0000] {logging_mixin.py:188} INFO - Error loading data: relation "dim_author" does not exist
LINE 2:             INSERT INTO dim_author (author_id, author_name)
                                ^
[2024-09-07T13:50:25.029+0000] {logging_mixin.py:188} INFO - Error loading data: relation "dim_author" does not exist
LINE 2:             INSERT INTO dim_author (author_id, author_name)
                                ^
[2024-09-07T13:50:25.125+0000] {logging_mixin.py:188} INFO - Error loading data: relation "dim_author" does not exist
LINE 2:             INSERT INTO dim_author (author_id, author_name)
                                ^
[2024-09-07T13:50:25.193+0000] {logging_mixin.py:188} INFO - Error loading data: relation "dim_author" does not exist
LINE 2:             INSERT INTO dim_author (author_id, author_name)
                                ^
[2024-09-07T13:50:25.240+0000] {logging_mixin.py:188} INFO - Error loading data: relation "dim_author" does not exist
LINE 2:             INSERT INTO dim_author (author_id, author_name)
                                ^
[2024-09-07T13:50:25.312+0000] {logging_mixin.py:188} INFO - Error loading data: relation "dim_author" does not exist
LINE 2:             INSERT INTO dim_author (author_id, author_name)
                                ^
[2024-09-07T13:50:25.372+0000] {logging_mixin.py:188} INFO - Error loading data: relation "dim_author" does not exist
LINE 2:             INSERT INTO dim_author (author_id, author_name)
                                ^
[2024-09-07T13:50:25.450+0000] {logging_mixin.py:188} INFO - Error loading data: relation "dim_author" does not exist
LINE 2:             INSERT INTO dim_author (author_id, author_name)
                                ^
[2024-09-07T13:50:25.506+0000] {logging_mixin.py:188} INFO - Error loading data: relation "dim_author" does not exist
LINE 2:             INSERT INTO dim_author (author_id, author_name)
                                ^
[2024-09-07T13:50:25.550+0000] {logging_mixin.py:188} INFO - Error loading data: relation "dim_author" does not exist
LINE 2:             INSERT INTO dim_author (author_id, author_name)
                                ^
[2024-09-07T13:50:25.610+0000] {logging_mixin.py:188} INFO - Error loading data: relation "dim_author" does not exist
LINE 2:             INSERT INTO dim_author (author_id, author_name)
                                ^
[2024-09-07T13:50:25.696+0000] {logging_mixin.py:188} INFO - Error loading data: relation "dim_author" does not exist
LINE 2:             INSERT INTO dim_author (author_id, author_name)
                                ^
[2024-09-07T13:50:25.769+0000] {logging_mixin.py:188} INFO - Error loading data: relation "dim_author" does not exist
LINE 2:             INSERT INTO dim_author (author_id, author_name)
                                ^
[2024-09-07T13:50:25.838+0000] {logging_mixin.py:188} INFO - Error loading data: relation "dim_author" does not exist
LINE 2:             INSERT INTO dim_author (author_id, author_name)
                                ^
[2024-09-07T13:50:25.914+0000] {logging_mixin.py:188} INFO - Error loading data: relation "dim_author" does not exist
LINE 2:             INSERT INTO dim_author (author_id, author_name)
                                ^
[2024-09-07T13:50:26.001+0000] {logging_mixin.py:188} INFO - Error loading data: relation "dim_author" does not exist
LINE 2:             INSERT INTO dim_author (author_id, author_name)
                                ^
[2024-09-07T13:50:26.081+0000] {logging_mixin.py:188} INFO - Error loading data: relation "dim_author" does not exist
LINE 2:             INSERT INTO dim_author (author_id, author_name)
                                ^
[2024-09-07T13:50:26.132+0000] {logging_mixin.py:188} INFO - Error loading data: relation "dim_author" does not exist
LINE 2:             INSERT INTO dim_author (author_id, author_name)
                                ^
[2024-09-07T13:50:26.202+0000] {logging_mixin.py:188} INFO - Error loading data: relation "dim_author" does not exist
LINE 2:             INSERT INTO dim_author (author_id, author_name)
                                ^
[2024-09-07T13:50:26.292+0000] {logging_mixin.py:188} INFO - Error loading data: relation "dim_author" does not exist
LINE 2:             INSERT INTO dim_author (author_id, author_name)
                                ^
[2024-09-07T13:50:26.392+0000] {logging_mixin.py:188} INFO - Error loading data: relation "dim_author" does not exist
LINE 2:             INSERT INTO dim_author (author_id, author_name)
                                ^
[2024-09-07T13:50:26.476+0000] {logging_mixin.py:188} INFO - Error loading data: relation "dim_author" does not exist
LINE 2:             INSERT INTO dim_author (author_id, author_name)
                                ^
[2024-09-07T13:50:26.572+0000] {logging_mixin.py:188} INFO - Error loading data: relation "dim_author" does not exist
LINE 2:             INSERT INTO dim_author (author_id, author_name)
                                ^
[2024-09-07T13:50:26.663+0000] {logging_mixin.py:188} INFO - Error loading data: relation "dim_author" does not exist
LINE 2:             INSERT INTO dim_author (author_id, author_name)
                                ^
[2024-09-07T13:50:26.730+0000] {logging_mixin.py:188} INFO - Error loading data: relation "dim_author" does not exist
LINE 2:             INSERT INTO dim_author (author_id, author_name)
                                ^
[2024-09-07T13:50:26.791+0000] {logging_mixin.py:188} INFO - Error loading data: relation "dim_author" does not exist
LINE 2:             INSERT INTO dim_author (author_id, author_name)
                                ^
[2024-09-07T13:50:26.891+0000] {logging_mixin.py:188} INFO - Error loading data: relation "dim_author" does not exist
LINE 2:             INSERT INTO dim_author (author_id, author_name)
                                ^
[2024-09-07T13:50:26.981+0000] {logging_mixin.py:188} INFO - Error loading data: relation "dim_author" does not exist
LINE 2:             INSERT INTO dim_author (author_id, author_name)
                                ^
[2024-09-07T13:50:27.106+0000] {logging_mixin.py:188} INFO - Error loading data: relation "dim_author" does not exist
LINE 2:             INSERT INTO dim_author (author_id, author_name)
                                ^
[2024-09-07T13:50:27.251+0000] {logging_mixin.py:188} INFO - Error loading data: relation "dim_author" does not exist
LINE 2:             INSERT INTO dim_author (author_id, author_name)
                                ^
[2024-09-07T13:50:27.374+0000] {logging_mixin.py:188} INFO - Error loading data: relation "dim_author" does not exist
LINE 2:             INSERT INTO dim_author (author_id, author_name)
                                ^
[2024-09-07T13:50:27.546+0000] {logging_mixin.py:188} INFO - Error loading data: relation "dim_author" does not exist
LINE 2:             INSERT INTO dim_author (author_id, author_name)
                                ^
[2024-09-07T13:50:27.612+0000] {logging_mixin.py:188} INFO - Error loading data: relation "dim_author" does not exist
LINE 2:             INSERT INTO dim_author (author_id, author_name)
                                ^
[2024-09-07T13:50:27.665+0000] {logging_mixin.py:188} INFO - Error loading data: relation "dim_author" does not exist
LINE 2:             INSERT INTO dim_author (author_id, author_name)
                                ^
[2024-09-07T13:50:27.721+0000] {logging_mixin.py:188} INFO - Error loading data: relation "dim_author" does not exist
LINE 2:             INSERT INTO dim_author (author_id, author_name)
                                ^
[2024-09-07T13:50:27.792+0000] {logging_mixin.py:188} INFO - Error loading data: relation "dim_author" does not exist
LINE 2:             INSERT INTO dim_author (author_id, author_name)
                                ^
[2024-09-07T13:50:27.863+0000] {logging_mixin.py:188} INFO - Error loading data: relation "dim_author" does not exist
LINE 2:             INSERT INTO dim_author (author_id, author_name)
                                ^
[2024-09-07T13:50:27.938+0000] {logging_mixin.py:188} INFO - Error loading data: relation "dim_author" does not exist
LINE 2:             INSERT INTO dim_author (author_id, author_name)
                                ^
[2024-09-07T13:50:27.999+0000] {logging_mixin.py:188} INFO - Error loading data: relation "dim_author" does not exist
LINE 2:             INSERT INTO dim_author (author_id, author_name)
                                ^
[2024-09-07T13:50:28.055+0000] {logging_mixin.py:188} INFO - Error loading data: relation "dim_author" does not exist
LINE 2:             INSERT INTO dim_author (author_id, author_name)
                                ^
[2024-09-07T13:50:28.096+0000] {logging_mixin.py:188} INFO - Error loading data: relation "dim_author" does not exist
LINE 2:             INSERT INTO dim_author (author_id, author_name)
                                ^
[2024-09-07T13:50:28.172+0000] {logging_mixin.py:188} INFO - Error loading data: relation "dim_author" does not exist
LINE 2:             INSERT INTO dim_author (author_id, author_name)
                                ^
[2024-09-07T13:50:28.209+0000] {logging_mixin.py:188} INFO - Error loading data: relation "dim_author" does not exist
LINE 2:             INSERT INTO dim_author (author_id, author_name)
                                ^
[2024-09-07T13:50:28.295+0000] {logging_mixin.py:188} INFO - Error loading data: relation "dim_author" does not exist
LINE 2:             INSERT INTO dim_author (author_id, author_name)
                                ^
[2024-09-07T13:50:28.363+0000] {logging_mixin.py:188} INFO - Error loading data: relation "dim_author" does not exist
LINE 2:             INSERT INTO dim_author (author_id, author_name)
                                ^
[2024-09-07T13:50:28.401+0000] {logging_mixin.py:188} INFO - Error loading data: relation "dim_author" does not exist
LINE 2:             INSERT INTO dim_author (author_id, author_name)
                                ^
[2024-09-07T13:50:28.449+0000] {logging_mixin.py:188} INFO - Error loading data: relation "dim_author" does not exist
LINE 2:             INSERT INTO dim_author (author_id, author_name)
                                ^
[2024-09-07T13:50:28.506+0000] {logging_mixin.py:188} INFO - Error loading data: relation "dim_author" does not exist
LINE 2:             INSERT INTO dim_author (author_id, author_name)
                                ^
[2024-09-07T13:50:28.583+0000] {logging_mixin.py:188} INFO - Error loading data: relation "dim_author" does not exist
LINE 2:             INSERT INTO dim_author (author_id, author_name)
                                ^
[2024-09-07T13:50:28.645+0000] {logging_mixin.py:188} INFO - Error loading data: relation "dim_author" does not exist
LINE 2:             INSERT INTO dim_author (author_id, author_name)
                                ^
[2024-09-07T13:50:28.695+0000] {logging_mixin.py:188} INFO - Error loading data: relation "dim_author" does not exist
LINE 2:             INSERT INTO dim_author (author_id, author_name)
                                ^
[2024-09-07T13:50:28.756+0000] {logging_mixin.py:188} INFO - Error loading data: relation "dim_author" does not exist
LINE 2:             INSERT INTO dim_author (author_id, author_name)
                                ^
[2024-09-07T13:50:28.825+0000] {logging_mixin.py:188} INFO - Error loading data: relation "dim_author" does not exist
LINE 2:             INSERT INTO dim_author (author_id, author_name)
                                ^
[2024-09-07T13:50:28.878+0000] {logging_mixin.py:188} INFO - Error loading data: relation "dim_author" does not exist
LINE 2:             INSERT INTO dim_author (author_id, author_name)
                                ^
[2024-09-07T13:50:28.942+0000] {logging_mixin.py:188} INFO - Error loading data: relation "dim_author" does not exist
LINE 2:             INSERT INTO dim_author (author_id, author_name)
                                ^
[2024-09-07T13:50:28.992+0000] {logging_mixin.py:188} INFO - Error loading data: relation "dim_author" does not exist
LINE 2:             INSERT INTO dim_author (author_id, author_name)
                                ^
[2024-09-07T13:50:29.024+0000] {logging_mixin.py:188} INFO - Error loading data: relation "dim_author" does not exist
LINE 2:             INSERT INTO dim_author (author_id, author_name)
                                ^
[2024-09-07T13:50:29.069+0000] {logging_mixin.py:188} INFO - Error loading data: relation "dim_author" does not exist
LINE 2:             INSERT INTO dim_author (author_id, author_name)
                                ^
[2024-09-07T13:50:29.122+0000] {logging_mixin.py:188} INFO - Error loading data: relation "dim_author" does not exist
LINE 2:             INSERT INTO dim_author (author_id, author_name)
                                ^
[2024-09-07T13:50:29.198+0000] {logging_mixin.py:188} INFO - Error loading data: relation "dim_author" does not exist
LINE 2:             INSERT INTO dim_author (author_id, author_name)
                                ^
[2024-09-07T13:50:29.286+0000] {logging_mixin.py:188} INFO - Error loading data: relation "dim_author" does not exist
LINE 2:             INSERT INTO dim_author (author_id, author_name)
                                ^
[2024-09-07T13:50:29.335+0000] {logging_mixin.py:188} INFO - Error loading data: relation "dim_author" does not exist
LINE 2:             INSERT INTO dim_author (author_id, author_name)
                                ^
[2024-09-07T13:50:29.376+0000] {logging_mixin.py:188} INFO - Error loading data: relation "dim_author" does not exist
LINE 2:             INSERT INTO dim_author (author_id, author_name)
                                ^
[2024-09-07T13:50:29.428+0000] {logging_mixin.py:188} INFO - Error loading data: relation "dim_author" does not exist
LINE 2:             INSERT INTO dim_author (author_id, author_name)
                                ^
[2024-09-07T13:50:29.470+0000] {logging_mixin.py:188} INFO - Error loading data: relation "dim_author" does not exist
LINE 2:             INSERT INTO dim_author (author_id, author_name)
                                ^
[2024-09-07T13:50:29.526+0000] {logging_mixin.py:188} INFO - Error loading data: relation "dim_author" does not exist
LINE 2:             INSERT INTO dim_author (author_id, author_name)
                                ^
[2024-09-07T13:50:29.581+0000] {logging_mixin.py:188} INFO - Error loading data: relation "dim_author" does not exist
LINE 2:             INSERT INTO dim_author (author_id, author_name)
                                ^
[2024-09-07T13:50:29.636+0000] {logging_mixin.py:188} INFO - Error loading data: relation "dim_author" does not exist
LINE 2:             INSERT INTO dim_author (author_id, author_name)
                                ^
[2024-09-07T13:50:29.701+0000] {logging_mixin.py:188} INFO - Error loading data: relation "dim_author" does not exist
LINE 2:             INSERT INTO dim_author (author_id, author_name)
                                ^
[2024-09-07T13:50:29.772+0000] {logging_mixin.py:188} INFO - Error loading data: relation "dim_author" does not exist
LINE 2:             INSERT INTO dim_author (author_id, author_name)
                                ^
[2024-09-07T13:50:29.831+0000] {logging_mixin.py:188} INFO - Error loading data: relation "dim_author" does not exist
LINE 2:             INSERT INTO dim_author (author_id, author_name)
                                ^
[2024-09-07T13:50:29.929+0000] {logging_mixin.py:188} INFO - Error loading data: relation "dim_author" does not exist
LINE 2:             INSERT INTO dim_author (author_id, author_name)
                                ^
[2024-09-07T13:50:29.978+0000] {logging_mixin.py:188} INFO - Error loading data: relation "dim_author" does not exist
LINE 2:             INSERT INTO dim_author (author_id, author_name)
                                ^
[2024-09-07T13:50:30.023+0000] {logging_mixin.py:188} INFO - Error loading data: relation "dim_author" does not exist
LINE 2:             INSERT INTO dim_author (author_id, author_name)
                                ^
[2024-09-07T13:50:30.121+0000] {logging_mixin.py:188} INFO - Error loading data: relation "dim_author" does not exist
LINE 2:             INSERT INTO dim_author (author_id, author_name)
                                ^
[2024-09-07T13:50:30.223+0000] {logging_mixin.py:188} INFO - Error loading data: relation "dim_author" does not exist
LINE 2:             INSERT INTO dim_author (author_id, author_name)
                                ^
[2024-09-07T13:50:30.314+0000] {logging_mixin.py:188} INFO - Error loading data: relation "dim_author" does not exist
LINE 2:             INSERT INTO dim_author (author_id, author_name)
                                ^
[2024-09-07T13:50:30.380+0000] {logging_mixin.py:188} INFO - Error loading data: relation "dim_author" does not exist
LINE 2:             INSERT INTO dim_author (author_id, author_name)
                                ^
[2024-09-07T13:50:30.444+0000] {logging_mixin.py:188} INFO - Error loading data: relation "dim_author" does not exist
LINE 2:             INSERT INTO dim_author (author_id, author_name)
                                ^
[2024-09-07T13:50:30.512+0000] {logging_mixin.py:188} INFO - Error loading data: relation "dim_author" does not exist
LINE 2:             INSERT INTO dim_author (author_id, author_name)
                                ^
[2024-09-07T13:50:30.563+0000] {logging_mixin.py:188} INFO - Error loading data: relation "dim_author" does not exist
LINE 2:             INSERT INTO dim_author (author_id, author_name)
                                ^
[2024-09-07T13:50:30.669+0000] {logging_mixin.py:188} INFO - Error loading data: relation "dim_author" does not exist
LINE 2:             INSERT INTO dim_author (author_id, author_name)
                                ^
[2024-09-07T13:50:30.734+0000] {logging_mixin.py:188} INFO - Error loading data: relation "dim_author" does not exist
LINE 2:             INSERT INTO dim_author (author_id, author_name)
                                ^
[2024-09-07T13:50:30.849+0000] {logging_mixin.py:188} INFO - Error loading data: relation "dim_author" does not exist
LINE 2:             INSERT INTO dim_author (author_id, author_name)
                                ^
[2024-09-07T13:50:30.954+0000] {logging_mixin.py:188} INFO - Error loading data: relation "dim_author" does not exist
LINE 2:             INSERT INTO dim_author (author_id, author_name)
                                ^
[2024-09-07T13:50:31.076+0000] {logging_mixin.py:188} INFO - Error loading data: relation "dim_author" does not exist
LINE 2:             INSERT INTO dim_author (author_id, author_name)
                                ^
[2024-09-07T13:50:31.145+0000] {logging_mixin.py:188} INFO - Error loading data: relation "dim_author" does not exist
LINE 2:             INSERT INTO dim_author (author_id, author_name)
                                ^
[2024-09-07T13:50:31.187+0000] {logging_mixin.py:188} INFO - Error loading data: relation "dim_author" does not exist
LINE 2:             INSERT INTO dim_author (author_id, author_name)
                                ^
[2024-09-07T13:50:31.276+0000] {logging_mixin.py:188} INFO - Error loading data: relation "dim_author" does not exist
LINE 2:             INSERT INTO dim_author (author_id, author_name)
                                ^
[2024-09-07T13:50:31.451+0000] {logging_mixin.py:188} INFO - Error loading data: relation "dim_author" does not exist
LINE 2:             INSERT INTO dim_author (author_id, author_name)
                                ^
[2024-09-07T13:50:31.495+0000] {logging_mixin.py:188} INFO - Error loading data: relation "dim_author" does not exist
LINE 2:             INSERT INTO dim_author (author_id, author_name)
                                ^
[2024-09-07T13:50:31.575+0000] {logging_mixin.py:188} INFO - Error loading data: relation "dim_author" does not exist
LINE 2:             INSERT INTO dim_author (author_id, author_name)
                                ^
[2024-09-07T13:50:31.649+0000] {logging_mixin.py:188} INFO - Error loading data: relation "dim_author" does not exist
LINE 2:             INSERT INTO dim_author (author_id, author_name)
                                ^
[2024-09-07T13:50:31.723+0000] {logging_mixin.py:188} INFO - Error loading data: relation "dim_author" does not exist
LINE 2:             INSERT INTO dim_author (author_id, author_name)
                                ^
[2024-09-07T13:50:31.755+0000] {logging_mixin.py:188} INFO - Error loading data: relation "dim_author" does not exist
LINE 2:             INSERT INTO dim_author (author_id, author_name)
                                ^
[2024-09-07T13:50:31.800+0000] {logging_mixin.py:188} INFO - Error loading data: relation "dim_author" does not exist
LINE 2:             INSERT INTO dim_author (author_id, author_name)
                                ^
[2024-09-07T13:50:31.864+0000] {logging_mixin.py:188} INFO - Error loading data: relation "dim_author" does not exist
LINE 2:             INSERT INTO dim_author (author_id, author_name)
                                ^
[2024-09-07T13:50:31.916+0000] {logging_mixin.py:188} INFO - Error loading data: relation "dim_author" does not exist
LINE 2:             INSERT INTO dim_author (author_id, author_name)
                                ^
[2024-09-07T13:50:31.978+0000] {logging_mixin.py:188} INFO - Error loading data: relation "dim_author" does not exist
LINE 2:             INSERT INTO dim_author (author_id, author_name)
                                ^
[2024-09-07T13:50:32.047+0000] {logging_mixin.py:188} INFO - Error loading data: relation "dim_author" does not exist
LINE 2:             INSERT INTO dim_author (author_id, author_name)
                                ^
[2024-09-07T13:50:32.107+0000] {logging_mixin.py:188} INFO - Error loading data: relation "dim_author" does not exist
LINE 2:             INSERT INTO dim_author (author_id, author_name)
                                ^
[2024-09-07T13:50:32.141+0000] {logging_mixin.py:188} INFO - Error loading data: relation "dim_author" does not exist
LINE 2:             INSERT INTO dim_author (author_id, author_name)
                                ^
[2024-09-07T13:50:32.177+0000] {logging_mixin.py:188} INFO - Error loading data: relation "dim_author" does not exist
LINE 2:             INSERT INTO dim_author (author_id, author_name)
                                ^
[2024-09-07T13:50:32.229+0000] {logging_mixin.py:188} INFO - Error loading data: relation "dim_author" does not exist
LINE 2:             INSERT INTO dim_author (author_id, author_name)
                                ^
[2024-09-07T13:50:32.270+0000] {logging_mixin.py:188} INFO - Error loading data: relation "dim_author" does not exist
LINE 2:             INSERT INTO dim_author (author_id, author_name)
                                ^
[2024-09-07T13:50:32.318+0000] {logging_mixin.py:188} INFO - Error loading data: relation "dim_author" does not exist
LINE 2:             INSERT INTO dim_author (author_id, author_name)
                                ^
[2024-09-07T13:50:32.378+0000] {logging_mixin.py:188} INFO - Error loading data: relation "dim_author" does not exist
LINE 2:             INSERT INTO dim_author (author_id, author_name)
                                ^
[2024-09-07T13:50:32.423+0000] {logging_mixin.py:188} INFO - Error loading data: relation "dim_author" does not exist
LINE 2:             INSERT INTO dim_author (author_id, author_name)
                                ^
[2024-09-07T13:50:32.466+0000] {logging_mixin.py:188} INFO - Error loading data: relation "dim_author" does not exist
LINE 2:             INSERT INTO dim_author (author_id, author_name)
                                ^
[2024-09-07T13:50:32.513+0000] {logging_mixin.py:188} INFO - Error loading data: relation "dim_author" does not exist
LINE 2:             INSERT INTO dim_author (author_id, author_name)
                                ^
[2024-09-07T13:50:32.555+0000] {logging_mixin.py:188} INFO - Error loading data: relation "dim_author" does not exist
LINE 2:             INSERT INTO dim_author (author_id, author_name)
                                ^
[2024-09-07T13:50:32.599+0000] {logging_mixin.py:188} INFO - Error loading data: relation "dim_author" does not exist
LINE 2:             INSERT INTO dim_author (author_id, author_name)
                                ^
[2024-09-07T13:50:32.645+0000] {logging_mixin.py:188} INFO - Error loading data: relation "dim_author" does not exist
LINE 2:             INSERT INTO dim_author (author_id, author_name)
                                ^
[2024-09-07T13:50:32.698+0000] {logging_mixin.py:188} INFO - Error loading data: relation "dim_author" does not exist
LINE 2:             INSERT INTO dim_author (author_id, author_name)
                                ^
[2024-09-07T13:50:32.745+0000] {logging_mixin.py:188} INFO - Error loading data: relation "dim_author" does not exist
LINE 2:             INSERT INTO dim_author (author_id, author_name)
                                ^
[2024-09-07T13:50:32.790+0000] {logging_mixin.py:188} INFO - Error loading data: relation "dim_author" does not exist
LINE 2:             INSERT INTO dim_author (author_id, author_name)
                                ^
[2024-09-07T13:50:32.832+0000] {logging_mixin.py:188} INFO - Error loading data: relation "dim_author" does not exist
LINE 2:             INSERT INTO dim_author (author_id, author_name)
                                ^
[2024-09-07T13:50:32.870+0000] {logging_mixin.py:188} INFO - Error loading data: relation "dim_author" does not exist
LINE 2:             INSERT INTO dim_author (author_id, author_name)
                                ^
[2024-09-07T13:50:32.919+0000] {logging_mixin.py:188} INFO - Error loading data: relation "dim_author" does not exist
LINE 2:             INSERT INTO dim_author (author_id, author_name)
                                ^
[2024-09-07T13:50:32.962+0000] {logging_mixin.py:188} INFO - Error loading data: relation "dim_author" does not exist
LINE 2:             INSERT INTO dim_author (author_id, author_name)
                                ^
[2024-09-07T13:50:32.969+0000] {python.py:237} INFO - Done. Returned value was: None
[2024-09-07T13:50:32.974+0000] {taskinstance.py:441} INFO - ::group::Post task execution logs
[2024-09-07T13:50:33.050+0000] {taskinstance.py:1205} INFO - Marking task as SUCCESS. dag_id=reddit_etl, task_id=load_data_to_warehouse, execution_date=20231116T000000, start_date=20240907T135013, end_date=20240907T135033
[2024-09-07T13:50:33.169+0000] {local_task_job_runner.py:240} INFO - Task exited with return code 0
[2024-09-07T13:50:33.240+0000] {taskinstance.py:3482} INFO - 0 downstream tasks scheduled from follow-on schedule check
[2024-09-07T13:50:33.247+0000] {local_task_job_runner.py:222} INFO - ::endgroup::
[2024-09-07T13:56:25.822+0000] {local_task_job_runner.py:120} INFO - ::group::Pre task execution logs
[2024-09-07T13:56:25.998+0000] {taskinstance.py:2073} INFO - Dependencies all met for dep_context=non-requeueable deps ti=<TaskInstance: reddit_etl.load_data_to_warehouse scheduled__2023-11-16T00:00:00+00:00 [queued]>
[2024-09-07T13:56:26.037+0000] {taskinstance.py:2073} INFO - Dependencies all met for dep_context=requeueable deps ti=<TaskInstance: reddit_etl.load_data_to_warehouse scheduled__2023-11-16T00:00:00+00:00 [queued]>
[2024-09-07T13:56:26.038+0000] {taskinstance.py:2303} INFO - Starting attempt 1 of 2
[2024-09-07T13:56:26.288+0000] {taskinstance.py:2327} INFO - Executing <Task(PythonOperator): load_data_to_warehouse> on 2023-11-16 00:00:00+00:00
[2024-09-07T13:56:26.342+0000] {logging_mixin.py:188} WARNING - /home/airflow/.local/lib/python3.12/site-packages/airflow/task/task_runner/standard_task_runner.py:61 DeprecationWarning: This process (pid=513) is multi-threaded, use of fork() may lead to deadlocks in the child.
[2024-09-07T13:56:26.346+0000] {standard_task_runner.py:63} INFO - Started process 518 to run task
[2024-09-07T13:56:26.347+0000] {standard_task_runner.py:90} INFO - Running: ['airflow', 'tasks', 'run', 'reddit_etl', 'load_data_to_warehouse', 'scheduled__2023-11-16T00:00:00+00:00', '--job-id', '134', '--raw', '--subdir', 'DAGS_FOLDER/reddit.py', '--cfg-path', '/tmp/tmpco6ugkdg']
[2024-09-07T13:56:26.351+0000] {standard_task_runner.py:91} INFO - Job 134: Subtask load_data_to_warehouse
[2024-09-07T13:56:26.685+0000] {task_command.py:426} INFO - Running <TaskInstance: reddit_etl.load_data_to_warehouse scheduled__2023-11-16T00:00:00+00:00 [running]> on host 8bc190d52c81
[2024-09-07T13:56:27.159+0000] {taskinstance.py:2644} INFO - Exporting env vars: AIRFLOW_CTX_DAG_OWNER='reddithackathon' AIRFLOW_CTX_DAG_ID='reddit_etl' AIRFLOW_CTX_TASK_ID='load_data_to_warehouse' AIRFLOW_CTX_EXECUTION_DATE='2023-11-16T00:00:00+00:00' AIRFLOW_CTX_TRY_NUMBER='1' AIRFLOW_CTX_DAG_RUN_ID='scheduled__2023-11-16T00:00:00+00:00'
[2024-09-07T13:56:27.166+0000] {taskinstance.py:430} INFO - ::endgroup::
[2024-09-07T13:56:27.451+0000] {logging_mixin.py:188} INFO - Error loading data: relation "dim_author" does not exist
LINE 2:             INSERT INTO dim_author (author_id, author_name)
                                ^
[2024-09-07T13:56:27.504+0000] {logging_mixin.py:188} INFO - Error loading data: relation "dim_author" does not exist
LINE 2:             INSERT INTO dim_author (author_id, author_name)
                                ^
[2024-09-07T13:56:27.551+0000] {logging_mixin.py:188} INFO - Error loading data: relation "dim_author" does not exist
LINE 2:             INSERT INTO dim_author (author_id, author_name)
                                ^
[2024-09-07T13:56:27.590+0000] {logging_mixin.py:188} INFO - Error loading data: relation "dim_author" does not exist
LINE 2:             INSERT INTO dim_author (author_id, author_name)
                                ^
[2024-09-07T13:56:27.639+0000] {logging_mixin.py:188} INFO - Error loading data: relation "dim_author" does not exist
LINE 2:             INSERT INTO dim_author (author_id, author_name)
                                ^
[2024-09-07T13:56:27.710+0000] {logging_mixin.py:188} INFO - Error loading data: relation "dim_author" does not exist
LINE 2:             INSERT INTO dim_author (author_id, author_name)
                                ^
[2024-09-07T13:56:27.783+0000] {logging_mixin.py:188} INFO - Error loading data: relation "dim_author" does not exist
LINE 2:             INSERT INTO dim_author (author_id, author_name)
                                ^
[2024-09-07T13:56:27.836+0000] {logging_mixin.py:188} INFO - Error loading data: relation "dim_author" does not exist
LINE 2:             INSERT INTO dim_author (author_id, author_name)
                                ^
[2024-09-07T13:56:27.895+0000] {logging_mixin.py:188} INFO - Error loading data: relation "dim_author" does not exist
LINE 2:             INSERT INTO dim_author (author_id, author_name)
                                ^
[2024-09-07T13:56:27.961+0000] {logging_mixin.py:188} INFO - Error loading data: relation "dim_author" does not exist
LINE 2:             INSERT INTO dim_author (author_id, author_name)
                                ^
[2024-09-07T13:56:28.068+0000] {logging_mixin.py:188} INFO - Error loading data: relation "dim_author" does not exist
LINE 2:             INSERT INTO dim_author (author_id, author_name)
                                ^
[2024-09-07T13:56:28.121+0000] {logging_mixin.py:188} INFO - Error loading data: relation "dim_author" does not exist
LINE 2:             INSERT INTO dim_author (author_id, author_name)
                                ^
[2024-09-07T13:56:28.181+0000] {logging_mixin.py:188} INFO - Error loading data: relation "dim_author" does not exist
LINE 2:             INSERT INTO dim_author (author_id, author_name)
                                ^
[2024-09-07T13:56:28.221+0000] {logging_mixin.py:188} INFO - Error loading data: relation "dim_author" does not exist
LINE 2:             INSERT INTO dim_author (author_id, author_name)
                                ^
[2024-09-07T13:56:28.282+0000] {logging_mixin.py:188} INFO - Error loading data: relation "dim_author" does not exist
LINE 2:             INSERT INTO dim_author (author_id, author_name)
                                ^
[2024-09-07T13:56:28.324+0000] {logging_mixin.py:188} INFO - Error loading data: relation "dim_author" does not exist
LINE 2:             INSERT INTO dim_author (author_id, author_name)
                                ^
[2024-09-07T13:56:28.380+0000] {logging_mixin.py:188} INFO - Error loading data: relation "dim_author" does not exist
LINE 2:             INSERT INTO dim_author (author_id, author_name)
                                ^
[2024-09-07T13:56:28.430+0000] {logging_mixin.py:188} INFO - Error loading data: relation "dim_author" does not exist
LINE 2:             INSERT INTO dim_author (author_id, author_name)
                                ^
[2024-09-07T13:56:28.478+0000] {logging_mixin.py:188} INFO - Error loading data: relation "dim_author" does not exist
LINE 2:             INSERT INTO dim_author (author_id, author_name)
                                ^
[2024-09-07T13:56:28.543+0000] {logging_mixin.py:188} INFO - Error loading data: relation "dim_author" does not exist
LINE 2:             INSERT INTO dim_author (author_id, author_name)
                                ^
[2024-09-07T13:56:28.600+0000] {logging_mixin.py:188} INFO - Error loading data: relation "dim_author" does not exist
LINE 2:             INSERT INTO dim_author (author_id, author_name)
                                ^
[2024-09-07T13:56:28.642+0000] {logging_mixin.py:188} INFO - Error loading data: relation "dim_author" does not exist
LINE 2:             INSERT INTO dim_author (author_id, author_name)
                                ^
[2024-09-07T13:56:28.687+0000] {logging_mixin.py:188} INFO - Error loading data: relation "dim_author" does not exist
LINE 2:             INSERT INTO dim_author (author_id, author_name)
                                ^
[2024-09-07T13:56:28.750+0000] {logging_mixin.py:188} INFO - Error loading data: relation "dim_author" does not exist
LINE 2:             INSERT INTO dim_author (author_id, author_name)
                                ^
[2024-09-07T13:56:28.826+0000] {logging_mixin.py:188} INFO - Error loading data: relation "dim_author" does not exist
LINE 2:             INSERT INTO dim_author (author_id, author_name)
                                ^
[2024-09-07T13:56:28.891+0000] {logging_mixin.py:188} INFO - Error loading data: relation "dim_author" does not exist
LINE 2:             INSERT INTO dim_author (author_id, author_name)
                                ^
[2024-09-07T13:56:28.952+0000] {logging_mixin.py:188} INFO - Error loading data: relation "dim_author" does not exist
LINE 2:             INSERT INTO dim_author (author_id, author_name)
                                ^
[2024-09-07T13:56:29.000+0000] {logging_mixin.py:188} INFO - Error loading data: relation "dim_author" does not exist
LINE 2:             INSERT INTO dim_author (author_id, author_name)
                                ^
[2024-09-07T13:56:29.064+0000] {logging_mixin.py:188} INFO - Error loading data: relation "dim_author" does not exist
LINE 2:             INSERT INTO dim_author (author_id, author_name)
                                ^
[2024-09-07T13:56:29.119+0000] {logging_mixin.py:188} INFO - Error loading data: relation "dim_author" does not exist
LINE 2:             INSERT INTO dim_author (author_id, author_name)
                                ^
[2024-09-07T13:56:29.185+0000] {logging_mixin.py:188} INFO - Error loading data: relation "dim_author" does not exist
LINE 2:             INSERT INTO dim_author (author_id, author_name)
                                ^
[2024-09-07T13:56:29.229+0000] {logging_mixin.py:188} INFO - Error loading data: relation "dim_author" does not exist
LINE 2:             INSERT INTO dim_author (author_id, author_name)
                                ^
[2024-09-07T13:56:29.280+0000] {logging_mixin.py:188} INFO - Error loading data: relation "dim_author" does not exist
LINE 2:             INSERT INTO dim_author (author_id, author_name)
                                ^
[2024-09-07T13:56:29.316+0000] {logging_mixin.py:188} INFO - Error loading data: relation "dim_author" does not exist
LINE 2:             INSERT INTO dim_author (author_id, author_name)
                                ^
[2024-09-07T13:56:29.363+0000] {logging_mixin.py:188} INFO - Error loading data: relation "dim_author" does not exist
LINE 2:             INSERT INTO dim_author (author_id, author_name)
                                ^
[2024-09-07T13:56:29.438+0000] {logging_mixin.py:188} INFO - Error loading data: relation "dim_author" does not exist
LINE 2:             INSERT INTO dim_author (author_id, author_name)
                                ^
[2024-09-07T13:56:29.532+0000] {logging_mixin.py:188} INFO - Error loading data: relation "dim_author" does not exist
LINE 2:             INSERT INTO dim_author (author_id, author_name)
                                ^
[2024-09-07T13:56:29.601+0000] {logging_mixin.py:188} INFO - Error loading data: relation "dim_author" does not exist
LINE 2:             INSERT INTO dim_author (author_id, author_name)
                                ^
[2024-09-07T13:56:29.661+0000] {logging_mixin.py:188} INFO - Error loading data: relation "dim_author" does not exist
LINE 2:             INSERT INTO dim_author (author_id, author_name)
                                ^
[2024-09-07T13:56:29.697+0000] {logging_mixin.py:188} INFO - Error loading data: relation "dim_author" does not exist
LINE 2:             INSERT INTO dim_author (author_id, author_name)
                                ^
[2024-09-07T13:56:29.752+0000] {logging_mixin.py:188} INFO - Error loading data: relation "dim_author" does not exist
LINE 2:             INSERT INTO dim_author (author_id, author_name)
                                ^
[2024-09-07T13:56:29.810+0000] {logging_mixin.py:188} INFO - Error loading data: relation "dim_author" does not exist
LINE 2:             INSERT INTO dim_author (author_id, author_name)
                                ^
[2024-09-07T13:56:29.872+0000] {logging_mixin.py:188} INFO - Error loading data: relation "dim_author" does not exist
LINE 2:             INSERT INTO dim_author (author_id, author_name)
                                ^
[2024-09-07T13:56:29.913+0000] {logging_mixin.py:188} INFO - Error loading data: relation "dim_author" does not exist
LINE 2:             INSERT INTO dim_author (author_id, author_name)
                                ^
[2024-09-07T13:56:29.976+0000] {logging_mixin.py:188} INFO - Error loading data: relation "dim_author" does not exist
LINE 2:             INSERT INTO dim_author (author_id, author_name)
                                ^
[2024-09-07T13:56:30.034+0000] {logging_mixin.py:188} INFO - Error loading data: relation "dim_author" does not exist
LINE 2:             INSERT INTO dim_author (author_id, author_name)
                                ^
[2024-09-07T13:56:30.143+0000] {logging_mixin.py:188} INFO - Error loading data: relation "dim_author" does not exist
LINE 2:             INSERT INTO dim_author (author_id, author_name)
                                ^
[2024-09-07T13:56:30.218+0000] {logging_mixin.py:188} INFO - Error loading data: relation "dim_author" does not exist
LINE 2:             INSERT INTO dim_author (author_id, author_name)
                                ^
[2024-09-07T13:56:30.290+0000] {logging_mixin.py:188} INFO - Error loading data: relation "dim_author" does not exist
LINE 2:             INSERT INTO dim_author (author_id, author_name)
                                ^
[2024-09-07T13:56:30.322+0000] {logging_mixin.py:188} INFO - Error loading data: relation "dim_author" does not exist
LINE 2:             INSERT INTO dim_author (author_id, author_name)
                                ^
[2024-09-07T13:56:30.374+0000] {logging_mixin.py:188} INFO - Error loading data: relation "dim_author" does not exist
LINE 2:             INSERT INTO dim_author (author_id, author_name)
                                ^
[2024-09-07T13:56:30.411+0000] {logging_mixin.py:188} INFO - Error loading data: relation "dim_author" does not exist
LINE 2:             INSERT INTO dim_author (author_id, author_name)
                                ^
[2024-09-07T13:56:30.445+0000] {logging_mixin.py:188} INFO - Error loading data: relation "dim_author" does not exist
LINE 2:             INSERT INTO dim_author (author_id, author_name)
                                ^
[2024-09-07T13:56:30.486+0000] {logging_mixin.py:188} INFO - Error loading data: relation "dim_author" does not exist
LINE 2:             INSERT INTO dim_author (author_id, author_name)
                                ^
[2024-09-07T13:56:30.525+0000] {logging_mixin.py:188} INFO - Error loading data: relation "dim_author" does not exist
LINE 2:             INSERT INTO dim_author (author_id, author_name)
                                ^
[2024-09-07T13:56:30.571+0000] {logging_mixin.py:188} INFO - Error loading data: relation "dim_author" does not exist
LINE 2:             INSERT INTO dim_author (author_id, author_name)
                                ^
[2024-09-07T13:56:30.610+0000] {logging_mixin.py:188} INFO - Error loading data: relation "dim_author" does not exist
LINE 2:             INSERT INTO dim_author (author_id, author_name)
                                ^
[2024-09-07T13:56:30.645+0000] {logging_mixin.py:188} INFO - Error loading data: relation "dim_author" does not exist
LINE 2:             INSERT INTO dim_author (author_id, author_name)
                                ^
[2024-09-07T13:56:30.726+0000] {logging_mixin.py:188} INFO - Error loading data: relation "dim_author" does not exist
LINE 2:             INSERT INTO dim_author (author_id, author_name)
                                ^
[2024-09-07T13:56:30.785+0000] {logging_mixin.py:188} INFO - Error loading data: relation "dim_author" does not exist
LINE 2:             INSERT INTO dim_author (author_id, author_name)
                                ^
[2024-09-07T13:56:30.847+0000] {logging_mixin.py:188} INFO - Error loading data: relation "dim_author" does not exist
LINE 2:             INSERT INTO dim_author (author_id, author_name)
                                ^
[2024-09-07T13:56:30.906+0000] {logging_mixin.py:188} INFO - Error loading data: relation "dim_author" does not exist
LINE 2:             INSERT INTO dim_author (author_id, author_name)
                                ^
[2024-09-07T13:56:30.961+0000] {logging_mixin.py:188} INFO - Error loading data: relation "dim_author" does not exist
LINE 2:             INSERT INTO dim_author (author_id, author_name)
                                ^
[2024-09-07T13:56:31.012+0000] {logging_mixin.py:188} INFO - Error loading data: relation "dim_author" does not exist
LINE 2:             INSERT INTO dim_author (author_id, author_name)
                                ^
[2024-09-07T13:56:31.058+0000] {logging_mixin.py:188} INFO - Error loading data: relation "dim_author" does not exist
LINE 2:             INSERT INTO dim_author (author_id, author_name)
                                ^
[2024-09-07T13:56:31.098+0000] {logging_mixin.py:188} INFO - Error loading data: relation "dim_author" does not exist
LINE 2:             INSERT INTO dim_author (author_id, author_name)
                                ^
[2024-09-07T13:56:31.146+0000] {logging_mixin.py:188} INFO - Error loading data: relation "dim_author" does not exist
LINE 2:             INSERT INTO dim_author (author_id, author_name)
                                ^
[2024-09-07T13:56:31.215+0000] {logging_mixin.py:188} INFO - Error loading data: relation "dim_author" does not exist
LINE 2:             INSERT INTO dim_author (author_id, author_name)
                                ^
[2024-09-07T13:56:31.265+0000] {logging_mixin.py:188} INFO - Error loading data: relation "dim_author" does not exist
LINE 2:             INSERT INTO dim_author (author_id, author_name)
                                ^
[2024-09-07T13:56:31.322+0000] {logging_mixin.py:188} INFO - Error loading data: relation "dim_author" does not exist
LINE 2:             INSERT INTO dim_author (author_id, author_name)
                                ^
[2024-09-07T13:56:31.400+0000] {logging_mixin.py:188} INFO - Error loading data: relation "dim_author" does not exist
LINE 2:             INSERT INTO dim_author (author_id, author_name)
                                ^
[2024-09-07T13:56:31.468+0000] {logging_mixin.py:188} INFO - Error loading data: relation "dim_author" does not exist
LINE 2:             INSERT INTO dim_author (author_id, author_name)
                                ^
[2024-09-07T13:56:31.529+0000] {logging_mixin.py:188} INFO - Error loading data: relation "dim_author" does not exist
LINE 2:             INSERT INTO dim_author (author_id, author_name)
                                ^
[2024-09-07T13:56:31.590+0000] {logging_mixin.py:188} INFO - Error loading data: relation "dim_author" does not exist
LINE 2:             INSERT INTO dim_author (author_id, author_name)
                                ^
[2024-09-07T13:56:31.641+0000] {logging_mixin.py:188} INFO - Error loading data: relation "dim_author" does not exist
LINE 2:             INSERT INTO dim_author (author_id, author_name)
                                ^
[2024-09-07T13:56:31.707+0000] {logging_mixin.py:188} INFO - Error loading data: relation "dim_author" does not exist
LINE 2:             INSERT INTO dim_author (author_id, author_name)
                                ^
[2024-09-07T13:56:31.761+0000] {logging_mixin.py:188} INFO - Error loading data: relation "dim_author" does not exist
LINE 2:             INSERT INTO dim_author (author_id, author_name)
                                ^
[2024-09-07T13:56:31.808+0000] {logging_mixin.py:188} INFO - Error loading data: relation "dim_author" does not exist
LINE 2:             INSERT INTO dim_author (author_id, author_name)
                                ^
[2024-09-07T13:56:31.851+0000] {logging_mixin.py:188} INFO - Error loading data: relation "dim_author" does not exist
LINE 2:             INSERT INTO dim_author (author_id, author_name)
                                ^
[2024-09-07T13:56:31.903+0000] {logging_mixin.py:188} INFO - Error loading data: relation "dim_author" does not exist
LINE 2:             INSERT INTO dim_author (author_id, author_name)
                                ^
[2024-09-07T13:56:31.970+0000] {logging_mixin.py:188} INFO - Error loading data: relation "dim_author" does not exist
LINE 2:             INSERT INTO dim_author (author_id, author_name)
                                ^
[2024-09-07T13:56:32.032+0000] {logging_mixin.py:188} INFO - Error loading data: relation "dim_author" does not exist
LINE 2:             INSERT INTO dim_author (author_id, author_name)
                                ^
[2024-09-07T13:56:32.083+0000] {logging_mixin.py:188} INFO - Error loading data: relation "dim_author" does not exist
LINE 2:             INSERT INTO dim_author (author_id, author_name)
                                ^
[2024-09-07T13:56:32.142+0000] {logging_mixin.py:188} INFO - Error loading data: relation "dim_author" does not exist
LINE 2:             INSERT INTO dim_author (author_id, author_name)
                                ^
[2024-09-07T13:56:32.214+0000] {logging_mixin.py:188} INFO - Error loading data: relation "dim_author" does not exist
LINE 2:             INSERT INTO dim_author (author_id, author_name)
                                ^
[2024-09-07T13:56:32.248+0000] {logging_mixin.py:188} INFO - Error loading data: connection to server at "postgres" (192.168.64.3), port 5432 failed: server closed the connection unexpectedly
	This probably means the server terminated abnormally
	before or while processing the request.
[2024-09-07T13:56:32.256+0000] {logging_mixin.py:188} INFO - Error loading data: connection to server at "postgres" (192.168.64.3), port 5432 failed: Connection refused
	Is the server running on that host and accepting TCP/IP connections?
[2024-09-07T13:56:32.264+0000] {logging_mixin.py:188} INFO - Error loading data: connection to server at "postgres" (192.168.64.3), port 5432 failed: Connection refused
	Is the server running on that host and accepting TCP/IP connections?
[2024-09-07T13:56:32.271+0000] {logging_mixin.py:188} INFO - Error loading data: connection to server at "postgres" (192.168.64.3), port 5432 failed: Connection refused
	Is the server running on that host and accepting TCP/IP connections?
